#
# There is insufficient memory for the Java Runtime Environment to continue.
# Native memory allocation (malloc) failed to allocate 32784 bytes for Chunk::new
# Possible reasons:
#   The system is out of physical RAM or swap space
#   The process is running with CompressedOops enabled, and the Java Heap may be blocking the growth of the native heap
# Possible solutions:
#   Reduce memory load on the system
#   Increase physical memory or swap space
#   Check if swap backing store is full
#   Decrease Java heap size (-Xmx/-Xms)
#   Decrease number of Java threads
#   Decrease Java thread stack sizes (-Xss)
#   Set larger code cache with -XX:ReservedCodeCacheSize=
#   JVM is running with Unscaled Compressed Oops mode in which the Java heap is
#     placed in the first 4GB address space. The Java Heap base address is the
#     maximum limit for the native heap growth. Please use -XX:HeapBaseMinAddress
#     to set the Java Heap base and to place the Java Heap above 4GB virtual address.
# This output file may be truncated or incomplete.
#
#  Out of Memory Error (./open/src/hotspot/share/memory/arena.cpp:197), pid=9968, tid=20220
#
# JRE version: Java(TM) SE Runtime Environment 18.9 (11.0.18+9) (build 11.0.18+9-LTS-195)
# Java VM: Java HotSpot(TM) 64-Bit Server VM 18.9 (11.0.18+9-LTS-195, mixed mode, tiered, compressed oops, g1 gc, windows-amd64)
# No core dump will be written. Minidumps are not enabled by default on client versions of Windows
#

---------------  S U M M A R Y ------------

Command Line: org.jetbrains.kotlin.cli.jvm.K2JVMCompiler @C:\Users\Rahul rohilla\JoinZeroda\node_modules\react-native-gradle-plugin\build\20230529_14549395677945965946.compiler.options

Host: AMD Ryzen 5 4500U with Radeon Graphics         , 6 cores, 7G,  Windows 11 , 64 bit Build 22621 (10.0.22621.1776)
Time: Mon May 29 22:44:12 2023 India Standard Time elapsed time: 0.793668 seconds (0d 0h 0m 0s)

---------------  T H R E A D  ---------------

Current thread (0x00000215d4a3f800):  JavaThread "C2 CompilerThread0" daemon [_thread_in_native, id=20220, stack(0x000000b8eb500000,0x000000b8eb600000)]


Current CompileTask:
C2:    793 1593       4       java.lang.String::replace (42 bytes)

Stack: [0x000000b8eb500000,0x000000b8eb600000]
Native frames: (J=compiled Java code, j=interpreted, Vv=VM code, C=native code)
V  [jvm.dll+0x65d8aa]
V  [jvm.dll+0x79fc1f]
V  [jvm.dll+0x7a12e9]
V  [jvm.dll+0x7a1983]
V  [jvm.dll+0x2585b5]
V  [jvm.dll+0xb284c]
V  [jvm.dll+0xb2e0c]
V  [jvm.dll+0xb2964]
V  [jvm.dll+0x63d13f]
V  [jvm.dll+0x5ecf07]
V  [jvm.dll+0x5f1548]
V  [jvm.dll+0x5f1c7a]
V  [jvm.dll+0x5f0927]
V  [jvm.dll+0x211225]
V  [jvm.dll+0x210378]
V  [jvm.dll+0x18c641]
V  [jvm.dll+0x220609]
V  [jvm.dll+0x21e92c]
V  [jvm.dll+0x763f61]
V  [jvm.dll+0x75c924]
V  [jvm.dll+0x65c755]
C  [ucrtbase.dll+0x29363]
C  [KERNEL32.DLL+0x126ad]
C  [ntdll.dll+0x5a9f8]


---------------  P R O C E S S  ---------------

Threads class SMR info:
_java_thread_list=0x00000215d54de3f0, length=10, elements={
0x00000215b53e5000, 0x00000215d49fd000, 0x00000215d4a1f000, 0x00000215d4a3a800,
0x00000215d4a3d800, 0x00000215d4a3e800, 0x00000215d4a3f800, 0x00000215d4a40800,
0x00000215d4a45000, 0x00000215d550f000
}

Java Threads: ( => current thread )
  0x00000215b53e5000 JavaThread "main" [_thread_in_vm, id=13672, stack(0x000000b8ea900000,0x000000b8eaa00000)]
  0x00000215d49fd000 JavaThread "Reference Handler" daemon [_thread_blocked, id=22644, stack(0x000000b8eb000000,0x000000b8eb100000)]
  0x00000215d4a1f000 JavaThread "Finalizer" daemon [_thread_blocked, id=11960, stack(0x000000b8eb100000,0x000000b8eb200000)]
  0x00000215d4a3a800 JavaThread "Signal Dispatcher" daemon [_thread_blocked, id=15516, stack(0x000000b8eb200000,0x000000b8eb300000)]
  0x00000215d4a3d800 JavaThread "Attach Listener" daemon [_thread_blocked, id=8944, stack(0x000000b8eb300000,0x000000b8eb400000)]
  0x00000215d4a3e800 JavaThread "Service Thread" daemon [_thread_blocked, id=10640, stack(0x000000b8eb400000,0x000000b8eb500000)]
=>0x00000215d4a3f800 JavaThread "C2 CompilerThread0" daemon [_thread_in_native, id=20220, stack(0x000000b8eb500000,0x000000b8eb600000)]
  0x00000215d4a40800 JavaThread "C1 CompilerThread0" daemon [_thread_blocked, id=10484, stack(0x000000b8eb600000,0x000000b8eb700000)]
  0x00000215d4a45000 JavaThread "Sweeper thread" daemon [_thread_blocked, id=11576, stack(0x000000b8eb700000,0x000000b8eb800000)]
  0x00000215d550f000 JavaThread "Common-Cleaner" daemon [_thread_blocked, id=11932, stack(0x000000b8eb900000,0x000000b8eba00000)]

Other Threads:
  0x00000215d49fb000 VMThread "VM Thread" [stack: 0x000000b8eaf00000,0x000000b8eb000000] [id=13156]
  0x00000215d550d800 WatcherThread [stack: 0x000000b8eb800000,0x000000b8eb900000] [id=8312]
  0x00000215b53f9000 GCTaskThread "GC Thread#0" [stack: 0x000000b8eaa00000,0x000000b8eab00000] [id=16684]
  0x00000215d575e800 GCTaskThread "GC Thread#1" [stack: 0x000000b8eba00000,0x000000b8ebb00000] [id=1692]
  0x00000215b5427000 ConcurrentGCThread "G1 Main Marker" [stack: 0x000000b8eab00000,0x000000b8eac00000] [id=11244]
  0x00000215b5429800 ConcurrentGCThread "G1 Conc#0" [stack: 0x000000b8eac00000,0x000000b8ead00000] [id=18100]
  0x00000215d4866800 ConcurrentGCThread "G1 Refine#0" [stack: 0x000000b8ead00000,0x000000b8eae00000] [id=5420]
  0x00000215d486b000 ConcurrentGCThread "G1 Young RemSet Sampling" [stack: 0x000000b8eae00000,0x000000b8eaf00000] [id=17624]

Threads with active compile tasks:
C2 CompilerThread0      809 1593       4       java.lang.String::replace (42 bytes)

VM state:not at safepoint (normal execution)

VM Mutex/Monitor currently owned by a thread: None

Heap address: 0x0000000089800000, size: 1896 MB, Compressed Oops mode: 32-bit
Narrow klass base: 0x0000000000000000, Narrow klass shift: 3
Compressed class space size: 1073741824 Address: 0x0000000100000000

Heap:
 garbage-first heap   total 122880K, used 34242K [0x0000000089800000, 0x0000000100000000)
  region size 1024K, 32 young (32768K), 3 survivors (3072K)
 Metaspace       used 18176K, capacity 18348K, committed 18432K, reserved 1064960K
  class space    used 1902K, capacity 1973K, committed 2048K, reserved 1048576K
Heap Regions: E=young(eden), S=young(survivor), O=old, HS=humongous(starts), HC=humongous(continues), CS=collection set, F=free, A=archive, TAMS=top-at-mark-start (previous, next)
|   0|0x0000000089800000, 0x0000000089900000, 0x0000000089900000|100%|HS|  |TAMS 0x0000000089800000, 0x0000000089800000| Complete 
|   1|0x0000000089900000, 0x0000000089a00000, 0x0000000089a00000|100%|HC|  |TAMS 0x0000000089900000, 0x0000000089900000| Complete 
|   2|0x0000000089a00000, 0x0000000089b00000, 0x0000000089b00000|100%|HC|  |TAMS 0x0000000089a00000, 0x0000000089a00000| Complete 
|   3|0x0000000089b00000, 0x0000000089b00000, 0x0000000089c00000|  0%| F|  |TAMS 0x0000000089b00000, 0x0000000089b00000| Untracked 
|   4|0x0000000089c00000, 0x0000000089c00000, 0x0000000089d00000|  0%| F|  |TAMS 0x0000000089c00000, 0x0000000089c00000| Untracked 
|   5|0x0000000089d00000, 0x0000000089d00000, 0x0000000089e00000|  0%| F|  |TAMS 0x0000000089d00000, 0x0000000089d00000| Untracked 
|   6|0x0000000089e00000, 0x0000000089e00000, 0x0000000089f00000|  0%| F|  |TAMS 0x0000000089e00000, 0x0000000089e00000| Untracked 
|   7|0x0000000089f00000, 0x0000000089f00000, 0x000000008a000000|  0%| F|  |TAMS 0x0000000089f00000, 0x0000000089f00000| Untracked 
|   8|0x000000008a000000, 0x000000008a000000, 0x000000008a100000|  0%| F|  |TAMS 0x000000008a000000, 0x000000008a000000| Untracked 
|   9|0x000000008a100000, 0x000000008a100000, 0x000000008a200000|  0%| F|  |TAMS 0x000000008a100000, 0x000000008a100000| Untracked 
|  10|0x000000008a200000, 0x000000008a200000, 0x000000008a300000|  0%| F|  |TAMS 0x000000008a200000, 0x000000008a200000| Untracked 
|  11|0x000000008a300000, 0x000000008a300000, 0x000000008a400000|  0%| F|  |TAMS 0x000000008a300000, 0x000000008a300000| Untracked 
|  12|0x000000008a400000, 0x000000008a400000, 0x000000008a500000|  0%| F|  |TAMS 0x000000008a400000, 0x000000008a400000| Untracked 
|  13|0x000000008a500000, 0x000000008a500000, 0x000000008a600000|  0%| F|  |TAMS 0x000000008a500000, 0x000000008a500000| Untracked 
|  14|0x000000008a600000, 0x000000008a600000, 0x000000008a700000|  0%| F|  |TAMS 0x000000008a600000, 0x000000008a600000| Untracked 
|  15|0x000000008a700000, 0x000000008a700000, 0x000000008a800000|  0%| F|  |TAMS 0x000000008a700000, 0x000000008a700000| Untracked 
|  16|0x000000008a800000, 0x000000008a800000, 0x000000008a900000|  0%| F|  |TAMS 0x000000008a800000, 0x000000008a800000| Untracked 
|  17|0x000000008a900000, 0x000000008a900000, 0x000000008aa00000|  0%| F|  |TAMS 0x000000008a900000, 0x000000008a900000| Untracked 
|  18|0x000000008aa00000, 0x000000008aa00000, 0x000000008ab00000|  0%| F|  |TAMS 0x000000008aa00000, 0x000000008aa00000| Untracked 
|  19|0x000000008ab00000, 0x000000008ab00000, 0x000000008ac00000|  0%| F|  |TAMS 0x000000008ab00000, 0x000000008ab00000| Untracked 
|  20|0x000000008ac00000, 0x000000008ac00000, 0x000000008ad00000|  0%| F|  |TAMS 0x000000008ac00000, 0x000000008ac00000| Untracked 
|  21|0x000000008ad00000, 0x000000008ad00000, 0x000000008ae00000|  0%| F|  |TAMS 0x000000008ad00000, 0x000000008ad00000| Untracked 
|  22|0x000000008ae00000, 0x000000008ae00000, 0x000000008af00000|  0%| F|  |TAMS 0x000000008ae00000, 0x000000008ae00000| Untracked 
|  23|0x000000008af00000, 0x000000008af00000, 0x000000008b000000|  0%| F|  |TAMS 0x000000008af00000, 0x000000008af00000| Untracked 
|  24|0x000000008b000000, 0x000000008b000000, 0x000000008b100000|  0%| F|  |TAMS 0x000000008b000000, 0x000000008b000000| Untracked 
|  25|0x000000008b100000, 0x000000008b100000, 0x000000008b200000|  0%| F|  |TAMS 0x000000008b100000, 0x000000008b100000| Untracked 
|  26|0x000000008b200000, 0x000000008b200000, 0x000000008b300000|  0%| F|  |TAMS 0x000000008b200000, 0x000000008b200000| Untracked 
|  27|0x000000008b300000, 0x000000008b300000, 0x000000008b400000|  0%| F|  |TAMS 0x000000008b300000, 0x000000008b300000| Untracked 
|  28|0x000000008b400000, 0x000000008b400000, 0x000000008b500000|  0%| F|  |TAMS 0x000000008b400000, 0x000000008b400000| Untracked 
|  29|0x000000008b500000, 0x000000008b500000, 0x000000008b600000|  0%| F|  |TAMS 0x000000008b500000, 0x000000008b500000| Untracked 
|  30|0x000000008b600000, 0x000000008b600000, 0x000000008b700000|  0%| F|  |TAMS 0x000000008b600000, 0x000000008b600000| Untracked 
|  31|0x000000008b700000, 0x000000008b700000, 0x000000008b800000|  0%| F|  |TAMS 0x000000008b700000, 0x000000008b700000| Untracked 
|  32|0x000000008b800000, 0x000000008b800000, 0x000000008b900000|  0%| F|  |TAMS 0x000000008b800000, 0x000000008b800000| Untracked 
|  33|0x000000008b900000, 0x000000008b900000, 0x000000008ba00000|  0%| F|  |TAMS 0x000000008b900000, 0x000000008b900000| Untracked 
|  34|0x000000008ba00000, 0x000000008ba00000, 0x000000008bb00000|  0%| F|  |TAMS 0x000000008ba00000, 0x000000008ba00000| Untracked 
|  35|0x000000008bb00000, 0x000000008bb00000, 0x000000008bc00000|  0%| F|  |TAMS 0x000000008bb00000, 0x000000008bb00000| Untracked 
|  36|0x000000008bc00000, 0x000000008bc00000, 0x000000008bd00000|  0%| F|  |TAMS 0x000000008bc00000, 0x000000008bc00000| Untracked 
|  37|0x000000008bd00000, 0x000000008bd00000, 0x000000008be00000|  0%| F|  |TAMS 0x000000008bd00000, 0x000000008bd00000| Untracked 
|  38|0x000000008be00000, 0x000000008be00000, 0x000000008bf00000|  0%| F|  |TAMS 0x000000008be00000, 0x000000008be00000| Untracked 
|  39|0x000000008bf00000, 0x000000008bf00000, 0x000000008c000000|  0%| F|  |TAMS 0x000000008bf00000, 0x000000008bf00000| Untracked 
|  40|0x000000008c000000, 0x000000008c000000, 0x000000008c100000|  0%| F|  |TAMS 0x000000008c000000, 0x000000008c000000| Untracked 
|  41|0x000000008c100000, 0x000000008c100000, 0x000000008c200000|  0%| F|  |TAMS 0x000000008c100000, 0x000000008c100000| Untracked 
|  42|0x000000008c200000, 0x000000008c200000, 0x000000008c300000|  0%| F|  |TAMS 0x000000008c200000, 0x000000008c200000| Untracked 
|  43|0x000000008c300000, 0x000000008c300000, 0x000000008c400000|  0%| F|  |TAMS 0x000000008c300000, 0x000000008c300000| Untracked 
|  44|0x000000008c400000, 0x000000008c400000, 0x000000008c500000|  0%| F|  |TAMS 0x000000008c400000, 0x000000008c400000| Untracked 
|  45|0x000000008c500000, 0x000000008c500000, 0x000000008c600000|  0%| F|  |TAMS 0x000000008c500000, 0x000000008c500000| Untracked 
|  46|0x000000008c600000, 0x000000008c600000, 0x000000008c700000|  0%| F|  |TAMS 0x000000008c600000, 0x000000008c600000| Untracked 
|  47|0x000000008c700000, 0x000000008c700000, 0x000000008c800000|  0%| F|  |TAMS 0x000000008c700000, 0x000000008c700000| Untracked 
|  48|0x000000008c800000, 0x000000008c800000, 0x000000008c900000|  0%| F|  |TAMS 0x000000008c800000, 0x000000008c800000| Untracked 
|  49|0x000000008c900000, 0x000000008c900000, 0x000000008ca00000|  0%| F|  |TAMS 0x000000008c900000, 0x000000008c900000| Untracked 
|  50|0x000000008ca00000, 0x000000008ca00000, 0x000000008cb00000|  0%| F|  |TAMS 0x000000008ca00000, 0x000000008ca00000| Untracked 
|  51|0x000000008cb00000, 0x000000008cb00000, 0x000000008cc00000|  0%| F|  |TAMS 0x000000008cb00000, 0x000000008cb00000| Untracked 
|  52|0x000000008cc00000, 0x000000008cc00000, 0x000000008cd00000|  0%| F|  |TAMS 0x000000008cc00000, 0x000000008cc00000| Untracked 
|  53|0x000000008cd00000, 0x000000008cd00000, 0x000000008ce00000|  0%| F|  |TAMS 0x000000008cd00000, 0x000000008cd00000| Untracked 
|  54|0x000000008ce00000, 0x000000008ce00000, 0x000000008cf00000|  0%| F|  |TAMS 0x000000008ce00000, 0x000000008ce00000| Untracked 
|  55|0x000000008cf00000, 0x000000008cf00000, 0x000000008d000000|  0%| F|  |TAMS 0x000000008cf00000, 0x000000008cf00000| Untracked 
|  56|0x000000008d000000, 0x000000008d000000, 0x000000008d100000|  0%| F|  |TAMS 0x000000008d000000, 0x000000008d000000| Untracked 
|  57|0x000000008d100000, 0x000000008d100000, 0x000000008d200000|  0%| F|  |TAMS 0x000000008d100000, 0x000000008d100000| Untracked 
|  58|0x000000008d200000, 0x000000008d200000, 0x000000008d300000|  0%| F|  |TAMS 0x000000008d200000, 0x000000008d200000| Untracked 
|  59|0x000000008d300000, 0x000000008d300000, 0x000000008d400000|  0%| F|  |TAMS 0x000000008d300000, 0x000000008d300000| Untracked 
|  60|0x000000008d400000, 0x000000008d400000, 0x000000008d500000|  0%| F|  |TAMS 0x000000008d400000, 0x000000008d400000| Untracked 
|  61|0x000000008d500000, 0x000000008d500000, 0x000000008d600000|  0%| F|  |TAMS 0x000000008d500000, 0x000000008d500000| Untracked 
|  62|0x000000008d600000, 0x000000008d600000, 0x000000008d700000|  0%| F|  |TAMS 0x000000008d600000, 0x000000008d600000| Untracked 
|  63|0x000000008d700000, 0x000000008d700000, 0x000000008d800000|  0%| F|  |TAMS 0x000000008d700000, 0x000000008d700000| Untracked 
|  64|0x000000008d800000, 0x000000008d800000, 0x000000008d900000|  0%| F|  |TAMS 0x000000008d800000, 0x000000008d800000| Untracked 
|  65|0x000000008d900000, 0x000000008d900000, 0x000000008da00000|  0%| F|  |TAMS 0x000000008d900000, 0x000000008d900000| Untracked 
|  66|0x000000008da00000, 0x000000008da00000, 0x000000008db00000|  0%| F|  |TAMS 0x000000008da00000, 0x000000008da00000| Untracked 
|  67|0x000000008db00000, 0x000000008db00000, 0x000000008dc00000|  0%| F|  |TAMS 0x000000008db00000, 0x000000008db00000| Untracked 
|  68|0x000000008dc00000, 0x000000008dc00000, 0x000000008dd00000|  0%| F|  |TAMS 0x000000008dc00000, 0x000000008dc00000| Untracked 
|  69|0x000000008dd00000, 0x000000008dd00000, 0x000000008de00000|  0%| F|  |TAMS 0x000000008dd00000, 0x000000008dd00000| Untracked 
|  70|0x000000008de00000, 0x000000008de00000, 0x000000008df00000|  0%| F|  |TAMS 0x000000008de00000, 0x000000008de00000| Untracked 
|  71|0x000000008df00000, 0x000000008df00000, 0x000000008e000000|  0%| F|  |TAMS 0x000000008df00000, 0x000000008df00000| Untracked 
|  72|0x000000008e000000, 0x000000008e000000, 0x000000008e100000|  0%| F|  |TAMS 0x000000008e000000, 0x000000008e000000| Untracked 
|  73|0x000000008e100000, 0x000000008e100000, 0x000000008e200000|  0%| F|  |TAMS 0x000000008e100000, 0x000000008e100000| Untracked 
|  74|0x000000008e200000, 0x000000008e200000, 0x000000008e300000|  0%| F|  |TAMS 0x000000008e200000, 0x000000008e200000| Untracked 
|  75|0x000000008e300000, 0x000000008e300000, 0x000000008e400000|  0%| F|  |TAMS 0x000000008e300000, 0x000000008e300000| Untracked 
|  76|0x000000008e400000, 0x000000008e400000, 0x000000008e500000|  0%| F|  |TAMS 0x000000008e400000, 0x000000008e400000| Untracked 
|  77|0x000000008e500000, 0x000000008e500000, 0x000000008e600000|  0%| F|  |TAMS 0x000000008e500000, 0x000000008e500000| Untracked 
|  78|0x000000008e600000, 0x000000008e600000, 0x000000008e700000|  0%| F|  |TAMS 0x000000008e600000, 0x000000008e600000| Untracked 
|  79|0x000000008e700000, 0x000000008e700000, 0x000000008e800000|  0%| F|  |TAMS 0x000000008e700000, 0x000000008e700000| Untracked 
|  80|0x000000008e800000, 0x000000008e800000, 0x000000008e900000|  0%| F|  |TAMS 0x000000008e800000, 0x000000008e800000| Untracked 
|  81|0x000000008e900000, 0x000000008e900000, 0x000000008ea00000|  0%| F|  |TAMS 0x000000008e900000, 0x000000008e900000| Untracked 
|  82|0x000000008ea00000, 0x000000008ea00000, 0x000000008eb00000|  0%| F|  |TAMS 0x000000008ea00000, 0x000000008ea00000| Untracked 
|  83|0x000000008eb00000, 0x000000008eb00000, 0x000000008ec00000|  0%| F|  |TAMS 0x000000008eb00000, 0x000000008eb00000| Untracked 
|  84|0x000000008ec00000, 0x000000008ec00000, 0x000000008ed00000|  0%| F|  |TAMS 0x000000008ec00000, 0x000000008ec00000| Untracked 
|  85|0x000000008ed00000, 0x000000008ed00000, 0x000000008ee00000|  0%| F|  |TAMS 0x000000008ed00000, 0x000000008ed00000| Untracked 
|  86|0x000000008ee00000, 0x000000008ee00000, 0x000000008ef00000|  0%| F|  |TAMS 0x000000008ee00000, 0x000000008ee00000| Untracked 
|  87|0x000000008ef00000, 0x000000008ef00000, 0x000000008f000000|  0%| F|  |TAMS 0x000000008ef00000, 0x000000008ef00000| Untracked 
|  88|0x000000008f000000, 0x000000008f100000, 0x000000008f100000|100%| E|  |TAMS 0x000000008f000000, 0x000000008f000000| Complete 
|  89|0x000000008f100000, 0x000000008f200000, 0x000000008f200000|100%| E|CS|TAMS 0x000000008f100000, 0x000000008f100000| Complete 
|  90|0x000000008f200000, 0x000000008f300000, 0x000000008f300000|100%| E|CS|TAMS 0x000000008f200000, 0x000000008f200000| Complete 
|  91|0x000000008f300000, 0x000000008f400000, 0x000000008f400000|100%| E|CS|TAMS 0x000000008f300000, 0x000000008f300000| Complete 
|  92|0x000000008f400000, 0x000000008f500000, 0x000000008f500000|100%| E|CS|TAMS 0x000000008f400000, 0x000000008f400000| Complete 
|  93|0x000000008f500000, 0x000000008f600000, 0x000000008f600000|100%| E|CS|TAMS 0x000000008f500000, 0x000000008f500000| Complete 
|  94|0x000000008f600000, 0x000000008f700000, 0x000000008f700000|100%| E|CS|TAMS 0x000000008f600000, 0x000000008f600000| Complete 
|  95|0x000000008f700000, 0x000000008f770bd0, 0x000000008f800000| 44%| S|CS|TAMS 0x000000008f700000, 0x000000008f700000| Complete 
|  96|0x000000008f800000, 0x000000008f900000, 0x000000008f900000|100%| S|CS|TAMS 0x000000008f800000, 0x000000008f800000| Complete 
|  97|0x000000008f900000, 0x000000008fa00000, 0x000000008fa00000|100%| S|CS|TAMS 0x000000008f900000, 0x000000008f900000| Complete 
|  98|0x000000008fa00000, 0x000000008fb00000, 0x000000008fb00000|100%| E|CS|TAMS 0x000000008fa00000, 0x000000008fa00000| Complete 
|  99|0x000000008fb00000, 0x000000008fc00000, 0x000000008fc00000|100%| E|CS|TAMS 0x000000008fb00000, 0x000000008fb00000| Complete 
| 100|0x000000008fc00000, 0x000000008fd00000, 0x000000008fd00000|100%| E|CS|TAMS 0x000000008fc00000, 0x000000008fc00000| Complete 
| 101|0x000000008fd00000, 0x000000008fe00000, 0x000000008fe00000|100%| E|CS|TAMS 0x000000008fd00000, 0x000000008fd00000| Complete 
| 102|0x000000008fe00000, 0x000000008ff00000, 0x000000008ff00000|100%| E|CS|TAMS 0x000000008fe00000, 0x000000008fe00000| Complete 
| 103|0x000000008ff00000, 0x0000000090000000, 0x0000000090000000|100%| E|CS|TAMS 0x000000008ff00000, 0x000000008ff00000| Complete 
| 104|0x0000000090000000, 0x0000000090100000, 0x0000000090100000|100%| E|CS|TAMS 0x0000000090000000, 0x0000000090000000| Complete 
| 105|0x0000000090100000, 0x0000000090200000, 0x0000000090200000|100%| E|CS|TAMS 0x0000000090100000, 0x0000000090100000| Complete 
| 106|0x0000000090200000, 0x0000000090300000, 0x0000000090300000|100%| E|CS|TAMS 0x0000000090200000, 0x0000000090200000| Complete 
| 107|0x0000000090300000, 0x0000000090400000, 0x0000000090400000|100%| E|CS|TAMS 0x0000000090300000, 0x0000000090300000| Complete 
| 108|0x0000000090400000, 0x0000000090500000, 0x0000000090500000|100%| E|CS|TAMS 0x0000000090400000, 0x0000000090400000| Complete 
| 109|0x0000000090500000, 0x0000000090600000, 0x0000000090600000|100%| E|CS|TAMS 0x0000000090500000, 0x0000000090500000| Complete 
| 110|0x0000000090600000, 0x0000000090700000, 0x0000000090700000|100%| E|CS|TAMS 0x0000000090600000, 0x0000000090600000| Complete 
| 111|0x0000000090700000, 0x0000000090800000, 0x0000000090800000|100%| E|CS|TAMS 0x0000000090700000, 0x0000000090700000| Complete 
| 112|0x0000000090800000, 0x0000000090900000, 0x0000000090900000|100%| E|CS|TAMS 0x0000000090800000, 0x0000000090800000| Complete 
| 113|0x0000000090900000, 0x0000000090a00000, 0x0000000090a00000|100%| E|CS|TAMS 0x0000000090900000, 0x0000000090900000| Complete 
| 114|0x0000000090a00000, 0x0000000090b00000, 0x0000000090b00000|100%| E|CS|TAMS 0x0000000090a00000, 0x0000000090a00000| Complete 
| 115|0x0000000090b00000, 0x0000000090c00000, 0x0000000090c00000|100%| E|CS|TAMS 0x0000000090b00000, 0x0000000090b00000| Complete 
| 116|0x0000000090c00000, 0x0000000090d00000, 0x0000000090d00000|100%| E|CS|TAMS 0x0000000090c00000, 0x0000000090c00000| Complete 
| 117|0x0000000090d00000, 0x0000000090e00000, 0x0000000090e00000|100%| E|CS|TAMS 0x0000000090d00000, 0x0000000090d00000| Complete 
| 118|0x0000000090e00000, 0x0000000090f00000, 0x0000000090f00000|100%| E|CS|TAMS 0x0000000090e00000, 0x0000000090e00000| Complete 
| 119|0x0000000090f00000, 0x0000000091000000, 0x0000000091000000|100%| E|CS|TAMS 0x0000000090f00000, 0x0000000090f00000| Complete 

Card table byte_map: [0x00000215cdec0000,0x00000215ce280000] _byte_map_base: 0x00000215cda74000

Marking Bits (Prev, Next): (CMBitMap*) 0x00000215b541f048, (CMBitMap*) 0x00000215b541f080
 Prev Bits: [0x00000215ce640000, 0x00000215d03e0000)
 Next Bits: [0x00000215d03e0000, 0x00000215d2180000)

Polling page: 0x00000215b54b0000

Metaspace:

Usage:
  Non-class:     16.05 MB capacity,    15.94 MB (>99%) used,    99.66 KB ( <1%) free+waste,    21.50 KB ( <1%) overhead. 
      Class:      1.93 MB capacity,     1.87 MB ( 97%) used,    51.34 KB (  3%) free+waste,     9.75 KB ( <1%) overhead. 
       Both:     17.98 MB capacity,    17.80 MB (>99%) used,   151.01 KB ( <1%) free+waste,    31.25 KB ( <1%) overhead. 

Virtual space:
  Non-class space:       18.00 MB reserved,      16.25 MB ( 90%) committed 
      Class space:        1.00 GB reserved,       2.00 MB ( <1%) committed 
             Both:        1.02 GB reserved,      18.25 MB (  2%) committed 

Chunk freelists:
   Non-Class:  1.12 KB
       Class:  1.38 KB
        Both:  2.50 KB

CodeHeap 'non-profiled nmethods': size=120064Kb used=467Kb max_used=467Kb free=119596Kb
 bounds [0x00000215c5d70000, 0x00000215c5fe0000, 0x00000215cd2b0000]
CodeHeap 'profiled nmethods': size=120000Kb used=2919Kb max_used=2919Kb free=117081Kb
 bounds [0x00000215be840000, 0x00000215beb20000, 0x00000215c5d70000]
CodeHeap 'non-nmethods': size=5696Kb used=1125Kb max_used=1138Kb free=4571Kb
 bounds [0x00000215be2b0000, 0x00000215be520000, 0x00000215be840000]
 total_blobs=2042 nmethods=1593 adapters=361
 compilation: enabled
              stopped_count=0, restarted_count=0
 full_count=0

Compilation events (10 events):
Event: 0.773 Thread 0x00000215d4a40800 nmethod 1585 0x00000215beb16690 code [0x00000215beb16820, 0x00000215beb16938]
Event: 0.774 Thread 0x00000215d4a40800 1587       3       java.util.regex.Pattern::peek (26 bytes)
Event: 0.774 Thread 0x00000215d4a40800 nmethod 1587 0x00000215beb16a10 code [0x00000215beb16bc0, 0x00000215beb16e28]
Event: 0.774 Thread 0x00000215d4a40800 1588       3       java.util.ArrayList::<init> (61 bytes)
Event: 0.774 Thread 0x00000215d4a40800 nmethod 1588 0x00000215beb16f90 code [0x00000215beb17200, 0x00000215beb17d58]
Event: 0.777 Thread 0x00000215d4a40800 1590       3       java.lang.reflect.ProxyGenerator$ConstantPool::getMethodRef (33 bytes)
Event: 0.778 Thread 0x00000215d4a40800 nmethod 1590 0x00000215beb18110 code [0x00000215beb183c0, 0x00000215beb19028]
Event: 0.778 Thread 0x00000215d4a40800 1591       3       java.util.HashMap$ValueIterator::next (8 bytes)
Event: 0.778 Thread 0x00000215d4a40800 nmethod 1591 0x00000215beb19590 code [0x00000215beb19740, 0x00000215beb19868]
Event: 0.788 Thread 0x00000215d4a3f800 1593       4       java.lang.String::replace (42 bytes)

GC Heap History (2 events):
Event: 0.380 GC heap before
{Heap before GC invocations=0 (full 0):
 garbage-first heap   total 122880K, used 25600K [0x0000000089800000, 0x0000000100000000)
  region size 1024K, 22 young (22528K), 0 survivors (0K)
 Metaspace       used 11463K, capacity 11568K, committed 11648K, reserved 1060864K
  class space    used 1066K, capacity 1109K, committed 1152K, reserved 1048576K
}
Event: 0.384 GC heap after
{Heap after GC invocations=1 (full 0):
 garbage-first heap   total 122880K, used 5570K [0x0000000089800000, 0x0000000100000000)
  region size 1024K, 3 young (3072K), 3 survivors (3072K)
 Metaspace       used 11463K, capacity 11568K, committed 11648K, reserved 1060864K
  class space    used 1066K, capacity 1109K, committed 1152K, reserved 1048576K
}

Deoptimization events (10 events):
Event: 0.069 Thread 0x00000215b53e5000 Uncommon trap: reason=unstable_if action=reinterpret pc=0x00000215c5d742fc method=java.lang.String.hashCode()I @ 14 c2
Event: 0.461 Thread 0x00000215b53e5000 Uncommon trap: reason=bimorphic_or_optimized_type_check action=maybe_recompile pc=0x00000215c5da2280 method=kotlin.reflect.jvm.internal.impl.protobuf.CodedInputStream.tryRefillBuffer(I)Z @ 175 c2
Event: 0.465 Thread 0x00000215b53e5000 Uncommon trap: reason=bimorphic_or_optimized_type_check action=maybe_recompile pc=0x00000215c5da2280 method=kotlin.reflect.jvm.internal.impl.protobuf.CodedInputStream.tryRefillBuffer(I)Z @ 175 c2
Event: 0.468 Thread 0x00000215b53e5000 Uncommon trap: reason=unstable_if action=reinterpret pc=0x00000215c5d9e204 method=kotlin.reflect.jvm.internal.impl.protobuf.CodedInputStream.readRawVarint32()I @ 10 c2
Event: 0.469 Thread 0x00000215b53e5000 Uncommon trap: reason=bimorphic_or_optimized_type_check action=maybe_recompile pc=0x00000215c5da2280 method=kotlin.reflect.jvm.internal.impl.protobuf.CodedInputStream.tryRefillBuffer(I)Z @ 175 c2
Event: 0.523 Thread 0x00000215b53e5000 Uncommon trap: reason=unstable_if action=reinterpret pc=0x00000215c5da85b4 method=java.util.ArrayList.newCapacity(I)I @ 25 c2
Event: 0.545 Thread 0x00000215b53e5000 Uncommon trap: reason=bimorphic_or_optimized_type_check action=maybe_recompile pc=0x00000215c5da2280 method=kotlin.reflect.jvm.internal.impl.protobuf.CodedInputStream.tryRefillBuffer(I)Z @ 175 c2
Event: 0.655 Thread 0x00000215b53e5000 Uncommon trap: reason=unstable_if action=reinterpret pc=0x00000215c5da0aec method=java.lang.String.startsWith(Ljava/lang/String;I)Z @ 14 c2
Event: 0.655 Thread 0x00000215b53e5000 Uncommon trap: reason=unstable_if action=reinterpret pc=0x00000215c5d9544c method=java.lang.String.startsWith(Ljava/lang/String;I)Z @ 14 c2
Event: 0.693 Thread 0x00000215b53e5000 Uncommon trap: reason=unstable_if action=reinterpret pc=0x00000215c5d9715c method=java.lang.Integer.valueOf(I)Ljava/lang/Integer; @ 3 c2

Classes redefined (0 events):
No events

Internal exceptions (10 events):
Event: 0.679 Thread 0x00000215b53e5000 Exception <a 'java/lang/NoSuchMethodError'{0x000000008fa69ef8}: java.lang.invoke.DelegatingMethodHandle$Holder.reinvoke_L(Ljava/lang/Object;Ljava/lang/Object;Ljava/lang/Object;JJJ)I> (0x000000008fa69ef8) thrown at [./open/src/hotspot/share/interpreter/lin
Event: 0.680 Thread 0x00000215b53e5000 Exception <a 'java/lang/NoSuchMethodError'{0x000000008fa770a8}: java.lang.invoke.DelegatingMethodHandle$Holder.reinvoke_L(Ljava/lang/Object;Ljava/lang/Object;Ljava/lang/Object;JLjava/lang/Object;Ljava/lang/Object;)I> (0x000000008fa770a8) thrown at [./open
Event: 0.681 Thread 0x00000215b53e5000 Exception <a 'java/lang/NoSuchMethodError'{0x000000008fa84908}: java.lang.invoke.DelegatingMethodHandle$Holder.reinvoke_L(Ljava/lang/Object;Ljava/lang/Object;Ljava/lang/Object;JLjava/lang/Object;)V> (0x000000008fa84908) thrown at [./open/src/hotspot/share
Event: 0.682 Thread 0x00000215b53e5000 Exception <a 'java/lang/NoSuchMethodError'{0x000000008fa8e180}: java.lang.invoke.DirectMethodHandle$Holder.invokeSpecial(Ljava/lang/Object;Ljava/lang/Object;Ljava/lang/Object;Ljava/lang/Object;J)Ljava/lang/Object;> (0x000000008fa8e180) thrown at [./open/s
Event: 0.682 Thread 0x00000215b53e5000 Exception <a 'java/lang/NoSuchMethodError'{0x000000008fa916d8}: java.lang.invoke.DelegatingMethodHandle$Holder.reinvoke_L(Ljava/lang/Object;Ljava/lang/Object;Ljava/lang/Object;J)Ljava/lang/Object;> (0x000000008fa916d8) thrown at [./open/src/hotspot/share/
Event: 0.684 Thread 0x00000215b53e5000 Exception <a 'java/lang/NoSuchMethodError'{0x000000008faabd58}: java.lang.invoke.Invokers$Holder.invoke_MT(Ljava/lang/Object;Ljava/lang/Object;Ljava/lang/Object;Ljava/lang/Object;)J> (0x000000008faabd58) thrown at [./open/src/hotspot/share/interpreter/lin
Event: 0.684 Thread 0x00000215b53e5000 Exception <a 'java/lang/NoSuchMethodError'{0x000000008faaf3d8}: java.lang.invoke.DelegatingMethodHandle$Holder.reinvoke_L(Ljava/lang/Object;Ljava/lang/Object;Ljava/lang/Object;)J> (0x000000008faaf3d8) thrown at [./open/src/hotspot/share/interpreter/linkRe
Event: 0.685 Thread 0x00000215b53e5000 Exception <a 'java/lang/NoSuchMethodError'{0x000000008fab9098}: java.lang.invoke.DirectMethodHandle$Holder.invokeSpecial(Ljava/lang/Object;Ljava/lang/Object;Ljava/lang/Object;Ljava/lang/Object;)I> (0x000000008fab9098) thrown at [./open/src/hotspot/share/i
Event: 0.686 Thread 0x00000215b53e5000 Exception <a 'java/lang/NoSuchMethodError'{0x000000008fac7e70}: java.lang.invoke.DelegatingMethodHandle$Holder.reinvoke_L(Ljava/lang/Object;Ljava/lang/Object;Ljava/lang/Object;JI)I> (0x000000008fac7e70) thrown at [./open/src/hotspot/share/interpreter/link
Event: 0.770 Thread 0x00000215b53e5000 Exception <a 'java/lang/NoSuchMethodError'{0x000000008f2b9750}: java.lang.invoke.DirectMethodHandle$Holder.invokeSpecialIFC(Ljava/lang/Object;Ljava/lang/Object;I)I> (0x000000008f2b9750) thrown at [./open/src/hotspot/share/interpreter/linkResolver.cpp, lin

Events (10 events):
Event: 0.790 loading class org/jetbrains/kotlin/backend/jvm/lower/PolymorphicSignatureLoweringKt
Event: 0.790 loading class org/jetbrains/kotlin/backend/jvm/lower/PolymorphicSignatureLoweringKt done
Event: 0.791 loading class org/jetbrains/kotlin/backend/jvm/lower/PolymorphicSignatureLoweringKt$polymorphicSignaturePhase$1
Event: 0.791 loading class org/jetbrains/kotlin/backend/jvm/lower/PolymorphicSignatureLoweringKt$polymorphicSignaturePhase$1 done
Event: 0.791 loading class org/jetbrains/kotlin/backend/jvm/lower/VarargLoweringKt
Event: 0.791 loading class org/jetbrains/kotlin/backend/jvm/lower/VarargLoweringKt done
Event: 0.791 loading class org/jetbrains/kotlin/backend/jvm/lower/VarargLoweringKt$varargPhase$1
Event: 0.791 loading class org/jetbrains/kotlin/backend/jvm/lower/VarargLoweringKt$varargPhase$1 done
Event: 0.791 loading class org/jetbrains/kotlin/builtins/PrimitiveType
Event: 0.791 loading class org/jetbrains/kotlin/builtins/PrimitiveType done


Dynamic libraries:
0x00007ff7427c0000 - 0x00007ff7427d0000 	C:\Program Files\Java\jdk-11\bin\java.exe
0x00007ff935370000 - 0x00007ff935584000 	C:\WINDOWS\SYSTEM32\ntdll.dll
0x00007ff934360000 - 0x00007ff934422000 	C:\WINDOWS\System32\KERNEL32.DLL
0x00007ff932d70000 - 0x00007ff933113000 	C:\WINDOWS\System32\KERNELBASE.dll
0x00007ff932770000 - 0x00007ff932881000 	C:\WINDOWS\System32\ucrtbase.dll
0x00007ff92f8e0000 - 0x00007ff92f8f8000 	C:\Program Files\Java\jdk-11\bin\jli.dll
0x00007ff933de0000 - 0x00007ff933e8e000 	C:\WINDOWS\System32\ADVAPI32.dll
0x00007ff933f40000 - 0x00007ff933fe7000 	C:\WINDOWS\System32\msvcrt.dll
0x00007ff935180000 - 0x00007ff935224000 	C:\WINDOWS\System32\sechost.dll
0x00007ff92aa70000 - 0x00007ff92aa8b000 	C:\Program Files\Java\jdk-11\bin\VCRUNTIME140.dll
0x00007ff934a00000 - 0x00007ff934b17000 	C:\WINDOWS\System32\RPCRT4.dll
0x00007ff9333a0000 - 0x00007ff93354b000 	C:\WINDOWS\System32\USER32.dll
0x00007ff933120000 - 0x00007ff933146000 	C:\WINDOWS\System32\win32u.dll
0x00007ff91df90000 - 0x00007ff91e21e000 	C:\WINDOWS\WinSxS\amd64_microsoft.windows.common-controls_6595b64144ccf1df_6.0.22621.1635_none_270f70857386168e\COMCTL32.dll
0x00007ff934c70000 - 0x00007ff934c99000 	C:\WINDOWS\System32\GDI32.dll
0x00007ff932a20000 - 0x00007ff932b39000 	C:\WINDOWS\System32\gdi32full.dll
0x00007ff932890000 - 0x00007ff93292a000 	C:\WINDOWS\System32\msvcp_win.dll
0x00007ff929ef0000 - 0x00007ff929efa000 	C:\WINDOWS\SYSTEM32\VERSION.dll
0x00007ff934140000 - 0x00007ff934171000 	C:\WINDOWS\System32\IMM32.DLL
0x00007ff92d9a0000 - 0x00007ff92d9ac000 	C:\Program Files\Java\jdk-11\bin\vcruntime140_1.dll
0x00007ff902f20000 - 0x00007ff902fae000 	C:\Program Files\Java\jdk-11\bin\msvcp140.dll
0x00007ff8d9230000 - 0x00007ff8d9d98000 	C:\Program Files\Java\jdk-11\bin\server\jvm.dll
0x00007ff934130000 - 0x00007ff934138000 	C:\WINDOWS\System32\PSAPI.DLL
0x00007ff92c500000 - 0x00007ff92c534000 	C:\WINDOWS\SYSTEM32\WINMM.dll
0x00007ff8c0810000 - 0x00007ff8c0819000 	C:\WINDOWS\SYSTEM32\WSOCK32.dll
0x00007ff9331b0000 - 0x00007ff933221000 	C:\WINDOWS\System32\WS2_32.dll
0x00007ff9317c0000 - 0x00007ff9317d8000 	C:\WINDOWS\SYSTEM32\kernel.appcore.dll
0x00007ff925510000 - 0x00007ff925520000 	C:\Program Files\Java\jdk-11\bin\verify.dll
0x00007ff92afe0000 - 0x00007ff92b20e000 	C:\WINDOWS\SYSTEM32\DBGHELP.DLL
0x00007ff934650000 - 0x00007ff9349d9000 	C:\WINDOWS\System32\combase.dll
0x00007ff9332c0000 - 0x00007ff933397000 	C:\WINDOWS\System32\OLEAUT32.dll
0x00007ff922720000 - 0x00007ff922752000 	C:\WINDOWS\SYSTEM32\dbgcore.DLL
0x00007ff9329a0000 - 0x00007ff932a1b000 	C:\WINDOWS\System32\bcryptPrimitives.dll
0x00007ff925200000 - 0x00007ff925228000 	C:\Program Files\Java\jdk-11\bin\java.dll
0x00007ff9251f0000 - 0x00007ff9251fa000 	C:\Program Files\Java\jdk-11\bin\jimage.dll
0x00007ff9251d0000 - 0x00007ff9251e7000 	C:\Program Files\Java\jdk-11\bin\zip.dll
0x00007ff9335e0000 - 0x00007ff933dda000 	C:\WINDOWS\System32\SHELL32.dll
0x00007ff930770000 - 0x00007ff93103e000 	C:\WINDOWS\SYSTEM32\windows.storage.dll
0x00007ff930630000 - 0x00007ff93076e000 	C:\WINDOWS\SYSTEM32\wintypes.dll
0x00007ff935230000 - 0x00007ff935321000 	C:\WINDOWS\System32\SHCORE.dll
0x00007ff934ca0000 - 0x00007ff934cfe000 	C:\WINDOWS\System32\shlwapi.dll
0x00007ff9326a0000 - 0x00007ff9326c1000 	C:\WINDOWS\SYSTEM32\profapi.dll
0x00007ff90f5a0000 - 0x00007ff90f5b9000 	C:\Program Files\Java\jdk-11\bin\net.dll
0x00007ff92c1d0000 - 0x00007ff92c307000 	C:\WINDOWS\SYSTEM32\WINHTTP.dll
0x00007ff931c30000 - 0x00007ff931c99000 	C:\WINDOWS\system32\mswsock.dll
0x00007ff90bf00000 - 0x00007ff90bf12000 	C:\Program Files\Java\jdk-11\bin\nio.dll

dbghelp: loaded successfully - version: 4.0.5 - missing functions: none
symbol engine: initialized successfully - sym options: 0x614 - pdb path: .;C:\Program Files\Java\jdk-11\bin;C:\WINDOWS\SYSTEM32;C:\WINDOWS\WinSxS\amd64_microsoft.windows.common-controls_6595b64144ccf1df_6.0.22621.1635_none_270f70857386168e;C:\Program Files\Java\jdk-11\bin\server

VM Arguments:
java_command: org.jetbrains.kotlin.cli.jvm.K2JVMCompiler @C:\Users\Rahul rohilla\JoinZeroda\node_modules\react-native-gradle-plugin\build\20230529_14549395677945965946.compiler.options
java_class_path (initial): C:\Users\Rahul rohilla\.gradle\caches\modules-2\files-2.1\org.jetbrains.kotlin\kotlin-compiler-embeddable\1.6.10\88f2073f4020cdb83132cfe940ceb9a60aba54ea\kotlin-compiler-embeddable-1.6.10.jar;C:\Users\Rahul rohilla\.gradle\caches\modules-2\files-2.1\org.jetbrains.kotlin\kotlin-reflect\1.6.10\1cbe9c92c12a94eea200d23c2bbaedaf3daf5132\kotlin-reflect-1.6.10.jar;C:\Users\Rahul rohilla\.gradle\caches\modules-2\files-2.1\org.jetbrains.kotlin\kotlin-stdlib\1.6.10\b8af3fe6f1ca88526914929add63cf5e7c5049af\kotlin-stdlib-1.6.10.jar;C:\Users\Rahul rohilla\.gradle\caches\modules-2\files-2.1\org.jetbrains.kotlin\kotlin-script-runtime\1.6.10\d0a7ff2e2500ef497ed0214ae40ad3c8387a6164\kotlin-script-runtime-1.6.10.jar;C:\Users\Rahul rohilla\.gradle\caches\modules-2\files-2.1\org.jetbrains.kotlin\kotlin-daemon-embeddable\1.6.10\a56d79bcbea411fa6058e4ecffc2de73e742bd2a\kotlin-daemon-embeddable-1.6.10.jar;C:\Users\Rahul rohilla\.gradle\caches\modules-2\files-2.1\org.jetbrains.intellij.deps\trove4j\1.0.20181211\216c2e14b070f334479d800987affe4054cd563f\trove4j-1.0.20181211.jar;C:\Users\Rahul rohilla\.gradle\caches\modules-2\files-2.1\net.java.dev.jna\jna\5.6.0\330f2244e9030119ab3030fc3fededc86713d9cc\jna-5.6.0.jar;C:\Users\Rahul rohilla\.gradle\caches\modules-2\files-2.1\org.jetbrains\annotations\13.0\919f0dfe192fb4e063e7dacadee7f8bb9a2672a9\annotations-13.0.jar;C:\Users\Rahul rohilla\.gradle\caches\modules-2\files-2.1\org.jetbrains.kotlin\kotlin-stdlib-common\1.6.10\c118700e3a33c8a0d9adc920e9dec0831171925\kotlin-stdlib-common-1.6.10.jar
Launcher Type: SUN_STANDARD

[Global flags]
     intx CICompilerCount                          = 3                                         {product} {ergonomic}
     uint ConcGCThreads                            = 2                                         {product} {ergonomic}
     uint G1ConcRefinementThreads                  = 6                                         {product} {ergonomic}
   size_t G1HeapRegionSize                         = 1048576                                   {product} {ergonomic}
    uintx GCDrainStackTargetSize                   = 64                                        {product} {ergonomic}
   size_t InitialHeapSize                          = 125829120                                 {product} {ergonomic}
   size_t MarkStackSize                            = 4194304                                   {product} {ergonomic}
   size_t MaxHeapSize                              = 1988100096                                {product} {ergonomic}
   size_t MaxNewSize                               = 1192230912                                {product} {ergonomic}
   size_t MinHeapDeltaBytes                        = 1048576                                   {product} {ergonomic}
    uintx NonNMethodCodeHeapSize                   = 5830732                                {pd product} {ergonomic}
    uintx NonProfiledCodeHeapSize                  = 122913754                              {pd product} {ergonomic}
    uintx ProfiledCodeHeapSize                     = 122913754                              {pd product} {ergonomic}
    uintx ReservedCodeCacheSize                    = 251658240                              {pd product} {ergonomic}
     bool SegmentedCodeCache                       = true                                      {product} {ergonomic}
     bool UseCompressedClassPointers               = true                                 {lp64_product} {ergonomic}
     bool UseCompressedOops                        = true                                 {lp64_product} {ergonomic}
     bool UseG1GC                                  = true                                      {product} {ergonomic}
     bool UseLargePagesIndividualAllocation        = false                                  {pd product} {ergonomic}

Logging:
Log output configuration:
 #0: stdout all=warning uptime,level,tags
 #1: stderr all=off uptime,level,tags

Environment Variables:
JAVA_HOME=C:\Program Files\Java\jdk-11
CLASSPATH=C:\Users\Rahul rohilla\JoinZeroda\android\\gradle\wrapper\gradle-wrapper.jar
PATH=C:\Users\Rahul rohilla\JoinZeroda\android\node_modules\.bin;C:\Users\Rahul rohilla\JoinZeroda\node_modules\.bin;C:\Users\Rahul rohilla\node_modules\.bin;C:\Users\node_modules\.bin;C:\node_modules\.bin;C:\Program Files\nodejs;C:\Users\RAHULR~1\AppData\Local\Temp\yarn--1685380435965-0.5532192439116974;C:\Users\Rahul rohilla\JoinZeroda\node_modules\.bin;C:\Users\Rahul rohilla\AppData\Local\Yarn\Data\link\node_modules\.bin;C:\Users\Rahul rohilla\AppData\Local\Yarn\bin;C:\Program Files\libexec\lib\node_modules\npm\bin\node-gyp-bin;C:\Program Files\lib\node_modules\npm\bin\node-gyp-bin;C:\Program Files\nodejs\node_modules\npm\bin\node-gyp-bin;C:\Program Files\Common Files\Oracle\Java\javapath;C:\WINDOWS\system32;C:\WINDOWS;C:\WINDOWS\System32\Wbem;C:\WINDOWS\System32\WindowsPowerShell\v1.0\;C:\WINDOWS\System32\OpenSSH\;C:\Program Files\nodejs\;C:\Program Files\Java\jdk-11\bin;C:\Users\Rahul rohilla\AppData\Local\Android\Sdk\platform-tools;C:\Program Files\Git\cmd;C:\Users\Rahul rohilla\AppData\Local\Microsoft\WindowsApps;C:\Users\Rahul rohilla\AppData\Roaming\npm;C:\Users\Rahul rohilla\AppData\Local\Programs\Microsoft VS Code\bin
USERNAME=Rahul rohilla
OS=Windows_NT
PROCESSOR_IDENTIFIER=AMD64 Family 23 Model 96 Stepping 1, AuthenticAMD



---------------  S Y S T E M  ---------------

OS: Windows 11 , 64 bit Build 22621 (10.0.22621.1776)

CPU:total 6 (initial active 6) (6 cores per cpu, 1 threads per core) family 23 model 96 stepping 1 microcode 0x0, cmov, cx8, fxsr, mmx, sse, sse2, sse3, ssse3, sse4.1, sse4.2, popcnt, avx, avx2, aes, clmul, mmxext, 3dnowpref, lzcnt, sse4a, tsc, tscinvbit, tscinv, bmi1, bmi2, adx, sha, 

Memory: 4k page, system-wide physical 7579M (329M free)
TotalPageFile size 23062M (AvailPageFile size 26M)
current process WorkingSet (physical memory assigned to process): 92M, peak: 92M
current process commit charge ("private bytes"): 213M, peak: 213M

vm_info: Java HotSpot(TM) 64-Bit Server VM (11.0.18+9-LTS-195) for windows-amd64 JRE (11.0.18+9-LTS-195), built on Dec  6 2022 15:50:58 by "mach5one" with MS VC++ 17.1 (VS2022)

END.
