#
# There is insufficient memory for the Java Runtime Environment to continue.
# Native memory allocation (malloc) failed to allocate 1089776 bytes for Chunk::new
# Possible reasons:
#   The system is out of physical RAM or swap space
#   The process is running with CompressedOops enabled, and the Java Heap may be blocking the growth of the native heap
# Possible solutions:
#   Reduce memory load on the system
#   Increase physical memory or swap space
#   Check if swap backing store is full
#   Decrease Java heap size (-Xmx/-Xms)
#   Decrease number of Java threads
#   Decrease Java thread stack sizes (-Xss)
#   Set larger code cache with -XX:ReservedCodeCacheSize=
#   JVM is running with Unscaled Compressed Oops mode in which the Java heap is
#     placed in the first 4GB address space. The Java Heap base address is the
#     maximum limit for the native heap growth. Please use -XX:HeapBaseMinAddress
#     to set the Java Heap base and to place the Java Heap above 4GB virtual address.
# This output file may be truncated or incomplete.
#
#  Out of Memory Error (./open/src/hotspot/share/memory/arena.cpp:197), pid=20516, tid=6732
#
# JRE version: Java(TM) SE Runtime Environment 18.9 (11.0.18+9) (build 11.0.18+9-LTS-195)
# Java VM: Java HotSpot(TM) 64-Bit Server VM 18.9 (11.0.18+9-LTS-195, mixed mode, tiered, compressed oops, g1 gc, windows-amd64)
# No core dump will be written. Minidumps are not enabled by default on client versions of Windows
#

---------------  S U M M A R Y ------------

Command Line: -XX:MaxMetaspaceSize=512m --add-opens=java.base/java.util=ALL-UNNAMED --add-opens=java.base/java.lang=ALL-UNNAMED --add-opens=java.base/java.lang.invoke=ALL-UNNAMED --add-opens=java.base/java.util=ALL-UNNAMED --add-opens=java.prefs/java.util.prefs=ALL-UNNAMED --add-opens=java.prefs/java.util.prefs=ALL-UNNAMED --add-opens=java.base/java.nio.charset=ALL-UNNAMED --add-opens=java.base/java.net=ALL-UNNAMED --add-opens=java.base/java.util.concurrent.atomic=ALL-UNNAMED -Xmx2048m -Dfile.encoding=windows-1252 -Duser.country=US -Duser.language=en -Duser.variant org.gradle.launcher.daemon.bootstrap.GradleDaemon 7.5.1

Host: AMD Ryzen 5 4500U with Radeon Graphics         , 6 cores, 7G,  Windows 11 , 64 bit Build 22621 (10.0.22621.1776)
Time: Sat Jun  3 22:20:12 2023 India Standard Time elapsed time: 108.607632 seconds (0d 0h 1m 48s)

---------------  T H R E A D  ---------------

Current thread (0x0000020d78ca2800):  JavaThread "C2 CompilerThread0" daemon [_thread_in_native, id=6732, stack(0x000000d905b00000,0x000000d905c00000)]


Current CompileTask:
C2: 108607 13069   !   4       sun.reflect.annotation.AnnotationParser::parseAnnotation2 (284 bytes)

Stack: [0x000000d905b00000,0x000000d905c00000]
Native frames: (J=compiled Java code, j=interpreted, Vv=VM code, C=native code)
V  [jvm.dll+0x65d8aa]
V  [jvm.dll+0x79fc1f]
V  [jvm.dll+0x7a12e9]
V  [jvm.dll+0x7a1983]
V  [jvm.dll+0x2585b5]
V  [jvm.dll+0xb284c]
V  [jvm.dll+0xb2e0c]
V  [jvm.dll+0x365ddf]
V  [jvm.dll+0x32eb15]
V  [jvm.dll+0x32defa]
V  [jvm.dll+0x2113ad]
V  [jvm.dll+0x210378]
V  [jvm.dll+0x18c641]
V  [jvm.dll+0x220609]
V  [jvm.dll+0x21e92c]
V  [jvm.dll+0x763f61]
V  [jvm.dll+0x75c924]
V  [jvm.dll+0x65c755]
C  [ucrtbase.dll+0x29363]
C  [KERNEL32.DLL+0x126ad]
C  [ntdll.dll+0x5a9f8]


---------------  P R O C E S S  ---------------

Threads class SMR info:
_java_thread_list=0x0000020d0f99bae0, length=111, elements={
0x0000020d6a09b000, 0x0000020d78c7e000, 0x0000020d78c80000, 0x0000020d78c9c800,
0x0000020d78c9e000, 0x0000020d78c9f000, 0x0000020d78ca2800, 0x0000020d78ca5800,
0x0000020d78ca6800, 0x0000020d7974c000, 0x0000020d7b500800, 0x0000020d7afc7000,
0x0000020d7b4b2000, 0x0000020d7a279800, 0x0000020d79b84000, 0x0000020d79951800,
0x0000020d79954000, 0x0000020d7a39f800, 0x0000020d7a3a4800, 0x0000020d7a396800,
0x0000020d7a397800, 0x0000020d7a393800, 0x0000020d7a398000, 0x0000020d7a399000,
0x0000020d7a39a000, 0x0000020d7a394000, 0x0000020d7a395000, 0x0000020d7a395800,
0x0000020d7ba34000, 0x0000020d7ba36800, 0x0000020d7ba35800, 0x0000020d7ba37800,
0x0000020d7ba35000, 0x0000020d7ba38000, 0x0000020d7ba39000, 0x0000020d7ba33000,
0x0000020d7ba39800, 0x0000020d7ba3e000, 0x0000020d7ba3e800, 0x0000020d7ba3b800,
0x0000020d7ba3c000, 0x0000020d7ba3a800, 0x0000020d7ba3d000, 0x0000020d7ba3f800,
0x0000020d7ba40800, 0x0000020d7ba54000, 0x0000020d7ba55000, 0x0000020d7ba5b800,
0x0000020d7ba56000, 0x0000020d7ba5c800, 0x0000020d7ba5a000, 0x0000020d7ba56800,
0x0000020d7ba58000, 0x0000020d7ba5a800, 0x0000020d7ba59000, 0x0000020d7ba5d000,
0x0000020d7ba57800, 0x0000020d7ba5e000, 0x0000020d7ba63000, 0x0000020d7ba5f000,
0x0000020d7ba5f800, 0x0000020d7ba60800, 0x0000020d7ba61000, 0x0000020d7ba62000,
0x0000020d7dea1000, 0x0000020d7de9e800, 0x0000020d7de9f800, 0x0000020d7de9c000,
0x0000020d7dea0000, 0x0000020d7de9d000, 0x0000020d7dea2800, 0x0000020d7dea2000,
0x0000020d7dea3800, 0x0000020d7de9d800, 0x0000020d7dea9000, 0x0000020d7dea6000,
0x0000020d7dea5000, 0x0000020d7dea8800, 0x0000020d7dea6800, 0x0000020d7dea4800,
0x0000020d7dea7800, 0x0000020d7deab000, 0x0000020d7bb63800, 0x0000020d7bb65000,
0x0000020d7bb61000, 0x0000020d7bb62000, 0x0000020d7bb60000, 0x0000020d7bb62800,
0x0000020d7bb5f800, 0x0000020d7bb64000, 0x0000020d7bb66000, 0x0000020d7e261800,
0x0000020d7e264000, 0x0000020d7e262800, 0x0000020d7e263800, 0x0000020d7e265000,
0x0000020d7e266000, 0x0000020d7e261000, 0x0000020d7e260000, 0x0000020d7e26a000,
0x0000020d7e269000, 0x0000020d7e26a800, 0x0000020d7e267800, 0x0000020d7e266800,
0x0000020d7e26b800, 0x0000020d7e26e000, 0x0000020d7e26c800, 0x0000020d7e26d000,
0x0000020d7e268000, 0x0000020d7e26f000, 0x0000020d0f69c000
}

Java Threads: ( => current thread )
  0x0000020d6a09b000 JavaThread "main" [_thread_blocked, id=8360, stack(0x000000d904f00000,0x000000d905000000)]
  0x0000020d78c7e000 JavaThread "Reference Handler" daemon [_thread_blocked, id=15712, stack(0x000000d905600000,0x000000d905700000)]
  0x0000020d78c80000 JavaThread "Finalizer" daemon [_thread_blocked, id=17228, stack(0x000000d905700000,0x000000d905800000)]
  0x0000020d78c9c800 JavaThread "Signal Dispatcher" daemon [_thread_blocked, id=1344, stack(0x000000d905800000,0x000000d905900000)]
  0x0000020d78c9e000 JavaThread "Attach Listener" daemon [_thread_blocked, id=20024, stack(0x000000d905900000,0x000000d905a00000)]
  0x0000020d78c9f000 JavaThread "Service Thread" daemon [_thread_blocked, id=6136, stack(0x000000d905a00000,0x000000d905b00000)]
=>0x0000020d78ca2800 JavaThread "C2 CompilerThread0" daemon [_thread_in_native, id=6732, stack(0x000000d905b00000,0x000000d905c00000)]
  0x0000020d78ca5800 JavaThread "C1 CompilerThread0" daemon [_thread_blocked, id=10396, stack(0x000000d905c00000,0x000000d905d00000)]
  0x0000020d78ca6800 JavaThread "Sweeper thread" daemon [_thread_blocked, id=21068, stack(0x000000d905d00000,0x000000d905e00000)]
  0x0000020d7974c000 JavaThread "Common-Cleaner" daemon [_thread_blocked, id=17272, stack(0x000000d905e00000,0x000000d905f00000)]
  0x0000020d7b500800 JavaThread "Daemon health stats" [_thread_blocked, id=19624, stack(0x000000d906100000,0x000000d906200000)]
  0x0000020d7afc7000 JavaThread "Incoming local TCP Connector on port 55734" [_thread_in_native, id=19084, stack(0x000000d906200000,0x000000d906300000)]
  0x0000020d7b4b2000 JavaThread "Daemon periodic checks" [_thread_blocked, id=2216, stack(0x000000d906300000,0x000000d906400000)]
  0x0000020d7a279800 JavaThread "Daemon" [_thread_blocked, id=22576, stack(0x000000d906400000,0x000000d906500000)]
  0x0000020d79b84000 JavaThread "Handler for socket connection from /127.0.0.1:55734 to /127.0.0.1:55735" [_thread_in_native, id=17840, stack(0x000000d906900000,0x000000d906a00000)]
  0x0000020d79951800 JavaThread "Cancel handler" [_thread_blocked, id=18752, stack(0x000000d906a00000,0x000000d906b00000)]
  0x0000020d79954000 JavaThread "Daemon worker" [_thread_in_Java, id=21864, stack(0x000000d906b00000,0x000000d906c00000)]
  0x0000020d7a39f800 JavaThread "Asynchronous log dispatcher for DefaultDaemonConnection: socket connection from /127.0.0.1:55734 to /127.0.0.1:55735" [_thread_blocked, id=21804, stack(0x000000d906c00000,0x000000d906d00000)]
  0x0000020d7a3a4800 JavaThread "Stdin handler" [_thread_blocked, id=10120, stack(0x000000d906d00000,0x000000d906e00000)]
  0x0000020d7a396800 JavaThread "Daemon client event forwarder" [_thread_blocked, id=19568, stack(0x000000d906e00000,0x000000d906f00000)]
  0x0000020d7a397800 JavaThread "Cache worker for journal cache (C:\Users\Rahul rohilla\.gradle\caches\journal-1)" [_thread_blocked, id=17976, stack(0x000000d906f00000,0x000000d907000000)]
  0x0000020d7a393800 JavaThread "File lock request listener" [_thread_in_native, id=13188, stack(0x000000d907000000,0x000000d907100000)]
  0x0000020d7a398000 JavaThread "Cache worker for file hash cache (C:\Users\Rahul rohilla\.gradle\caches\7.5.1\fileHashes)" [_thread_blocked, id=13024, stack(0x000000d907100000,0x000000d907200000)]
  0x0000020d7a399000 JavaThread "File lock release action executor" [_thread_blocked, id=20332, stack(0x000000d907300000,0x000000d907400000)]
  0x0000020d7a39a000 JavaThread "File watcher server" daemon [_thread_in_native, id=20484, stack(0x000000d907400000,0x000000d907500000)]
  0x0000020d7a394000 JavaThread "File watcher consumer" daemon [_thread_blocked, id=13780, stack(0x000000d907500000,0x000000d907600000)]
  0x0000020d7a395000 JavaThread "Cache worker for checksums cache (D:\Join-zeroda-master\JoinZeroda\android\.gradle\7.5.1\checksums)" [_thread_blocked, id=6524, stack(0x000000d907600000,0x000000d907700000)]
  0x0000020d7a395800 JavaThread "Cache worker for cache directory md-rule (C:\Users\Rahul rohilla\.gradle\caches\7.5.1\md-rule)" [_thread_blocked, id=23348, stack(0x000000d907700000,0x000000d907800000)]
  0x0000020d7ba34000 JavaThread "Cache worker for file content cache (C:\Users\Rahul rohilla\.gradle\caches\7.5.1\fileContent)" [_thread_blocked, id=18700, stack(0x000000d907800000,0x000000d907900000)]
  0x0000020d7ba36800 JavaThread "Cache worker for file hash cache (D:\Join-zeroda-master\JoinZeroda\android\.gradle\7.5.1\fileHashes)" [_thread_blocked, id=9036, stack(0x000000d907900000,0x000000d907a00000)]
  0x0000020d7ba35800 JavaThread "Cache worker for cache directory md-supplier (C:\Users\Rahul rohilla\.gradle\caches\7.5.1\md-supplier)" [_thread_blocked, id=20672, stack(0x000000d907a00000,0x000000d907b00000)]
  0x0000020d7ba37800 JavaThread "Cache worker for execution history cache (C:\Users\Rahul rohilla\.gradle\caches\7.5.1\executionHistory)" [_thread_blocked, id=18156, stack(0x000000d907b00000,0x000000d907c00000)]
  0x0000020d7ba35000 JavaThread "jar transforms" [_thread_blocked, id=4380, stack(0x000000d907c00000,0x000000d907d00000)]
  0x0000020d7ba38000 JavaThread "jar transforms Thread 2" [_thread_blocked, id=22268, stack(0x000000d907d00000,0x000000d907e00000)]
  0x0000020d7ba39000 JavaThread "jar transforms Thread 3" [_thread_blocked, id=22452, stack(0x000000d907e00000,0x000000d907f00000)]
  0x0000020d7ba33000 JavaThread "jar transforms Thread 4" [_thread_blocked, id=23232, stack(0x000000d907f00000,0x000000d908000000)]
  0x0000020d7ba39800 JavaThread "Cache worker for kotlin-dsl (C:\Users\Rahul rohilla\.gradle\caches\7.5.1\kotlin-dsl)" [_thread_blocked, id=19000, stack(0x000000d908000000,0x000000d908100000)]
  0x0000020d7ba3e000 JavaThread "jar transforms Thread 5" [_thread_blocked, id=19688, stack(0x000000d908100000,0x000000d908200000)]
  0x0000020d7ba3e800 JavaThread "jar transforms Thread 6" [_thread_blocked, id=4860, stack(0x000000d908400000,0x000000d908500000)]
  0x0000020d7ba3b800 JavaThread "Cache worker for dependencies-accessors (D:\Join-zeroda-master\JoinZeroda\android\.gradle\7.5.1\dependencies-accessors)" [_thread_blocked, id=18820, stack(0x000000d908500000,0x000000d908600000)]
  0x0000020d7ba3c000 JavaThread "Cache worker for Build Output Cleanup Cache (D:\Join-zeroda-master\JoinZeroda\node_modules\react-native-gradle-plugin\.gradle\buildOutputCleanup)" [_thread_blocked, id=12908, stack(0x000000d908600000,0x000000d908700000)]
  0x0000020d7ba3a800 JavaThread "Unconstrained build operations" [_thread_blocked, id=19124, stack(0x000000d908700000,0x000000d908800000)]
  0x0000020d7ba3d000 JavaThread "Unconstrained build operations Thread 2" [_thread_blocked, id=5836, stack(0x000000d908800000,0x000000d908900000)]
  0x0000020d7ba3f800 JavaThread "Unconstrained build operations Thread 3" [_thread_blocked, id=11524, stack(0x000000d908900000,0x000000d908a00000)]
  0x0000020d7ba40800 JavaThread "Unconstrained build operations Thread 4" [_thread_blocked, id=18484, stack(0x000000d908a00000,0x000000d908b00000)]
  0x0000020d7ba54000 JavaThread "Unconstrained build operations Thread 5" [_thread_blocked, id=8592, stack(0x000000d908b00000,0x000000d908c00000)]
  0x0000020d7ba55000 JavaThread "Unconstrained build operations Thread 6" [_thread_blocked, id=14192, stack(0x000000d908c00000,0x000000d908d00000)]
  0x0000020d7ba5b800 JavaThread "Unconstrained build operations Thread 7" [_thread_blocked, id=18848, stack(0x000000d908d00000,0x000000d908e00000)]
  0x0000020d7ba56000 JavaThread "Unconstrained build operations Thread 8" [_thread_blocked, id=15968, stack(0x000000d908e00000,0x000000d908f00000)]
  0x0000020d7ba5c800 JavaThread "Unconstrained build operations Thread 9" [_thread_blocked, id=10896, stack(0x000000d908f00000,0x000000d909000000)]
  0x0000020d7ba5a000 JavaThread "Unconstrained build operations Thread 10" [_thread_blocked, id=22812, stack(0x000000d909000000,0x000000d909100000)]
  0x0000020d7ba56800 JavaThread "Unconstrained build operations Thread 11" [_thread_blocked, id=18872, stack(0x000000d909100000,0x000000d909200000)]
  0x0000020d7ba58000 JavaThread "Unconstrained build operations Thread 12" [_thread_blocked, id=17468, stack(0x000000d909200000,0x000000d909300000)]
  0x0000020d7ba5a800 JavaThread "Unconstrained build operations Thread 13" [_thread_blocked, id=1424, stack(0x000000d909300000,0x000000d909400000)]
  0x0000020d7ba59000 JavaThread "Unconstrained build operations Thread 14" [_thread_blocked, id=13084, stack(0x000000d909400000,0x000000d909500000)]
  0x0000020d7ba5d000 JavaThread "Unconstrained build operations Thread 15" [_thread_blocked, id=5504, stack(0x000000d909500000,0x000000d909600000)]
  0x0000020d7ba57800 JavaThread "Unconstrained build operations Thread 16" [_thread_blocked, id=19768, stack(0x000000d909600000,0x000000d909700000)]
  0x0000020d7ba5e000 JavaThread "Unconstrained build operations Thread 17" [_thread_blocked, id=20448, stack(0x000000d909700000,0x000000d909800000)]
  0x0000020d7ba63000 JavaThread "Unconstrained build operations Thread 18" [_thread_blocked, id=22772, stack(0x000000d909800000,0x000000d909900000)]
  0x0000020d7ba5f000 JavaThread "Unconstrained build operations Thread 19" [_thread_blocked, id=18812, stack(0x000000d909900000,0x000000d909a00000)]
  0x0000020d7ba5f800 JavaThread "Unconstrained build operations Thread 20" [_thread_blocked, id=11304, stack(0x000000d909a00000,0x000000d909b00000)]
  0x0000020d7ba60800 JavaThread "Unconstrained build operations Thread 21" [_thread_blocked, id=17040, stack(0x000000d909b00000,0x000000d909c00000)]
  0x0000020d7ba61000 JavaThread "Unconstrained build operations Thread 22" [_thread_blocked, id=15596, stack(0x000000d909c00000,0x000000d909d00000)]
  0x0000020d7ba62000 JavaThread "Unconstrained build operations Thread 23" [_thread_blocked, id=16224, stack(0x000000d909d00000,0x000000d909e00000)]
  0x0000020d7dea1000 JavaThread "Unconstrained build operations Thread 24" [_thread_blocked, id=13576, stack(0x000000d909e00000,0x000000d909f00000)]
  0x0000020d7de9e800 JavaThread "Unconstrained build operations Thread 25" [_thread_blocked, id=18564, stack(0x000000d909f00000,0x000000d90a000000)]
  0x0000020d7de9f800 JavaThread "Unconstrained build operations Thread 26" [_thread_blocked, id=15352, stack(0x000000d90a000000,0x000000d90a100000)]
  0x0000020d7de9c000 JavaThread "Unconstrained build operations Thread 27" [_thread_blocked, id=22404, stack(0x000000d90a100000,0x000000d90a200000)]
  0x0000020d7dea0000 JavaThread "Unconstrained build operations Thread 28" [_thread_blocked, id=19220, stack(0x000000d90a200000,0x000000d90a300000)]
  0x0000020d7de9d000 JavaThread "Unconstrained build operations Thread 29" [_thread_blocked, id=15740, stack(0x000000d90a300000,0x000000d90a400000)]
  0x0000020d7dea2800 JavaThread "Unconstrained build operations Thread 30" [_thread_blocked, id=19924, stack(0x000000d90a400000,0x000000d90a500000)]
  0x0000020d7dea2000 JavaThread "Unconstrained build operations Thread 31" [_thread_blocked, id=19352, stack(0x000000d90a500000,0x000000d90a600000)]
  0x0000020d7dea3800 JavaThread "Unconstrained build operations Thread 32" [_thread_blocked, id=21892, stack(0x000000d90a600000,0x000000d90a700000)]
  0x0000020d7de9d800 JavaThread "Unconstrained build operations Thread 33" [_thread_blocked, id=21412, stack(0x000000d90a700000,0x000000d90a800000)]
  0x0000020d7dea9000 JavaThread "build event listener" [_thread_blocked, id=22824, stack(0x000000d90a800000,0x000000d90a900000)]
  0x0000020d7dea6000 JavaThread "Memory manager" [_thread_blocked, id=1552, stack(0x000000d90a900000,0x000000d90aa00000)]
  0x0000020d7dea5000 JavaThread "Cache worker for Build Output Cleanup Cache (D:\Join-zeroda-master\JoinZeroda\android\.gradle\buildOutputCleanup)" [_thread_blocked, id=14404, stack(0x000000d90aa00000,0x000000d90ab00000)]
  0x0000020d7dea8800 JavaThread "included builds" [_thread_blocked, id=4556, stack(0x000000d90ab00000,0x000000d90ac00000)]
  0x0000020d7dea6800 JavaThread "Execution worker" [_thread_blocked, id=18836, stack(0x000000d90ac00000,0x000000d90ad00000)]
  0x0000020d7dea4800 JavaThread "Execution worker Thread 2" [_thread_blocked, id=11964, stack(0x000000d90ad00000,0x000000d90ae00000)]
  0x0000020d7dea7800 JavaThread "Execution worker Thread 3" [_thread_blocked, id=8596, stack(0x000000d90ae00000,0x000000d90af00000)]
  0x0000020d7deab000 JavaThread "Execution worker Thread 4" [_thread_blocked, id=18632, stack(0x000000d90af00000,0x000000d90b000000)]
  0x0000020d7bb63800 JavaThread "Execution worker Thread 5" [_thread_blocked, id=22472, stack(0x000000d90b000000,0x000000d90b100000)]
  0x0000020d7bb65000 JavaThread "Cache worker for execution history cache (D:\Join-zeroda-master\JoinZeroda\node_modules\react-native-gradle-plugin\.gradle\7.5.1\executionHistory)" [_thread_blocked, id=14768, stack(0x000000d90b100000,0x000000d90b200000)]
  0x0000020d7bb61000 JavaThread "Unconstrained build operations Thread 34" [_thread_blocked, id=21172, stack(0x000000d90b200000,0x000000d90b300000)]
  0x0000020d7bb62000 JavaThread "Unconstrained build operations Thread 35" [_thread_blocked, id=17352, stack(0x000000d90b300000,0x000000d90b400000)]
  0x0000020d7bb60000 JavaThread "Unconstrained build operations Thread 36" [_thread_blocked, id=8188, stack(0x000000d90b400000,0x000000d90b500000)]
  0x0000020d7bb62800 JavaThread "Unconstrained build operations Thread 37" [_thread_blocked, id=17120, stack(0x000000d90b500000,0x000000d90b600000)]
  0x0000020d7bb5f800 JavaThread "Unconstrained build operations Thread 38" [_thread_blocked, id=22676, stack(0x000000d90b600000,0x000000d90b700000)]
  0x0000020d7bb64000 JavaThread "Unconstrained build operations Thread 39" [_thread_blocked, id=24132, stack(0x000000d90b700000,0x000000d90b800000)]
  0x0000020d7bb66000 JavaThread "Unconstrained build operations Thread 40" [_thread_blocked, id=22468, stack(0x000000d90b800000,0x000000d90b900000)]
  0x0000020d7e261800 JavaThread "Unconstrained build operations Thread 41" [_thread_blocked, id=11748, stack(0x000000d90b900000,0x000000d90ba00000)]
  0x0000020d7e264000 JavaThread "Unconstrained build operations Thread 42" [_thread_blocked, id=17816, stack(0x000000d90ba00000,0x000000d90bb00000)]
  0x0000020d7e262800 JavaThread "Unconstrained build operations Thread 43" [_thread_blocked, id=19984, stack(0x000000d90bb00000,0x000000d90bc00000)]
  0x0000020d7e263800 JavaThread "Unconstrained build operations Thread 44" [_thread_blocked, id=14408, stack(0x000000d90bc00000,0x000000d90bd00000)]
  0x0000020d7e265000 JavaThread "Unconstrained build operations Thread 45" [_thread_blocked, id=14144, stack(0x000000d90bd00000,0x000000d90be00000)]
  0x0000020d7e266000 JavaThread "Unconstrained build operations Thread 46" [_thread_blocked, id=5808, stack(0x000000d90be00000,0x000000d90bf00000)]
  0x0000020d7e261000 JavaThread "Unconstrained build operations Thread 47" [_thread_blocked, id=3172, stack(0x000000d90bf00000,0x000000d90c000000)]
  0x0000020d7e260000 JavaThread "Unconstrained build operations Thread 48" [_thread_blocked, id=4996, stack(0x000000d90c000000,0x000000d90c100000)]
  0x0000020d7e26a000 JavaThread "Unconstrained build operations Thread 49" [_thread_blocked, id=9100, stack(0x000000d90c100000,0x000000d90c200000)]
  0x0000020d7e269000 JavaThread "Unconstrained build operations Thread 50" [_thread_blocked, id=2212, stack(0x000000d90c200000,0x000000d90c300000)]
  0x0000020d7e26a800 JavaThread "Unconstrained build operations Thread 51" [_thread_blocked, id=18012, stack(0x000000d90c300000,0x000000d90c400000)]
  0x0000020d7e267800 JavaThread "Unconstrained build operations Thread 52" [_thread_blocked, id=4828, stack(0x000000d90c400000,0x000000d90c500000)]
  0x0000020d7e266800 JavaThread "Unconstrained build operations Thread 53" [_thread_blocked, id=23872, stack(0x000000d90c500000,0x000000d90c600000)]
  0x0000020d7e26b800 JavaThread "Unconstrained build operations Thread 54" [_thread_blocked, id=20176, stack(0x000000d90c600000,0x000000d90c700000)]
  0x0000020d7e26e000 JavaThread "Unconstrained build operations Thread 55" [_thread_blocked, id=7380, stack(0x000000d90c700000,0x000000d90c800000)]
  0x0000020d7e26c800 JavaThread "Unconstrained build operations Thread 56" [_thread_blocked, id=19516, stack(0x000000d90c800000,0x000000d90c900000)]
  0x0000020d7e26d000 JavaThread "Unconstrained build operations Thread 57" [_thread_blocked, id=15264, stack(0x000000d90c900000,0x000000d90ca00000)]
  0x0000020d7e268000 JavaThread "Unconstrained build operations Thread 58" [_thread_blocked, id=14600, stack(0x000000d90ca00000,0x000000d90cb00000)]
  0x0000020d7e26f000 JavaThread "Unconstrained build operations Thread 59" [_thread_blocked, id=2780, stack(0x000000d90cb00000,0x000000d90cc00000)]
  0x0000020d0f69c000 JavaThread "Unconstrained build operations Thread 60" [_thread_blocked, id=21680, stack(0x000000d90cc00000,0x000000d90cd00000)]

Other Threads:
  0x0000020d78c75800 VMThread "VM Thread" [stack: 0x000000d905500000,0x000000d905600000] [id=10072]
  0x0000020d79762000 WatcherThread [stack: 0x000000d905f00000,0x000000d906000000] [id=23864]
  0x0000020d6a0ab000 GCTaskThread "GC Thread#0" [stack: 0x000000d905000000,0x000000d905100000] [id=12416]
  0x0000020d7a193800 GCTaskThread "GC Thread#1" [stack: 0x000000d906000000,0x000000d906100000] [id=21468]
  0x0000020d7a27a800 GCTaskThread "GC Thread#2" [stack: 0x000000d906500000,0x000000d906600000] [id=12640]
  0x0000020d7a27b000 GCTaskThread "GC Thread#3" [stack: 0x000000d906600000,0x000000d906700000] [id=11444]
  0x0000020d7a27b800 GCTaskThread "GC Thread#4" [stack: 0x000000d906700000,0x000000d906800000] [id=4544]
  0x0000020d7ac9d800 GCTaskThread "GC Thread#5" [stack: 0x000000d906800000,0x000000d906900000] [id=20776]
  0x0000020d6a0de000 ConcurrentGCThread "G1 Main Marker" [stack: 0x000000d905100000,0x000000d905200000] [id=22632]
  0x0000020d6a0e1000 ConcurrentGCThread "G1 Conc#0" [stack: 0x000000d905200000,0x000000d905300000] [id=19600]
  0x0000020d7b57d800 ConcurrentGCThread "G1 Conc#1" [stack: 0x000000d907200000,0x000000d907300000] [id=12488]
  0x0000020d78af0800 ConcurrentGCThread "G1 Refine#0" [stack: 0x000000d905300000,0x000000d905400000] [id=14812]
  0x0000020d6a159000 ConcurrentGCThread "G1 Young RemSet Sampling" [stack: 0x000000d905400000,0x000000d905500000] [id=20580]

Threads with active compile tasks:
C2 CompilerThread0   108637 13069   !   4       sun.reflect.annotation.AnnotationParser::parseAnnotation2 (284 bytes)

VM state:not at safepoint (normal execution)

VM Mutex/Monitor currently owned by a thread: None

Heap address: 0x0000000080000000, size: 2048 MB, Compressed Oops mode: 32-bit
Narrow klass base: 0x0000000000000000, Narrow klass shift: 3
Compressed class space size: 528482304 Address: 0x0000000100000000

Heap:
 garbage-first heap   total 222208K, used 161396K [0x0000000080000000, 0x0000000100000000)
  region size 1024K, 23 young (23552K), 5 survivors (5120K)
 Metaspace       used 104857K, capacity 108394K, committed 108544K, reserved 610304K
  class space    used 13938K, capacity 15341K, committed 15360K, reserved 516096K
Heap Regions: E=young(eden), S=young(survivor), O=old, HS=humongous(starts), HC=humongous(continues), CS=collection set, F=free, A=archive, TAMS=top-at-mark-start (previous, next)
|   0|0x0000000080000000, 0x0000000080100000, 0x0000000080100000|100%| O|  |TAMS 0x0000000080100000, 0x0000000080000000| Untracked 
|   1|0x0000000080100000, 0x0000000080200000, 0x0000000080200000|100%| O|  |TAMS 0x0000000080200000, 0x0000000080100000| Untracked 
|   2|0x0000000080200000, 0x0000000080300000, 0x0000000080300000|100%| O|  |TAMS 0x0000000080300000, 0x0000000080200000| Untracked 
|   3|0x0000000080300000, 0x0000000080400000, 0x0000000080400000|100%|HS|  |TAMS 0x0000000080400000, 0x0000000080300000| Complete 
|   4|0x0000000080400000, 0x0000000080500000, 0x0000000080500000|100%|HC|  |TAMS 0x0000000080500000, 0x0000000080400000| Complete 
|   5|0x0000000080500000, 0x0000000080600000, 0x0000000080600000|100%|HC|  |TAMS 0x0000000080600000, 0x0000000080500000| Complete 
|   6|0x0000000080600000, 0x0000000080700000, 0x0000000080700000|100%| O|  |TAMS 0x0000000080700000, 0x0000000080600000| Untracked 
|   7|0x0000000080700000, 0x0000000080800000, 0x0000000080800000|100%| O|  |TAMS 0x0000000080800000, 0x0000000080700000| Untracked 
|   8|0x0000000080800000, 0x0000000080900000, 0x0000000080900000|100%| O|  |TAMS 0x0000000080900000, 0x0000000080800000| Untracked 
|   9|0x0000000080900000, 0x0000000080a00000, 0x0000000080a00000|100%| O|  |TAMS 0x0000000080a00000, 0x0000000080900000| Untracked 
|  10|0x0000000080a00000, 0x0000000080b00000, 0x0000000080b00000|100%| O|  |TAMS 0x0000000080b00000, 0x0000000080a00000| Untracked 
|  11|0x0000000080b00000, 0x0000000080c00000, 0x0000000080c00000|100%| O|  |TAMS 0x0000000080c00000, 0x0000000080b00000| Untracked 
|  12|0x0000000080c00000, 0x0000000080d00000, 0x0000000080d00000|100%| O|  |TAMS 0x0000000080d00000, 0x0000000080c00000| Untracked 
|  13|0x0000000080d00000, 0x0000000080e00000, 0x0000000080e00000|100%| O|  |TAMS 0x0000000080e00000, 0x0000000080d00000| Untracked 
|  14|0x0000000080e00000, 0x0000000080f00000, 0x0000000080f00000|100%| O|  |TAMS 0x0000000080f00000, 0x0000000080e00000| Untracked 
|  15|0x0000000080f00000, 0x0000000081000000, 0x0000000081000000|100%| O|  |TAMS 0x0000000081000000, 0x0000000080f00000| Untracked 
|  16|0x0000000081000000, 0x0000000081100000, 0x0000000081100000|100%| O|  |TAMS 0x0000000081100000, 0x0000000081000000| Untracked 
|  17|0x0000000081100000, 0x0000000081200000, 0x0000000081200000|100%| O|  |TAMS 0x0000000081200000, 0x0000000081100000| Untracked 
|  18|0x0000000081200000, 0x0000000081300000, 0x0000000081300000|100%| O|  |TAMS 0x0000000081300000, 0x0000000081200000| Untracked 
|  19|0x0000000081300000, 0x0000000081400000, 0x0000000081400000|100%| O|  |TAMS 0x0000000081400000, 0x0000000081300000| Untracked 
|  20|0x0000000081400000, 0x0000000081500000, 0x0000000081500000|100%| O|  |TAMS 0x0000000081500000, 0x0000000081400000| Untracked 
|  21|0x0000000081500000, 0x0000000081600000, 0x0000000081600000|100%| O|  |TAMS 0x0000000081600000, 0x0000000081500000| Untracked 
|  22|0x0000000081600000, 0x0000000081700000, 0x0000000081700000|100%| O|  |TAMS 0x0000000081700000, 0x0000000081600000| Untracked 
|  23|0x0000000081700000, 0x0000000081800000, 0x0000000081800000|100%| O|  |TAMS 0x0000000081800000, 0x0000000081700000| Untracked 
|  24|0x0000000081800000, 0x0000000081900000, 0x0000000081900000|100%| O|  |TAMS 0x0000000081900000, 0x0000000081800000| Untracked 
|  25|0x0000000081900000, 0x0000000081a00000, 0x0000000081a00000|100%| O|  |TAMS 0x0000000081a00000, 0x0000000081900000| Untracked 
|  26|0x0000000081a00000, 0x0000000081b00000, 0x0000000081b00000|100%| O|  |TAMS 0x0000000081b00000, 0x0000000081a00000| Untracked 
|  27|0x0000000081b00000, 0x0000000081c00000, 0x0000000081c00000|100%| O|  |TAMS 0x0000000081c00000, 0x0000000081b00000| Untracked 
|  28|0x0000000081c00000, 0x0000000081d00000, 0x0000000081d00000|100%| O|  |TAMS 0x0000000081d00000, 0x0000000081c00000| Untracked 
|  29|0x0000000081d00000, 0x0000000081e00000, 0x0000000081e00000|100%| O|  |TAMS 0x0000000081e00000, 0x0000000081d00000| Untracked 
|  30|0x0000000081e00000, 0x0000000081f00000, 0x0000000081f00000|100%|HS|  |TAMS 0x0000000081f00000, 0x0000000081e00000| Complete 
|  31|0x0000000081f00000, 0x0000000082000000, 0x0000000082000000|100%|HS|  |TAMS 0x0000000082000000, 0x0000000081f00000| Complete 
|  32|0x0000000082000000, 0x0000000082100000, 0x0000000082100000|100%|HC|  |TAMS 0x0000000082100000, 0x0000000082000000| Complete 
|  33|0x0000000082100000, 0x0000000082200000, 0x0000000082200000|100%|HC|  |TAMS 0x0000000082200000, 0x0000000082100000| Complete 
|  34|0x0000000082200000, 0x0000000082300000, 0x0000000082300000|100%| O|  |TAMS 0x0000000082300000, 0x0000000082200000| Untracked 
|  35|0x0000000082300000, 0x0000000082400000, 0x0000000082400000|100%| O|  |TAMS 0x0000000082400000, 0x0000000082300000| Untracked 
|  36|0x0000000082400000, 0x0000000082500000, 0x0000000082500000|100%| O|  |TAMS 0x0000000082500000, 0x0000000082400000| Untracked 
|  37|0x0000000082500000, 0x0000000082600000, 0x0000000082600000|100%| O|  |TAMS 0x0000000082600000, 0x0000000082500000| Untracked 
|  38|0x0000000082600000, 0x0000000082700000, 0x0000000082700000|100%| O|  |TAMS 0x0000000082700000, 0x0000000082600000| Untracked 
|  39|0x0000000082700000, 0x0000000082800000, 0x0000000082800000|100%| O|  |TAMS 0x0000000082800000, 0x0000000082700000| Untracked 
|  40|0x0000000082800000, 0x0000000082900000, 0x0000000082900000|100%| O|  |TAMS 0x0000000082900000, 0x0000000082800000| Untracked 
|  41|0x0000000082900000, 0x0000000082a00000, 0x0000000082a00000|100%| O|  |TAMS 0x0000000082a00000, 0x0000000082900000| Untracked 
|  42|0x0000000082a00000, 0x0000000082b00000, 0x0000000082b00000|100%| O|  |TAMS 0x0000000082b00000, 0x0000000082a00000| Untracked 
|  43|0x0000000082b00000, 0x0000000082c00000, 0x0000000082c00000|100%|HS|  |TAMS 0x0000000082c00000, 0x0000000082b00000| Complete 
|  44|0x0000000082c00000, 0x0000000082d00000, 0x0000000082d00000|100%| O|  |TAMS 0x0000000082d00000, 0x0000000082c00000| Untracked 
|  45|0x0000000082d00000, 0x0000000082e00000, 0x0000000082e00000|100%| O|  |TAMS 0x0000000082e00000, 0x0000000082d00000| Untracked 
|  46|0x0000000082e00000, 0x0000000082f00000, 0x0000000082f00000|100%| O|  |TAMS 0x0000000082f00000, 0x0000000082e00000| Untracked 
|  47|0x0000000082f00000, 0x0000000083000000, 0x0000000083000000|100%|HS|  |TAMS 0x0000000083000000, 0x0000000082f00000| Complete 
|  48|0x0000000083000000, 0x0000000083100000, 0x0000000083100000|100%| O|  |TAMS 0x0000000083100000, 0x0000000083000000| Untracked 
|  49|0x0000000083100000, 0x0000000083200000, 0x0000000083200000|100%|HS|  |TAMS 0x0000000083200000, 0x0000000083100000| Complete 
|  50|0x0000000083200000, 0x0000000083300000, 0x0000000083300000|100%|HC|  |TAMS 0x0000000083300000, 0x0000000083200000| Complete 
|  51|0x0000000083300000, 0x0000000083400000, 0x0000000083400000|100%| O|  |TAMS 0x0000000083400000, 0x0000000083300000| Untracked 
|  52|0x0000000083400000, 0x0000000083500000, 0x0000000083500000|100%| O|  |TAMS 0x0000000083500000, 0x0000000083400000| Untracked 
|  53|0x0000000083500000, 0x0000000083600000, 0x0000000083600000|100%| O|  |TAMS 0x0000000083600000, 0x0000000083500000| Untracked 
|  54|0x0000000083600000, 0x0000000083700000, 0x0000000083700000|100%| O|  |TAMS 0x0000000083700000, 0x0000000083600000| Untracked 
|  55|0x0000000083700000, 0x0000000083800000, 0x0000000083800000|100%| O|  |TAMS 0x0000000083800000, 0x0000000083700000| Untracked 
|  56|0x0000000083800000, 0x0000000083900000, 0x0000000083900000|100%| O|  |TAMS 0x0000000083900000, 0x0000000083800000| Untracked 
|  57|0x0000000083900000, 0x0000000083a00000, 0x0000000083a00000|100%| O|  |TAMS 0x0000000083a00000, 0x0000000083900000| Untracked 
|  58|0x0000000083a00000, 0x0000000083b00000, 0x0000000083b00000|100%| O|  |TAMS 0x0000000083b00000, 0x0000000083a00000| Untracked 
|  59|0x0000000083b00000, 0x0000000083c00000, 0x0000000083c00000|100%| O|  |TAMS 0x0000000083c00000, 0x0000000083b00000| Untracked 
|  60|0x0000000083c00000, 0x0000000083d00000, 0x0000000083d00000|100%| O|  |TAMS 0x0000000083d00000, 0x0000000083c00000| Untracked 
|  61|0x0000000083d00000, 0x0000000083e00000, 0x0000000083e00000|100%| O|  |TAMS 0x0000000083e00000, 0x0000000083d00000| Untracked 
|  62|0x0000000083e00000, 0x0000000083f00000, 0x0000000083f00000|100%| O|  |TAMS 0x0000000083f00000, 0x0000000083e00000| Untracked 
|  63|0x0000000083f00000, 0x0000000084000000, 0x0000000084000000|100%| O|  |TAMS 0x0000000084000000, 0x0000000083f00000| Untracked 
|  64|0x0000000084000000, 0x0000000084100000, 0x0000000084100000|100%| O|  |TAMS 0x0000000084100000, 0x0000000084000000| Untracked 
|  65|0x0000000084100000, 0x0000000084200000, 0x0000000084200000|100%| O|  |TAMS 0x0000000084200000, 0x0000000084100000| Untracked 
|  66|0x0000000084200000, 0x0000000084300000, 0x0000000084300000|100%| O|  |TAMS 0x0000000084300000, 0x0000000084200000| Untracked 
|  67|0x0000000084300000, 0x0000000084400000, 0x0000000084400000|100%| O|  |TAMS 0x0000000084400000, 0x0000000084300000| Untracked 
|  68|0x0000000084400000, 0x0000000084500000, 0x0000000084500000|100%| O|  |TAMS 0x0000000084500000, 0x0000000084400000| Untracked 
|  69|0x0000000084500000, 0x0000000084600000, 0x0000000084600000|100%| O|  |TAMS 0x0000000084600000, 0x0000000084500000| Untracked 
|  70|0x0000000084600000, 0x0000000084700000, 0x0000000084700000|100%| O|  |TAMS 0x0000000084700000, 0x0000000084600000| Untracked 
|  71|0x0000000084700000, 0x0000000084800000, 0x0000000084800000|100%| O|  |TAMS 0x0000000084800000, 0x0000000084700000| Untracked 
|  72|0x0000000084800000, 0x0000000084900000, 0x0000000084900000|100%| O|  |TAMS 0x0000000084900000, 0x0000000084800000| Untracked 
|  73|0x0000000084900000, 0x0000000084a00000, 0x0000000084a00000|100%| O|  |TAMS 0x0000000084a00000, 0x0000000084900000| Untracked 
|  74|0x0000000084a00000, 0x0000000084b00000, 0x0000000084b00000|100%| O|  |TAMS 0x0000000084b00000, 0x0000000084a00000| Untracked 
|  75|0x0000000084b00000, 0x0000000084c00000, 0x0000000084c00000|100%| O|  |TAMS 0x0000000084c00000, 0x0000000084b00000| Untracked 
|  76|0x0000000084c00000, 0x0000000084d00000, 0x0000000084d00000|100%| O|  |TAMS 0x0000000084d00000, 0x0000000084c00000| Untracked 
|  77|0x0000000084d00000, 0x0000000084e00000, 0x0000000084e00000|100%| O|  |TAMS 0x0000000084e00000, 0x0000000084d00000| Untracked 
|  78|0x0000000084e00000, 0x0000000084f00000, 0x0000000084f00000|100%| O|  |TAMS 0x0000000084f00000, 0x0000000084e00000| Untracked 
|  79|0x0000000084f00000, 0x0000000085000000, 0x0000000085000000|100%| O|  |TAMS 0x0000000085000000, 0x0000000084f00000| Untracked 
|  80|0x0000000085000000, 0x0000000085100000, 0x0000000085100000|100%| O|  |TAMS 0x0000000085100000, 0x0000000085000000| Untracked 
|  81|0x0000000085100000, 0x0000000085200000, 0x0000000085200000|100%| O|  |TAMS 0x0000000085200000, 0x0000000085100000| Untracked 
|  82|0x0000000085200000, 0x0000000085300000, 0x0000000085300000|100%| O|  |TAMS 0x0000000085300000, 0x0000000085200000| Untracked 
|  83|0x0000000085300000, 0x0000000085400000, 0x0000000085400000|100%|HS|  |TAMS 0x0000000085400000, 0x0000000085300000| Complete 
|  84|0x0000000085400000, 0x0000000085500000, 0x0000000085500000|100%|HC|  |TAMS 0x0000000085500000, 0x0000000085400000| Complete 
|  85|0x0000000085500000, 0x0000000085600000, 0x0000000085600000|100%|HS|  |TAMS 0x0000000085600000, 0x0000000085500000| Complete 
|  86|0x0000000085600000, 0x0000000085700000, 0x0000000085700000|100%|HC|  |TAMS 0x0000000085700000, 0x0000000085600000| Complete 
|  87|0x0000000085700000, 0x0000000085800000, 0x0000000085800000|100%|HC|  |TAMS 0x0000000085800000, 0x0000000085700000| Complete 
|  88|0x0000000085800000, 0x0000000085900000, 0x0000000085900000|100%|HC|  |TAMS 0x0000000085900000, 0x0000000085800000| Complete 
|  89|0x0000000085900000, 0x0000000085a00000, 0x0000000085a00000|100%| O|  |TAMS 0x0000000085a00000, 0x0000000085900000| Untracked 
|  90|0x0000000085a00000, 0x0000000085b00000, 0x0000000085b00000|100%| O|  |TAMS 0x0000000085b00000, 0x0000000085a00000| Untracked 
|  91|0x0000000085b00000, 0x0000000085c00000, 0x0000000085c00000|100%| O|  |TAMS 0x0000000085c00000, 0x0000000085b00000| Untracked 
|  92|0x0000000085c00000, 0x0000000085d00000, 0x0000000085d00000|100%| O|  |TAMS 0x0000000085d00000, 0x0000000085c00000| Untracked 
|  93|0x0000000085d00000, 0x0000000085e00000, 0x0000000085e00000|100%| O|  |TAMS 0x0000000085e00000, 0x0000000085d00000| Untracked 
|  94|0x0000000085e00000, 0x0000000085f00000, 0x0000000085f00000|100%| O|  |TAMS 0x0000000085f00000, 0x0000000085e00000| Untracked 
|  95|0x0000000085f00000, 0x0000000086000000, 0x0000000086000000|100%|HS|  |TAMS 0x0000000086000000, 0x0000000085f00000| Complete 
|  96|0x0000000086000000, 0x0000000086100000, 0x0000000086100000|100%|HS|  |TAMS 0x0000000086100000, 0x0000000086000000| Complete 
|  97|0x0000000086100000, 0x0000000086200000, 0x0000000086200000|100%|HS|  |TAMS 0x0000000086200000, 0x0000000086100000| Complete 
|  98|0x0000000086200000, 0x0000000086300000, 0x0000000086300000|100%| O|  |TAMS 0x0000000086300000, 0x0000000086200000| Untracked 
|  99|0x0000000086300000, 0x0000000086400000, 0x0000000086400000|100%|HS|  |TAMS 0x0000000086400000, 0x0000000086300000| Complete 
| 100|0x0000000086400000, 0x0000000086500000, 0x0000000086500000|100%|HC|  |TAMS 0x0000000086500000, 0x0000000086400000| Complete 
| 101|0x0000000086500000, 0x0000000086600000, 0x0000000086600000|100%|HC|  |TAMS 0x0000000086600000, 0x0000000086500000| Complete 
| 102|0x0000000086600000, 0x0000000086700000, 0x0000000086700000|100%| O|  |TAMS 0x0000000086700000, 0x0000000086600000| Untracked 
| 103|0x0000000086700000, 0x0000000086800000, 0x0000000086800000|100%| O|  |TAMS 0x0000000086800000, 0x0000000086700000| Untracked 
| 104|0x0000000086800000, 0x0000000086900000, 0x0000000086900000|100%| O|  |TAMS 0x0000000086900000, 0x0000000086800000| Untracked 
| 105|0x0000000086900000, 0x0000000086a00000, 0x0000000086a00000|100%| O|  |TAMS 0x0000000086a00000, 0x0000000086900000| Untracked 
| 106|0x0000000086a00000, 0x0000000086b00000, 0x0000000086b00000|100%| O|  |TAMS 0x0000000086b00000, 0x0000000086a00000| Untracked 
| 107|0x0000000086b00000, 0x0000000086c00000, 0x0000000086c00000|100%| O|  |TAMS 0x0000000086c00000, 0x0000000086b00000| Untracked 
| 108|0x0000000086c00000, 0x0000000086d00000, 0x0000000086d00000|100%| O|  |TAMS 0x0000000086d00000, 0x0000000086c00000| Untracked 
| 109|0x0000000086d00000, 0x0000000086e00000, 0x0000000086e00000|100%| O|  |TAMS 0x0000000086e00000, 0x0000000086d00000| Untracked 
| 110|0x0000000086e00000, 0x0000000086f00000, 0x0000000086f00000|100%| O|  |TAMS 0x0000000086f00000, 0x0000000086e00000| Untracked 
| 111|0x0000000086f00000, 0x0000000087000000, 0x0000000087000000|100%| O|  |TAMS 0x0000000087000000, 0x0000000086f00000| Untracked 
| 112|0x0000000087000000, 0x0000000087100000, 0x0000000087100000|100%| O|  |TAMS 0x0000000087100000, 0x0000000087000000| Untracked 
| 113|0x0000000087100000, 0x0000000087200000, 0x0000000087200000|100%| O|  |TAMS 0x0000000087200000, 0x0000000087100000| Untracked 
| 114|0x0000000087200000, 0x0000000087300000, 0x0000000087300000|100%| O|  |TAMS 0x0000000087300000, 0x0000000087200000| Untracked 
| 115|0x0000000087300000, 0x0000000087400000, 0x0000000087400000|100%| O|  |TAMS 0x0000000087400000, 0x0000000087300000| Untracked 
| 116|0x0000000087400000, 0x0000000087500000, 0x0000000087500000|100%| O|  |TAMS 0x0000000087500000, 0x0000000087400000| Untracked 
| 117|0x0000000087500000, 0x0000000087600000, 0x0000000087600000|100%| O|  |TAMS 0x0000000087600000, 0x0000000087500000| Untracked 
| 118|0x0000000087600000, 0x0000000087700000, 0x0000000087700000|100%|HS|  |TAMS 0x0000000087700000, 0x0000000087600000| Complete 
| 119|0x0000000087700000, 0x0000000087800000, 0x0000000087800000|100%|HS|  |TAMS 0x0000000087800000, 0x0000000087700000| Complete 
| 120|0x0000000087800000, 0x0000000087900000, 0x0000000087900000|100%|HS|  |TAMS 0x0000000087900000, 0x0000000087800000| Complete 
| 121|0x0000000087900000, 0x0000000087a00000, 0x0000000087a00000|100%|HC|  |TAMS 0x0000000087a00000, 0x0000000087900000| Complete 
| 122|0x0000000087a00000, 0x0000000087b00000, 0x0000000087b00000|100%|HC|  |TAMS 0x0000000087b00000, 0x0000000087a00000| Complete 
| 123|0x0000000087b00000, 0x0000000087c00000, 0x0000000087c00000|100%| O|  |TAMS 0x0000000087c00000, 0x0000000087b00000| Untracked 
| 124|0x0000000087c00000, 0x0000000087d00000, 0x0000000087d00000|100%| O|  |TAMS 0x0000000087d00000, 0x0000000087c00000| Untracked 
| 125|0x0000000087d00000, 0x0000000087e00000, 0x0000000087e00000|100%| O|  |TAMS 0x0000000087e00000, 0x0000000087d00000| Untracked 
| 126|0x0000000087e00000, 0x0000000087f00000, 0x0000000087f00000|100%| O|  |TAMS 0x0000000087f00000, 0x0000000087e00000| Untracked 
| 127|0x0000000087f00000, 0x0000000088000000, 0x0000000088000000|100%| O|  |TAMS 0x0000000088000000, 0x0000000087f00000| Untracked 
| 128|0x0000000088000000, 0x0000000088100000, 0x0000000088100000|100%| O|  |TAMS 0x0000000088100000, 0x0000000088000000| Untracked 
| 129|0x0000000088100000, 0x0000000088200000, 0x0000000088200000|100%| O|  |TAMS 0x0000000088200000, 0x0000000088100000| Untracked 
| 130|0x0000000088200000, 0x0000000088300000, 0x0000000088300000|100%| O|  |TAMS 0x0000000088300000, 0x0000000088200000| Untracked 
| 131|0x0000000088300000, 0x0000000088400000, 0x0000000088400000|100%| O|  |TAMS 0x0000000088400000, 0x0000000088300000| Untracked 
| 132|0x0000000088400000, 0x0000000088500000, 0x0000000088500000|100%| O|  |TAMS 0x0000000088500000, 0x0000000088400000| Untracked 
| 133|0x0000000088500000, 0x0000000088600000, 0x0000000088600000|100%| O|  |TAMS 0x0000000088600000, 0x0000000088500000| Untracked 
| 134|0x0000000088600000, 0x0000000088700000, 0x0000000088700000|100%| O|  |TAMS 0x0000000088700000, 0x0000000088600000| Untracked 
| 135|0x0000000088700000, 0x000000008879d000, 0x0000000088800000| 61%| O|  |TAMS 0x000000008879d000, 0x0000000088700000| Untracked 
| 136|0x0000000088800000, 0x0000000088800000, 0x0000000088900000|  0%| F|  |TAMS 0x0000000088800000, 0x0000000088800000| Untracked 
| 137|0x0000000088900000, 0x0000000088900000, 0x0000000088a00000|  0%| F|  |TAMS 0x0000000088900000, 0x0000000088900000| Untracked 
| 138|0x0000000088a00000, 0x0000000088a00000, 0x0000000088b00000|  0%| F|  |TAMS 0x0000000088a00000, 0x0000000088a00000| Untracked 
| 139|0x0000000088b00000, 0x0000000088b00000, 0x0000000088c00000|  0%| F|  |TAMS 0x0000000088b00000, 0x0000000088b00000| Untracked 
| 140|0x0000000088c00000, 0x0000000088c00000, 0x0000000088d00000|  0%| F|  |TAMS 0x0000000088c00000, 0x0000000088c00000| Untracked 
| 141|0x0000000088d00000, 0x0000000088d00000, 0x0000000088e00000|  0%| F|  |TAMS 0x0000000088d00000, 0x0000000088d00000| Untracked 
| 142|0x0000000088e00000, 0x0000000088e00000, 0x0000000088f00000|  0%| F|  |TAMS 0x0000000088e00000, 0x0000000088e00000| Untracked 
| 143|0x0000000088f00000, 0x0000000088f00000, 0x0000000089000000|  0%| F|  |TAMS 0x0000000088f00000, 0x0000000088f00000| Untracked 
| 144|0x0000000089000000, 0x0000000089000000, 0x0000000089100000|  0%| F|  |TAMS 0x0000000089000000, 0x0000000089000000| Untracked 
| 145|0x0000000089100000, 0x0000000089100000, 0x0000000089200000|  0%| F|  |TAMS 0x0000000089100000, 0x0000000089100000| Untracked 
| 146|0x0000000089200000, 0x0000000089200000, 0x0000000089300000|  0%| F|  |TAMS 0x0000000089200000, 0x0000000089200000| Untracked 
| 147|0x0000000089300000, 0x0000000089300000, 0x0000000089400000|  0%| F|  |TAMS 0x0000000089300000, 0x0000000089300000| Untracked 
| 148|0x0000000089400000, 0x0000000089400000, 0x0000000089500000|  0%| F|  |TAMS 0x0000000089400000, 0x0000000089400000| Untracked 
| 149|0x0000000089500000, 0x0000000089500000, 0x0000000089600000|  0%| F|  |TAMS 0x0000000089500000, 0x0000000089500000| Untracked 
| 150|0x0000000089600000, 0x0000000089600000, 0x0000000089700000|  0%| F|  |TAMS 0x0000000089600000, 0x0000000089600000| Untracked 
| 151|0x0000000089700000, 0x0000000089700000, 0x0000000089800000|  0%| F|  |TAMS 0x0000000089700000, 0x0000000089700000| Untracked 
| 152|0x0000000089800000, 0x0000000089800000, 0x0000000089900000|  0%| F|  |TAMS 0x0000000089800000, 0x0000000089800000| Untracked 
| 153|0x0000000089900000, 0x0000000089900000, 0x0000000089a00000|  0%| F|  |TAMS 0x0000000089900000, 0x0000000089900000| Untracked 
| 154|0x0000000089a00000, 0x0000000089a00000, 0x0000000089b00000|  0%| F|  |TAMS 0x0000000089a00000, 0x0000000089a00000| Untracked 
| 155|0x0000000089b00000, 0x0000000089b00000, 0x0000000089c00000|  0%| F|  |TAMS 0x0000000089b00000, 0x0000000089b00000| Untracked 
| 156|0x0000000089c00000, 0x0000000089c00000, 0x0000000089d00000|  0%| F|  |TAMS 0x0000000089c00000, 0x0000000089c00000| Untracked 
| 157|0x0000000089d00000, 0x0000000089d00000, 0x0000000089e00000|  0%| F|  |TAMS 0x0000000089d00000, 0x0000000089d00000| Untracked 
| 158|0x0000000089e00000, 0x0000000089e00000, 0x0000000089f00000|  0%| F|  |TAMS 0x0000000089e00000, 0x0000000089e00000| Untracked 
| 159|0x0000000089f00000, 0x0000000089f00000, 0x000000008a000000|  0%| F|  |TAMS 0x0000000089f00000, 0x0000000089f00000| Untracked 
| 160|0x000000008a000000, 0x000000008a000000, 0x000000008a100000|  0%| F|  |TAMS 0x000000008a000000, 0x000000008a000000| Untracked 
| 161|0x000000008a100000, 0x000000008a100000, 0x000000008a200000|  0%| F|  |TAMS 0x000000008a100000, 0x000000008a100000| Untracked 
| 162|0x000000008a200000, 0x000000008a200000, 0x000000008a300000|  0%| F|  |TAMS 0x000000008a200000, 0x000000008a200000| Untracked 
| 163|0x000000008a300000, 0x000000008a300000, 0x000000008a400000|  0%| F|  |TAMS 0x000000008a300000, 0x000000008a300000| Untracked 
| 164|0x000000008a400000, 0x000000008a400000, 0x000000008a500000|  0%| F|  |TAMS 0x000000008a400000, 0x000000008a400000| Untracked 
| 165|0x000000008a500000, 0x000000008a500000, 0x000000008a600000|  0%| F|  |TAMS 0x000000008a500000, 0x000000008a500000| Untracked 
| 166|0x000000008a600000, 0x000000008a600000, 0x000000008a700000|  0%| F|  |TAMS 0x000000008a600000, 0x000000008a600000| Untracked 
| 167|0x000000008a700000, 0x000000008a700000, 0x000000008a800000|  0%| F|  |TAMS 0x000000008a700000, 0x000000008a700000| Untracked 
| 168|0x000000008a800000, 0x000000008a800000, 0x000000008a900000|  0%| F|  |TAMS 0x000000008a800000, 0x000000008a800000| Untracked 
| 169|0x000000008a900000, 0x000000008a900000, 0x000000008aa00000|  0%| F|  |TAMS 0x000000008a900000, 0x000000008a900000| Untracked 
| 170|0x000000008aa00000, 0x000000008aa00000, 0x000000008ab00000|  0%| F|  |TAMS 0x000000008aa00000, 0x000000008aa00000| Untracked 
| 171|0x000000008ab00000, 0x000000008ab00000, 0x000000008ac00000|  0%| F|  |TAMS 0x000000008ab00000, 0x000000008ab00000| Untracked 
| 172|0x000000008ac00000, 0x000000008ac00000, 0x000000008ad00000|  0%| F|  |TAMS 0x000000008ac00000, 0x000000008ac00000| Untracked 
| 173|0x000000008ad00000, 0x000000008ad00000, 0x000000008ae00000|  0%| F|  |TAMS 0x000000008ad00000, 0x000000008ad00000| Untracked 
| 174|0x000000008ae00000, 0x000000008ae00000, 0x000000008af00000|  0%| F|  |TAMS 0x000000008ae00000, 0x000000008ae00000| Untracked 
| 175|0x000000008af00000, 0x000000008af00000, 0x000000008b000000|  0%| F|  |TAMS 0x000000008af00000, 0x000000008af00000| Untracked 
| 176|0x000000008b000000, 0x000000008b100000, 0x000000008b100000|100%| S|CS|TAMS 0x000000008b000000, 0x000000008b000000| Complete 
| 177|0x000000008b100000, 0x000000008b200000, 0x000000008b200000|100%| S|CS|TAMS 0x000000008b100000, 0x000000008b100000| Complete 
| 178|0x000000008b200000, 0x000000008b300000, 0x000000008b300000|100%| S|CS|TAMS 0x000000008b200000, 0x000000008b200000| Complete 
| 179|0x000000008b300000, 0x000000008b400000, 0x000000008b400000|100%| S|CS|TAMS 0x000000008b300000, 0x000000008b300000| Complete 
| 180|0x000000008b400000, 0x000000008b500000, 0x000000008b500000|100%| S|CS|TAMS 0x000000008b400000, 0x000000008b400000| Complete 
| 181|0x000000008b500000, 0x000000008b500000, 0x000000008b600000|  0%| F|  |TAMS 0x000000008b500000, 0x000000008b500000| Untracked 
| 182|0x000000008b600000, 0x000000008b600000, 0x000000008b700000|  0%| F|  |TAMS 0x000000008b600000, 0x000000008b600000| Untracked 
| 183|0x000000008b700000, 0x000000008b700000, 0x000000008b800000|  0%| F|  |TAMS 0x000000008b700000, 0x000000008b700000| Untracked 
| 184|0x000000008b800000, 0x000000008b800000, 0x000000008b900000|  0%| F|  |TAMS 0x000000008b800000, 0x000000008b800000| Untracked 
| 185|0x000000008b900000, 0x000000008b900000, 0x000000008ba00000|  0%| F|  |TAMS 0x000000008b900000, 0x000000008b900000| Untracked 
| 186|0x000000008ba00000, 0x000000008ba00000, 0x000000008bb00000|  0%| F|  |TAMS 0x000000008ba00000, 0x000000008ba00000| Untracked 
| 187|0x000000008bb00000, 0x000000008bb00000, 0x000000008bc00000|  0%| F|  |TAMS 0x000000008bb00000, 0x000000008bb00000| Untracked 
| 188|0x000000008bc00000, 0x000000008bc00000, 0x000000008bd00000|  0%| F|  |TAMS 0x000000008bc00000, 0x000000008bc00000| Untracked 
| 189|0x000000008bd00000, 0x000000008bd00000, 0x000000008be00000|  0%| F|  |TAMS 0x000000008bd00000, 0x000000008bd00000| Untracked 
| 190|0x000000008be00000, 0x000000008be00000, 0x000000008bf00000|  0%| F|  |TAMS 0x000000008be00000, 0x000000008be00000| Untracked 
| 191|0x000000008bf00000, 0x000000008bf00000, 0x000000008c000000|  0%| F|  |TAMS 0x000000008bf00000, 0x000000008bf00000| Untracked 
| 192|0x000000008c000000, 0x000000008c000000, 0x000000008c100000|  0%| F|  |TAMS 0x000000008c000000, 0x000000008c000000| Untracked 
| 193|0x000000008c100000, 0x000000008c100000, 0x000000008c200000|  0%| F|  |TAMS 0x000000008c100000, 0x000000008c100000| Untracked 
| 194|0x000000008c200000, 0x000000008c200000, 0x000000008c300000|  0%| F|  |TAMS 0x000000008c200000, 0x000000008c200000| Untracked 
| 195|0x000000008c300000, 0x000000008c300000, 0x000000008c400000|  0%| F|  |TAMS 0x000000008c300000, 0x000000008c300000| Untracked 
| 196|0x000000008c400000, 0x000000008c400000, 0x000000008c500000|  0%| F|  |TAMS 0x000000008c400000, 0x000000008c400000| Untracked 
| 197|0x000000008c500000, 0x000000008c500000, 0x000000008c600000|  0%| F|  |TAMS 0x000000008c500000, 0x000000008c500000| Untracked 
| 198|0x000000008c600000, 0x000000008c700000, 0x000000008c700000|100%| E|  |TAMS 0x000000008c600000, 0x000000008c600000| Complete 
| 199|0x000000008c700000, 0x000000008c800000, 0x000000008c800000|100%| E|CS|TAMS 0x000000008c700000, 0x000000008c700000| Complete 
| 200|0x000000008c800000, 0x000000008c900000, 0x000000008c900000|100%| E|CS|TAMS 0x000000008c800000, 0x000000008c800000| Complete 
| 201|0x000000008c900000, 0x000000008ca00000, 0x000000008ca00000|100%| E|CS|TAMS 0x000000008c900000, 0x000000008c900000| Complete 
| 202|0x000000008ca00000, 0x000000008cb00000, 0x000000008cb00000|100%| E|CS|TAMS 0x000000008ca00000, 0x000000008ca00000| Complete 
| 203|0x000000008cb00000, 0x000000008cc00000, 0x000000008cc00000|100%| E|CS|TAMS 0x000000008cb00000, 0x000000008cb00000| Complete 
| 204|0x000000008cc00000, 0x000000008cd00000, 0x000000008cd00000|100%| E|CS|TAMS 0x000000008cc00000, 0x000000008cc00000| Complete 
| 205|0x000000008cd00000, 0x000000008ce00000, 0x000000008ce00000|100%| E|CS|TAMS 0x000000008cd00000, 0x000000008cd00000| Complete 
| 206|0x000000008ce00000, 0x000000008cf00000, 0x000000008cf00000|100%| E|CS|TAMS 0x000000008ce00000, 0x000000008ce00000| Complete 
| 207|0x000000008cf00000, 0x000000008d000000, 0x000000008d000000|100%| E|CS|TAMS 0x000000008cf00000, 0x000000008cf00000| Complete 
| 208|0x000000008d000000, 0x000000008d100000, 0x000000008d100000|100%| E|CS|TAMS 0x000000008d000000, 0x000000008d000000| Complete 
| 209|0x000000008d100000, 0x000000008d200000, 0x000000008d200000|100%| E|CS|TAMS 0x000000008d100000, 0x000000008d100000| Complete 
| 210|0x000000008d200000, 0x000000008d300000, 0x000000008d300000|100%| E|CS|TAMS 0x000000008d200000, 0x000000008d200000| Complete 
| 211|0x000000008d300000, 0x000000008d400000, 0x000000008d400000|100%| E|CS|TAMS 0x000000008d300000, 0x000000008d300000| Complete 
| 212|0x000000008d400000, 0x000000008d500000, 0x000000008d500000|100%| E|CS|TAMS 0x000000008d400000, 0x000000008d400000| Complete 
| 213|0x000000008d500000, 0x000000008d600000, 0x000000008d600000|100%| E|CS|TAMS 0x000000008d500000, 0x000000008d500000| Complete 
| 214|0x000000008d600000, 0x000000008d700000, 0x000000008d700000|100%| E|CS|TAMS 0x000000008d600000, 0x000000008d600000| Complete 
| 215|0x000000008d700000, 0x000000008d800000, 0x000000008d800000|100%| E|CS|TAMS 0x000000008d700000, 0x000000008d700000| Complete 
| 216|0x000000008d800000, 0x000000008d900000, 0x000000008d900000|100%| E|CS|TAMS 0x000000008d800000, 0x000000008d800000| Complete 

Card table byte_map: [0x0000020d71c70000,0x0000020d72070000] _byte_map_base: 0x0000020d71870000

Marking Bits (Prev, Next): (CMBitMap*) 0x0000020d6a0d4f30, (CMBitMap*) 0x0000020d6a0d4ef8
 Prev Bits: [0x0000020d74470000, 0x0000020d76470000)
 Next Bits: [0x0000020d72470000, 0x0000020d74470000)

Polling page: 0x0000020d69860000

Metaspace:

Usage:
  Non-class:     90.87 MB capacity,    88.79 MB ( 98%) used,     1.78 MB (  2%) free+waste,   306.31 KB ( <1%) overhead. 
      Class:     14.98 MB capacity,    13.61 MB ( 91%) used,     1.23 MB (  8%) free+waste,   145.56 KB ( <1%) overhead. 
       Both:    105.85 MB capacity,   102.40 MB ( 97%) used,     3.01 MB (  3%) free+waste,   451.88 KB ( <1%) overhead. 

Virtual space:
  Non-class space:       92.00 MB reserved,      91.00 MB ( 99%) committed 
      Class space:      504.00 MB reserved,      15.00 MB (  3%) committed 
             Both:      596.00 MB reserved,     106.00 MB ( 18%) committed 

Chunk freelists:
   Non-Class:  384 bytes
       Class:  2.38 KB
        Both:  2.75 KB

CodeHeap 'non-profiled nmethods': size=120064Kb used=8042Kb max_used=8042Kb free=112021Kb
 bounds [0x0000020d07ac0000, 0x0000020d082a0000, 0x0000020d0f000000]
CodeHeap 'profiled nmethods': size=120000Kb used=29902Kb max_used=29902Kb free=90097Kb
 bounds [0x0000020d00590000, 0x0000020d022d0000, 0x0000020d07ac0000]
CodeHeap 'non-nmethods': size=5696Kb used=2324Kb max_used=2364Kb free=3371Kb
 bounds [0x0000020d00000000, 0x0000020d00270000, 0x0000020d00590000]
 total_blobs=13944 nmethods=13005 adapters=850
 compilation: enabled
              stopped_count=0, restarted_count=0
 full_count=0

Compilation events (10 events):
Event: 108.566 Thread 0x0000020d78ca5800 13075       3       com.sun.proxy.$Proxy65::<init> (6 bytes)
Event: 108.566 Thread 0x0000020d78ca5800 nmethod 13075 0x0000020d022be590 code [0x0000020d022be760, 0x0000020d022beae8]
Event: 108.587 Thread 0x0000020d78ca5800 13077       3       org.codehaus.groovy.runtime.callsite.AbstractCallSite::callGetProperty (12 bytes)
Event: 108.587 Thread 0x0000020d78ca5800 nmethod 13077 0x0000020d022bec90 code [0x0000020d022bee40, 0x0000020d022bf0b8]
Event: 108.590 Thread 0x0000020d78ca5800 13078       3       java.beans.Introspector::getBeanInfo (54 bytes)
Event: 108.590 Thread 0x0000020d78ca5800 nmethod 13078 0x0000020d022bf190 code [0x0000020d022bf380, 0x0000020d022bf668]
Event: 108.590 Thread 0x0000020d78ca5800 13079       3       com.sun.beans.util.Cache$CacheEntry::<init> (56 bytes)
Event: 108.590 Thread 0x0000020d78ca5800 nmethod 13079 0x0000020d022bf810 code [0x0000020d022bf9e0, 0x0000020d022bfe98]
Event: 108.595 Thread 0x0000020d78ca5800 13080       3       java.beans.Introspector::<init> (183 bytes)
Event: 108.597 Thread 0x0000020d78ca5800 nmethod 13080 0x0000020d022c0010 code [0x0000020d022c0380, 0x0000020d022c1d28]

GC Heap History (10 events):
Event: 100.834 GC heap before
{Heap before GC invocations=89 (full 0):
 garbage-first heap   total 179200K, used 150001K [0x0000000080000000, 0x0000000100000000)
  region size 1024K, 15 young (15360K), 2 survivors (2048K)
 Metaspace       used 100581K, capacity 104024K, committed 104064K, reserved 606208K
  class space    used 13349K, capacity 14703K, committed 14720K, reserved 516096K
}
Event: 100.839 GC heap after
{Heap after GC invocations=90 (full 0):
 garbage-first heap   total 179200K, used 138015K [0x0000000080000000, 0x0000000100000000)
  region size 1024K, 2 young (2048K), 2 survivors (2048K)
 Metaspace       used 100581K, capacity 104024K, committed 104064K, reserved 606208K
  class space    used 13349K, capacity 14703K, committed 14720K, reserved 516096K
}
Event: 103.904 GC heap before
{Heap before GC invocations=91 (full 0):
 garbage-first heap   total 179200K, used 151327K [0x0000000080000000, 0x0000000100000000)
  region size 1024K, 15 young (15360K), 2 survivors (2048K)
 Metaspace       used 100966K, capacity 104388K, committed 104704K, reserved 606208K
  class space    used 13394K, capacity 14737K, committed 14848K, reserved 516096K
}
Event: 103.964 GC heap after
{Heap after GC invocations=92 (full 0):
 garbage-first heap   total 179200K, used 138814K [0x0000000080000000, 0x0000000100000000)
  region size 1024K, 1 young (1024K), 1 survivors (1024K)
 Metaspace       used 100966K, capacity 104388K, committed 104704K, reserved 606208K
  class space    used 13394K, capacity 14737K, committed 14848K, reserved 516096K
}
Event: 104.910 GC heap before
{Heap before GC invocations=92 (full 0):
 garbage-first heap   total 179200K, used 153150K [0x0000000080000000, 0x0000000100000000)
  region size 1024K, 15 young (15360K), 1 survivors (1024K)
 Metaspace       used 101553K, capacity 105052K, committed 105216K, reserved 608256K
  class space    used 13496K, capacity 14846K, committed 14848K, reserved 516096K
}
Event: 104.915 GC heap after
{Heap after GC invocations=93 (full 0):
 garbage-first heap   total 222208K, used 139365K [0x0000000080000000, 0x0000000100000000)
  region size 1024K, 2 young (2048K), 2 survivors (2048K)
 Metaspace       used 101553K, capacity 105052K, committed 105216K, reserved 608256K
  class space    used 13496K, capacity 14846K, committed 14848K, reserved 516096K
}
Event: 105.817 GC heap before
{Heap before GC invocations=94 (full 0):
 garbage-first heap   total 222208K, used 171109K [0x0000000080000000, 0x0000000100000000)
  region size 1024K, 33 young (33792K), 2 survivors (2048K)
 Metaspace       used 103205K, capacity 106731K, committed 106880K, reserved 608256K
  class space    used 13725K, capacity 15114K, committed 15232K, reserved 516096K
}
Event: 105.835 GC heap after
{Heap after GC invocations=95 (full 0):
 garbage-first heap   total 222208K, used 141074K [0x0000000080000000, 0x0000000100000000)
  region size 1024K, 3 young (3072K), 3 survivors (3072K)
 Metaspace       used 103205K, capacity 106731K, committed 106880K, reserved 608256K
  class space    used 13725K, capacity 15114K, committed 15232K, reserved 516096K
}
Event: 108.352 GC heap before
{Heap before GC invocations=95 (full 0):
 garbage-first heap   total 222208K, used 174866K [0x0000000080000000, 0x0000000100000000)
  region size 1024K, 36 young (36864K), 3 survivors (3072K)
 Metaspace       used 104840K, capacity 108388K, committed 108544K, reserved 610304K
  class space    used 13937K, capacity 15340K, committed 15360K, reserved 516096K
}
Event: 108.365 GC heap after
{Heap after GC invocations=96 (full 0):
 garbage-first heap   total 222208K, used 143988K [0x0000000080000000, 0x0000000100000000)
  region size 1024K, 5 young (5120K), 5 survivors (5120K)
 Metaspace       used 104840K, capacity 108388K, committed 108544K, reserved 610304K
  class space    used 13937K, capacity 15340K, committed 15360K, reserved 516096K
}

Deoptimization events (10 events):
Event: 105.411 Thread 0x0000020d79954000 Uncommon trap: reason=null_check action=make_not_entrant pc=0x0000020d08255798 method=org.gradle.internal.instantiation.generator.AbstractClassGenerator.isPropertyType(Ljava/lang/Class;)Z @ 3 c2
Event: 105.419 Thread 0x0000020d79954000 Uncommon trap: reason=null_check action=make_not_entrant pc=0x0000020d0825608c method=org.gradle.internal.instantiation.generator.AbstractClassGenerator.isPropertyType(Ljava/lang/Class;)Z @ 12 c2
Event: 105.436 Thread 0x0000020d79954000 Uncommon trap: reason=null_check action=make_not_entrant pc=0x0000020d08256490 method=org.gradle.internal.instantiation.generator.AbstractClassGenerator.isPropertyType(Ljava/lang/Class;)Z @ 21 c2
Event: 105.510 Thread 0x0000020d79954000 Uncommon trap: reason=null_check action=make_not_entrant pc=0x0000020d08258558 method=org.gradle.internal.instantiation.generator.AbstractClassGenerator$DslMixInPropertyType.visitProperty(Lorg/gradle/internal/instantiation/generator/AbstractClassGenerator
Event: 105.714 Thread 0x0000020d79954000 Uncommon trap: reason=profile_predicate action=maybe_recompile pc=0x0000020d08262208 method=java.util.regex.Pattern$BnM.optimize(Ljava/util/regex/Pattern$Node;)Ljava/util/regex/Pattern$Node; @ 67 c2
Event: 105.715 Thread 0x0000020d79954000 Uncommon trap: reason=profile_predicate action=maybe_recompile pc=0x0000020d08262208 method=java.util.regex.Pattern$BnM.optimize(Ljava/util/regex/Pattern$Node;)Ljava/util/regex/Pattern$Node; @ 67 c2
Event: 106.099 Thread 0x0000020d79954000 Uncommon trap: reason=null_check action=make_not_entrant pc=0x0000020d08273c7c method=org.gradle.internal.instantiation.generator.AbstractClassGenerator.isIneligibleForConventionMapping(Lorg/gradle/internal/instantiation/generator/AbstractClassGenerator$P
Event: 106.768 Thread 0x0000020d79954000 Uncommon trap: reason=unstable_if action=reinterpret pc=0x0000020d08266e4c method=org.gradle.internal.instantiation.generator.AbstractClassGenerator.isNameProperty(Lorg/gradle/internal/instantiation/generator/AbstractClassGenerator$PropertyMetadata;)Z @ 2
Event: 106.768 Thread 0x0000020d79954000 Uncommon trap: reason=unstable_if action=reinterpret pc=0x0000020d0823e518 method=org.gradle.internal.instantiation.generator.AbstractClassGenerator.isNameProperty(Lorg/gradle/internal/instantiation/generator/AbstractClassGenerator$PropertyMetadata;)Z @ 2
Event: 107.612 Thread 0x0000020d79954000 Uncommon trap: reason=unstable_if action=reinterpret pc=0x0000020d07d81204 method=java.lang.Class.getTypeName()Ljava/lang/String; @ 23 c2

Classes redefined (0 events):
No events

Internal exceptions (10 events):
Event: 108.584 Thread 0x0000020d79954000 Exception <a 'java/lang/ClassNotFoundException'{0x000000008cb14700}: com/android/build/gradle/tasks/CompileLibraryResourcesTaskCustomizer> (0x000000008cb14700) thrown at [./open/src/hotspot/share/classfile/systemDictionary.cpp, line 226]
Event: 108.585 Thread 0x0000020d79954000 Exception <a 'java/lang/ClassNotFoundException'{0x000000008cb51200}: com/android/build/gradle/tasks/CompileLibraryResourcesTask_DecoratedCustomizer> (0x000000008cb51200) thrown at [./open/src/hotspot/share/classfile/systemDictionary.cpp, line 226]
Event: 108.588 Thread 0x0000020d79954000 Exception <a 'java/lang/ClassNotFoundException'{0x000000008cbf1cc0}: com/android/build/gradle/internal/tasks/LintCompile_DecoratedBeanInfo> (0x000000008cbf1cc0) thrown at [./open/src/hotspot/share/classfile/systemDictionary.cpp, line 226]
Event: 108.589 Thread 0x0000020d79954000 Exception <a 'java/lang/ClassNotFoundException'{0x000000008ca0d810}: com/android/build/gradle/internal/tasks/LintCompileBeanInfo> (0x000000008ca0d810) thrown at [./open/src/hotspot/share/classfile/systemDictionary.cpp, line 226]
Event: 108.589 Thread 0x0000020d79954000 Exception <a 'java/lang/ClassNotFoundException'{0x000000008ca28ea0}: com/android/build/gradle/internal/tasks/LintCompileCustomizer> (0x000000008ca28ea0) thrown at [./open/src/hotspot/share/classfile/systemDictionary.cpp, line 226]
Event: 108.590 Thread 0x0000020d79954000 Exception <a 'java/lang/ClassNotFoundException'{0x000000008ca559f0}: com/android/build/gradle/internal/tasks/LintCompile_DecoratedCustomizer> (0x000000008ca559f0) thrown at [./open/src/hotspot/share/classfile/systemDictionary.cpp, line 226]
Event: 108.595 Thread 0x0000020d79954000 Exception <a 'java/lang/ClassNotFoundException'{0x000000008cae9440}: org/gradle/api/reporting/components/ComponentReport_DecoratedBeanInfo> (0x000000008cae9440) thrown at [./open/src/hotspot/share/classfile/systemDictionary.cpp, line 226]
Event: 108.596 Thread 0x0000020d79954000 Exception <a 'java/lang/ClassNotFoundException'{0x000000008c910288}: org/gradle/api/reporting/components/ComponentReportBeanInfo> (0x000000008c910288) thrown at [./open/src/hotspot/share/classfile/systemDictionary.cpp, line 226]
Event: 108.598 Thread 0x0000020d79954000 Exception <a 'java/lang/ClassNotFoundException'{0x000000008c936cd0}: org/gradle/api/reporting/components/ComponentReportCustomizer> (0x000000008c936cd0) thrown at [./open/src/hotspot/share/classfile/systemDictionary.cpp, line 226]
Event: 108.600 Thread 0x0000020d79954000 Exception <a 'java/lang/ClassNotFoundException'{0x000000008c96d5d0}: org/gradle/api/reporting/components/ComponentReport_DecoratedCustomizer> (0x000000008c96d5d0) thrown at [./open/src/hotspot/share/classfile/systemDictionary.cpp, line 226]

Events (10 events):
Event: 108.597 loading class org/gradle/api/reporting/components/ComponentReportCustomizer
Event: 108.597 loading class org/gradle/api/reporting/components/ComponentReportCustomizer done
Event: 108.598 loading class org/gradle/api/reporting/components/ComponentReportCustomizer
Event: 108.598 loading class org/gradle/api/reporting/components/ComponentReportCustomizer done
Event: 108.599 loading class org/gradle/api/reporting/components/ComponentReport_DecoratedCustomizer
Event: 108.599 loading class org/gradle/api/reporting/components/ComponentReport_DecoratedCustomizer done
Event: 108.600 loading class org/gradle/api/reporting/components/ComponentReport_DecoratedCustomizer
Event: 108.600 loading class org/gradle/api/reporting/components/ComponentReport_DecoratedCustomizer done
Event: 108.600 loading class org/gradle/api/reporting/components/ComponentReport_DecoratedCustomizer
Event: 108.600 loading class org/gradle/api/reporting/components/ComponentReport_DecoratedCustomizer done


Dynamic libraries:
0x00007ff6dcde0000 - 0x00007ff6dcdf0000 	C:\Program Files\Java\jdk-11\bin\java.exe
0x00007ffc0c510000 - 0x00007ffc0c724000 	C:\WINDOWS\SYSTEM32\ntdll.dll
0x00007ffc0b780000 - 0x00007ffc0b842000 	C:\WINDOWS\System32\KERNEL32.DLL
0x00007ffc09940000 - 0x00007ffc09ce3000 	C:\WINDOWS\System32\KERNELBASE.dll
0x00007ffc0a150000 - 0x00007ffc0a261000 	C:\WINDOWS\System32\ucrtbase.dll
0x00007ffbd4f30000 - 0x00007ffbd4f48000 	C:\Program Files\Java\jdk-11\bin\jli.dll
0x00007ffc0bcb0000 - 0x00007ffc0bd5e000 	C:\WINDOWS\System32\ADVAPI32.dll
0x00007ffc0bb80000 - 0x00007ffc0bc27000 	C:\WINDOWS\System32\msvcrt.dll
0x00007ffc0a8a0000 - 0x00007ffc0a944000 	C:\WINDOWS\System32\sechost.dll
0x00007ffc0ac00000 - 0x00007ffc0ad17000 	C:\WINDOWS\System32\RPCRT4.dll
0x00007ffc0b5d0000 - 0x00007ffc0b77b000 	C:\WINDOWS\System32\USER32.dll
0x00007ffc09910000 - 0x00007ffc09936000 	C:\WINDOWS\System32\win32u.dll
0x00007ffc0baa0000 - 0x00007ffc0bac9000 	C:\WINDOWS\System32\GDI32.dll
0x00007ffc0a030000 - 0x00007ffc0a149000 	C:\WINDOWS\System32\gdi32full.dll
0x00007ffc09d60000 - 0x00007ffc09dfa000 	C:\WINDOWS\System32\msvcp_win.dll
0x00007ffbf56b0000 - 0x00007ffbf593e000 	C:\WINDOWS\WinSxS\amd64_microsoft.windows.common-controls_6595b64144ccf1df_6.0.22621.1635_none_270f70857386168e\COMCTL32.dll
0x00007ffc01300000 - 0x00007ffc0130a000 	C:\WINDOWS\SYSTEM32\VERSION.dll
0x00007ffbd9710000 - 0x00007ffbd972b000 	C:\Program Files\Java\jdk-11\bin\VCRUNTIME140.dll
0x00007ffc0bae0000 - 0x00007ffc0bb11000 	C:\WINDOWS\System32\IMM32.DLL
0x00007ffbf7820000 - 0x00007ffbf782c000 	C:\Program Files\Java\jdk-11\bin\vcruntime140_1.dll
0x00007ffba2470000 - 0x00007ffba24fe000 	C:\Program Files\Java\jdk-11\bin\msvcp140.dll
0x00007ffb75440000 - 0x00007ffb75fa8000 	C:\Program Files\Java\jdk-11\bin\server\jvm.dll
0x00007ffc0bad0000 - 0x00007ffc0bad8000 	C:\WINDOWS\System32\PSAPI.DLL
0x00007ffbb7330000 - 0x00007ffbb7339000 	C:\WINDOWS\SYSTEM32\WSOCK32.dll
0x00007ffc0bc30000 - 0x00007ffc0bca1000 	C:\WINDOWS\System32\WS2_32.dll
0x00007ffc038b0000 - 0x00007ffc038e4000 	C:\WINDOWS\SYSTEM32\WINMM.dll
0x00007ffc08960000 - 0x00007ffc08978000 	C:\WINDOWS\SYSTEM32\kernel.appcore.dll
0x00007ffbef250000 - 0x00007ffbef260000 	C:\Program Files\Java\jdk-11\bin\verify.dll
0x00007ffc01e70000 - 0x00007ffc0209e000 	C:\WINDOWS\SYSTEM32\DBGHELP.DLL
0x00007ffc0a360000 - 0x00007ffc0a6e9000 	C:\WINDOWS\System32\combase.dll
0x00007ffc0bdc0000 - 0x00007ffc0be97000 	C:\WINDOWS\System32\OLEAUT32.dll
0x00007ffbf8c70000 - 0x00007ffbf8ca2000 	C:\WINDOWS\SYSTEM32\dbgcore.DLL
0x00007ffc0a270000 - 0x00007ffc0a2eb000 	C:\WINDOWS\System32\bcryptPrimitives.dll
0x00007ffbd4e80000 - 0x00007ffbd4ea8000 	C:\Program Files\Java\jdk-11\bin\java.dll
0x00007ffbe3840000 - 0x00007ffbe384a000 	C:\Program Files\Java\jdk-11\bin\jimage.dll
0x00007ffbd44c0000 - 0x00007ffbd44d7000 	C:\Program Files\Java\jdk-11\bin\zip.dll
0x00007ffc0adc0000 - 0x00007ffc0b5ba000 	C:\WINDOWS\System32\SHELL32.dll
0x00007ffc07910000 - 0x00007ffc081de000 	C:\WINDOWS\SYSTEM32\windows.storage.dll
0x00007ffc077d0000 - 0x00007ffc0790e000 	C:\WINDOWS\SYSTEM32\wintypes.dll
0x00007ffc0a950000 - 0x00007ffc0aa41000 	C:\WINDOWS\System32\SHCORE.dll
0x00007ffc0bb20000 - 0x00007ffc0bb7e000 	C:\WINDOWS\System32\shlwapi.dll
0x00007ffc09840000 - 0x00007ffc09861000 	C:\WINDOWS\SYSTEM32\profapi.dll
0x00007ffbd44a0000 - 0x00007ffbd44b9000 	C:\Program Files\Java\jdk-11\bin\net.dll
0x00007ffc032d0000 - 0x00007ffc03407000 	C:\WINDOWS\SYSTEM32\WINHTTP.dll
0x00007ffc08dd0000 - 0x00007ffc08e39000 	C:\WINDOWS\system32\mswsock.dll
0x00007ffbbdc80000 - 0x00007ffbbdc92000 	C:\Program Files\Java\jdk-11\bin\nio.dll
0x00007ffbbc780000 - 0x00007ffbbc7a7000 	C:\Users\Rahul rohilla\.gradle\native\e1d6ef7f7dcc3fd88c89a11ec53ec762bb8ba0a96d01ffa2cd45eb1d1d8dd5c5\windows-amd64\native-platform.dll
0x00007ffb98dc0000 - 0x00007ffb98f04000 	C:\Users\Rahul rohilla\.gradle\native\0d407fdbe67a94daf76414ababcb853783967236a71b16ec16e742cd7a986fd3\windows-amd64\native-platform-file-events.dll
0x00007ffbe2430000 - 0x00007ffbe2439000 	C:\Program Files\Java\jdk-11\bin\management.dll
0x00007ffbdfa50000 - 0x00007ffbdfa5b000 	C:\Program Files\Java\jdk-11\bin\management_ext.dll
0x00007ffc09030000 - 0x00007ffc0904b000 	C:\WINDOWS\SYSTEM32\CRYPTSP.dll
0x00007ffc088d0000 - 0x00007ffc08905000 	C:\WINDOWS\system32\rsaenh.dll
0x00007ffc08ed0000 - 0x00007ffc08ef8000 	C:\WINDOWS\SYSTEM32\USERENV.dll
0x00007ffc091d0000 - 0x00007ffc091f8000 	C:\WINDOWS\SYSTEM32\bcrypt.dll
0x00007ffc09050000 - 0x00007ffc0905c000 	C:\WINDOWS\SYSTEM32\CRYPTBASE.dll
0x00007ffc08480000 - 0x00007ffc084ad000 	C:\WINDOWS\SYSTEM32\IPHLPAPI.DLL
0x00007ffc0b5c0000 - 0x00007ffc0b5c9000 	C:\WINDOWS\System32\NSI.dll
0x00007ffc02a40000 - 0x00007ffc02a59000 	C:\WINDOWS\SYSTEM32\dhcpcsvc6.DLL
0x00007ffc021a0000 - 0x00007ffc021bf000 	C:\WINDOWS\SYSTEM32\dhcpcsvc.DLL
0x00007ffc084b0000 - 0x00007ffc085a3000 	C:\WINDOWS\SYSTEM32\DNSAPI.dll

dbghelp: loaded successfully - version: 4.0.5 - missing functions: none
symbol engine: initialized successfully - sym options: 0x614 - pdb path: .;C:\Program Files\Java\jdk-11\bin;C:\WINDOWS\SYSTEM32;C:\WINDOWS\WinSxS\amd64_microsoft.windows.common-controls_6595b64144ccf1df_6.0.22621.1635_none_270f70857386168e;C:\Program Files\Java\jdk-11\bin\server;C:\Users\Rahul rohilla\.gradle\native\e1d6ef7f7dcc3fd88c89a11ec53ec762bb8ba0a96d01ffa2cd45eb1d1d8dd5c5\windows-amd64;C:\Users\Rahul rohilla\.gradle\native\0d407fdbe67a94daf76414ababcb853783967236a71b16ec16e742cd7a986fd3\windows-amd64

VM Arguments:
jvm_args: -XX:MaxMetaspaceSize=512m --add-opens=java.base/java.util=ALL-UNNAMED --add-opens=java.base/java.lang=ALL-UNNAMED --add-opens=java.base/java.lang.invoke=ALL-UNNAMED --add-opens=java.base/java.util=ALL-UNNAMED --add-opens=java.prefs/java.util.prefs=ALL-UNNAMED --add-opens=java.prefs/java.util.prefs=ALL-UNNAMED --add-opens=java.base/java.nio.charset=ALL-UNNAMED --add-opens=java.base/java.net=ALL-UNNAMED --add-opens=java.base/java.util.concurrent.atomic=ALL-UNNAMED -Xmx2048m -Dfile.encoding=windows-1252 -Duser.country=US -Duser.language=en -Duser.variant 
java_command: org.gradle.launcher.daemon.bootstrap.GradleDaemon 7.5.1
java_class_path (initial): C:\Users\Rahul rohilla\.gradle\wrapper\dists\gradle-7.5.1-all\1ehga6e77gqps5uk2kc5kf1vc\gradle-7.5.1\lib\gradle-launcher-7.5.1.jar
Launcher Type: SUN_STANDARD

[Global flags]
     intx CICompilerCount                          = 3                                         {product} {ergonomic}
   size_t CompressedClassSpaceSize                 = 528482304                                 {product} {ergonomic}
     uint ConcGCThreads                            = 2                                         {product} {ergonomic}
     uint G1ConcRefinementThreads                  = 6                                         {product} {ergonomic}
   size_t G1HeapRegionSize                         = 1048576                                   {product} {ergonomic}
    uintx GCDrainStackTargetSize                   = 64                                        {product} {ergonomic}
   size_t InitialHeapSize                          = 125829120                                 {product} {ergonomic}
   size_t MarkStackSize                            = 4194304                                   {product} {ergonomic}
   size_t MaxHeapSize                              = 2147483648                                {product} {command line}
   size_t MaxMetaspaceSize                         = 536870912                                 {product} {command line}
   size_t MaxNewSize                               = 1287651328                                {product} {ergonomic}
   size_t MinHeapDeltaBytes                        = 1048576                                   {product} {ergonomic}
    uintx NonNMethodCodeHeapSize                   = 5830732                                {pd product} {ergonomic}
    uintx NonProfiledCodeHeapSize                  = 122913754                              {pd product} {ergonomic}
    uintx ProfiledCodeHeapSize                     = 122913754                              {pd product} {ergonomic}
    uintx ReservedCodeCacheSize                    = 251658240                              {pd product} {ergonomic}
     bool SegmentedCodeCache                       = true                                      {product} {ergonomic}
     bool UseCompressedClassPointers               = true                                 {lp64_product} {ergonomic}
     bool UseCompressedOops                        = true                                 {lp64_product} {ergonomic}
     bool UseG1GC                                  = true                                      {product} {ergonomic}
     bool UseLargePagesIndividualAllocation        = false                                  {pd product} {ergonomic}

Logging:
Log output configuration:
 #0: stdout all=warning uptime,level,tags
 #1: stderr all=off uptime,level,tags

Environment Variables:
JAVA_HOME=C:\Program Files\Java\jdk-11
CLASSPATH=D:\Join-zeroda-master\JoinZeroda\android\\gradle\wrapper\gradle-wrapper.jar
PATH=D:\Join-zeroda-master\JoinZeroda\android\node_modules\.bin;D:\Join-zeroda-master\JoinZeroda\node_modules\.bin;D:\Join-zeroda-master\node_modules\.bin;D:\node_modules\.bin;C:\Program Files\nodejs;D:\Join-zeroda-master\JoinZeroda\node_modules\.bin;D:\Join-zeroda-master\node_modules\.bin;D:\node_modules\.bin;C:\Program Files\nodejs\node_modules\npm\node_modules\@npmcli\run-script\lib\node-gyp-bin;D:\Join-zeroda-master\JoinZeroda\node_modules\.bin;D:\Join-zeroda-master\node_modules\.bin;D:\node_modules\.bin;C:\Program Files\nodejs;C:\Users\RAHULR~1\AppData\Local\Temp\yarn--1685810649417-0.18240431727045325;D:\Join-zeroda-master\joinzeroda\node_modules\.bin;C:\Users\Rahul rohilla\AppData\Local\Yarn\Data\link\node_modules\.bin;C:\Users\Rahul rohilla\AppData\Local\Yarn\bin;C:\Program Files\libexec\lib\node_modules\npm\bin\node-gyp-bin;C:\Program Files\lib\node_modules\npm\bin\node-gyp-bin;C:\Program Files\nodejs\node_modules\npm\bin\node-gyp-bin;C:\Program Files\Common Files\Oracle\Java\javapath;C:\WINDOWS\system32;C:\WINDOWS;C:\WINDOWS\System32\Wbem;C:\WINDOWS\System32\WindowsPowerShell\v1.0\;C:\WINDOWS\System32\OpenSSH\;C:\Program Files\nodejs\;C:\Program Files\Java\jdk-11\bin;C:\Users\Rahul rohilla\AppData\Local\Android\Sdk\platform-tools;C:\Program Files\Git\cmd;C:\Users\Rahul rohilla\AppData\Local\Microsoft\WindowsApps;C:\Users\Rahul rohilla\AppData\Roaming\npm;C:\Users\Rahul rohilla\AppData\Local\Programs\Microsoft VS Code\bin
USERNAME=Rahul rohilla
OS=Windows_NT
PROCESSOR_IDENTIFIER=AMD64 Family 23 Model 96 Stepping 1, AuthenticAMD



---------------  S Y S T E M  ---------------

OS: Windows 11 , 64 bit Build 22621 (10.0.22621.1776)

CPU:total 6 (initial active 6) (6 cores per cpu, 1 threads per core) family 23 model 96 stepping 1 microcode 0x0, cmov, cx8, fxsr, mmx, sse, sse2, sse3, ssse3, sse4.1, sse4.2, popcnt, avx, avx2, aes, clmul, mmxext, 3dnowpref, lzcnt, sse4a, tsc, tscinvbit, tscinv, bmi1, bmi2, adx, sha, 

Memory: 4k page, system-wide physical 7579M (62M free)
TotalPageFile size 23062M (AvailPageFile size 5M)
current process WorkingSet (physical memory assigned to process): 317M, peak: 339M
current process commit charge ("private bytes"): 541M, peak: 543M

vm_info: Java HotSpot(TM) 64-Bit Server VM (11.0.18+9-LTS-195) for windows-amd64 JRE (11.0.18+9-LTS-195), built on Dec  6 2022 15:50:58 by "mach5one" with MS VC++ 17.1 (VS2022)

END.
