#
# There is insufficient memory for the Java Runtime Environment to continue.
# Native memory allocation (malloc) failed to allocate 947056 bytes for Chunk::new
# Possible reasons:
#   The system is out of physical RAM or swap space
#   The process is running with CompressedOops enabled, and the Java Heap may be blocking the growth of the native heap
# Possible solutions:
#   Reduce memory load on the system
#   Increase physical memory or swap space
#   Check if swap backing store is full
#   Decrease Java heap size (-Xmx/-Xms)
#   Decrease number of Java threads
#   Decrease Java thread stack sizes (-Xss)
#   Set larger code cache with -XX:ReservedCodeCacheSize=
#   JVM is running with Unscaled Compressed Oops mode in which the Java heap is
#     placed in the first 4GB address space. The Java Heap base address is the
#     maximum limit for the native heap growth. Please use -XX:HeapBaseMinAddress
#     to set the Java Heap base and to place the Java Heap above 4GB virtual address.
# This output file may be truncated or incomplete.
#
#  Out of Memory Error (./open/src/hotspot/share/memory/arena.cpp:197), pid=17516, tid=8916
#
# JRE version: Java(TM) SE Runtime Environment 18.9 (11.0.18+9) (build 11.0.18+9-LTS-195)
# Java VM: Java HotSpot(TM) 64-Bit Server VM 18.9 (11.0.18+9-LTS-195, mixed mode, tiered, compressed oops, g1 gc, windows-amd64)
# No core dump will be written. Minidumps are not enabled by default on client versions of Windows
#

---------------  S U M M A R Y ------------

Command Line: -XX:MaxMetaspaceSize=512m --add-opens=java.base/java.util=ALL-UNNAMED --add-opens=java.base/java.lang=ALL-UNNAMED --add-opens=java.base/java.lang.invoke=ALL-UNNAMED --add-opens=java.base/java.util=ALL-UNNAMED --add-opens=java.prefs/java.util.prefs=ALL-UNNAMED --add-opens=java.prefs/java.util.prefs=ALL-UNNAMED --add-opens=java.base/java.nio.charset=ALL-UNNAMED --add-opens=java.base/java.net=ALL-UNNAMED --add-opens=java.base/java.util.concurrent.atomic=ALL-UNNAMED -Xmx2048m -Dfile.encoding=windows-1252 -Duser.country=US -Duser.language=en -Duser.variant org.gradle.launcher.daemon.bootstrap.GradleDaemon 7.5.1

Host: AMD Ryzen 5 4500U with Radeon Graphics         , 6 cores, 7G,  Windows 11 , 64 bit Build 22621 (10.0.22621.1776)
Time: Sat Jun  3 22:20:12 2023 India Standard Time elapsed time: 108.543480 seconds (0d 0h 1m 48s)

---------------  T H R E A D  ---------------

Current thread (0x0000029541531000):  JavaThread "C2 CompilerThread0" daemon [_thread_in_native, id=8916, stack(0x000000ce6d200000,0x000000ce6d300000)]


Current CompileTask:
C2: 108543 12098   !   4       java.net.URLClassLoader$1::run (81 bytes)

Stack: [0x000000ce6d200000,0x000000ce6d300000]
Native frames: (J=compiled Java code, j=interpreted, Vv=VM code, C=native code)
V  [jvm.dll+0x65d8aa]
V  [jvm.dll+0x79fc1f]
V  [jvm.dll+0x7a12e9]
V  [jvm.dll+0x7a1983]
V  [jvm.dll+0x2585b5]
V  [jvm.dll+0xb284c]
V  [jvm.dll+0xb2e0c]
V  [jvm.dll+0x2c9c42]
V  [jvm.dll+0x56d7dc]
V  [jvm.dll+0x21a251]
V  [jvm.dll+0x213a35]
V  [jvm.dll+0x210264]
V  [jvm.dll+0x18c641]
V  [jvm.dll+0x220609]
V  [jvm.dll+0x21e92c]
V  [jvm.dll+0x763f61]
V  [jvm.dll+0x75c924]
V  [jvm.dll+0x65c755]
C  [ucrtbase.dll+0x29363]
C  [KERNEL32.DLL+0x126ad]
C  [ntdll.dll+0x5a9f8]


---------------  P R O C E S S  ---------------

Threads class SMR info:
_java_thread_list=0x00000295481b0f10, length=112, elements={
0x0000029523925800, 0x000002954150d800, 0x000002954150f800, 0x0000029541529000,
0x000002954152d000, 0x0000029541530000, 0x0000029541531000, 0x0000029541534000,
0x0000029541537800, 0x0000029541fea800, 0x0000029543557000, 0x00000295434ac000,
0x00000295421e3800, 0x00000295434a7000, 0x0000029542185800, 0x0000029542c94000,
0x0000029543cea000, 0x0000029543ceb800, 0x0000029543cec800, 0x00000295438e2800,
0x00000295438e1800, 0x00000295438e1000, 0x00000295438e3800, 0x00000295438e4000,
0x00000295438df800, 0x00000295438e5000, 0x00000295438e6000, 0x00000295438e0000,
0x0000029543cf1000, 0x0000029543cf2800, 0x0000029543cf3800, 0x0000029543cf0000,
0x0000029543cee000, 0x0000029543cf4800, 0x0000029543cef800, 0x0000029543cf5000,
0x0000029543cf7000, 0x0000029543cf7800, 0x0000029543cfb000, 0x0000029543cf8800,
0x0000029543cfb800, 0x0000029543cfa000, 0x0000029543cf9000, 0x0000029543cf6000,
0x0000029543cfc800, 0x0000029543f9a800, 0x0000029543f9e000, 0x0000029543f9b800,
0x0000029543f98000, 0x0000029543f9c000, 0x0000029543f9d000, 0x0000029543f9e800,
0x0000029543f99800, 0x0000029543f99000, 0x0000029543fa3800, 0x0000029543fa2800,
0x0000029543fa2000, 0x0000029543fa0000, 0x0000029543fa4800, 0x0000029543fa1000,
0x0000029543fa5000, 0x0000029543f9f800, 0x0000029543fa6000, 0x0000029543fa6800,
0x0000029543fbe000, 0x0000029543fbe800, 0x0000029543fbf800, 0x0000029543fbc000,
0x0000029543fc2000, 0x0000029543fc0800, 0x0000029543fc1000, 0x0000029543fc3000,
0x0000029543fbd000, 0x0000029543fc6000, 0x0000029543fc3800, 0x0000029543fc8800,
0x0000029543fc7800, 0x0000029543fc5000, 0x0000029543fc9800, 0x0000029543fca000,
0x0000029543fc4800, 0x0000029543fcb000, 0x0000029546aba000, 0x0000029546ab5000,
0x0000029546ab9000, 0x0000029546ab5800, 0x0000029546ab4000, 0x0000029546ab8000,
0x0000029546aba800, 0x0000029546abb800, 0x0000029546ab6800, 0x0000029546abc000,
0x0000029546abd000, 0x0000029546ab7800, 0x0000029546ac2800, 0x0000029546abf800,
0x0000029546abe000, 0x0000029546abe800, 0x0000029546ac0800, 0x0000029546ac1000,
0x0000029546ac2000, 0x00000295484de800, 0x00000295484df800, 0x00000295484dd800,
0x00000295484e3800, 0x00000295484e6000, 0x00000295484e0000, 0x00000295484e5000,
0x00000295484e1000, 0x00000295484e2800, 0x00000295484e2000, 0x00000295484ea000
}

Java Threads: ( => current thread )
  0x0000029523925800 JavaThread "main" [_thread_blocked, id=5272, stack(0x000000ce6c600000,0x000000ce6c700000)]
  0x000002954150d800 JavaThread "Reference Handler" daemon [_thread_blocked, id=18584, stack(0x000000ce6cd00000,0x000000ce6ce00000)]
  0x000002954150f800 JavaThread "Finalizer" daemon [_thread_blocked, id=16044, stack(0x000000ce6ce00000,0x000000ce6cf00000)]
  0x0000029541529000 JavaThread "Signal Dispatcher" daemon [_thread_blocked, id=18956, stack(0x000000ce6cf00000,0x000000ce6d000000)]
  0x000002954152d000 JavaThread "Attach Listener" daemon [_thread_blocked, id=6556, stack(0x000000ce6d000000,0x000000ce6d100000)]
  0x0000029541530000 JavaThread "Service Thread" daemon [_thread_blocked, id=15284, stack(0x000000ce6d100000,0x000000ce6d200000)]
=>0x0000029541531000 JavaThread "C2 CompilerThread0" daemon [_thread_in_native, id=8916, stack(0x000000ce6d200000,0x000000ce6d300000)]
  0x0000029541534000 JavaThread "C1 CompilerThread0" daemon [_thread_blocked, id=13996, stack(0x000000ce6d300000,0x000000ce6d400000)]
  0x0000029541537800 JavaThread "Sweeper thread" daemon [_thread_blocked, id=9764, stack(0x000000ce6d400000,0x000000ce6d500000)]
  0x0000029541fea800 JavaThread "Common-Cleaner" daemon [_thread_blocked, id=17900, stack(0x000000ce6d500000,0x000000ce6d600000)]
  0x0000029543557000 JavaThread "Daemon health stats" [_thread_blocked, id=20868, stack(0x000000ce6d800000,0x000000ce6d900000)]
  0x00000295434ac000 JavaThread "Incoming local TCP Connector on port 55741" [_thread_in_native, id=16104, stack(0x000000ce6d900000,0x000000ce6da00000)]
  0x00000295421e3800 JavaThread "Daemon periodic checks" [_thread_in_native, id=18200, stack(0x000000ce6da00000,0x000000ce6db00000)]
  0x00000295434a7000 JavaThread "Daemon" [_thread_blocked, id=12348, stack(0x000000ce6db00000,0x000000ce6dc00000)]
  0x0000029542185800 JavaThread "Handler for socket connection from /127.0.0.1:55741 to /127.0.0.1:55743" [_thread_in_native, id=15340, stack(0x000000ce6dc00000,0x000000ce6dd00000)]
  0x0000029542c94000 JavaThread "Cancel handler" [_thread_blocked, id=12736, stack(0x000000ce6dd00000,0x000000ce6de00000)]
  0x0000029543cea000 JavaThread "Daemon worker" [_thread_in_native, id=17804, stack(0x000000ce6de00000,0x000000ce6df00000)]
  0x0000029543ceb800 JavaThread "Asynchronous log dispatcher for DefaultDaemonConnection: socket connection from /127.0.0.1:55741 to /127.0.0.1:55743" [_thread_blocked, id=6472, stack(0x000000ce6df00000,0x000000ce6e000000)]
  0x0000029543cec800 JavaThread "Stdin handler" [_thread_blocked, id=21956, stack(0x000000ce6e000000,0x000000ce6e100000)]
  0x00000295438e2800 JavaThread "Daemon client event forwarder" [_thread_blocked, id=11244, stack(0x000000ce6e100000,0x000000ce6e200000)]
  0x00000295438e1800 JavaThread "Cache worker for journal cache (C:\Users\Rahul rohilla\.gradle\caches\journal-1)" [_thread_blocked, id=13796, stack(0x000000ce6e700000,0x000000ce6e800000)]
  0x00000295438e1000 JavaThread "File lock request listener" [_thread_in_native, id=1116, stack(0x000000ce6e800000,0x000000ce6e900000)]
  0x00000295438e3800 JavaThread "File lock release action executor" [_thread_blocked, id=2988, stack(0x000000ce6e900000,0x000000ce6ea00000)]
  0x00000295438e4000 JavaThread "Cache worker for file hash cache (C:\Users\Rahul rohilla\.gradle\caches\7.5.1\fileHashes)" [_thread_blocked, id=4864, stack(0x000000ce6ea00000,0x000000ce6eb00000)]
  0x00000295438df800 JavaThread "File watcher server" daemon [_thread_in_native, id=19552, stack(0x000000ce6ec00000,0x000000ce6ed00000)]
  0x00000295438e5000 JavaThread "File watcher consumer" daemon [_thread_blocked, id=15960, stack(0x000000ce6ed00000,0x000000ce6ee00000)]
  0x00000295438e6000 JavaThread "Cache worker for checksums cache (D:\Join-zeroda-master\JoinZeroda\android\.gradle\7.5.1\checksums)" [_thread_blocked, id=12648, stack(0x000000ce6ee00000,0x000000ce6ef00000)]
  0x00000295438e0000 JavaThread "Cache worker for cache directory md-rule (C:\Users\Rahul rohilla\.gradle\caches\7.5.1\md-rule)" [_thread_blocked, id=8564, stack(0x000000ce6ef00000,0x000000ce6f000000)]
  0x0000029543cf1000 JavaThread "Cache worker for file content cache (C:\Users\Rahul rohilla\.gradle\caches\7.5.1\fileContent)" [_thread_blocked, id=9912, stack(0x000000ce6f000000,0x000000ce6f100000)]
  0x0000029543cf2800 JavaThread "Cache worker for file hash cache (D:\Join-zeroda-master\JoinZeroda\android\.gradle\7.5.1\fileHashes)" [_thread_blocked, id=9692, stack(0x000000ce6f100000,0x000000ce6f200000)]
  0x0000029543cf3800 JavaThread "Cache worker for cache directory md-supplier (C:\Users\Rahul rohilla\.gradle\caches\7.5.1\md-supplier)" [_thread_blocked, id=17924, stack(0x000000ce6f200000,0x000000ce6f300000)]
  0x0000029543cf0000 JavaThread "Cache worker for execution history cache (C:\Users\Rahul rohilla\.gradle\caches\7.5.1\executionHistory)" [_thread_blocked, id=19840, stack(0x000000ce6f300000,0x000000ce6f400000)]
  0x0000029543cee000 JavaThread "jar transforms" [_thread_blocked, id=17992, stack(0x000000ce6f400000,0x000000ce6f500000)]
  0x0000029543cf4800 JavaThread "jar transforms Thread 2" [_thread_blocked, id=24468, stack(0x000000ce6f500000,0x000000ce6f600000)]
  0x0000029543cef800 JavaThread "jar transforms Thread 3" [_thread_blocked, id=19896, stack(0x000000ce6f600000,0x000000ce6f700000)]
  0x0000029543cf5000 JavaThread "jar transforms Thread 4" [_thread_blocked, id=10324, stack(0x000000ce6f700000,0x000000ce6f800000)]
  0x0000029543cf7000 JavaThread "Cache worker for kotlin-dsl (C:\Users\Rahul rohilla\.gradle\caches\7.5.1\kotlin-dsl)" [_thread_blocked, id=18152, stack(0x000000ce6f800000,0x000000ce6f900000)]
  0x0000029543cf7800 JavaThread "jar transforms Thread 5" [_thread_blocked, id=4432, stack(0x000000ce6f900000,0x000000ce6fa00000)]
  0x0000029543cfb000 JavaThread "File lock release action executor Thread 2" [_thread_blocked, id=20008, stack(0x000000ce6fa00000,0x000000ce6fb00000)]
  0x0000029543cf8800 JavaThread "jar transforms Thread 6" [_thread_blocked, id=5744, stack(0x000000ce6fd00000,0x000000ce6fe00000)]
  0x0000029543cfb800 JavaThread "Cache worker for dependencies-accessors (D:\Join-zeroda-master\JoinZeroda\android\.gradle\7.5.1\dependencies-accessors)" [_thread_blocked, id=10252, stack(0x000000ce6fe00000,0x000000ce6ff00000)]
  0x0000029543cfa000 JavaThread "Cache worker for Build Output Cleanup Cache (D:\Join-zeroda-master\JoinZeroda\node_modules\react-native-gradle-plugin\.gradle\buildOutputCleanup)" [_thread_blocked, id=6076, stack(0x000000ce6ff00000,0x000000ce70000000)]
  0x0000029543cf9000 JavaThread "Unconstrained build operations" [_thread_blocked, id=18060, stack(0x000000ce70000000,0x000000ce70100000)]
  0x0000029543cf6000 JavaThread "Unconstrained build operations Thread 2" [_thread_blocked, id=18908, stack(0x000000ce70100000,0x000000ce70200000)]
  0x0000029543cfc800 JavaThread "Unconstrained build operations Thread 3" [_thread_blocked, id=19096, stack(0x000000ce70200000,0x000000ce70300000)]
  0x0000029543f9a800 JavaThread "Unconstrained build operations Thread 4" [_thread_blocked, id=10156, stack(0x000000ce70300000,0x000000ce70400000)]
  0x0000029543f9e000 JavaThread "Unconstrained build operations Thread 5" [_thread_blocked, id=20936, stack(0x000000ce70400000,0x000000ce70500000)]
  0x0000029543f9b800 JavaThread "Unconstrained build operations Thread 6" [_thread_blocked, id=17968, stack(0x000000ce70500000,0x000000ce70600000)]
  0x0000029543f98000 JavaThread "Unconstrained build operations Thread 7" [_thread_blocked, id=17212, stack(0x000000ce70600000,0x000000ce70700000)]
  0x0000029543f9c000 JavaThread "Unconstrained build operations Thread 8" [_thread_blocked, id=18948, stack(0x000000ce70700000,0x000000ce70800000)]
  0x0000029543f9d000 JavaThread "Unconstrained build operations Thread 9" [_thread_blocked, id=20104, stack(0x000000ce70800000,0x000000ce70900000)]
  0x0000029543f9e800 JavaThread "Unconstrained build operations Thread 10" [_thread_blocked, id=21528, stack(0x000000ce70900000,0x000000ce70a00000)]
  0x0000029543f99800 JavaThread "Unconstrained build operations Thread 11" [_thread_blocked, id=3820, stack(0x000000ce70a00000,0x000000ce70b00000)]
  0x0000029543f99000 JavaThread "Unconstrained build operations Thread 12" [_thread_blocked, id=17756, stack(0x000000ce70b00000,0x000000ce70c00000)]
  0x0000029543fa3800 JavaThread "Unconstrained build operations Thread 13" [_thread_blocked, id=19036, stack(0x000000ce70c00000,0x000000ce70d00000)]
  0x0000029543fa2800 JavaThread "Unconstrained build operations Thread 14" [_thread_blocked, id=2412, stack(0x000000ce70d00000,0x000000ce70e00000)]
  0x0000029543fa2000 JavaThread "Unconstrained build operations Thread 15" [_thread_blocked, id=19392, stack(0x000000ce70e00000,0x000000ce70f00000)]
  0x0000029543fa0000 JavaThread "Unconstrained build operations Thread 16" [_thread_blocked, id=11820, stack(0x000000ce70f00000,0x000000ce71000000)]
  0x0000029543fa4800 JavaThread "Unconstrained build operations Thread 17" [_thread_blocked, id=9264, stack(0x000000ce71000000,0x000000ce71100000)]
  0x0000029543fa1000 JavaThread "Unconstrained build operations Thread 18" [_thread_blocked, id=19320, stack(0x000000ce71100000,0x000000ce71200000)]
  0x0000029543fa5000 JavaThread "Unconstrained build operations Thread 19" [_thread_blocked, id=12944, stack(0x000000ce71200000,0x000000ce71300000)]
  0x0000029543f9f800 JavaThread "Unconstrained build operations Thread 20" [_thread_blocked, id=21372, stack(0x000000ce71300000,0x000000ce71400000)]
  0x0000029543fa6000 JavaThread "Unconstrained build operations Thread 21" [_thread_blocked, id=17436, stack(0x000000ce71400000,0x000000ce71500000)]
  0x0000029543fa6800 JavaThread "Unconstrained build operations Thread 22" [_thread_blocked, id=8940, stack(0x000000ce71500000,0x000000ce71600000)]
  0x0000029543fbe000 JavaThread "Unconstrained build operations Thread 23" [_thread_blocked, id=19284, stack(0x000000ce71600000,0x000000ce71700000)]
  0x0000029543fbe800 JavaThread "Unconstrained build operations Thread 24" [_thread_blocked, id=19140, stack(0x000000ce71700000,0x000000ce71800000)]
  0x0000029543fbf800 JavaThread "Unconstrained build operations Thread 25" [_thread_blocked, id=19408, stack(0x000000ce71800000,0x000000ce71900000)]
  0x0000029543fbc000 JavaThread "Unconstrained build operations Thread 26" [_thread_blocked, id=20792, stack(0x000000ce71900000,0x000000ce71a00000)]
  0x0000029543fc2000 JavaThread "Unconstrained build operations Thread 27" [_thread_blocked, id=23556, stack(0x000000ce71a00000,0x000000ce71b00000)]
  0x0000029543fc0800 JavaThread "Unconstrained build operations Thread 28" [_thread_blocked, id=16208, stack(0x000000ce71b00000,0x000000ce71c00000)]
  0x0000029543fc1000 JavaThread "Unconstrained build operations Thread 29" [_thread_blocked, id=696, stack(0x000000ce71c00000,0x000000ce71d00000)]
  0x0000029543fc3000 JavaThread "Unconstrained build operations Thread 30" [_thread_blocked, id=17760, stack(0x000000ce71d00000,0x000000ce71e00000)]
  0x0000029543fbd000 JavaThread "Unconstrained build operations Thread 31" [_thread_blocked, id=13268, stack(0x000000ce71e00000,0x000000ce71f00000)]
  0x0000029543fc6000 JavaThread "Unconstrained build operations Thread 32" [_thread_blocked, id=24208, stack(0x000000ce71f00000,0x000000ce72000000)]
  0x0000029543fc3800 JavaThread "Unconstrained build operations Thread 33" [_thread_blocked, id=8100, stack(0x000000ce72000000,0x000000ce72100000)]
  0x0000029543fc8800 JavaThread "build event listener" [_thread_blocked, id=20628, stack(0x000000ce72100000,0x000000ce72200000)]
  0x0000029543fc7800 JavaThread "Memory manager" [_thread_blocked, id=12652, stack(0x000000ce72200000,0x000000ce72300000)]
  0x0000029543fc5000 JavaThread "Cache worker for Build Output Cleanup Cache (D:\Join-zeroda-master\JoinZeroda\android\.gradle\buildOutputCleanup)" [_thread_blocked, id=13824, stack(0x000000ce72300000,0x000000ce72400000)]
  0x0000029543fc9800 JavaThread "included builds" [_thread_blocked, id=6516, stack(0x000000ce72400000,0x000000ce72500000)]
  0x0000029543fca000 JavaThread "Execution worker" [_thread_blocked, id=9012, stack(0x000000ce72500000,0x000000ce72600000)]
  0x0000029543fc4800 JavaThread "Execution worker Thread 2" [_thread_blocked, id=17184, stack(0x000000ce72600000,0x000000ce72700000)]
  0x0000029543fcb000 JavaThread "Execution worker Thread 3" [_thread_blocked, id=18228, stack(0x000000ce72700000,0x000000ce72800000)]
  0x0000029546aba000 JavaThread "Execution worker Thread 4" [_thread_blocked, id=9568, stack(0x000000ce72800000,0x000000ce72900000)]
  0x0000029546ab5000 JavaThread "Execution worker Thread 5" [_thread_blocked, id=20096, stack(0x000000ce72900000,0x000000ce72a00000)]
  0x0000029546ab9000 JavaThread "Cache worker for execution history cache (D:\Join-zeroda-master\JoinZeroda\node_modules\react-native-gradle-plugin\.gradle\7.5.1\executionHistory)" [_thread_blocked, id=21048, stack(0x000000ce72a00000,0x000000ce72b00000)]
  0x0000029546ab5800 JavaThread "Unconstrained build operations Thread 34" [_thread_blocked, id=20880, stack(0x000000ce72b00000,0x000000ce72c00000)]
  0x0000029546ab4000 JavaThread "Unconstrained build operations Thread 35" [_thread_blocked, id=18532, stack(0x000000ce72c00000,0x000000ce72d00000)]
  0x0000029546ab8000 JavaThread "Unconstrained build operations Thread 36" [_thread_blocked, id=22476, stack(0x000000ce72d00000,0x000000ce72e00000)]
  0x0000029546aba800 JavaThread "Unconstrained build operations Thread 37" [_thread_blocked, id=6552, stack(0x000000ce72e00000,0x000000ce72f00000)]
  0x0000029546abb800 JavaThread "Unconstrained build operations Thread 38" [_thread_blocked, id=3008, stack(0x000000ce72f00000,0x000000ce73000000)]
  0x0000029546ab6800 JavaThread "Unconstrained build operations Thread 39" [_thread_blocked, id=19152, stack(0x000000ce73000000,0x000000ce73100000)]
  0x0000029546abc000 JavaThread "Unconstrained build operations Thread 40" [_thread_blocked, id=532, stack(0x000000ce73100000,0x000000ce73200000)]
  0x0000029546abd000 JavaThread "Unconstrained build operations Thread 41" [_thread_blocked, id=16452, stack(0x000000ce73200000,0x000000ce73300000)]
  0x0000029546ab7800 JavaThread "Unconstrained build operations Thread 42" [_thread_blocked, id=14584, stack(0x000000ce73300000,0x000000ce73400000)]
  0x0000029546ac2800 JavaThread "Unconstrained build operations Thread 43" [_thread_blocked, id=8016, stack(0x000000ce73400000,0x000000ce73500000)]
  0x0000029546abf800 JavaThread "Unconstrained build operations Thread 44" [_thread_blocked, id=8876, stack(0x000000ce73500000,0x000000ce73600000)]
  0x0000029546abe000 JavaThread "Unconstrained build operations Thread 45" [_thread_blocked, id=11660, stack(0x000000ce73600000,0x000000ce73700000)]
  0x0000029546abe800 JavaThread "Unconstrained build operations Thread 46" [_thread_blocked, id=7080, stack(0x000000ce73700000,0x000000ce73800000)]
  0x0000029546ac0800 JavaThread "Unconstrained build operations Thread 47" [_thread_blocked, id=15536, stack(0x000000ce73800000,0x000000ce73900000)]
  0x0000029546ac1000 JavaThread "Unconstrained build operations Thread 48" [_thread_blocked, id=20304, stack(0x000000ce73900000,0x000000ce73a00000)]
  0x0000029546ac2000 JavaThread "Unconstrained build operations Thread 49" [_thread_blocked, id=18356, stack(0x000000ce73a00000,0x000000ce73b00000)]
  0x00000295484de800 JavaThread "Unconstrained build operations Thread 50" [_thread_blocked, id=22940, stack(0x000000ce73b00000,0x000000ce73c00000)]
  0x00000295484df800 JavaThread "Unconstrained build operations Thread 51" [_thread_blocked, id=20416, stack(0x000000ce73c00000,0x000000ce73d00000)]
  0x00000295484dd800 JavaThread "Unconstrained build operations Thread 52" [_thread_blocked, id=13308, stack(0x000000ce73d00000,0x000000ce73e00000)]
  0x00000295484e3800 JavaThread "Unconstrained build operations Thread 53" [_thread_blocked, id=24236, stack(0x000000ce73e00000,0x000000ce73f00000)]
  0x00000295484e6000 JavaThread "Unconstrained build operations Thread 54" [_thread_blocked, id=7108, stack(0x000000ce73f00000,0x000000ce74000000)]
  0x00000295484e0000 JavaThread "Unconstrained build operations Thread 55" [_thread_blocked, id=3440, stack(0x000000ce74000000,0x000000ce74100000)]
  0x00000295484e5000 JavaThread "Unconstrained build operations Thread 56" [_thread_blocked, id=7120, stack(0x000000ce74100000,0x000000ce74200000)]
  0x00000295484e1000 JavaThread "Unconstrained build operations Thread 57" [_thread_blocked, id=23008, stack(0x000000ce74200000,0x000000ce74300000)]
  0x00000295484e2800 JavaThread "Unconstrained build operations Thread 58" [_thread_blocked, id=12476, stack(0x000000ce74300000,0x000000ce74400000)]
  0x00000295484e2000 JavaThread "Unconstrained build operations Thread 59" [_thread_blocked, id=264, stack(0x000000ce74400000,0x000000ce74500000)]
  0x00000295484ea000 JavaThread "Unconstrained build operations Thread 60" [_thread_blocked, id=16800, stack(0x000000ce74500000,0x000000ce74600000)]

Other Threads:
  0x0000029541508800 VMThread "VM Thread" [stack: 0x000000ce6cc00000,0x000000ce6cd00000] [id=24380]
  0x0000029542021000 WatcherThread [stack: 0x000000ce6d600000,0x000000ce6d700000] [id=23108]
  0x000002952393b000 GCTaskThread "GC Thread#0" [stack: 0x000000ce6c700000,0x000000ce6c800000] [id=19412]
  0x0000029542a62800 GCTaskThread "GC Thread#1" [stack: 0x000000ce6d700000,0x000000ce6d800000] [id=10004]
  0x0000029542d77800 GCTaskThread "GC Thread#2" [stack: 0x000000ce6e200000,0x000000ce6e300000] [id=22700]
  0x0000029541f56800 GCTaskThread "GC Thread#3" [stack: 0x000000ce6e300000,0x000000ce6e400000] [id=23984]
  0x0000029541f57800 GCTaskThread "GC Thread#4" [stack: 0x000000ce6e400000,0x000000ce6e500000] [id=11252]
  0x0000029542382800 GCTaskThread "GC Thread#5" [stack: 0x000000ce6e500000,0x000000ce6e600000] [id=22828]
  0x000002952396c000 ConcurrentGCThread "G1 Main Marker" [stack: 0x000000ce6c800000,0x000000ce6c900000] [id=12052]
  0x0000029523970800 ConcurrentGCThread "G1 Conc#0" [stack: 0x000000ce6c900000,0x000000ce6ca00000] [id=23776]
  0x0000029542241800 ConcurrentGCThread "G1 Conc#1" [stack: 0x000000ce6eb00000,0x000000ce6ec00000] [id=23468]
  0x0000029541380800 ConcurrentGCThread "G1 Refine#0" [stack: 0x000000ce6ca00000,0x000000ce6cb00000] [id=23880]
  0x0000029542a74800 ConcurrentGCThread "G1 Refine#1" [stack: 0x000000ce6e600000,0x000000ce6e700000] [id=22808]
  0x00000295239ec000 ConcurrentGCThread "G1 Young RemSet Sampling" [stack: 0x000000ce6cb00000,0x000000ce6cc00000] [id=23952]

Threads with active compile tasks:
C2 CompilerThread0   108606 12098   !   4       java.net.URLClassLoader$1::run (81 bytes)

VM state:not at safepoint (normal execution)

VM Mutex/Monitor currently owned by a thread: None

Heap address: 0x0000000080000000, size: 2048 MB, Compressed Oops mode: 32-bit
Narrow klass base: 0x0000000000000000, Narrow klass shift: 3
Compressed class space size: 528482304 Address: 0x0000000100000000

Heap:
 garbage-first heap   total 151552K, used 137401K [0x0000000080000000, 0x0000000100000000)
  region size 1024K, 3 young (3072K), 1 survivors (1024K)
 Metaspace       used 97129K, capacity 100565K, committed 100736K, reserved 604160K
  class space    used 12964K, capacity 14343K, committed 14464K, reserved 516096K
Heap Regions: E=young(eden), S=young(survivor), O=old, HS=humongous(starts), HC=humongous(continues), CS=collection set, F=free, A=archive, TAMS=top-at-mark-start (previous, next)
|   0|0x0000000080000000, 0x0000000080100000, 0x0000000080100000|100%| O|  |TAMS 0x0000000080100000, 0x0000000080000000| Untracked 
|   1|0x0000000080100000, 0x0000000080200000, 0x0000000080200000|100%| O|  |TAMS 0x0000000080200000, 0x0000000080100000| Untracked 
|   2|0x0000000080200000, 0x0000000080300000, 0x0000000080300000|100%| O|  |TAMS 0x0000000080300000, 0x0000000080200000| Untracked 
|   3|0x0000000080300000, 0x0000000080400000, 0x0000000080400000|100%|HS|  |TAMS 0x0000000080400000, 0x0000000080300000| Complete 
|   4|0x0000000080400000, 0x0000000080500000, 0x0000000080500000|100%|HC|  |TAMS 0x0000000080500000, 0x0000000080400000| Complete 
|   5|0x0000000080500000, 0x0000000080600000, 0x0000000080600000|100%|HC|  |TAMS 0x0000000080600000, 0x0000000080500000| Complete 
|   6|0x0000000080600000, 0x0000000080700000, 0x0000000080700000|100%| O|  |TAMS 0x0000000080700000, 0x0000000080600000| Untracked 
|   7|0x0000000080700000, 0x0000000080800000, 0x0000000080800000|100%| O|  |TAMS 0x0000000080800000, 0x0000000080700000| Untracked 
|   8|0x0000000080800000, 0x0000000080900000, 0x0000000080900000|100%| O|  |TAMS 0x0000000080900000, 0x0000000080800000| Untracked 
|   9|0x0000000080900000, 0x0000000080a00000, 0x0000000080a00000|100%| O|  |TAMS 0x0000000080a00000, 0x0000000080900000| Untracked 
|  10|0x0000000080a00000, 0x0000000080b00000, 0x0000000080b00000|100%| O|  |TAMS 0x0000000080b00000, 0x0000000080a00000| Untracked 
|  11|0x0000000080b00000, 0x0000000080c00000, 0x0000000080c00000|100%| O|  |TAMS 0x0000000080c00000, 0x0000000080b00000| Untracked 
|  12|0x0000000080c00000, 0x0000000080d00000, 0x0000000080d00000|100%| O|  |TAMS 0x0000000080d00000, 0x0000000080c00000| Untracked 
|  13|0x0000000080d00000, 0x0000000080e00000, 0x0000000080e00000|100%| O|  |TAMS 0x0000000080e00000, 0x0000000080d00000| Untracked 
|  14|0x0000000080e00000, 0x0000000080f00000, 0x0000000080f00000|100%| O|  |TAMS 0x0000000080f00000, 0x0000000080e00000| Untracked 
|  15|0x0000000080f00000, 0x0000000081000000, 0x0000000081000000|100%| O|  |TAMS 0x0000000081000000, 0x0000000080f00000| Untracked 
|  16|0x0000000081000000, 0x0000000081100000, 0x0000000081100000|100%| O|  |TAMS 0x0000000081100000, 0x0000000081000000| Untracked 
|  17|0x0000000081100000, 0x0000000081200000, 0x0000000081200000|100%| O|  |TAMS 0x0000000081200000, 0x0000000081100000| Untracked 
|  18|0x0000000081200000, 0x0000000081300000, 0x0000000081300000|100%| O|  |TAMS 0x0000000081300000, 0x0000000081200000| Untracked 
|  19|0x0000000081300000, 0x0000000081400000, 0x0000000081400000|100%| O|  |TAMS 0x0000000081400000, 0x0000000081300000| Untracked 
|  20|0x0000000081400000, 0x0000000081500000, 0x0000000081500000|100%| O|  |TAMS 0x0000000081500000, 0x0000000081400000| Untracked 
|  21|0x0000000081500000, 0x0000000081600000, 0x0000000081600000|100%| O|  |TAMS 0x0000000081600000, 0x0000000081500000| Untracked 
|  22|0x0000000081600000, 0x0000000081700000, 0x0000000081700000|100%| O|  |TAMS 0x0000000081700000, 0x0000000081600000| Untracked 
|  23|0x0000000081700000, 0x0000000081800000, 0x0000000081800000|100%| O|  |TAMS 0x0000000081800000, 0x0000000081700000| Untracked 
|  24|0x0000000081800000, 0x0000000081900000, 0x0000000081900000|100%| O|  |TAMS 0x0000000081900000, 0x0000000081800000| Untracked 
|  25|0x0000000081900000, 0x0000000081a00000, 0x0000000081a00000|100%| O|  |TAMS 0x0000000081a00000, 0x0000000081900000| Untracked 
|  26|0x0000000081a00000, 0x0000000081b00000, 0x0000000081b00000|100%| O|  |TAMS 0x0000000081b00000, 0x0000000081a00000| Untracked 
|  27|0x0000000081b00000, 0x0000000081c00000, 0x0000000081c00000|100%|HS|  |TAMS 0x0000000081c00000, 0x0000000081b00000| Complete 
|  28|0x0000000081c00000, 0x0000000081d00000, 0x0000000081d00000|100%|HS|  |TAMS 0x0000000081d00000, 0x0000000081c00000| Complete 
|  29|0x0000000081d00000, 0x0000000081e00000, 0x0000000081e00000|100%|HC|  |TAMS 0x0000000081e00000, 0x0000000081d00000| Complete 
|  30|0x0000000081e00000, 0x0000000081f00000, 0x0000000081f00000|100%|HC|  |TAMS 0x0000000081f00000, 0x0000000081e00000| Complete 
|  31|0x0000000081f00000, 0x0000000082000000, 0x0000000082000000|100%| O|  |TAMS 0x0000000082000000, 0x0000000081f00000| Untracked 
|  32|0x0000000082000000, 0x0000000082100000, 0x0000000082100000|100%| O|  |TAMS 0x0000000082100000, 0x0000000082000000| Untracked 
|  33|0x0000000082100000, 0x0000000082200000, 0x0000000082200000|100%| O|  |TAMS 0x0000000082200000, 0x0000000082100000| Untracked 
|  34|0x0000000082200000, 0x0000000082300000, 0x0000000082300000|100%| O|  |TAMS 0x0000000082300000, 0x0000000082200000| Untracked 
|  35|0x0000000082300000, 0x0000000082400000, 0x0000000082400000|100%| O|  |TAMS 0x0000000082400000, 0x0000000082300000| Untracked 
|  36|0x0000000082400000, 0x0000000082500000, 0x0000000082500000|100%| O|  |TAMS 0x0000000082500000, 0x0000000082400000| Untracked 
|  37|0x0000000082500000, 0x0000000082600000, 0x0000000082600000|100%| O|  |TAMS 0x0000000082600000, 0x0000000082500000| Untracked 
|  38|0x0000000082600000, 0x0000000082700000, 0x0000000082700000|100%| O|  |TAMS 0x0000000082700000, 0x0000000082600000| Untracked 
|  39|0x0000000082700000, 0x0000000082800000, 0x0000000082800000|100%| O|  |TAMS 0x0000000082800000, 0x0000000082700000| Untracked 
|  40|0x0000000082800000, 0x0000000082900000, 0x0000000082900000|100%| O|  |TAMS 0x0000000082900000, 0x0000000082800000| Untracked 
|  41|0x0000000082900000, 0x0000000082a00000, 0x0000000082a00000|100%| O|  |TAMS 0x0000000082a00000, 0x0000000082900000| Untracked 
|  42|0x0000000082a00000, 0x0000000082b00000, 0x0000000082b00000|100%| O|  |TAMS 0x0000000082b00000, 0x0000000082a00000| Untracked 
|  43|0x0000000082b00000, 0x0000000082c00000, 0x0000000082c00000|100%| O|  |TAMS 0x0000000082c00000, 0x0000000082b00000| Untracked 
|  44|0x0000000082c00000, 0x0000000082d00000, 0x0000000082d00000|100%| O|  |TAMS 0x0000000082d00000, 0x0000000082c00000| Untracked 
|  45|0x0000000082d00000, 0x0000000082e00000, 0x0000000082e00000|100%| O|  |TAMS 0x0000000082e00000, 0x0000000082d00000| Untracked 
|  46|0x0000000082e00000, 0x0000000082f00000, 0x0000000082f00000|100%|HS|  |TAMS 0x0000000082f00000, 0x0000000082e00000| Complete 
|  47|0x0000000082f00000, 0x0000000083000000, 0x0000000083000000|100%|HS|  |TAMS 0x0000000083000000, 0x0000000082f00000| Complete 
|  48|0x0000000083000000, 0x0000000083100000, 0x0000000083100000|100%| O|  |TAMS 0x0000000083100000, 0x0000000083000000| Untracked 
|  49|0x0000000083100000, 0x0000000083200000, 0x0000000083200000|100%|HS|  |TAMS 0x0000000083200000, 0x0000000083100000| Complete 
|  50|0x0000000083200000, 0x0000000083300000, 0x0000000083300000|100%|HC|  |TAMS 0x0000000083300000, 0x0000000083200000| Complete 
|  51|0x0000000083300000, 0x0000000083400000, 0x0000000083400000|100%| O|  |TAMS 0x0000000083400000, 0x0000000083300000| Untracked 
|  52|0x0000000083400000, 0x0000000083500000, 0x0000000083500000|100%| O|  |TAMS 0x0000000083500000, 0x0000000083400000| Untracked 
|  53|0x0000000083500000, 0x0000000083600000, 0x0000000083600000|100%| O|  |TAMS 0x0000000083600000, 0x0000000083500000| Untracked 
|  54|0x0000000083600000, 0x0000000083700000, 0x0000000083700000|100%| O|  |TAMS 0x0000000083700000, 0x0000000083600000| Untracked 
|  55|0x0000000083700000, 0x0000000083800000, 0x0000000083800000|100%| O|  |TAMS 0x0000000083800000, 0x0000000083700000| Untracked 
|  56|0x0000000083800000, 0x0000000083900000, 0x0000000083900000|100%| O|  |TAMS 0x0000000083900000, 0x0000000083800000| Untracked 
|  57|0x0000000083900000, 0x0000000083a00000, 0x0000000083a00000|100%| O|  |TAMS 0x0000000083a00000, 0x0000000083900000| Untracked 
|  58|0x0000000083a00000, 0x0000000083b00000, 0x0000000083b00000|100%| O|  |TAMS 0x0000000083b00000, 0x0000000083a00000| Untracked 
|  59|0x0000000083b00000, 0x0000000083c00000, 0x0000000083c00000|100%| O|  |TAMS 0x0000000083c00000, 0x0000000083b00000| Untracked 
|  60|0x0000000083c00000, 0x0000000083d00000, 0x0000000083d00000|100%| O|  |TAMS 0x0000000083d00000, 0x0000000083c00000| Untracked 
|  61|0x0000000083d00000, 0x0000000083e00000, 0x0000000083e00000|100%| O|  |TAMS 0x0000000083e00000, 0x0000000083d00000| Untracked 
|  62|0x0000000083e00000, 0x0000000083f00000, 0x0000000083f00000|100%| O|  |TAMS 0x0000000083f00000, 0x0000000083e00000| Untracked 
|  63|0x0000000083f00000, 0x0000000084000000, 0x0000000084000000|100%| O|  |TAMS 0x0000000084000000, 0x0000000083f00000| Untracked 
|  64|0x0000000084000000, 0x0000000084100000, 0x0000000084100000|100%| O|  |TAMS 0x0000000084100000, 0x0000000084000000| Untracked 
|  65|0x0000000084100000, 0x0000000084200000, 0x0000000084200000|100%| O|  |TAMS 0x0000000084200000, 0x0000000084100000| Untracked 
|  66|0x0000000084200000, 0x0000000084300000, 0x0000000084300000|100%| O|  |TAMS 0x0000000084300000, 0x0000000084200000| Untracked 
|  67|0x0000000084300000, 0x0000000084400000, 0x0000000084400000|100%| O|  |TAMS 0x0000000084400000, 0x0000000084300000| Untracked 
|  68|0x0000000084400000, 0x0000000084500000, 0x0000000084500000|100%| O|  |TAMS 0x0000000084500000, 0x0000000084400000| Untracked 
|  69|0x0000000084500000, 0x0000000084600000, 0x0000000084600000|100%| O|  |TAMS 0x0000000084600000, 0x0000000084500000| Untracked 
|  70|0x0000000084600000, 0x0000000084700000, 0x0000000084700000|100%| O|  |TAMS 0x0000000084700000, 0x0000000084600000| Untracked 
|  71|0x0000000084700000, 0x0000000084800000, 0x0000000084800000|100%| O|  |TAMS 0x0000000084800000, 0x0000000084700000| Untracked 
|  72|0x0000000084800000, 0x0000000084900000, 0x0000000084900000|100%| O|  |TAMS 0x0000000084900000, 0x0000000084800000| Untracked 
|  73|0x0000000084900000, 0x0000000084a00000, 0x0000000084a00000|100%| O|  |TAMS 0x0000000084a00000, 0x0000000084900000| Untracked 
|  74|0x0000000084a00000, 0x0000000084b00000, 0x0000000084b00000|100%| O|  |TAMS 0x0000000084b00000, 0x0000000084a00000| Untracked 
|  75|0x0000000084b00000, 0x0000000084c00000, 0x0000000084c00000|100%| O|  |TAMS 0x0000000084c00000, 0x0000000084b00000| Untracked 
|  76|0x0000000084c00000, 0x0000000084d00000, 0x0000000084d00000|100%| O|  |TAMS 0x0000000084d00000, 0x0000000084c00000| Untracked 
|  77|0x0000000084d00000, 0x0000000084e00000, 0x0000000084e00000|100%| O|  |TAMS 0x0000000084e00000, 0x0000000084d00000| Untracked 
|  78|0x0000000084e00000, 0x0000000084f00000, 0x0000000084f00000|100%| O|  |TAMS 0x0000000084f00000, 0x0000000084e00000| Untracked 
|  79|0x0000000084f00000, 0x0000000085000000, 0x0000000085000000|100%| O|  |TAMS 0x0000000085000000, 0x0000000084f00000| Untracked 
|  80|0x0000000085000000, 0x0000000085100000, 0x0000000085100000|100%| O|  |TAMS 0x0000000085100000, 0x0000000085000000| Untracked 
|  81|0x0000000085100000, 0x0000000085200000, 0x0000000085200000|100%|HS|  |TAMS 0x0000000085200000, 0x0000000085100000| Complete 
|  82|0x0000000085200000, 0x0000000085300000, 0x0000000085300000|100%|HC|  |TAMS 0x0000000085300000, 0x0000000085200000| Complete 
|  83|0x0000000085300000, 0x0000000085400000, 0x0000000085400000|100%|HS|  |TAMS 0x0000000085400000, 0x0000000085300000| Complete 
|  84|0x0000000085400000, 0x0000000085500000, 0x0000000085500000|100%|HC|  |TAMS 0x0000000085500000, 0x0000000085400000| Complete 
|  85|0x0000000085500000, 0x0000000085600000, 0x0000000085600000|100%|HC|  |TAMS 0x0000000085600000, 0x0000000085500000| Complete 
|  86|0x0000000085600000, 0x0000000085700000, 0x0000000085700000|100%|HC|  |TAMS 0x0000000085700000, 0x0000000085600000| Complete 
|  87|0x0000000085700000, 0x0000000085800000, 0x0000000085800000|100%| O|  |TAMS 0x0000000085800000, 0x0000000085700000| Untracked 
|  88|0x0000000085800000, 0x0000000085900000, 0x0000000085900000|100%| O|  |TAMS 0x0000000085900000, 0x0000000085800000| Untracked 
|  89|0x0000000085900000, 0x0000000085a00000, 0x0000000085a00000|100%| O|  |TAMS 0x0000000085a00000, 0x0000000085900000| Untracked 
|  90|0x0000000085a00000, 0x0000000085b00000, 0x0000000085b00000|100%| O|  |TAMS 0x0000000085b00000, 0x0000000085a00000| Untracked 
|  91|0x0000000085b00000, 0x0000000085c00000, 0x0000000085c00000|100%| O|  |TAMS 0x0000000085c00000, 0x0000000085b00000| Untracked 
|  92|0x0000000085c00000, 0x0000000085d00000, 0x0000000085d00000|100%| O|  |TAMS 0x0000000085d00000, 0x0000000085c00000| Untracked 
|  93|0x0000000085d00000, 0x0000000085e00000, 0x0000000085e00000|100%|HS|  |TAMS 0x0000000085e00000, 0x0000000085d00000| Complete 
|  94|0x0000000085e00000, 0x0000000085f00000, 0x0000000085f00000|100%|HS|  |TAMS 0x0000000085f00000, 0x0000000085e00000| Complete 
|  95|0x0000000085f00000, 0x0000000086000000, 0x0000000086000000|100%| O|  |TAMS 0x0000000086000000, 0x0000000085f00000| Untracked 
|  96|0x0000000086000000, 0x0000000086100000, 0x0000000086100000|100%|HS|  |TAMS 0x0000000086100000, 0x0000000086000000| Complete 
|  97|0x0000000086100000, 0x0000000086200000, 0x0000000086200000|100%| O|  |TAMS 0x0000000086200000, 0x0000000086100000| Untracked 
|  98|0x0000000086200000, 0x0000000086300000, 0x0000000086300000|100%| O|  |TAMS 0x0000000086300000, 0x0000000086200000| Untracked 
|  99|0x0000000086300000, 0x0000000086400000, 0x0000000086400000|100%|HS|  |TAMS 0x0000000086400000, 0x0000000086300000| Complete 
| 100|0x0000000086400000, 0x0000000086500000, 0x0000000086500000|100%|HC|  |TAMS 0x0000000086500000, 0x0000000086400000| Complete 
| 101|0x0000000086500000, 0x0000000086600000, 0x0000000086600000|100%|HC|  |TAMS 0x0000000086600000, 0x0000000086500000| Complete 
| 102|0x0000000086600000, 0x0000000086700000, 0x0000000086700000|100%| O|  |TAMS 0x0000000086700000, 0x0000000086600000| Untracked 
| 103|0x0000000086700000, 0x0000000086800000, 0x0000000086800000|100%| O|  |TAMS 0x0000000086800000, 0x0000000086700000| Untracked 
| 104|0x0000000086800000, 0x0000000086900000, 0x0000000086900000|100%| O|  |TAMS 0x0000000086900000, 0x0000000086800000| Untracked 
| 105|0x0000000086900000, 0x0000000086a00000, 0x0000000086a00000|100%| O|  |TAMS 0x0000000086a00000, 0x0000000086900000| Untracked 
| 106|0x0000000086a00000, 0x0000000086b00000, 0x0000000086b00000|100%| O|  |TAMS 0x0000000086b00000, 0x0000000086a00000| Untracked 
| 107|0x0000000086b00000, 0x0000000086c00000, 0x0000000086c00000|100%| O|  |TAMS 0x0000000086c00000, 0x0000000086b00000| Untracked 
| 108|0x0000000086c00000, 0x0000000086d00000, 0x0000000086d00000|100%| O|  |TAMS 0x0000000086d00000, 0x0000000086c00000| Untracked 
| 109|0x0000000086d00000, 0x0000000086e00000, 0x0000000086e00000|100%| O|  |TAMS 0x0000000086e00000, 0x0000000086d00000| Untracked 
| 110|0x0000000086e00000, 0x0000000086f00000, 0x0000000086f00000|100%| O|  |TAMS 0x0000000086f00000, 0x0000000086e00000| Untracked 
| 111|0x0000000086f00000, 0x0000000087000000, 0x0000000087000000|100%| O|  |TAMS 0x0000000087000000, 0x0000000086f00000| Untracked 
| 112|0x0000000087000000, 0x0000000087100000, 0x0000000087100000|100%| O|  |TAMS 0x0000000087100000, 0x0000000087000000| Untracked 
| 113|0x0000000087100000, 0x0000000087200000, 0x0000000087200000|100%| O|  |TAMS 0x0000000087200000, 0x0000000087100000| Untracked 
| 114|0x0000000087200000, 0x0000000087300000, 0x0000000087300000|100%|HS|  |TAMS 0x0000000087300000, 0x0000000087200000| Complete 
| 115|0x0000000087300000, 0x0000000087400000, 0x0000000087400000|100%| O|  |TAMS 0x0000000087400000, 0x0000000087300000| Untracked 
| 116|0x0000000087400000, 0x0000000087500000, 0x0000000087500000|100%| O|  |TAMS 0x0000000087500000, 0x0000000087400000| Untracked 
| 117|0x0000000087500000, 0x0000000087600000, 0x0000000087600000|100%|HS|  |TAMS 0x0000000087600000, 0x0000000087500000| Complete 
| 118|0x0000000087600000, 0x0000000087700000, 0x0000000087700000|100%|HS|  |TAMS 0x0000000087700000, 0x0000000087600000| Complete 
| 119|0x0000000087700000, 0x0000000087800000, 0x0000000087800000|100%|HC|  |TAMS 0x0000000087800000, 0x0000000087700000| Complete 
| 120|0x0000000087800000, 0x0000000087900000, 0x0000000087900000|100%|HC|  |TAMS 0x0000000087900000, 0x0000000087800000| Complete 
| 121|0x0000000087900000, 0x0000000087a00000, 0x0000000087a00000|100%| O|  |TAMS 0x0000000087a00000, 0x0000000087900000| Untracked 
| 122|0x0000000087a00000, 0x0000000087b00000, 0x0000000087b00000|100%| O|  |TAMS 0x0000000087b00000, 0x0000000087a00000| Untracked 
| 123|0x0000000087b00000, 0x0000000087c00000, 0x0000000087c00000|100%| O|  |TAMS 0x0000000087c00000, 0x0000000087b00000| Untracked 
| 124|0x0000000087c00000, 0x0000000087d00000, 0x0000000087d00000|100%| O|  |TAMS 0x0000000087d00000, 0x0000000087c00000| Untracked 
| 125|0x0000000087d00000, 0x0000000087e00000, 0x0000000087e00000|100%| O|  |TAMS 0x0000000087e00000, 0x0000000087d00000| Untracked 
| 126|0x0000000087e00000, 0x0000000087f00000, 0x0000000087f00000|100%| O|  |TAMS 0x0000000087ed2a00, 0x0000000087e00000| Untracked 
| 127|0x0000000087f00000, 0x0000000088000000, 0x0000000088000000|100%| O|  |TAMS 0x0000000088000000, 0x0000000087f00000| Untracked 
| 128|0x0000000088000000, 0x0000000088100000, 0x0000000088100000|100%| O|  |TAMS 0x0000000088100000, 0x0000000088000000| Untracked 
| 129|0x0000000088100000, 0x0000000088200000, 0x0000000088200000|100%| O|  |TAMS 0x0000000088200000, 0x0000000088100000| Untracked 
| 130|0x0000000088200000, 0x0000000088300000, 0x0000000088300000|100%| O|  |TAMS 0x0000000088300000, 0x0000000088200000| Untracked 
| 131|0x0000000088300000, 0x0000000088400000, 0x0000000088400000|100%| O|  |TAMS 0x0000000088400000, 0x0000000088300000| Untracked 
| 132|0x0000000088400000, 0x0000000088495000, 0x0000000088500000| 58%| O|  |TAMS 0x0000000088400000, 0x0000000088400000| Untracked 
| 133|0x0000000088500000, 0x0000000088500000, 0x0000000088600000|  0%| F|  |TAMS 0x0000000088500000, 0x0000000088500000| Untracked 
| 134|0x0000000088600000, 0x0000000088600000, 0x0000000088700000|  0%| F|  |TAMS 0x0000000088600000, 0x0000000088600000| Untracked 
| 135|0x0000000088700000, 0x0000000088700000, 0x0000000088800000|  0%| F|  |TAMS 0x0000000088700000, 0x0000000088700000| Untracked 
| 136|0x0000000088800000, 0x0000000088800000, 0x0000000088900000|  0%| F|  |TAMS 0x0000000088800000, 0x0000000088800000| Untracked 
| 137|0x0000000088900000, 0x0000000088900000, 0x0000000088a00000|  0%| F|  |TAMS 0x0000000088900000, 0x0000000088900000| Untracked 
| 138|0x0000000088a00000, 0x0000000088a00000, 0x0000000088b00000|  0%| F|  |TAMS 0x0000000088a00000, 0x0000000088a00000| Untracked 
| 139|0x0000000088b00000, 0x0000000088b00000, 0x0000000088c00000|  0%| F|  |TAMS 0x0000000088b00000, 0x0000000088b00000| Untracked 
| 140|0x0000000088c00000, 0x0000000088c00000, 0x0000000088d00000|  0%| F|  |TAMS 0x0000000088c00000, 0x0000000088c00000| Untracked 
| 141|0x0000000088d00000, 0x0000000088d99540, 0x0000000088e00000| 59%| S|CS|TAMS 0x0000000088d00000, 0x0000000088d00000| Complete 
| 142|0x0000000088e00000, 0x0000000088e00000, 0x0000000088f00000|  0%| F|  |TAMS 0x0000000088e00000, 0x0000000088e00000| Untracked 
| 143|0x0000000088f00000, 0x0000000088f00000, 0x0000000089000000|  0%| F|  |TAMS 0x0000000088f00000, 0x0000000088f00000| Untracked 
| 144|0x0000000089000000, 0x0000000089000000, 0x0000000089100000|  0%| F|  |TAMS 0x0000000089000000, 0x0000000089000000| Untracked 
| 145|0x0000000089100000, 0x0000000089100000, 0x0000000089200000|  0%| F|  |TAMS 0x0000000089100000, 0x0000000089100000| Untracked 
| 146|0x0000000089200000, 0x00000000892cfc40, 0x0000000089300000| 81%| E|  |TAMS 0x0000000089200000, 0x0000000089200000| Complete 
| 147|0x0000000089300000, 0x0000000089400000, 0x0000000089400000|100%| E|CS|TAMS 0x0000000089300000, 0x0000000089300000| Complete 

Card table byte_map: [0x000002953a500000,0x000002953a900000] _byte_map_base: 0x000002953a100000

Marking Bits (Prev, Next): (CMBitMap*) 0x0000029523963440, (CMBitMap*) 0x0000029523963408
 Prev Bits: [0x000002953cd00000, 0x000002953ed00000)
 Next Bits: [0x000002953ad00000, 0x000002953cd00000)

Polling page: 0x00000295218c0000

Metaspace:

Usage:
  Non-class:     84.20 MB capacity,    82.19 MB ( 98%) used,     1.73 MB (  2%) free+waste,   289.62 KB ( <1%) overhead. 
      Class:     14.01 MB capacity,    12.66 MB ( 90%) used,     1.21 MB (  9%) free+waste,   139.31 KB ( <1%) overhead. 
       Both:     98.21 MB capacity,    94.85 MB ( 97%) used,     2.94 MB (  3%) free+waste,   428.94 KB ( <1%) overhead. 

Virtual space:
  Non-class space:       86.00 MB reserved,      84.25 MB ( 98%) committed 
      Class space:      504.00 MB reserved,      14.12 MB (  3%) committed 
             Both:      590.00 MB reserved,      98.38 MB ( 17%) committed 

Chunk freelists:
   Non-Class:  6.25 KB
       Class:  3.12 KB
        Both:  9.38 KB

CodeHeap 'non-profiled nmethods': size=120064Kb used=7616Kb max_used=7616Kb free=112447Kb
 bounds [0x0000029532ab0000, 0x0000029533230000, 0x0000029539ff0000]
CodeHeap 'profiled nmethods': size=120000Kb used=27932Kb max_used=27932Kb free=92067Kb
 bounds [0x000002952b580000, 0x000002952d0d0000, 0x0000029532ab0000]
CodeHeap 'non-nmethods': size=5696Kb used=2308Kb max_used=2367Kb free=3387Kb
 bounds [0x000002952aff0000, 0x000002952b260000, 0x000002952b580000]
 total_blobs=13010 nmethods=12088 adapters=833
 compilation: enabled
              stopped_count=0, restarted_count=0
 full_count=0

Compilation events (10 events):
Event: 108.512 Thread 0x0000029541534000 nmethod 12102 0x000002952d0ba410 code [0x000002952d0ba6a0, 0x000002952d0bb2f8]
Event: 108.515 Thread 0x0000029541534000 12103       3       org.gradle.internal.instantiation.generator.AsmBackedClassGenerator$ClassBuilderImpl$$Lambda$243/0x00000001003bd440::emit (13 bytes)
Event: 108.515 Thread 0x0000029541534000 nmethod 12103 0x000002952d0bb710 code [0x000002952d0bb8c0, 0x000002952d0bbac8]
Event: 108.515 Thread 0x0000029541534000 12104       3       org.gradle.internal.instantiation.generator.AsmBackedClassGenerator$ClassBuilderImpl$12::<init> (80 bytes)
Event: 108.516 Thread 0x0000029541534000 nmethod 12104 0x000002952d0bbc10 code [0x000002952d0bbf20, 0x000002952d0bd2c8]
Event: 108.522 Thread 0x0000029541534000 12105       3       org.codehaus.groovy.runtime.MetaClassHelper::calculateParameterDistance (236 bytes)
Event: 108.523 Thread 0x0000029541534000 nmethod 12105 0x000002952d0bd990 code [0x000002952d0bdc60, 0x000002952d0bed58]
Event: 108.524 Thread 0x0000029541534000 12107       3       org.gradle.api.internal.DefaultPolymorphicDomainObjectContainer::registerFactory (10 bytes)
Event: 108.524 Thread 0x0000029541534000 nmethod 12107 0x000002952d0bf310 code [0x000002952d0bf4c0, 0x000002952d0bf608]
Event: 108.524 Thread 0x0000029541534000 12108       3       org.gradle.api.internal.DefaultPolymorphicNamedEntityInstantiator::registerFactory (97 bytes)

GC Heap History (10 events):
Event: 106.688 GC heap before
{Heap before GC invocations=97 (full 0):
 garbage-first heap   total 151552K, used 138604K [0x0000000080000000, 0x0000000100000000)
  region size 1024K, 7 young (7168K), 1 survivors (1024K)
 Metaspace       used 96242K, capacity 99567K, committed 99712K, reserved 602112K
  class space    used 12796K, capacity 14098K, committed 14208K, reserved 516096K
}
Event: 106.690 GC heap after
{Heap after GC invocations=98 (full 0):
 garbage-first heap   total 151552K, used 133870K [0x0000000080000000, 0x0000000100000000)
  region size 1024K, 1 young (1024K), 1 survivors (1024K)
 Metaspace       used 96242K, capacity 99567K, committed 99712K, reserved 602112K
  class space    used 12796K, capacity 14098K, committed 14208K, reserved 516096K
}
Event: 107.203 GC heap before
{Heap before GC invocations=98 (full 0):
 garbage-first heap   total 151552K, used 138990K [0x0000000080000000, 0x0000000100000000)
  region size 1024K, 7 young (7168K), 1 survivors (1024K)
 Metaspace       used 96492K, capacity 99881K, committed 99968K, reserved 602112K
  class space    used 12849K, capacity 14183K, committed 14208K, reserved 516096K
}
Event: 107.207 GC heap after
{Heap after GC invocations=99 (full 0):
 garbage-first heap   total 151552K, used 133885K [0x0000000080000000, 0x0000000100000000)
  region size 1024K, 1 young (1024K), 1 survivors (1024K)
 Metaspace       used 96492K, capacity 99881K, committed 99968K, reserved 602112K
  class space    used 12849K, capacity 14183K, committed 14208K, reserved 516096K
}
Event: 107.477 GC heap before
{Heap before GC invocations=99 (full 0):
 garbage-first heap   total 151552K, used 140029K [0x0000000080000000, 0x0000000100000000)
  region size 1024K, 7 young (7168K), 1 survivors (1024K)
 Metaspace       used 96667K, capacity 100094K, committed 100352K, reserved 602112K
  class space    used 12882K, capacity 14231K, committed 14336K, reserved 516096K
}
Event: 107.481 GC heap after
{Heap after GC invocations=100 (full 0):
 garbage-first heap   total 151552K, used 134398K [0x0000000080000000, 0x0000000100000000)
  region size 1024K, 1 young (1024K), 1 survivors (1024K)
 Metaspace       used 96667K, capacity 100094K, committed 100352K, reserved 602112K
  class space    used 12882K, capacity 14231K, committed 14336K, reserved 516096K
}
Event: 107.807 GC heap before
{Heap before GC invocations=101 (full 0):
 garbage-first heap   total 151552K, used 140542K [0x0000000080000000, 0x0000000100000000)
  region size 1024K, 7 young (7168K), 1 survivors (1024K)
 Metaspace       used 96778K, capacity 100203K, committed 100352K, reserved 602112K
  class space    used 12902K, capacity 14266K, committed 14336K, reserved 516096K
}
Event: 107.809 GC heap after
{Heap after GC invocations=102 (full 0):
 garbage-first heap   total 151552K, used 134966K [0x0000000080000000, 0x0000000100000000)
  region size 1024K, 1 young (1024K), 1 survivors (1024K)
 Metaspace       used 96778K, capacity 100203K, committed 100352K, reserved 602112K
  class space    used 12902K, capacity 14266K, committed 14336K, reserved 516096K
}
Event: 108.178 GC heap before
{Heap before GC invocations=102 (full 0):
 garbage-first heap   total 151552K, used 141110K [0x0000000080000000, 0x0000000100000000)
  region size 1024K, 7 young (7168K), 1 survivors (1024K)
 Metaspace       used 96931K, capacity 100394K, committed 100608K, reserved 604160K
  class space    used 12930K, capacity 14307K, committed 14336K, reserved 516096K
}
Event: 108.181 GC heap after
{Heap after GC invocations=103 (full 0):
 garbage-first heap   total 151552K, used 135805K [0x0000000080000000, 0x0000000100000000)
  region size 1024K, 1 young (1024K), 1 survivors (1024K)
 Metaspace       used 96931K, capacity 100394K, committed 100608K, reserved 604160K
  class space    used 12930K, capacity 14307K, committed 14336K, reserved 516096K
}

Deoptimization events (10 events):
Event: 107.331 Thread 0x0000029543cea000 Uncommon trap: reason=class_check action=maybe_recompile pc=0x00000295331fdaa0 method=jdk.internal.misc.Unsafe.allocateUninitializedArray(Ljava/lang/Class;I)Ljava/lang/Object; @ 48 c2
Event: 107.466 Thread 0x0000029543cea000 Uncommon trap: reason=null_check action=make_not_entrant pc=0x0000029532c9c1f0 method=jdk.internal.loader.URLClassPath$JarLoader.getResource(Ljava/lang/String;ZLjava/util/Set;)Ljdk/internal/loader/Resource; @ 92 c2
Event: 107.762 Thread 0x0000029543cea000 Uncommon trap: reason=profile_predicate action=maybe_recompile pc=0x00000295332096e8 method=groovy.lang.MetaClassImpl$MethodIndexAction.iterate()V @ 78 c2
Event: 107.762 Thread 0x0000029543cea000 Uncommon trap: reason=profile_predicate action=maybe_recompile pc=0x00000295332096e8 method=groovy.lang.MetaClassImpl$MethodIndexAction.iterate()V @ 78 c2
Event: 107.774 Thread 0x0000029543cea000 Uncommon trap: reason=profile_predicate action=maybe_recompile pc=0x00000295332096e8 method=groovy.lang.MetaClassImpl$MethodIndexAction.iterate()V @ 78 c2
Event: 107.774 Thread 0x0000029543cea000 Uncommon trap: reason=profile_predicate action=maybe_recompile pc=0x00000295332096e8 method=groovy.lang.MetaClassImpl$MethodIndexAction.iterate()V @ 78 c2
Event: 108.305 Thread 0x0000029543cea000 Uncommon trap: reason=class_check action=maybe_recompile pc=0x0000029533112534 method=org.gradle.internal.logging.sink.OutputEventTransformer.onOutput(Lorg/gradle/internal/logging/events/OutputEvent;)V @ 328 c2
Event: 108.305 Thread 0x0000029543cea000 Uncommon trap: reason=class_check action=maybe_recompile pc=0x000002953314e8b8 method=org.gradle.internal.operations.logging.LoggingBuildOperationProgressBroadcaster.onOutput(Lorg/gradle/internal/logging/events/OutputEvent;)V @ 8 c2
Event: 108.339 Thread 0x0000029543cea000 Uncommon trap: reason=class_check action=maybe_recompile pc=0x0000029533112534 method=org.gradle.internal.logging.sink.OutputEventTransformer.onOutput(Lorg/gradle/internal/logging/events/OutputEvent;)V @ 328 c2
Event: 108.339 Thread 0x0000029543cea000 Uncommon trap: reason=class_check action=maybe_recompile pc=0x000002953314e8b8 method=org.gradle.internal.operations.logging.LoggingBuildOperationProgressBroadcaster.onOutput(Lorg/gradle/internal/logging/events/OutputEvent;)V @ 8 c2

Classes redefined (0 events):
No events

Internal exceptions (10 events):
Event: 108.168 Thread 0x0000029543cea000 Exception <a 'java/lang/ClassNotFoundException'{0x0000000088e19fb8}: org/gradle/api/internal/ConventionTaskBeanInfo> (0x0000000088e19fb8) thrown at [./open/src/hotspot/share/classfile/systemDictionary.cpp, line 226]
Event: 108.169 Thread 0x0000029543cea000 Exception <a 'java/lang/ClassNotFoundException'{0x0000000088e52050}: org/gradle/api/internal/ConventionTaskCustomizer> (0x0000000088e52050) thrown at [./open/src/hotspot/share/classfile/systemDictionary.cpp, line 226]
Event: 108.173 Thread 0x0000029543cea000 Exception <a 'java/lang/ClassNotFoundException'{0x0000000088e96438}: org/gradle/api/tasks/DeleteCustomizer> (0x0000000088e96438) thrown at [./open/src/hotspot/share/classfile/systemDictionary.cpp, line 226]
Event: 108.175 Thread 0x0000029543cea000 Exception <a 'java/lang/ClassNotFoundException'{0x0000000088ee1ea0}: org/gradle/api/tasks/Delete_DecoratedCustomizer> (0x0000000088ee1ea0) thrown at [./open/src/hotspot/share/classfile/systemDictionary.cpp, line 226]
Event: 108.405 Thread 0x0000029543cea000 Exception <a 'java/lang/ClassNotFoundException'{0x00000000891278d0}: org/gradle/api/tasks/Copy_DecoratedBeanInfo> (0x00000000891278d0) thrown at [./open/src/hotspot/share/classfile/systemDictionary.cpp, line 226]
Event: 108.406 Thread 0x0000029543cea000 Exception <a 'java/lang/ClassNotFoundException'{0x0000000089159000}: org/gradle/api/tasks/CopyBeanInfo> (0x0000000089159000) thrown at [./open/src/hotspot/share/classfile/systemDictionary.cpp, line 226]
Event: 108.406 Thread 0x0000029543cea000 Exception <a 'java/lang/ClassNotFoundException'{0x00000000891906b8}: org/gradle/api/tasks/AbstractCopyTaskBeanInfo> (0x00000000891906b8) thrown at [./open/src/hotspot/share/classfile/systemDictionary.cpp, line 226]
Event: 108.407 Thread 0x0000029543cea000 Exception <a 'java/lang/ClassNotFoundException'{0x00000000891c8720}: org/gradle/api/tasks/AbstractCopyTaskCustomizer> (0x00000000891c8720) thrown at [./open/src/hotspot/share/classfile/systemDictionary.cpp, line 226]
Event: 108.475 Thread 0x0000029543cea000 Exception <a 'java/lang/ClassNotFoundException'{0x000000008906ae40}: org/gradle/api/tasks/CopyCustomizer> (0x000000008906ae40) thrown at [./open/src/hotspot/share/classfile/systemDictionary.cpp, line 226]
Event: 108.478 Thread 0x0000029543cea000 Exception <a 'java/lang/ClassNotFoundException'{0x00000000890b8cb8}: org/gradle/api/tasks/Copy_DecoratedCustomizer> (0x00000000890b8cb8) thrown at [./open/src/hotspot/share/classfile/systemDictionary.cpp, line 226]

Events (10 events):
Event: 108.484 loading class groovy/runtime/metaclass/build_a976kch6zsydztv0dugrgjwbw$_run_closure32MetaClass
Event: 108.484 loading class groovy/runtime/metaclass/build_a976kch6zsydztv0dugrgjwbw$_run_closure32MetaClass done
Event: 108.485 loading class org/gradle/api/internal/artifacts/repositories/DefaultMavenLocalArtifactRepository
Event: 108.485 loading class org/gradle/api/internal/artifacts/repositories/DefaultMavenLocalArtifactRepository done
Event: 108.513 loading class org/gradle/api/internal/artifacts/repositories/metadata/MavenLocalPomMetadataSource
Event: 108.513 loading class org/gradle/api/internal/artifacts/repositories/metadata/MavenLocalPomMetadataSource done
Event: 108.520 loading class groovy/runtime/metaclass/build_a976kch6zsydztv0dugrgjwbw$_run_closure32$_closure103MetaClass
Event: 108.520 loading class groovy/runtime/metaclass/build_a976kch6zsydztv0dugrgjwbw$_run_closure32$_closure103MetaClass done
Event: 108.522 loading class groovy/runtime/metaclass/build_a976kch6zsydztv0dugrgjwbw$_run_closure32$_closure104MetaClass
Event: 108.522 loading class groovy/runtime/metaclass/build_a976kch6zsydztv0dugrgjwbw$_run_closure32$_closure104MetaClass done


Dynamic libraries:
0x00007ff6dcde0000 - 0x00007ff6dcdf0000 	C:\Program Files\Java\jdk-11\bin\java.exe
0x00007ffc0c510000 - 0x00007ffc0c724000 	C:\WINDOWS\SYSTEM32\ntdll.dll
0x00007ffc0b780000 - 0x00007ffc0b842000 	C:\WINDOWS\System32\KERNEL32.DLL
0x00007ffc09940000 - 0x00007ffc09ce3000 	C:\WINDOWS\System32\KERNELBASE.dll
0x00007ffc0a150000 - 0x00007ffc0a261000 	C:\WINDOWS\System32\ucrtbase.dll
0x00007ffbd4f30000 - 0x00007ffbd4f48000 	C:\Program Files\Java\jdk-11\bin\jli.dll
0x00007ffc0bcb0000 - 0x00007ffc0bd5e000 	C:\WINDOWS\System32\ADVAPI32.dll
0x00007ffc0bb80000 - 0x00007ffc0bc27000 	C:\WINDOWS\System32\msvcrt.dll
0x00007ffc0a8a0000 - 0x00007ffc0a944000 	C:\WINDOWS\System32\sechost.dll
0x00007ffc0ac00000 - 0x00007ffc0ad17000 	C:\WINDOWS\System32\RPCRT4.dll
0x00007ffc0b5d0000 - 0x00007ffc0b77b000 	C:\WINDOWS\System32\USER32.dll
0x00007ffc09910000 - 0x00007ffc09936000 	C:\WINDOWS\System32\win32u.dll
0x00007ffc0baa0000 - 0x00007ffc0bac9000 	C:\WINDOWS\System32\GDI32.dll
0x00007ffc0a030000 - 0x00007ffc0a149000 	C:\WINDOWS\System32\gdi32full.dll
0x00007ffc09d60000 - 0x00007ffc09dfa000 	C:\WINDOWS\System32\msvcp_win.dll
0x00007ffbd9710000 - 0x00007ffbd972b000 	C:\Program Files\Java\jdk-11\bin\VCRUNTIME140.dll
0x00007ffbf56b0000 - 0x00007ffbf593e000 	C:\WINDOWS\WinSxS\amd64_microsoft.windows.common-controls_6595b64144ccf1df_6.0.22621.1635_none_270f70857386168e\COMCTL32.dll
0x00007ffc01300000 - 0x00007ffc0130a000 	C:\WINDOWS\SYSTEM32\VERSION.dll
0x00007ffc0bae0000 - 0x00007ffc0bb11000 	C:\WINDOWS\System32\IMM32.DLL
0x00007ffbf7820000 - 0x00007ffbf782c000 	C:\Program Files\Java\jdk-11\bin\vcruntime140_1.dll
0x00007ffba2470000 - 0x00007ffba24fe000 	C:\Program Files\Java\jdk-11\bin\msvcp140.dll
0x00007ffb75440000 - 0x00007ffb75fa8000 	C:\Program Files\Java\jdk-11\bin\server\jvm.dll
0x00007ffc0bad0000 - 0x00007ffc0bad8000 	C:\WINDOWS\System32\PSAPI.DLL
0x00007ffbb7330000 - 0x00007ffbb7339000 	C:\WINDOWS\SYSTEM32\WSOCK32.dll
0x00007ffc0bc30000 - 0x00007ffc0bca1000 	C:\WINDOWS\System32\WS2_32.dll
0x00007ffc038b0000 - 0x00007ffc038e4000 	C:\WINDOWS\SYSTEM32\WINMM.dll
0x00007ffc08960000 - 0x00007ffc08978000 	C:\WINDOWS\SYSTEM32\kernel.appcore.dll
0x00007ffbef250000 - 0x00007ffbef260000 	C:\Program Files\Java\jdk-11\bin\verify.dll
0x00007ffc01e70000 - 0x00007ffc0209e000 	C:\WINDOWS\SYSTEM32\DBGHELP.DLL
0x00007ffc0a360000 - 0x00007ffc0a6e9000 	C:\WINDOWS\System32\combase.dll
0x00007ffc0bdc0000 - 0x00007ffc0be97000 	C:\WINDOWS\System32\OLEAUT32.dll
0x00007ffbf8c70000 - 0x00007ffbf8ca2000 	C:\WINDOWS\SYSTEM32\dbgcore.DLL
0x00007ffc0a270000 - 0x00007ffc0a2eb000 	C:\WINDOWS\System32\bcryptPrimitives.dll
0x00007ffbd4e80000 - 0x00007ffbd4ea8000 	C:\Program Files\Java\jdk-11\bin\java.dll
0x00007ffbe3840000 - 0x00007ffbe384a000 	C:\Program Files\Java\jdk-11\bin\jimage.dll
0x00007ffbd44c0000 - 0x00007ffbd44d7000 	C:\Program Files\Java\jdk-11\bin\zip.dll
0x00007ffc0adc0000 - 0x00007ffc0b5ba000 	C:\WINDOWS\System32\SHELL32.dll
0x00007ffc07910000 - 0x00007ffc081de000 	C:\WINDOWS\SYSTEM32\windows.storage.dll
0x00007ffc077d0000 - 0x00007ffc0790e000 	C:\WINDOWS\SYSTEM32\wintypes.dll
0x00007ffc0a950000 - 0x00007ffc0aa41000 	C:\WINDOWS\System32\SHCORE.dll
0x00007ffc0bb20000 - 0x00007ffc0bb7e000 	C:\WINDOWS\System32\shlwapi.dll
0x00007ffc09840000 - 0x00007ffc09861000 	C:\WINDOWS\SYSTEM32\profapi.dll
0x00007ffbd44a0000 - 0x00007ffbd44b9000 	C:\Program Files\Java\jdk-11\bin\net.dll
0x00007ffc032d0000 - 0x00007ffc03407000 	C:\WINDOWS\SYSTEM32\WINHTTP.dll
0x00007ffc08dd0000 - 0x00007ffc08e39000 	C:\WINDOWS\system32\mswsock.dll
0x00007ffbbdc80000 - 0x00007ffbbdc92000 	C:\Program Files\Java\jdk-11\bin\nio.dll
0x00007ffbbc780000 - 0x00007ffbbc7a7000 	C:\Users\Rahul rohilla\.gradle\native\e1d6ef7f7dcc3fd88c89a11ec53ec762bb8ba0a96d01ffa2cd45eb1d1d8dd5c5\windows-amd64\native-platform.dll
0x00007ffb98dc0000 - 0x00007ffb98f04000 	C:\Users\Rahul rohilla\.gradle\native\0d407fdbe67a94daf76414ababcb853783967236a71b16ec16e742cd7a986fd3\windows-amd64\native-platform-file-events.dll
0x00007ffbe2430000 - 0x00007ffbe2439000 	C:\Program Files\Java\jdk-11\bin\management.dll
0x00007ffbdfa50000 - 0x00007ffbdfa5b000 	C:\Program Files\Java\jdk-11\bin\management_ext.dll
0x00007ffc09030000 - 0x00007ffc0904b000 	C:\WINDOWS\SYSTEM32\CRYPTSP.dll
0x00007ffc088d0000 - 0x00007ffc08905000 	C:\WINDOWS\system32\rsaenh.dll
0x00007ffc08ed0000 - 0x00007ffc08ef8000 	C:\WINDOWS\SYSTEM32\USERENV.dll
0x00007ffc091d0000 - 0x00007ffc091f8000 	C:\WINDOWS\SYSTEM32\bcrypt.dll
0x00007ffc09050000 - 0x00007ffc0905c000 	C:\WINDOWS\SYSTEM32\CRYPTBASE.dll
0x00007ffc08480000 - 0x00007ffc084ad000 	C:\WINDOWS\SYSTEM32\IPHLPAPI.DLL
0x00007ffc0b5c0000 - 0x00007ffc0b5c9000 	C:\WINDOWS\System32\NSI.dll
0x00007ffc02a40000 - 0x00007ffc02a59000 	C:\WINDOWS\SYSTEM32\dhcpcsvc6.DLL
0x00007ffc021a0000 - 0x00007ffc021bf000 	C:\WINDOWS\SYSTEM32\dhcpcsvc.DLL
0x00007ffc084b0000 - 0x00007ffc085a3000 	C:\WINDOWS\SYSTEM32\DNSAPI.dll

dbghelp: loaded successfully - version: 4.0.5 - missing functions: none
symbol engine: initialized successfully - sym options: 0x614 - pdb path: .;C:\Program Files\Java\jdk-11\bin;C:\WINDOWS\SYSTEM32;C:\WINDOWS\WinSxS\amd64_microsoft.windows.common-controls_6595b64144ccf1df_6.0.22621.1635_none_270f70857386168e;C:\Program Files\Java\jdk-11\bin\server;C:\Users\Rahul rohilla\.gradle\native\e1d6ef7f7dcc3fd88c89a11ec53ec762bb8ba0a96d01ffa2cd45eb1d1d8dd5c5\windows-amd64;C:\Users\Rahul rohilla\.gradle\native\0d407fdbe67a94daf76414ababcb853783967236a71b16ec16e742cd7a986fd3\windows-amd64

VM Arguments:
jvm_args: -XX:MaxMetaspaceSize=512m --add-opens=java.base/java.util=ALL-UNNAMED --add-opens=java.base/java.lang=ALL-UNNAMED --add-opens=java.base/java.lang.invoke=ALL-UNNAMED --add-opens=java.base/java.util=ALL-UNNAMED --add-opens=java.prefs/java.util.prefs=ALL-UNNAMED --add-opens=java.prefs/java.util.prefs=ALL-UNNAMED --add-opens=java.base/java.nio.charset=ALL-UNNAMED --add-opens=java.base/java.net=ALL-UNNAMED --add-opens=java.base/java.util.concurrent.atomic=ALL-UNNAMED -Xmx2048m -Dfile.encoding=windows-1252 -Duser.country=US -Duser.language=en -Duser.variant 
java_command: org.gradle.launcher.daemon.bootstrap.GradleDaemon 7.5.1
java_class_path (initial): C:\Users\Rahul rohilla\.gradle\wrapper\dists\gradle-7.5.1-all\1ehga6e77gqps5uk2kc5kf1vc\gradle-7.5.1\lib\gradle-launcher-7.5.1.jar
Launcher Type: SUN_STANDARD

[Global flags]
     intx CICompilerCount                          = 3                                         {product} {ergonomic}
   size_t CompressedClassSpaceSize                 = 528482304                                 {product} {ergonomic}
     uint ConcGCThreads                            = 2                                         {product} {ergonomic}
     uint G1ConcRefinementThreads                  = 6                                         {product} {ergonomic}
   size_t G1HeapRegionSize                         = 1048576                                   {product} {ergonomic}
    uintx GCDrainStackTargetSize                   = 64                                        {product} {ergonomic}
   size_t InitialHeapSize                          = 125829120                                 {product} {ergonomic}
   size_t MarkStackSize                            = 4194304                                   {product} {ergonomic}
   size_t MaxHeapSize                              = 2147483648                                {product} {command line}
   size_t MaxMetaspaceSize                         = 536870912                                 {product} {command line}
   size_t MaxNewSize                               = 1287651328                                {product} {ergonomic}
   size_t MinHeapDeltaBytes                        = 1048576                                   {product} {ergonomic}
    uintx NonNMethodCodeHeapSize                   = 5830732                                {pd product} {ergonomic}
    uintx NonProfiledCodeHeapSize                  = 122913754                              {pd product} {ergonomic}
    uintx ProfiledCodeHeapSize                     = 122913754                              {pd product} {ergonomic}
    uintx ReservedCodeCacheSize                    = 251658240                              {pd product} {ergonomic}
     bool SegmentedCodeCache                       = true                                      {product} {ergonomic}
     bool UseCompressedClassPointers               = true                                 {lp64_product} {ergonomic}
     bool UseCompressedOops                        = true                                 {lp64_product} {ergonomic}
     bool UseG1GC                                  = true                                      {product} {ergonomic}
     bool UseLargePagesIndividualAllocation        = false                                  {pd product} {ergonomic}

Logging:
Log output configuration:
 #0: stdout all=warning uptime,level,tags
 #1: stderr all=off uptime,level,tags

Environment Variables:
JAVA_HOME=C:\Program Files\Java\jdk-11
CLASSPATH=D:\Join-zeroda-master\JoinZeroda\android\\gradle\wrapper\gradle-wrapper.jar
PATH=D:\Join-zeroda-master\JoinZeroda\android\node_modules\.bin;D:\Join-zeroda-master\JoinZeroda\node_modules\.bin;D:\Join-zeroda-master\node_modules\.bin;D:\node_modules\.bin;C:\Program Files\nodejs;D:\Join-zeroda-master\JoinZeroda\node_modules\.bin;D:\Join-zeroda-master\node_modules\.bin;D:\node_modules\.bin;C:\Program Files\nodejs\node_modules\npm\node_modules\@npmcli\run-script\lib\node-gyp-bin;D:\Join-zeroda-master\JoinZeroda\node_modules\.bin;D:\Join-zeroda-master\node_modules\.bin;D:\node_modules\.bin;C:\Program Files\nodejs;C:\Users\RAHULR~1\AppData\Local\Temp\yarn--1685810649417-0.18240431727045325;D:\Join-zeroda-master\joinzeroda\node_modules\.bin;C:\Users\Rahul rohilla\AppData\Local\Yarn\Data\link\node_modules\.bin;C:\Users\Rahul rohilla\AppData\Local\Yarn\bin;C:\Program Files\libexec\lib\node_modules\npm\bin\node-gyp-bin;C:\Program Files\lib\node_modules\npm\bin\node-gyp-bin;C:\Program Files\nodejs\node_modules\npm\bin\node-gyp-bin;C:\Program Files\Common Files\Oracle\Java\javapath;C:\WINDOWS\system32;C:\WINDOWS;C:\WINDOWS\System32\Wbem;C:\WINDOWS\System32\WindowsPowerShell\v1.0\;C:\WINDOWS\System32\OpenSSH\;C:\Program Files\nodejs\;C:\Program Files\Java\jdk-11\bin;C:\Users\Rahul rohilla\AppData\Local\Android\Sdk\platform-tools;C:\Program Files\Git\cmd;C:\Users\Rahul rohilla\AppData\Local\Microsoft\WindowsApps;C:\Users\Rahul rohilla\AppData\Roaming\npm;C:\Users\Rahul rohilla\AppData\Local\Programs\Microsoft VS Code\bin
USERNAME=Rahul rohilla
OS=Windows_NT
PROCESSOR_IDENTIFIER=AMD64 Family 23 Model 96 Stepping 1, AuthenticAMD



---------------  S Y S T E M  ---------------

OS: Windows 11 , 64 bit Build 22621 (10.0.22621.1776)

CPU:total 6 (initial active 6) (6 cores per cpu, 1 threads per core) family 23 model 96 stepping 1 microcode 0x0, cmov, cx8, fxsr, mmx, sse, sse2, sse3, ssse3, sse4.1, sse4.2, popcnt, avx, avx2, aes, clmul, mmxext, 3dnowpref, lzcnt, sse4a, tsc, tscinvbit, tscinv, bmi1, bmi2, adx, sha, 

Memory: 4k page, system-wide physical 7579M (65M free)
TotalPageFile size 23062M (AvailPageFile size 4M)
current process WorkingSet (physical memory assigned to process): 266M, peak: 307M
current process commit charge ("private bytes"): 458M, peak: 463M

vm_info: Java HotSpot(TM) 64-Bit Server VM (11.0.18+9-LTS-195) for windows-amd64 JRE (11.0.18+9-LTS-195), built on Dec  6 2022 15:50:58 by "mach5one" with MS VC++ 17.1 (VS2022)

END.
