#
# There is insufficient memory for the Java Runtime Environment to continue.
# Native memory allocation (malloc) failed to allocate 1441136 bytes for Chunk::new
# Possible reasons:
#   The system is out of physical RAM or swap space
#   The process is running with CompressedOops enabled, and the Java Heap may be blocking the growth of the native heap
# Possible solutions:
#   Reduce memory load on the system
#   Increase physical memory or swap space
#   Check if swap backing store is full
#   Decrease Java heap size (-Xmx/-Xms)
#   Decrease number of Java threads
#   Decrease Java thread stack sizes (-Xss)
#   Set larger code cache with -XX:ReservedCodeCacheSize=
#   JVM is running with Unscaled Compressed Oops mode in which the Java heap is
#     placed in the first 4GB address space. The Java Heap base address is the
#     maximum limit for the native heap growth. Please use -XX:HeapBaseMinAddress
#     to set the Java Heap base and to place the Java Heap above 4GB virtual address.
# This output file may be truncated or incomplete.
#
#  Out of Memory Error (./open/src/hotspot/share/memory/arena.cpp:197), pid=19776, tid=1128
#
# JRE version: Java(TM) SE Runtime Environment 18.9 (11.0.18+9) (build 11.0.18+9-LTS-195)
# Java VM: Java HotSpot(TM) 64-Bit Server VM 18.9 (11.0.18+9-LTS-195, mixed mode, tiered, compressed oops, g1 gc, windows-amd64)
# No core dump will be written. Minidumps are not enabled by default on client versions of Windows
#

---------------  S U M M A R Y ------------

Command Line: -XX:MaxMetaspaceSize=512m --add-opens=java.base/java.util=ALL-UNNAMED --add-opens=java.base/java.lang=ALL-UNNAMED --add-opens=java.base/java.lang.invoke=ALL-UNNAMED --add-opens=java.base/java.util=ALL-UNNAMED --add-opens=java.prefs/java.util.prefs=ALL-UNNAMED --add-opens=java.prefs/java.util.prefs=ALL-UNNAMED --add-opens=java.base/java.nio.charset=ALL-UNNAMED --add-opens=java.base/java.net=ALL-UNNAMED --add-opens=java.base/java.util.concurrent.atomic=ALL-UNNAMED -Xmx2048m -Dfile.encoding=windows-1252 -Duser.country=US -Duser.language=en -Duser.variant org.gradle.launcher.daemon.bootstrap.GradleDaemon 7.5.1

Host: AMD Ryzen 5 4500U with Radeon Graphics         , 6 cores, 7G,  Windows 11 , 64 bit Build 22621 (10.0.22621.1776)
Time: Sat Jun  3 22:20:13 2023 India Standard Time elapsed time: 108.934508 seconds (0d 0h 1m 48s)

---------------  T H R E A D  ---------------

Current thread (0x00000193c3a88000):  JavaThread "C2 CompilerThread0" daemon [_thread_in_native, id=1128, stack(0x0000007577d00000,0x0000007577e00000)]


Current CompileTask:
C2: 108934 12209       4       org.gradle.internal.logging.sink.OutputEventTransformer::onOutput (399 bytes)

Stack: [0x0000007577d00000,0x0000007577e00000]
Native frames: (J=compiled Java code, j=interpreted, Vv=VM code, C=native code)
V  [jvm.dll+0x65d8aa]
V  [jvm.dll+0x79fc1f]
V  [jvm.dll+0x7a12e9]
V  [jvm.dll+0x7a1983]
V  [jvm.dll+0x2585b5]
V  [jvm.dll+0xb284c]
V  [jvm.dll+0xb2e0c]
V  [jvm.dll+0x365e21]
V  [jvm.dll+0x32eb15]
V  [jvm.dll+0x32defa]
V  [jvm.dll+0x2113ad]
V  [jvm.dll+0x210378]
V  [jvm.dll+0x18c641]
V  [jvm.dll+0x220609]
V  [jvm.dll+0x21e92c]
V  [jvm.dll+0x763f61]
V  [jvm.dll+0x75c924]
V  [jvm.dll+0x65c755]
C  [ucrtbase.dll+0x29363]
C  [KERNEL32.DLL+0x126ad]
C  [ntdll.dll+0x5a9f8]


---------------  P R O C E S S  ---------------

Threads class SMR info:
_java_thread_list=0x00000193c4d2bd90, length=111, elements={
0x00000193a3579000, 0x00000193c311b800, 0x00000193c311e000, 0x00000193c3137000,
0x00000193c3138000, 0x00000193c3a84800, 0x00000193c3a88000, 0x00000193c3ae8800,
0x00000193c3aee000, 0x00000193c3bee000, 0x00000193c47f9800, 0x00000193c5610800,
0x00000193c4857000, 0x00000193c4ec0800, 0x00000193c49f8800, 0x00000193c50ac000,
0x00000193c50ad800, 0x00000193c4a7e000, 0x00000193c4a7f000, 0x00000193c58b4800,
0x00000193c58b6800, 0x00000193c58b6000, 0x00000193c58bb000, 0x00000193c58b7800,
0x00000193c58b5000, 0x00000193c58b8800, 0x00000193c58b9000, 0x00000193c58ba000,
0x00000193c5f0f800, 0x00000193c5f12000, 0x00000193c5f11000, 0x00000193c5f0e000,
0x00000193c5f0d000, 0x00000193c5f13800, 0x00000193c67c6000, 0x00000193c67c0800,
0x00000193c67c4800, 0x00000193c67c7000, 0x00000193c67c1800, 0x00000193c67c8000,
0x00000193c67c2000, 0x00000193c67c4000, 0x00000193c67c8800, 0x00000193c67c3000,
0x00000193c67cd800, 0x00000193c67ce800, 0x00000193c67cb000, 0x00000193c67ca800,
0x00000193c67cc000, 0x00000193c67cf000, 0x00000193c67cc800, 0x00000193c67c9800,
0x00000193c8437000, 0x00000193c8439800, 0x00000193c8438800, 0x00000193c843a800,
0x00000193c8436000, 0x00000193c8434800, 0x00000193c8438000, 0x00000193c8435800,
0x00000193c843c800, 0x00000193c843b000, 0x00000193c843f000, 0x00000193c843c000,
0x00000193c8441000, 0x00000193c8440000, 0x00000193c8443800, 0x00000193c8441800,
0x00000193c8442800, 0x00000193c843d800, 0x00000193c843e800, 0x00000193c3f98800,
0x00000193c3f94800, 0x00000193c3f93800, 0x00000193c3f95000, 0x00000193c3f97000,
0x00000193c3f93000, 0x00000193c3f9d800, 0x00000193c3f99800, 0x00000193c3f9b000,
0x00000193c3f9a000, 0x00000193c3f9c000, 0x00000193c3f97800, 0x00000193c3fa0800,
0x00000193c3fa1800, 0x00000193c3f9c800, 0x00000193c3f9f000, 0x00000193c3fa0000,
0x00000193c3f9e000, 0x00000193ca2ff800, 0x00000193ca2fd800, 0x00000193ca300000,
0x00000193ca2fd000, 0x00000193ca2fe800, 0x00000193ca301000, 0x00000193ca2fc000,
0x00000193ca2fb800, 0x00000193ca302000, 0x00000193c5c36800, 0x00000193c5c3b800,
0x00000193c5c39000, 0x00000193c5c3a000, 0x00000193c5c3a800, 0x00000193c5c3c800,
0x00000193c5c38000, 0x00000193c5c37800, 0x00000193c5c42000, 0x00000193c5c40800,
0x00000193c5c41000, 0x00000193c5c3e000, 0x00000193c5c3f800
}

Java Threads: ( => current thread )
  0x00000193a3579000 JavaThread "main" [_thread_blocked, id=19024, stack(0x0000007577100000,0x0000007577200000)]
  0x00000193c311b800 JavaThread "Reference Handler" daemon [_thread_blocked, id=3888, stack(0x0000007577800000,0x0000007577900000)]
  0x00000193c311e000 JavaThread "Finalizer" daemon [_thread_blocked, id=21232, stack(0x0000007577900000,0x0000007577a00000)]
  0x00000193c3137000 JavaThread "Signal Dispatcher" daemon [_thread_blocked, id=20876, stack(0x0000007577a00000,0x0000007577b00000)]
  0x00000193c3138000 JavaThread "Attach Listener" daemon [_thread_blocked, id=24156, stack(0x0000007577b00000,0x0000007577c00000)]
  0x00000193c3a84800 JavaThread "Service Thread" daemon [_thread_blocked, id=23520, stack(0x0000007577c00000,0x0000007577d00000)]
=>0x00000193c3a88000 JavaThread "C2 CompilerThread0" daemon [_thread_in_native, id=1128, stack(0x0000007577d00000,0x0000007577e00000)]
  0x00000193c3ae8800 JavaThread "C1 CompilerThread0" daemon [_thread_blocked, id=16092, stack(0x0000007577e00000,0x0000007577f00000)]
  0x00000193c3aee000 JavaThread "Sweeper thread" daemon [_thread_blocked, id=18712, stack(0x0000007577f00000,0x0000007578000000)]
  0x00000193c3bee000 JavaThread "Common-Cleaner" daemon [_thread_blocked, id=17432, stack(0x0000007578000000,0x0000007578100000)]
  0x00000193c47f9800 JavaThread "Daemon health stats" [_thread_blocked, id=22656, stack(0x0000007578300000,0x0000007578400000)]
  0x00000193c5610800 JavaThread "Incoming local TCP Connector on port 55742" [_thread_in_native, id=21128, stack(0x0000007578400000,0x0000007578500000)]
  0x00000193c4857000 JavaThread "Daemon periodic checks" [_thread_blocked, id=4248, stack(0x0000007578500000,0x0000007578600000)]
  0x00000193c4ec0800 JavaThread "Daemon" [_thread_blocked, id=18776, stack(0x0000007578600000,0x0000007578700000)]
  0x00000193c49f8800 JavaThread "Handler for socket connection from /127.0.0.1:55742 to /127.0.0.1:55748" [_thread_in_native, id=20464, stack(0x0000007578700000,0x0000007578800000)]
  0x00000193c50ac000 JavaThread "Cancel handler" [_thread_blocked, id=10332, stack(0x0000007578800000,0x0000007578900000)]
  0x00000193c50ad800 JavaThread "Daemon worker" [_thread_in_vm, id=23184, stack(0x0000007578900000,0x0000007578a00000)]
  0x00000193c4a7e000 JavaThread "Asynchronous log dispatcher for DefaultDaemonConnection: socket connection from /127.0.0.1:55742 to /127.0.0.1:55748" [_thread_blocked, id=23892, stack(0x0000007578a00000,0x0000007578b00000)]
  0x00000193c4a7f000 JavaThread "Stdin handler" [_thread_blocked, id=16264, stack(0x0000007578b00000,0x0000007578c00000)]
  0x00000193c58b4800 JavaThread "Daemon client event forwarder" [_thread_blocked, id=20232, stack(0x0000007578c00000,0x0000007578d00000)]
  0x00000193c58b6800 JavaThread "Cache worker for journal cache (C:\Users\Rahul rohilla\.gradle\caches\journal-1)" [_thread_blocked, id=20164, stack(0x0000007579300000,0x0000007579400000)]
  0x00000193c58b6000 JavaThread "File lock request listener" [_thread_in_native, id=14884, stack(0x0000007579400000,0x0000007579500000)]
  0x00000193c58bb000 JavaThread "Cache worker for file hash cache (C:\Users\Rahul rohilla\.gradle\caches\7.5.1\fileHashes)" [_thread_blocked, id=15468, stack(0x0000007579500000,0x0000007579600000)]
  0x00000193c58b7800 JavaThread "File lock release action executor" [_thread_blocked, id=15728, stack(0x0000007579700000,0x0000007579800000)]
  0x00000193c58b5000 JavaThread "File watcher server" daemon [_thread_in_native, id=8112, stack(0x0000007579800000,0x0000007579900000)]
  0x00000193c58b8800 JavaThread "File watcher consumer" daemon [_thread_blocked, id=19400, stack(0x0000007579900000,0x0000007579a00000)]
  0x00000193c58b9000 JavaThread "Cache worker for checksums cache (D:\Join-zeroda-master\JoinZeroda\android\.gradle\7.5.1\checksums)" [_thread_blocked, id=20020, stack(0x0000007579a00000,0x0000007579b00000)]
  0x00000193c58ba000 JavaThread "Cache worker for cache directory md-rule (C:\Users\Rahul rohilla\.gradle\caches\7.5.1\md-rule)" [_thread_blocked, id=21332, stack(0x0000007579b00000,0x0000007579c00000)]
  0x00000193c5f0f800 JavaThread "Cache worker for file content cache (C:\Users\Rahul rohilla\.gradle\caches\7.5.1\fileContent)" [_thread_blocked, id=5012, stack(0x0000007579c00000,0x0000007579d00000)]
  0x00000193c5f12000 JavaThread "Cache worker for file hash cache (D:\Join-zeroda-master\JoinZeroda\android\.gradle\7.5.1\fileHashes)" [_thread_blocked, id=17672, stack(0x0000007579d00000,0x0000007579e00000)]
  0x00000193c5f11000 JavaThread "Cache worker for cache directory md-supplier (C:\Users\Rahul rohilla\.gradle\caches\7.5.1\md-supplier)" [_thread_blocked, id=10200, stack(0x0000007579e00000,0x0000007579f00000)]
  0x00000193c5f0e000 JavaThread "Cache worker for execution history cache (C:\Users\Rahul rohilla\.gradle\caches\7.5.1\executionHistory)" [_thread_blocked, id=19860, stack(0x0000007579f00000,0x000000757a000000)]
  0x00000193c5f0d000 JavaThread "jar transforms" [_thread_blocked, id=14832, stack(0x000000757a000000,0x000000757a100000)]
  0x00000193c5f13800 JavaThread "jar transforms Thread 2" [_thread_blocked, id=23452, stack(0x000000757a100000,0x000000757a200000)]
  0x00000193c67c6000 JavaThread "jar transforms Thread 3" [_thread_blocked, id=20632, stack(0x000000757a200000,0x000000757a300000)]
  0x00000193c67c0800 JavaThread "jar transforms Thread 4" [_thread_blocked, id=16304, stack(0x000000757a300000,0x000000757a400000)]
  0x00000193c67c4800 JavaThread "Cache worker for kotlin-dsl (C:\Users\Rahul rohilla\.gradle\caches\7.5.1\kotlin-dsl)" [_thread_blocked, id=20144, stack(0x0000007576f00000,0x0000007577000000)]
  0x00000193c67c7000 JavaThread "jar transforms Thread 5" [_thread_blocked, id=5784, stack(0x000000757a400000,0x000000757a500000)]
  0x00000193c67c1800 JavaThread "jar transforms Thread 6" [_thread_blocked, id=19536, stack(0x000000757a700000,0x000000757a800000)]
  0x00000193c67c8000 JavaThread "Cache worker for dependencies-accessors (D:\Join-zeroda-master\JoinZeroda\android\.gradle\7.5.1\dependencies-accessors)" [_thread_blocked, id=20768, stack(0x000000757a800000,0x000000757a900000)]
  0x00000193c67c2000 JavaThread "Cache worker for Build Output Cleanup Cache (D:\Join-zeroda-master\JoinZeroda\node_modules\react-native-gradle-plugin\.gradle\buildOutputCleanup)" [_thread_blocked, id=19396, stack(0x000000757a900000,0x000000757aa00000)]
  0x00000193c67c4000 JavaThread "Unconstrained build operations" [_thread_blocked, id=24200, stack(0x000000757aa00000,0x000000757ab00000)]
  0x00000193c67c8800 JavaThread "Unconstrained build operations Thread 2" [_thread_blocked, id=21724, stack(0x000000757ab00000,0x000000757ac00000)]
  0x00000193c67c3000 JavaThread "Unconstrained build operations Thread 3" [_thread_blocked, id=13136, stack(0x000000757ac00000,0x000000757ad00000)]
  0x00000193c67cd800 JavaThread "Unconstrained build operations Thread 4" [_thread_blocked, id=17952, stack(0x000000757ad00000,0x000000757ae00000)]
  0x00000193c67ce800 JavaThread "Unconstrained build operations Thread 5" [_thread_blocked, id=22148, stack(0x000000757ae00000,0x000000757af00000)]
  0x00000193c67cb000 JavaThread "Unconstrained build operations Thread 6" [_thread_blocked, id=23336, stack(0x000000757af00000,0x000000757b000000)]
  0x00000193c67ca800 JavaThread "Unconstrained build operations Thread 7" [_thread_blocked, id=24264, stack(0x000000757b000000,0x000000757b100000)]
  0x00000193c67cc000 JavaThread "Unconstrained build operations Thread 8" [_thread_blocked, id=220, stack(0x000000757b100000,0x000000757b200000)]
  0x00000193c67cf000 JavaThread "Unconstrained build operations Thread 9" [_thread_blocked, id=3488, stack(0x000000757b200000,0x000000757b300000)]
  0x00000193c67cc800 JavaThread "Unconstrained build operations Thread 10" [_thread_blocked, id=11620, stack(0x000000757b300000,0x000000757b400000)]
  0x00000193c67c9800 JavaThread "Unconstrained build operations Thread 11" [_thread_blocked, id=17148, stack(0x000000757b400000,0x000000757b500000)]
  0x00000193c8437000 JavaThread "Unconstrained build operations Thread 12" [_thread_blocked, id=20836, stack(0x000000757b500000,0x000000757b600000)]
  0x00000193c8439800 JavaThread "Unconstrained build operations Thread 13" [_thread_blocked, id=18792, stack(0x000000757b600000,0x000000757b700000)]
  0x00000193c8438800 JavaThread "Unconstrained build operations Thread 14" [_thread_blocked, id=4260, stack(0x000000757b700000,0x000000757b800000)]
  0x00000193c843a800 JavaThread "Unconstrained build operations Thread 15" [_thread_blocked, id=16592, stack(0x000000757b800000,0x000000757b900000)]
  0x00000193c8436000 JavaThread "Unconstrained build operations Thread 16" [_thread_blocked, id=22860, stack(0x000000757b900000,0x000000757ba00000)]
  0x00000193c8434800 JavaThread "Unconstrained build operations Thread 17" [_thread_blocked, id=15504, stack(0x000000757ba00000,0x000000757bb00000)]
  0x00000193c8438000 JavaThread "Unconstrained build operations Thread 18" [_thread_blocked, id=21684, stack(0x000000757bb00000,0x000000757bc00000)]
  0x00000193c8435800 JavaThread "Unconstrained build operations Thread 19" [_thread_blocked, id=13624, stack(0x000000757bc00000,0x000000757bd00000)]
  0x00000193c843c800 JavaThread "Unconstrained build operations Thread 20" [_thread_blocked, id=17356, stack(0x000000757bd00000,0x000000757be00000)]
  0x00000193c843b000 JavaThread "Unconstrained build operations Thread 21" [_thread_blocked, id=7820, stack(0x000000757be00000,0x000000757bf00000)]
  0x00000193c843f000 JavaThread "Unconstrained build operations Thread 22" [_thread_blocked, id=18436, stack(0x000000757bf00000,0x000000757c000000)]
  0x00000193c843c000 JavaThread "Unconstrained build operations Thread 23" [_thread_blocked, id=3188, stack(0x000000757c000000,0x000000757c100000)]
  0x00000193c8441000 JavaThread "Unconstrained build operations Thread 24" [_thread_blocked, id=13400, stack(0x000000757c100000,0x000000757c200000)]
  0x00000193c8440000 JavaThread "Unconstrained build operations Thread 25" [_thread_blocked, id=12264, stack(0x000000757c200000,0x000000757c300000)]
  0x00000193c8443800 JavaThread "Unconstrained build operations Thread 26" [_thread_blocked, id=23752, stack(0x000000757c300000,0x000000757c400000)]
  0x00000193c8441800 JavaThread "Unconstrained build operations Thread 27" [_thread_blocked, id=13076, stack(0x000000757c400000,0x000000757c500000)]
  0x00000193c8442800 JavaThread "Unconstrained build operations Thread 28" [_thread_blocked, id=21260, stack(0x000000757c500000,0x000000757c600000)]
  0x00000193c843d800 JavaThread "Unconstrained build operations Thread 29" [_thread_blocked, id=19604, stack(0x000000757c600000,0x000000757c700000)]
  0x00000193c843e800 JavaThread "Unconstrained build operations Thread 30" [_thread_blocked, id=23640, stack(0x000000757c700000,0x000000757c800000)]
  0x00000193c3f98800 JavaThread "Unconstrained build operations Thread 31" [_thread_blocked, id=21920, stack(0x000000757c800000,0x000000757c900000)]
  0x00000193c3f94800 JavaThread "Unconstrained build operations Thread 32" [_thread_blocked, id=8740, stack(0x000000757c900000,0x000000757ca00000)]
  0x00000193c3f93800 JavaThread "Unconstrained build operations Thread 33" [_thread_blocked, id=21404, stack(0x000000757ca00000,0x000000757cb00000)]
  0x00000193c3f95000 JavaThread "build event listener" [_thread_blocked, id=6996, stack(0x000000757cb00000,0x000000757cc00000)]
  0x00000193c3f97000 JavaThread "Memory manager" [_thread_blocked, id=18780, stack(0x000000757cc00000,0x000000757cd00000)]
  0x00000193c3f93000 JavaThread "Cache worker for Build Output Cleanup Cache (D:\Join-zeroda-master\JoinZeroda\android\.gradle\buildOutputCleanup)" [_thread_blocked, id=13764, stack(0x000000757cd00000,0x000000757ce00000)]
  0x00000193c3f9d800 JavaThread "included builds" [_thread_blocked, id=23028, stack(0x000000757ce00000,0x000000757cf00000)]
  0x00000193c3f99800 JavaThread "Execution worker" [_thread_blocked, id=22344, stack(0x000000757cf00000,0x000000757d000000)]
  0x00000193c3f9b000 JavaThread "Execution worker Thread 2" [_thread_blocked, id=9688, stack(0x000000757d000000,0x000000757d100000)]
  0x00000193c3f9a000 JavaThread "Execution worker Thread 3" [_thread_blocked, id=15380, stack(0x000000757d100000,0x000000757d200000)]
  0x00000193c3f9c000 JavaThread "Execution worker Thread 4" [_thread_blocked, id=22136, stack(0x000000757d200000,0x000000757d300000)]
  0x00000193c3f97800 JavaThread "Execution worker Thread 5" [_thread_blocked, id=17520, stack(0x000000757d300000,0x000000757d400000)]
  0x00000193c3fa0800 JavaThread "Cache worker for execution history cache (D:\Join-zeroda-master\JoinZeroda\node_modules\react-native-gradle-plugin\.gradle\7.5.1\executionHistory)" [_thread_blocked, id=2616, stack(0x000000757d400000,0x000000757d500000)]
  0x00000193c3fa1800 JavaThread "Unconstrained build operations Thread 34" [_thread_blocked, id=23012, stack(0x000000757d500000,0x000000757d600000)]
  0x00000193c3f9c800 JavaThread "Unconstrained build operations Thread 35" [_thread_blocked, id=9820, stack(0x000000757d600000,0x000000757d700000)]
  0x00000193c3f9f000 JavaThread "Unconstrained build operations Thread 36" [_thread_blocked, id=18588, stack(0x000000757d700000,0x000000757d800000)]
  0x00000193c3fa0000 JavaThread "Unconstrained build operations Thread 37" [_thread_blocked, id=13052, stack(0x000000757d800000,0x000000757d900000)]
  0x00000193c3f9e000 JavaThread "Unconstrained build operations Thread 38" [_thread_blocked, id=4524, stack(0x000000757d900000,0x000000757da00000)]
  0x00000193ca2ff800 JavaThread "Unconstrained build operations Thread 39" [_thread_blocked, id=13736, stack(0x000000757da00000,0x000000757db00000)]
  0x00000193ca2fd800 JavaThread "Unconstrained build operations Thread 40" [_thread_blocked, id=9008, stack(0x000000757db00000,0x000000757dc00000)]
  0x00000193ca300000 JavaThread "Unconstrained build operations Thread 41" [_thread_blocked, id=16616, stack(0x000000757dc00000,0x000000757dd00000)]
  0x00000193ca2fd000 JavaThread "Unconstrained build operations Thread 42" [_thread_blocked, id=2364, stack(0x000000757dd00000,0x000000757de00000)]
  0x00000193ca2fe800 JavaThread "Unconstrained build operations Thread 43" [_thread_blocked, id=15428, stack(0x000000757de00000,0x000000757df00000)]
  0x00000193ca301000 JavaThread "Unconstrained build operations Thread 44" [_thread_blocked, id=23512, stack(0x000000757df00000,0x000000757e000000)]
  0x00000193ca2fc000 JavaThread "Unconstrained build operations Thread 45" [_thread_blocked, id=23668, stack(0x000000757e000000,0x000000757e100000)]
  0x00000193ca2fb800 JavaThread "Unconstrained build operations Thread 46" [_thread_blocked, id=10256, stack(0x000000757e100000,0x000000757e200000)]
  0x00000193ca302000 JavaThread "Unconstrained build operations Thread 47" [_thread_blocked, id=1768, stack(0x000000757e200000,0x000000757e300000)]
  0x00000193c5c36800 JavaThread "Unconstrained build operations Thread 48" [_thread_blocked, id=21348, stack(0x000000757e300000,0x000000757e400000)]
  0x00000193c5c3b800 JavaThread "Unconstrained build operations Thread 49" [_thread_blocked, id=11288, stack(0x000000757e400000,0x000000757e500000)]
  0x00000193c5c39000 JavaThread "Unconstrained build operations Thread 50" [_thread_blocked, id=21544, stack(0x000000757e500000,0x000000757e600000)]
  0x00000193c5c3a000 JavaThread "Unconstrained build operations Thread 51" [_thread_blocked, id=21076, stack(0x000000757e600000,0x000000757e700000)]
  0x00000193c5c3a800 JavaThread "Unconstrained build operations Thread 52" [_thread_blocked, id=20268, stack(0x000000757e700000,0x000000757e800000)]
  0x00000193c5c3c800 JavaThread "Unconstrained build operations Thread 53" [_thread_blocked, id=12272, stack(0x000000757e800000,0x000000757e900000)]
  0x00000193c5c38000 JavaThread "Unconstrained build operations Thread 54" [_thread_blocked, id=5488, stack(0x000000757e900000,0x000000757ea00000)]
  0x00000193c5c37800 JavaThread "Unconstrained build operations Thread 55" [_thread_blocked, id=22932, stack(0x000000757ea00000,0x000000757eb00000)]
  0x00000193c5c42000 JavaThread "Unconstrained build operations Thread 56" [_thread_blocked, id=18772, stack(0x000000757eb00000,0x000000757ec00000)]
  0x00000193c5c40800 JavaThread "Unconstrained build operations Thread 57" [_thread_blocked, id=15028, stack(0x000000757ec00000,0x000000757ed00000)]
  0x00000193c5c41000 JavaThread "Unconstrained build operations Thread 58" [_thread_blocked, id=19296, stack(0x000000757ed00000,0x000000757ee00000)]
  0x00000193c5c3e000 JavaThread "Unconstrained build operations Thread 59" [_thread_blocked, id=16428, stack(0x000000757ee00000,0x000000757ef00000)]
  0x00000193c5c3f800 JavaThread "Unconstrained build operations Thread 60" [_thread_blocked, id=9196, stack(0x000000757ef00000,0x000000757f000000)]

Other Threads:
  0x00000193c3117000 VMThread "VM Thread" [stack: 0x0000007577700000,0x0000007577800000] [id=23744]
  0x00000193c3c3c000 WatcherThread [stack: 0x0000007578100000,0x0000007578200000] [id=18424]
  0x00000193a358e800 GCTaskThread "GC Thread#0" [stack: 0x0000007577200000,0x0000007577300000] [id=14432]
  0x00000193c4c9a800 GCTaskThread "GC Thread#1" [stack: 0x0000007578200000,0x0000007578300000] [id=2876]
  0x00000193c48a6800 GCTaskThread "GC Thread#2" [stack: 0x0000007578d00000,0x0000007578e00000] [id=8860]
  0x00000193c49ca800 GCTaskThread "GC Thread#3" [stack: 0x0000007578e00000,0x0000007578f00000] [id=24196]
  0x00000193c49cb000 GCTaskThread "GC Thread#4" [stack: 0x0000007578f00000,0x0000007579000000] [id=22440]
  0x00000193c49cb800 GCTaskThread "GC Thread#5" [stack: 0x0000007579000000,0x0000007579100000] [id=20296]
  0x00000193a35c2800 ConcurrentGCThread "G1 Main Marker" [stack: 0x0000007577300000,0x0000007577400000] [id=19048]
  0x00000193a35c3800 ConcurrentGCThread "G1 Conc#0" [stack: 0x0000007577400000,0x0000007577500000] [id=19080]
  0x00000193c5350000 ConcurrentGCThread "G1 Conc#1" [stack: 0x0000007579600000,0x0000007579700000] [id=15696]
  0x00000193c2f90800 ConcurrentGCThread "G1 Refine#0" [stack: 0x0000007577500000,0x0000007577600000] [id=8160]
  0x00000193c4608000 ConcurrentGCThread "G1 Refine#1" [stack: 0x0000007579100000,0x0000007579200000] [id=6320]
  0x00000193c4819000 ConcurrentGCThread "G1 Refine#2" [stack: 0x0000007579200000,0x0000007579300000] [id=18524]
  0x00000193c2f91800 ConcurrentGCThread "G1 Young RemSet Sampling" [stack: 0x0000007577600000,0x0000007577700000] [id=5400]

Threads with active compile tasks:
C2 CompilerThread0   108959 12209       4       org.gradle.internal.logging.sink.OutputEventTransformer::onOutput (399 bytes)

VM state:not at safepoint (normal execution)

VM Mutex/Monitor currently owned by a thread: None

Heap address: 0x0000000080000000, size: 2048 MB, Compressed Oops mode: 32-bit
Narrow klass base: 0x0000000000000000, Narrow klass shift: 3
Compressed class space size: 528482304 Address: 0x0000000100000000

Heap:
 garbage-first heap   total 207872K, used 141423K [0x0000000080000000, 0x0000000100000000)
  region size 1024K, 9 young (9216K), 2 survivors (2048K)
 Metaspace       used 98842K, capacity 102210K, committed 102476K, reserved 604160K
  class space    used 13127K, capacity 14508K, committed 14540K, reserved 516096K
Heap Regions: E=young(eden), S=young(survivor), O=old, HS=humongous(starts), HC=humongous(continues), CS=collection set, F=free, A=archive, TAMS=top-at-mark-start (previous, next)
|   0|0x0000000080000000, 0x0000000080100000, 0x0000000080100000|100%| O|  |TAMS 0x0000000080100000, 0x0000000080000000| Untracked 
|   1|0x0000000080100000, 0x0000000080200000, 0x0000000080200000|100%| O|  |TAMS 0x0000000080200000, 0x0000000080100000| Untracked 
|   2|0x0000000080200000, 0x0000000080300000, 0x0000000080300000|100%| O|  |TAMS 0x0000000080300000, 0x0000000080200000| Untracked 
|   3|0x0000000080300000, 0x0000000080400000, 0x0000000080400000|100%|HS|  |TAMS 0x0000000080400000, 0x0000000080300000| Complete 
|   4|0x0000000080400000, 0x0000000080500000, 0x0000000080500000|100%|HC|  |TAMS 0x0000000080500000, 0x0000000080400000| Complete 
|   5|0x0000000080500000, 0x0000000080600000, 0x0000000080600000|100%|HC|  |TAMS 0x0000000080600000, 0x0000000080500000| Complete 
|   6|0x0000000080600000, 0x0000000080700000, 0x0000000080700000|100%| O|  |TAMS 0x0000000080700000, 0x0000000080600000| Untracked 
|   7|0x0000000080700000, 0x0000000080800000, 0x0000000080800000|100%| O|  |TAMS 0x0000000080800000, 0x0000000080700000| Untracked 
|   8|0x0000000080800000, 0x0000000080900000, 0x0000000080900000|100%| O|  |TAMS 0x0000000080900000, 0x0000000080800000| Untracked 
|   9|0x0000000080900000, 0x0000000080a00000, 0x0000000080a00000|100%| O|  |TAMS 0x0000000080a00000, 0x0000000080900000| Untracked 
|  10|0x0000000080a00000, 0x0000000080b00000, 0x0000000080b00000|100%| O|  |TAMS 0x0000000080b00000, 0x0000000080a00000| Untracked 
|  11|0x0000000080b00000, 0x0000000080c00000, 0x0000000080c00000|100%| O|  |TAMS 0x0000000080c00000, 0x0000000080b00000| Untracked 
|  12|0x0000000080c00000, 0x0000000080d00000, 0x0000000080d00000|100%| O|  |TAMS 0x0000000080d00000, 0x0000000080c00000| Untracked 
|  13|0x0000000080d00000, 0x0000000080e00000, 0x0000000080e00000|100%| O|  |TAMS 0x0000000080e00000, 0x0000000080d00000| Untracked 
|  14|0x0000000080e00000, 0x0000000080f00000, 0x0000000080f00000|100%| O|  |TAMS 0x0000000080f00000, 0x0000000080e00000| Untracked 
|  15|0x0000000080f00000, 0x0000000081000000, 0x0000000081000000|100%| O|  |TAMS 0x0000000081000000, 0x0000000080f00000| Untracked 
|  16|0x0000000081000000, 0x0000000081100000, 0x0000000081100000|100%| O|  |TAMS 0x0000000081100000, 0x0000000081000000| Untracked 
|  17|0x0000000081100000, 0x0000000081200000, 0x0000000081200000|100%| O|  |TAMS 0x0000000081200000, 0x0000000081100000| Untracked 
|  18|0x0000000081200000, 0x0000000081300000, 0x0000000081300000|100%| O|  |TAMS 0x0000000081300000, 0x0000000081200000| Untracked 
|  19|0x0000000081300000, 0x0000000081400000, 0x0000000081400000|100%| O|  |TAMS 0x0000000081400000, 0x0000000081300000| Untracked 
|  20|0x0000000081400000, 0x0000000081500000, 0x0000000081500000|100%| O|  |TAMS 0x0000000081500000, 0x0000000081400000| Untracked 
|  21|0x0000000081500000, 0x0000000081600000, 0x0000000081600000|100%| O|  |TAMS 0x0000000081600000, 0x0000000081500000| Untracked 
|  22|0x0000000081600000, 0x0000000081700000, 0x0000000081700000|100%| O|  |TAMS 0x0000000081700000, 0x0000000081600000| Untracked 
|  23|0x0000000081700000, 0x0000000081800000, 0x0000000081800000|100%| O|  |TAMS 0x0000000081800000, 0x0000000081700000| Untracked 
|  24|0x0000000081800000, 0x0000000081900000, 0x0000000081900000|100%| O|  |TAMS 0x0000000081900000, 0x0000000081800000| Untracked 
|  25|0x0000000081900000, 0x0000000081a00000, 0x0000000081a00000|100%| O|  |TAMS 0x0000000081a00000, 0x0000000081900000| Untracked 
|  26|0x0000000081a00000, 0x0000000081b00000, 0x0000000081b00000|100%| O|  |TAMS 0x0000000081b00000, 0x0000000081a00000| Untracked 
|  27|0x0000000081b00000, 0x0000000081c00000, 0x0000000081c00000|100%|HS|  |TAMS 0x0000000081c00000, 0x0000000081b00000| Complete 
|  28|0x0000000081c00000, 0x0000000081d00000, 0x0000000081d00000|100%|HS|  |TAMS 0x0000000081d00000, 0x0000000081c00000| Complete 
|  29|0x0000000081d00000, 0x0000000081e00000, 0x0000000081e00000|100%|HC|  |TAMS 0x0000000081e00000, 0x0000000081d00000| Complete 
|  30|0x0000000081e00000, 0x0000000081f00000, 0x0000000081f00000|100%|HC|  |TAMS 0x0000000081f00000, 0x0000000081e00000| Complete 
|  31|0x0000000081f00000, 0x0000000082000000, 0x0000000082000000|100%| O|  |TAMS 0x0000000082000000, 0x0000000081f00000| Untracked 
|  32|0x0000000082000000, 0x0000000082100000, 0x0000000082100000|100%| O|  |TAMS 0x0000000082100000, 0x0000000082000000| Untracked 
|  33|0x0000000082100000, 0x0000000082200000, 0x0000000082200000|100%| O|  |TAMS 0x0000000082200000, 0x0000000082100000| Untracked 
|  34|0x0000000082200000, 0x0000000082300000, 0x0000000082300000|100%| O|  |TAMS 0x0000000082300000, 0x0000000082200000| Untracked 
|  35|0x0000000082300000, 0x0000000082400000, 0x0000000082400000|100%| O|  |TAMS 0x0000000082400000, 0x0000000082300000| Untracked 
|  36|0x0000000082400000, 0x0000000082500000, 0x0000000082500000|100%| O|  |TAMS 0x0000000082500000, 0x0000000082400000| Untracked 
|  37|0x0000000082500000, 0x0000000082600000, 0x0000000082600000|100%| O|  |TAMS 0x0000000082600000, 0x0000000082500000| Untracked 
|  38|0x0000000082600000, 0x0000000082700000, 0x0000000082700000|100%| O|  |TAMS 0x0000000082700000, 0x0000000082600000| Untracked 
|  39|0x0000000082700000, 0x0000000082800000, 0x0000000082800000|100%| O|  |TAMS 0x0000000082800000, 0x0000000082700000| Untracked 
|  40|0x0000000082800000, 0x0000000082900000, 0x0000000082900000|100%| O|  |TAMS 0x0000000082900000, 0x0000000082800000| Untracked 
|  41|0x0000000082900000, 0x0000000082a00000, 0x0000000082a00000|100%| O|  |TAMS 0x0000000082a00000, 0x0000000082900000| Untracked 
|  42|0x0000000082a00000, 0x0000000082b00000, 0x0000000082b00000|100%| O|  |TAMS 0x0000000082b00000, 0x0000000082a00000| Untracked 
|  43|0x0000000082b00000, 0x0000000082c00000, 0x0000000082c00000|100%| O|  |TAMS 0x0000000082c00000, 0x0000000082b00000| Untracked 
|  44|0x0000000082c00000, 0x0000000082d00000, 0x0000000082d00000|100%|HS|  |TAMS 0x0000000082d00000, 0x0000000082c00000| Complete 
|  45|0x0000000082d00000, 0x0000000082e00000, 0x0000000082e00000|100%| O|  |TAMS 0x0000000082e00000, 0x0000000082d00000| Untracked 
|  46|0x0000000082e00000, 0x0000000082f00000, 0x0000000082f00000|100%| O|  |TAMS 0x0000000082f00000, 0x0000000082e00000| Untracked 
|  47|0x0000000082f00000, 0x0000000083000000, 0x0000000083000000|100%| O|  |TAMS 0x0000000083000000, 0x0000000082f00000| Untracked 
|  48|0x0000000083000000, 0x0000000083100000, 0x0000000083100000|100%|HS|  |TAMS 0x0000000083100000, 0x0000000083000000| Complete 
|  49|0x0000000083100000, 0x0000000083200000, 0x0000000083200000|100%| O|  |TAMS 0x0000000083200000, 0x0000000083100000| Untracked 
|  50|0x0000000083200000, 0x0000000083300000, 0x0000000083300000|100%|HS|  |TAMS 0x0000000083300000, 0x0000000083200000| Complete 
|  51|0x0000000083300000, 0x0000000083400000, 0x0000000083400000|100%|HC|  |TAMS 0x0000000083400000, 0x0000000083300000| Complete 
|  52|0x0000000083400000, 0x0000000083500000, 0x0000000083500000|100%| O|  |TAMS 0x0000000083500000, 0x0000000083400000| Untracked 
|  53|0x0000000083500000, 0x0000000083600000, 0x0000000083600000|100%| O|  |TAMS 0x0000000083600000, 0x0000000083500000| Untracked 
|  54|0x0000000083600000, 0x0000000083700000, 0x0000000083700000|100%| O|  |TAMS 0x0000000083700000, 0x0000000083600000| Untracked 
|  55|0x0000000083700000, 0x0000000083800000, 0x0000000083800000|100%| O|  |TAMS 0x0000000083800000, 0x0000000083700000| Untracked 
|  56|0x0000000083800000, 0x0000000083900000, 0x0000000083900000|100%| O|  |TAMS 0x0000000083900000, 0x0000000083800000| Untracked 
|  57|0x0000000083900000, 0x0000000083a00000, 0x0000000083a00000|100%| O|  |TAMS 0x0000000083a00000, 0x0000000083900000| Untracked 
|  58|0x0000000083a00000, 0x0000000083b00000, 0x0000000083b00000|100%| O|  |TAMS 0x0000000083b00000, 0x0000000083a00000| Untracked 
|  59|0x0000000083b00000, 0x0000000083c00000, 0x0000000083c00000|100%| O|  |TAMS 0x0000000083c00000, 0x0000000083b00000| Untracked 
|  60|0x0000000083c00000, 0x0000000083d00000, 0x0000000083d00000|100%| O|  |TAMS 0x0000000083d00000, 0x0000000083c00000| Untracked 
|  61|0x0000000083d00000, 0x0000000083e00000, 0x0000000083e00000|100%| O|  |TAMS 0x0000000083e00000, 0x0000000083d00000| Untracked 
|  62|0x0000000083e00000, 0x0000000083f00000, 0x0000000083f00000|100%| O|  |TAMS 0x0000000083f00000, 0x0000000083e00000| Untracked 
|  63|0x0000000083f00000, 0x0000000084000000, 0x0000000084000000|100%| O|  |TAMS 0x0000000084000000, 0x0000000083f00000| Untracked 
|  64|0x0000000084000000, 0x0000000084100000, 0x0000000084100000|100%| O|  |TAMS 0x0000000084100000, 0x0000000084000000| Untracked 
|  65|0x0000000084100000, 0x0000000084200000, 0x0000000084200000|100%| O|  |TAMS 0x0000000084200000, 0x0000000084100000| Untracked 
|  66|0x0000000084200000, 0x0000000084300000, 0x0000000084300000|100%| O|  |TAMS 0x0000000084300000, 0x0000000084200000| Untracked 
|  67|0x0000000084300000, 0x0000000084400000, 0x0000000084400000|100%| O|  |TAMS 0x0000000084400000, 0x0000000084300000| Untracked 
|  68|0x0000000084400000, 0x0000000084500000, 0x0000000084500000|100%| O|  |TAMS 0x0000000084500000, 0x0000000084400000| Untracked 
|  69|0x0000000084500000, 0x0000000084600000, 0x0000000084600000|100%| O|  |TAMS 0x0000000084600000, 0x0000000084500000| Untracked 
|  70|0x0000000084600000, 0x0000000084700000, 0x0000000084700000|100%| O|  |TAMS 0x0000000084700000, 0x0000000084600000| Untracked 
|  71|0x0000000084700000, 0x0000000084800000, 0x0000000084800000|100%| O|  |TAMS 0x0000000084800000, 0x0000000084700000| Untracked 
|  72|0x0000000084800000, 0x0000000084900000, 0x0000000084900000|100%| O|  |TAMS 0x0000000084900000, 0x0000000084800000| Untracked 
|  73|0x0000000084900000, 0x0000000084a00000, 0x0000000084a00000|100%| O|  |TAMS 0x0000000084a00000, 0x0000000084900000| Untracked 
|  74|0x0000000084a00000, 0x0000000084b00000, 0x0000000084b00000|100%| O|  |TAMS 0x0000000084b00000, 0x0000000084a00000| Untracked 
|  75|0x0000000084b00000, 0x0000000084c00000, 0x0000000084c00000|100%| O|  |TAMS 0x0000000084c00000, 0x0000000084b00000| Untracked 
|  76|0x0000000084c00000, 0x0000000084d00000, 0x0000000084d00000|100%| O|  |TAMS 0x0000000084d00000, 0x0000000084c00000| Untracked 
|  77|0x0000000084d00000, 0x0000000084e00000, 0x0000000084e00000|100%| O|  |TAMS 0x0000000084e00000, 0x0000000084d00000| Untracked 
|  78|0x0000000084e00000, 0x0000000084f00000, 0x0000000084f00000|100%| O|  |TAMS 0x0000000084f00000, 0x0000000084e00000| Untracked 
|  79|0x0000000084f00000, 0x0000000085000000, 0x0000000085000000|100%| O|  |TAMS 0x0000000085000000, 0x0000000084f00000| Untracked 
|  80|0x0000000085000000, 0x0000000085100000, 0x0000000085100000|100%| O|  |TAMS 0x0000000085100000, 0x0000000085000000| Untracked 
|  81|0x0000000085100000, 0x0000000085200000, 0x0000000085200000|100%| O|  |TAMS 0x0000000085200000, 0x0000000085100000| Untracked 
|  82|0x0000000085200000, 0x0000000085300000, 0x0000000085300000|100%|HS|  |TAMS 0x0000000085300000, 0x0000000085200000| Complete 
|  83|0x0000000085300000, 0x0000000085400000, 0x0000000085400000|100%|HC|  |TAMS 0x0000000085400000, 0x0000000085300000| Complete 
|  84|0x0000000085400000, 0x0000000085500000, 0x0000000085500000|100%|HS|  |TAMS 0x0000000085500000, 0x0000000085400000| Complete 
|  85|0x0000000085500000, 0x0000000085600000, 0x0000000085600000|100%|HC|  |TAMS 0x0000000085600000, 0x0000000085500000| Complete 
|  86|0x0000000085600000, 0x0000000085700000, 0x0000000085700000|100%|HC|  |TAMS 0x0000000085700000, 0x0000000085600000| Complete 
|  87|0x0000000085700000, 0x0000000085800000, 0x0000000085800000|100%|HC|  |TAMS 0x0000000085800000, 0x0000000085700000| Complete 
|  88|0x0000000085800000, 0x0000000085900000, 0x0000000085900000|100%| O|  |TAMS 0x0000000085900000, 0x0000000085800000| Untracked 
|  89|0x0000000085900000, 0x0000000085a00000, 0x0000000085a00000|100%| O|  |TAMS 0x0000000085a00000, 0x0000000085900000| Untracked 
|  90|0x0000000085a00000, 0x0000000085b00000, 0x0000000085b00000|100%| O|  |TAMS 0x0000000085b00000, 0x0000000085a00000| Untracked 
|  91|0x0000000085b00000, 0x0000000085c00000, 0x0000000085c00000|100%| O|  |TAMS 0x0000000085c00000, 0x0000000085b00000| Untracked 
|  92|0x0000000085c00000, 0x0000000085d00000, 0x0000000085d00000|100%| O|  |TAMS 0x0000000085d00000, 0x0000000085c00000| Untracked 
|  93|0x0000000085d00000, 0x0000000085e00000, 0x0000000085e00000|100%| O|  |TAMS 0x0000000085e00000, 0x0000000085d00000| Untracked 
|  94|0x0000000085e00000, 0x0000000085f00000, 0x0000000085f00000|100%| O|  |TAMS 0x0000000085f00000, 0x0000000085e00000| Untracked 
|  95|0x0000000085f00000, 0x0000000086000000, 0x0000000086000000|100%|HS|  |TAMS 0x0000000086000000, 0x0000000085f00000| Complete 
|  96|0x0000000086000000, 0x0000000086100000, 0x0000000086100000|100%|HS|  |TAMS 0x0000000086100000, 0x0000000086000000| Complete 
|  97|0x0000000086100000, 0x0000000086200000, 0x0000000086200000|100%|HS|  |TAMS 0x0000000086200000, 0x0000000086100000| Complete 
|  98|0x0000000086200000, 0x0000000086300000, 0x0000000086300000|100%|HS|  |TAMS 0x0000000086300000, 0x0000000086200000| Complete 
|  99|0x0000000086300000, 0x0000000086400000, 0x0000000086400000|100%|HC|  |TAMS 0x0000000086400000, 0x0000000086300000| Complete 
| 100|0x0000000086400000, 0x0000000086500000, 0x0000000086500000|100%|HC|  |TAMS 0x0000000086500000, 0x0000000086400000| Complete 
| 101|0x0000000086500000, 0x0000000086600000, 0x0000000086600000|100%| O|  |TAMS 0x0000000086600000, 0x0000000086500000| Untracked 
| 102|0x0000000086600000, 0x0000000086700000, 0x0000000086700000|100%| O|  |TAMS 0x0000000086700000, 0x0000000086600000| Untracked 
| 103|0x0000000086700000, 0x0000000086800000, 0x0000000086800000|100%| O|  |TAMS 0x0000000086800000, 0x0000000086700000| Untracked 
| 104|0x0000000086800000, 0x0000000086900000, 0x0000000086900000|100%| O|  |TAMS 0x0000000086900000, 0x0000000086800000| Untracked 
| 105|0x0000000086900000, 0x0000000086a00000, 0x0000000086a00000|100%| O|  |TAMS 0x0000000086a00000, 0x0000000086900000| Untracked 
| 106|0x0000000086a00000, 0x0000000086b00000, 0x0000000086b00000|100%| O|  |TAMS 0x0000000086b00000, 0x0000000086a00000| Untracked 
| 107|0x0000000086b00000, 0x0000000086c00000, 0x0000000086c00000|100%| O|  |TAMS 0x0000000086c00000, 0x0000000086b00000| Untracked 
| 108|0x0000000086c00000, 0x0000000086d00000, 0x0000000086d00000|100%| O|  |TAMS 0x0000000086d00000, 0x0000000086c00000| Untracked 
| 109|0x0000000086d00000, 0x0000000086e00000, 0x0000000086e00000|100%| O|  |TAMS 0x0000000086e00000, 0x0000000086d00000| Untracked 
| 110|0x0000000086e00000, 0x0000000086f00000, 0x0000000086f00000|100%| O|  |TAMS 0x0000000086f00000, 0x0000000086e00000| Untracked 
| 111|0x0000000086f00000, 0x0000000087000000, 0x0000000087000000|100%| O|  |TAMS 0x0000000087000000, 0x0000000086f00000| Untracked 
| 112|0x0000000087000000, 0x0000000087100000, 0x0000000087100000|100%| O|  |TAMS 0x0000000087100000, 0x0000000087000000| Untracked 
| 113|0x0000000087100000, 0x0000000087200000, 0x0000000087200000|100%| O|  |TAMS 0x0000000087200000, 0x0000000087100000| Untracked 
| 114|0x0000000087200000, 0x0000000087300000, 0x0000000087300000|100%|HS|  |TAMS 0x0000000087300000, 0x0000000087200000| Complete 
| 115|0x0000000087300000, 0x0000000087400000, 0x0000000087400000|100%| O|  |TAMS 0x0000000087400000, 0x0000000087300000| Untracked 
| 116|0x0000000087400000, 0x0000000087500000, 0x0000000087500000|100%|HS|  |TAMS 0x0000000087500000, 0x0000000087400000| Complete 
| 117|0x0000000087500000, 0x0000000087600000, 0x0000000087600000|100%|HS|  |TAMS 0x0000000087600000, 0x0000000087500000| Complete 
| 118|0x0000000087600000, 0x0000000087700000, 0x0000000087700000|100%|HC|  |TAMS 0x0000000087700000, 0x0000000087600000| Complete 
| 119|0x0000000087700000, 0x0000000087800000, 0x0000000087800000|100%|HC|  |TAMS 0x0000000087800000, 0x0000000087700000| Complete 
| 120|0x0000000087800000, 0x0000000087900000, 0x0000000087900000|100%| O|  |TAMS 0x0000000087900000, 0x0000000087800000| Untracked 
| 121|0x0000000087900000, 0x0000000087a00000, 0x0000000087a00000|100%| O|  |TAMS 0x0000000087a00000, 0x0000000087900000| Untracked 
| 122|0x0000000087a00000, 0x0000000087b00000, 0x0000000087b00000|100%| O|  |TAMS 0x0000000087b00000, 0x0000000087a00000| Untracked 
| 123|0x0000000087b00000, 0x0000000087c00000, 0x0000000087c00000|100%| O|  |TAMS 0x0000000087c00000, 0x0000000087b00000| Untracked 
| 124|0x0000000087c00000, 0x0000000087d00000, 0x0000000087d00000|100%| O|  |TAMS 0x0000000087d00000, 0x0000000087c00000| Untracked 
| 125|0x0000000087d00000, 0x0000000087d23000, 0x0000000087e00000| 13%| O|  |TAMS 0x0000000087d0ba00, 0x0000000087d00000| Untracked 
| 126|0x0000000087e00000, 0x0000000087f00000, 0x0000000087f00000|100%| O|  |TAMS 0x0000000087f00000, 0x0000000087e00000| Untracked 
| 127|0x0000000087f00000, 0x0000000088000000, 0x0000000088000000|100%| O|  |TAMS 0x0000000088000000, 0x0000000087f00000| Untracked 
| 128|0x0000000088000000, 0x0000000088100000, 0x0000000088100000|100%| O|  |TAMS 0x0000000088100000, 0x0000000088000000| Untracked 
| 129|0x0000000088100000, 0x0000000088200000, 0x0000000088200000|100%| O|  |TAMS 0x0000000088200000, 0x0000000088100000| Untracked 
| 130|0x0000000088200000, 0x0000000088300000, 0x0000000088300000|100%| O|  |TAMS 0x0000000088300000, 0x0000000088200000| Untracked 
| 131|0x0000000088300000, 0x0000000088300000, 0x0000000088400000|  0%| F|  |TAMS 0x0000000088300000, 0x0000000088300000| Untracked 
| 132|0x0000000088400000, 0x0000000088400000, 0x0000000088500000|  0%| F|  |TAMS 0x0000000088400000, 0x0000000088400000| Untracked 
| 133|0x0000000088500000, 0x0000000088500000, 0x0000000088600000|  0%| F|  |TAMS 0x0000000088500000, 0x0000000088500000| Untracked 
| 134|0x0000000088600000, 0x0000000088600000, 0x0000000088700000|  0%| F|  |TAMS 0x0000000088600000, 0x0000000088600000| Untracked 
| 135|0x0000000088700000, 0x0000000088700000, 0x0000000088800000|  0%| F|  |TAMS 0x0000000088700000, 0x0000000088700000| Untracked 
| 136|0x0000000088800000, 0x0000000088800000, 0x0000000088900000|  0%| F|  |TAMS 0x0000000088800000, 0x0000000088800000| Untracked 
| 137|0x0000000088900000, 0x0000000088900000, 0x0000000088a00000|  0%| F|  |TAMS 0x0000000088900000, 0x0000000088900000| Untracked 
| 138|0x0000000088a00000, 0x0000000088a00000, 0x0000000088b00000|  0%| F|  |TAMS 0x0000000088a00000, 0x0000000088a00000| Untracked 
| 139|0x0000000088b00000, 0x0000000088b00000, 0x0000000088c00000|  0%| F|  |TAMS 0x0000000088b00000, 0x0000000088b00000| Untracked 
| 140|0x0000000088c00000, 0x0000000088c00000, 0x0000000088d00000|  0%| F|  |TAMS 0x0000000088c00000, 0x0000000088c00000| Untracked 
| 141|0x0000000088d00000, 0x0000000088d00000, 0x0000000088e00000|  0%| F|  |TAMS 0x0000000088d00000, 0x0000000088d00000| Untracked 
| 142|0x0000000088e00000, 0x0000000088e00000, 0x0000000088f00000|  0%| F|  |TAMS 0x0000000088e00000, 0x0000000088e00000| Untracked 
| 143|0x0000000088f00000, 0x0000000088f00000, 0x0000000089000000|  0%| F|  |TAMS 0x0000000088f00000, 0x0000000088f00000| Untracked 
| 144|0x0000000089000000, 0x0000000089000000, 0x0000000089100000|  0%| F|  |TAMS 0x0000000089000000, 0x0000000089000000| Untracked 
| 145|0x0000000089100000, 0x0000000089100000, 0x0000000089200000|  0%| F|  |TAMS 0x0000000089100000, 0x0000000089100000| Untracked 
| 146|0x0000000089200000, 0x0000000089200000, 0x0000000089300000|  0%| F|  |TAMS 0x0000000089200000, 0x0000000089200000| Untracked 
| 147|0x0000000089300000, 0x0000000089300000, 0x0000000089400000|  0%| F|  |TAMS 0x0000000089300000, 0x0000000089300000| Untracked 
| 148|0x0000000089400000, 0x0000000089400000, 0x0000000089500000|  0%| F|  |TAMS 0x0000000089400000, 0x0000000089400000| Untracked 
| 149|0x0000000089500000, 0x0000000089500000, 0x0000000089600000|  0%| F|  |TAMS 0x0000000089500000, 0x0000000089500000| Untracked 
| 150|0x0000000089600000, 0x0000000089600000, 0x0000000089700000|  0%| F|  |TAMS 0x0000000089600000, 0x0000000089600000| Untracked 
| 151|0x0000000089700000, 0x0000000089700000, 0x0000000089800000|  0%| F|  |TAMS 0x0000000089700000, 0x0000000089700000| Untracked 
| 152|0x0000000089800000, 0x0000000089800000, 0x0000000089900000|  0%| F|  |TAMS 0x0000000089800000, 0x0000000089800000| Untracked 
| 153|0x0000000089900000, 0x0000000089900000, 0x0000000089a00000|  0%| F|  |TAMS 0x0000000089900000, 0x0000000089900000| Untracked 
| 154|0x0000000089a00000, 0x0000000089a00000, 0x0000000089b00000|  0%| F|  |TAMS 0x0000000089a00000, 0x0000000089a00000| Untracked 
| 155|0x0000000089b00000, 0x0000000089b00000, 0x0000000089c00000|  0%| F|  |TAMS 0x0000000089b00000, 0x0000000089b00000| Untracked 
| 156|0x0000000089c00000, 0x0000000089c00000, 0x0000000089d00000|  0%| F|  |TAMS 0x0000000089c00000, 0x0000000089c00000| Untracked 
| 157|0x0000000089d00000, 0x0000000089d00000, 0x0000000089e00000|  0%| F|  |TAMS 0x0000000089d00000, 0x0000000089d00000| Untracked 
| 158|0x0000000089e00000, 0x0000000089e00000, 0x0000000089f00000|  0%| F|  |TAMS 0x0000000089e00000, 0x0000000089e00000| Untracked 
| 159|0x0000000089f00000, 0x0000000089f00000, 0x000000008a000000|  0%| F|  |TAMS 0x0000000089f00000, 0x0000000089f00000| Untracked 
| 160|0x000000008a000000, 0x000000008a000000, 0x000000008a100000|  0%| F|  |TAMS 0x000000008a000000, 0x000000008a000000| Untracked 
| 161|0x000000008a100000, 0x000000008a100000, 0x000000008a200000|  0%| F|  |TAMS 0x000000008a100000, 0x000000008a100000| Untracked 
| 162|0x000000008a200000, 0x000000008a200000, 0x000000008a300000|  0%| F|  |TAMS 0x000000008a200000, 0x000000008a200000| Untracked 
| 163|0x000000008a300000, 0x000000008a300000, 0x000000008a400000|  0%| F|  |TAMS 0x000000008a300000, 0x000000008a300000| Untracked 
| 164|0x000000008a400000, 0x000000008a400000, 0x000000008a500000|  0%| F|  |TAMS 0x000000008a400000, 0x000000008a400000| Untracked 
| 165|0x000000008a500000, 0x000000008a500000, 0x000000008a600000|  0%| F|  |TAMS 0x000000008a500000, 0x000000008a500000| Untracked 
| 166|0x000000008a600000, 0x000000008a600000, 0x000000008a700000|  0%| F|  |TAMS 0x000000008a600000, 0x000000008a600000| Untracked 
| 167|0x000000008a700000, 0x000000008a700000, 0x000000008a800000|  0%| F|  |TAMS 0x000000008a700000, 0x000000008a700000| Untracked 
| 168|0x000000008a800000, 0x000000008a800000, 0x000000008a900000|  0%| F|  |TAMS 0x000000008a800000, 0x000000008a800000| Untracked 
| 169|0x000000008a900000, 0x000000008a900000, 0x000000008aa00000|  0%| F|  |TAMS 0x000000008a900000, 0x000000008a900000| Untracked 
| 170|0x000000008aa00000, 0x000000008aa00000, 0x000000008ab00000|  0%| F|  |TAMS 0x000000008aa00000, 0x000000008aa00000| Untracked 
| 171|0x000000008ab00000, 0x000000008ab00000, 0x000000008ac00000|  0%| F|  |TAMS 0x000000008ab00000, 0x000000008ab00000| Untracked 
| 172|0x000000008ac00000, 0x000000008ac00000, 0x000000008ad00000|  0%| F|  |TAMS 0x000000008ac00000, 0x000000008ac00000| Untracked 
| 173|0x000000008ad00000, 0x000000008ad00000, 0x000000008ae00000|  0%| F|  |TAMS 0x000000008ad00000, 0x000000008ad00000| Untracked 
| 174|0x000000008ae00000, 0x000000008ae00000, 0x000000008af00000|  0%| F|  |TAMS 0x000000008ae00000, 0x000000008ae00000| Untracked 
| 175|0x000000008af00000, 0x000000008af00000, 0x000000008b000000|  0%| F|  |TAMS 0x000000008af00000, 0x000000008af00000| Untracked 
| 176|0x000000008b000000, 0x000000008b000000, 0x000000008b100000|  0%| F|  |TAMS 0x000000008b000000, 0x000000008b000000| Untracked 
| 177|0x000000008b100000, 0x000000008b100000, 0x000000008b200000|  0%| F|  |TAMS 0x000000008b100000, 0x000000008b100000| Untracked 
| 178|0x000000008b200000, 0x000000008b200000, 0x000000008b300000|  0%| F|  |TAMS 0x000000008b200000, 0x000000008b200000| Untracked 
| 179|0x000000008b300000, 0x000000008b300000, 0x000000008b400000|  0%| F|  |TAMS 0x000000008b300000, 0x000000008b300000| Untracked 
| 180|0x000000008b400000, 0x000000008b400000, 0x000000008b500000|  0%| F|  |TAMS 0x000000008b400000, 0x000000008b400000| Untracked 
| 181|0x000000008b500000, 0x000000008b500000, 0x000000008b600000|  0%| F|  |TAMS 0x000000008b500000, 0x000000008b500000| Untracked 
| 182|0x000000008b600000, 0x000000008b600000, 0x000000008b700000|  0%| F|  |TAMS 0x000000008b600000, 0x000000008b600000| Untracked 
| 183|0x000000008b700000, 0x000000008b700000, 0x000000008b800000|  0%| F|  |TAMS 0x000000008b700000, 0x000000008b700000| Untracked 
| 184|0x000000008b800000, 0x000000008b800000, 0x000000008b900000|  0%| F|  |TAMS 0x000000008b800000, 0x000000008b800000| Untracked 
| 185|0x000000008b900000, 0x000000008b900000, 0x000000008ba00000|  0%| F|  |TAMS 0x000000008b900000, 0x000000008b900000| Untracked 
| 186|0x000000008ba00000, 0x000000008ba00000, 0x000000008bb00000|  0%| F|  |TAMS 0x000000008ba00000, 0x000000008ba00000| Untracked 
| 187|0x000000008bb00000, 0x000000008bb00000, 0x000000008bc00000|  0%| F|  |TAMS 0x000000008bb00000, 0x000000008bb00000| Untracked 
| 188|0x000000008bc00000, 0x000000008bc00000, 0x000000008bd00000|  0%| F|  |TAMS 0x000000008bc00000, 0x000000008bc00000| Untracked 
| 189|0x000000008bd00000, 0x000000008bd00000, 0x000000008be00000|  0%| F|  |TAMS 0x000000008bd00000, 0x000000008bd00000| Untracked 
| 190|0x000000008be00000, 0x000000008be00000, 0x000000008bf00000|  0%| F|  |TAMS 0x000000008be00000, 0x000000008be00000| Untracked 
| 191|0x000000008bf00000, 0x000000008bf00000, 0x000000008c000000|  0%| F|  |TAMS 0x000000008bf00000, 0x000000008bf00000| Untracked 
| 192|0x000000008c000000, 0x000000008c0f8fb8, 0x000000008c100000| 97%| S|CS|TAMS 0x000000008c000000, 0x000000008c000000| Complete 
| 193|0x000000008c100000, 0x000000008c200000, 0x000000008c200000|100%| S|CS|TAMS 0x000000008c100000, 0x000000008c100000| Complete 
| 194|0x000000008c200000, 0x000000008c200000, 0x000000008c300000|  0%| F|  |TAMS 0x000000008c200000, 0x000000008c200000| Untracked 
| 195|0x000000008c300000, 0x000000008c300000, 0x000000008c400000|  0%| F|  |TAMS 0x000000008c300000, 0x000000008c300000| Untracked 
| 196|0x000000008c400000, 0x000000008c500000, 0x000000008c500000|100%| E|  |TAMS 0x000000008c400000, 0x000000008c400000| Complete 
| 197|0x000000008c500000, 0x000000008c600000, 0x000000008c600000|100%| E|CS|TAMS 0x000000008c500000, 0x000000008c500000| Complete 
| 198|0x000000008c600000, 0x000000008c700000, 0x000000008c700000|100%| E|CS|TAMS 0x000000008c600000, 0x000000008c600000| Complete 
| 199|0x000000008c700000, 0x000000008c800000, 0x000000008c800000|100%| E|CS|TAMS 0x000000008c700000, 0x000000008c700000| Complete 
| 200|0x000000008c800000, 0x000000008c900000, 0x000000008c900000|100%| E|CS|TAMS 0x000000008c800000, 0x000000008c800000| Complete 
| 201|0x000000008c900000, 0x000000008ca00000, 0x000000008ca00000|100%| E|CS|TAMS 0x000000008c900000, 0x000000008c900000| Complete 
| 202|0x000000008ca00000, 0x000000008cb00000, 0x000000008cb00000|100%| E|CS|TAMS 0x000000008ca00000, 0x000000008ca00000| Complete 

Card table byte_map: [0x00000193bc090000,0x00000193bc490000] _byte_map_base: 0x00000193bbc90000

Marking Bits (Prev, Next): (CMBitMap*) 0x00000193a35b9768, (CMBitMap*) 0x00000193a35b97a0
 Prev Bits: [0x00000193bc890000, 0x00000193be890000)
 Next Bits: [0x00000193be890000, 0x00000193c0890000)

Polling page: 0x00000193a3640000

Metaspace:

Usage:
  Non-class:     85.65 MB capacity,    83.71 MB ( 98%) used,     1.66 MB (  2%) free+waste,   291.56 KB ( <1%) overhead. 
      Class:     14.17 MB capacity,    12.82 MB ( 90%) used,     1.21 MB (  9%) free+waste,   139.94 KB ( <1%) overhead. 
       Both:     99.81 MB capacity,    96.53 MB ( 97%) used,     2.87 MB (  3%) free+waste,   431.50 KB ( <1%) overhead. 

Virtual space:
  Non-class space:       86.00 MB reserved,      85.88 MB (>99%) committed 
      Class space:      504.00 MB reserved,      14.20 MB (  3%) committed 
             Both:      590.00 MB reserved,     100.07 MB ( 17%) committed 

Chunk freelists:
   Non-Class:  5.25 KB
       Class:  2.50 KB
        Both:  7.75 KB

CodeHeap 'non-profiled nmethods': size=120064Kb used=7522Kb max_used=7522Kb free=112541Kb
 bounds [0x00000193b3f10000, 0x00000193b4670000, 0x00000193bb450000]
CodeHeap 'profiled nmethods': size=120000Kb used=27414Kb max_used=27414Kb free=92585Kb
 bounds [0x00000193ac9e0000, 0x00000193ae4b0000, 0x00000193b3f10000]
CodeHeap 'non-nmethods': size=5696Kb used=2308Kb max_used=2361Kb free=3387Kb
 bounds [0x00000193ac450000, 0x00000193ac6c0000, 0x00000193ac9e0000]
 total_blobs=13076 nmethods=12152 adapters=835
 compilation: enabled
              stopped_count=0, restarted_count=0
 full_count=0

Compilation events (10 events):
Event: 108.866 Thread 0x00000193c3ae8800 nmethod 12208 0x00000193ae4a3510 code [0x00000193ae4a36c0, 0x00000193ae4a38f8]
Event: 108.868 Thread 0x00000193c3a88000 12209       4       org.gradle.internal.logging.sink.OutputEventTransformer::onOutput (399 bytes)
Event: 108.875 Thread 0x00000193c3ae8800 12211       3       com.google.common.collect.Lists::newArrayListWithExpectedSize (12 bytes)
Event: 108.875 Thread 0x00000193c3ae8800 nmethod 12211 0x00000193ae4a3a10 code [0x00000193ae4a3be0, 0x00000193ae4a3f58]
Event: 108.876 Thread 0x00000193c3ae8800 12213       3       com.android.build.api.variant.impl.FileBasedDirectoryEntryImpl::asFiles (44 bytes)
Event: 108.876 Thread 0x00000193c3ae8800 nmethod 12213 0x00000193ae4a4090 code [0x00000193ae4a42e0, 0x00000193ae4a4c18]
Event: 108.876 Thread 0x00000193c3ae8800 12214       3       com.android.build.gradle.internal.services.VariantServicesImpl::directoryProperty (55 bytes)
Event: 108.877 Thread 0x00000193c3ae8800 nmethod 12214 0x00000193ae4a4f10 code [0x00000193ae4a50e0, 0x00000193ae4a5418]
Event: 108.877 Thread 0x00000193c3ae8800 12212       3       com.google.common.collect.Lists::computeArrayListCapacity (23 bytes)
Event: 108.877 Thread 0x00000193c3ae8800 nmethod 12212 0x00000193ae4a5610 code [0x00000193ae4a57c0, 0x00000193ae4a5a28]

GC Heap History (10 events):
Event: 106.709 GC heap before
{Heap before GC invocations=90 (full 0):
 garbage-first heap   total 154624K, used 138145K [0x0000000080000000, 0x0000000100000000)
  region size 1024K, 7 young (7168K), 1 survivors (1024K)
 Metaspace       used 97864K, capacity 101215K, committed 101452K, reserved 604160K
  class space    used 12951K, capacity 14263K, committed 14284K, reserved 516096K
}
Event: 106.712 GC heap after
{Heap after GC invocations=91 (full 0):
 garbage-first heap   total 154624K, used 132844K [0x0000000080000000, 0x0000000100000000)
  region size 1024K, 1 young (1024K), 1 survivors (1024K)
 Metaspace       used 97864K, capacity 101215K, committed 101452K, reserved 604160K
  class space    used 12951K, capacity 14263K, committed 14284K, reserved 516096K
}
Event: 107.348 GC heap before
{Heap before GC invocations=91 (full 0):
 garbage-first heap   total 154624K, used 137964K [0x0000000080000000, 0x0000000100000000)
  region size 1024K, 7 young (7168K), 1 survivors (1024K)
 Metaspace       used 98115K, capacity 101561K, committed 101836K, reserved 604160K
  class space    used 13004K, capacity 14316K, committed 14412K, reserved 516096K
}
Event: 107.351 GC heap after
{Heap after GC invocations=92 (full 0):
 garbage-first heap   total 154624K, used 133241K [0x0000000080000000, 0x0000000100000000)
  region size 1024K, 1 young (1024K), 1 survivors (1024K)
 Metaspace       used 98115K, capacity 101561K, committed 101836K, reserved 604160K
  class space    used 13004K, capacity 14316K, committed 14412K, reserved 516096K
}
Event: 107.532 GC heap before
{Heap before GC invocations=92 (full 0):
 garbage-first heap   total 154624K, used 139385K [0x0000000080000000, 0x0000000100000000)
  region size 1024K, 7 young (7168K), 1 survivors (1024K)
 Metaspace       used 98290K, capacity 101741K, committed 101836K, reserved 604160K
  class space    used 13037K, capacity 14396K, committed 14412K, reserved 516096K
}
Event: 107.548 GC heap after
{Heap after GC invocations=93 (full 0):
 garbage-first heap   total 154624K, used 133757K [0x0000000080000000, 0x0000000100000000)
  region size 1024K, 1 young (1024K), 1 survivors (1024K)
 Metaspace       used 98290K, capacity 101741K, committed 101836K, reserved 604160K
  class space    used 13037K, capacity 14396K, committed 14412K, reserved 516096K
}
Event: 107.769 GC heap before
{Heap before GC invocations=94 (full 0):
 garbage-first heap   total 154624K, used 139901K [0x0000000080000000, 0x0000000100000000)
  region size 1024K, 7 young (7168K), 1 survivors (1024K)
 Metaspace       used 98398K, capacity 101850K, committed 101964K, reserved 604160K
  class space    used 13057K, capacity 14431K, committed 14540K, reserved 516096K
}
Event: 107.773 GC heap after
{Heap after GC invocations=95 (full 0):
 garbage-first heap   total 207872K, used 134284K [0x0000000080000000, 0x0000000100000000)
  region size 1024K, 1 young (1024K), 1 survivors (1024K)
 Metaspace       used 98398K, capacity 101850K, committed 101964K, reserved 604160K
  class space    used 13057K, capacity 14431K, committed 14540K, reserved 516096K
}
Event: 108.412 GC heap before
{Heap before GC invocations=95 (full 0):
 garbage-first heap   total 207872K, used 143500K [0x0000000080000000, 0x0000000100000000)
  region size 1024K, 10 young (10240K), 1 survivors (1024K)
 Metaspace       used 98633K, capacity 102108K, committed 102220K, reserved 604160K
  class space    used 13101K, capacity 14474K, committed 14540K, reserved 516096K
}
Event: 108.416 GC heap after
{Heap after GC invocations=96 (full 0):
 garbage-first heap   total 207872K, used 135279K [0x0000000080000000, 0x0000000100000000)
  region size 1024K, 2 young (2048K), 2 survivors (2048K)
 Metaspace       used 98633K, capacity 102108K, committed 102220K, reserved 604160K
  class space    used 13101K, capacity 14474K, committed 14540K, reserved 516096K
}

Deoptimization events (10 events):
Event: 107.517 Thread 0x00000193c50ad800 Uncommon trap: reason=null_check action=make_not_entrant pc=0x00000193b40cb4d0 method=jdk.internal.loader.URLClassPath$JarLoader.getResource(Ljava/lang/String;ZLjava/util/Set;)Ljdk/internal/loader/Resource; @ 92 c2
Event: 107.728 Thread 0x00000193c50ad800 Uncommon trap: reason=null_check action=make_not_entrant pc=0x00000193b440d6e8 method=com.sun.beans.introspect.MethodInfo$MethodOrder.compare(Ljava/lang/reflect/Method;Ljava/lang/reflect/Method;)I @ 133 c2
Event: 108.148 Thread 0x00000193c50ad800 Uncommon trap: reason=bimorphic_or_optimized_type_check action=maybe_recompile pc=0x00000193b4577ff8 method=org.gradle.internal.logging.sink.OutputEventRenderer.onOutput(Lorg/gradle/internal/logging/events/OutputEvent;)V @ 1 c2
Event: 108.150 Thread 0x00000193c50ad800 Uncommon trap: reason=class_check action=maybe_recompile pc=0x00000193b456cf30 method=org.gradle.internal.logging.sink.OutputEventTransformer.onOutput(Lorg/gradle/internal/logging/events/OutputEvent;)V @ 225 c2
Event: 108.152 Thread 0x00000193c50ad800 Uncommon trap: reason=bimorphic_or_optimized_type_check action=maybe_recompile pc=0x00000193b4577ff8 method=org.gradle.internal.logging.sink.OutputEventRenderer.onOutput(Lorg/gradle/internal/logging/events/OutputEvent;)V @ 1 c2
Event: 108.152 Thread 0x00000193c50ad800 Uncommon trap: reason=class_check action=maybe_recompile pc=0x00000193b456cf30 method=org.gradle.internal.logging.sink.OutputEventTransformer.onOutput(Lorg/gradle/internal/logging/events/OutputEvent;)V @ 225 c2
Event: 108.785 Thread 0x00000193c50ad800 Uncommon trap: reason=bimorphic_or_optimized_type_check action=maybe_recompile pc=0x00000193b40cf4d0 method=java.lang.Throwable.<init>(Ljava/lang/String;Ljava/lang/Throwable;)V @ 24 c2
Event: 108.827 Thread 0x00000193c50ad800 Uncommon trap: reason=unstable_if action=reinterpret pc=0x00000193b4336410 method=org.gradle.internal.logging.slf4j.OutputEventListenerBackedLogger.isLevelAtMost(Lorg/gradle/api/logging/LogLevel;)Z @ 11 c2
Event: 108.827 Thread 0x00000193c50ad800 Uncommon trap: reason=bimorphic_or_optimized_type_check action=maybe_recompile pc=0x00000193b4577ff8 method=org.gradle.internal.logging.sink.OutputEventRenderer.onOutput(Lorg/gradle/internal/logging/events/OutputEvent;)V @ 1 c2
Event: 108.827 Thread 0x00000193c50ad800 Uncommon trap: reason=class_check action=maybe_recompile pc=0x00000193b456cf30 method=org.gradle.internal.logging.sink.OutputEventTransformer.onOutput(Lorg/gradle/internal/logging/events/OutputEvent;)V @ 225 c2

Classes redefined (0 events):
No events

Internal exceptions (10 events):
Event: 108.410 Thread 0x00000193c50ad800 Exception <a 'java/lang/ClassNotFoundException'{0x000000008c2c6bd8}: org/gradle/api/tasks/AbstractCopyTaskBeanInfo> (0x000000008c2c6bd8) thrown at [./open/src/hotspot/share/classfile/systemDictionary.cpp, line 226]
Event: 108.418 Thread 0x00000193c50ad800 Exception <a 'java/lang/ClassNotFoundException'{0x000000008c117c88}: org/gradle/api/tasks/AbstractCopyTaskCustomizer> (0x000000008c117c88) thrown at [./open/src/hotspot/share/classfile/systemDictionary.cpp, line 226]
Event: 108.440 Thread 0x00000193c50ad800 Exception <a 'java/lang/ClassNotFoundException'{0x000000008caa14d0}: org/gradle/api/tasks/CopyCustomizer> (0x000000008caa14d0) thrown at [./open/src/hotspot/share/classfile/systemDictionary.cpp, line 226]
Event: 108.449 Thread 0x00000193c50ad800 Exception <a 'java/lang/ClassNotFoundException'{0x000000008caeefb0}: org/gradle/api/tasks/Copy_DecoratedCustomizer> (0x000000008caeefb0) thrown at [./open/src/hotspot/share/classfile/systemDictionary.cpp, line 226]
Event: 108.715 Thread 0x00000193c50ad800 Exception <a 'java/lang/ClassNotFoundException'{0x000000008c8c6338}: org/gradle/configuration/internal/DefaultListenerBuildOperationDecorator$BuildOperationEmittingClosureBeanInfo> (0x000000008c8c6338) thrown at [./open/src/hotspot/share/classfile/systemD
Event: 108.717 Thread 0x00000193c50ad800 Exception <a 'java/lang/ClassNotFoundException'{0x000000008c717368}: org/gradle/configuration/internal/DefaultListenerBuildOperationDecorator$BuildOperationEmittingClosureCustomizer> (0x000000008c717368) thrown at [./open/src/hotspot/share/classfile/syste
Event: 108.722 Thread 0x00000193c50ad800 Exception <a 'java/lang/ClassNotFoundException'{0x000000008c79dd68}: org/gradle/api/internal/artifacts/dsl/DefaultArtifactHandler_DecoratedBeanInfo> (0x000000008c79dd68) thrown at [./open/src/hotspot/share/classfile/systemDictionary.cpp, line 226]
Event: 108.725 Thread 0x00000193c50ad800 Exception <a 'java/lang/ClassNotFoundException'{0x000000008c7ea3a0}: org/gradle/api/internal/artifacts/dsl/DefaultArtifactHandlerBeanInfo> (0x000000008c7ea3a0) thrown at [./open/src/hotspot/share/classfile/systemDictionary.cpp, line 226]
Event: 108.726 Thread 0x00000193c50ad800 Exception <a 'java/lang/ClassNotFoundException'{0x000000008c636ec0}: org/gradle/api/internal/artifacts/dsl/DefaultArtifactHandlerCustomizer> (0x000000008c636ec0) thrown at [./open/src/hotspot/share/classfile/systemDictionary.cpp, line 226]
Event: 108.728 Thread 0x00000193c50ad800 Exception <a 'java/lang/ClassNotFoundException'{0x000000008c68c930}: org/gradle/api/internal/artifacts/dsl/DefaultArtifactHandler_DecoratedCustomizer> (0x000000008c68c930) thrown at [./open/src/hotspot/share/classfile/systemDictionary.cpp, line 226]

Events (10 events):
Event: 108.845 loading class java/io/ObjectOutputStream$HandleTable
Event: 108.845 loading class java/io/ObjectOutputStream$HandleTable done
Event: 108.845 loading class java/io/ObjectOutputStream$ReplaceTable
Event: 108.846 loading class java/io/ObjectOutputStream$ReplaceTable done
Event: 108.846 loading class java/io/Bits
Event: 108.846 loading class java/io/Bits done
Event: 108.846 loading class org/gradle/internal/serialize/ExceptionReplacingObjectOutputStream$1
Event: 108.846 loading class org/gradle/internal/serialize/ExceptionReplacingObjectOutputStream$1 done
Event: 108.896 loading class groovy/runtime/metaclass/org/gradle/api/tasks/compile/JavaCompile_DecoratedMetaClass
Event: 108.896 loading class groovy/runtime/metaclass/org/gradle/api/tasks/compile/JavaCompile_DecoratedMetaClass done


Dynamic libraries:
0x00007ff6dcde0000 - 0x00007ff6dcdf0000 	C:\Program Files\Java\jdk-11\bin\java.exe
0x00007ffc0c510000 - 0x00007ffc0c724000 	C:\WINDOWS\SYSTEM32\ntdll.dll
0x00007ffc0b780000 - 0x00007ffc0b842000 	C:\WINDOWS\System32\KERNEL32.DLL
0x00007ffc09940000 - 0x00007ffc09ce3000 	C:\WINDOWS\System32\KERNELBASE.dll
0x00007ffc0a150000 - 0x00007ffc0a261000 	C:\WINDOWS\System32\ucrtbase.dll
0x00007ffbd4f30000 - 0x00007ffbd4f48000 	C:\Program Files\Java\jdk-11\bin\jli.dll
0x00007ffc0bcb0000 - 0x00007ffc0bd5e000 	C:\WINDOWS\System32\ADVAPI32.dll
0x00007ffc0bb80000 - 0x00007ffc0bc27000 	C:\WINDOWS\System32\msvcrt.dll
0x00007ffc0a8a0000 - 0x00007ffc0a944000 	C:\WINDOWS\System32\sechost.dll
0x00007ffc0ac00000 - 0x00007ffc0ad17000 	C:\WINDOWS\System32\RPCRT4.dll
0x00007ffbd9710000 - 0x00007ffbd972b000 	C:\Program Files\Java\jdk-11\bin\VCRUNTIME140.dll
0x00007ffc0b5d0000 - 0x00007ffc0b77b000 	C:\WINDOWS\System32\USER32.dll
0x00007ffc09910000 - 0x00007ffc09936000 	C:\WINDOWS\System32\win32u.dll
0x00007ffc0baa0000 - 0x00007ffc0bac9000 	C:\WINDOWS\System32\GDI32.dll
0x00007ffc0a030000 - 0x00007ffc0a149000 	C:\WINDOWS\System32\gdi32full.dll
0x00007ffbf56b0000 - 0x00007ffbf593e000 	C:\WINDOWS\WinSxS\amd64_microsoft.windows.common-controls_6595b64144ccf1df_6.0.22621.1635_none_270f70857386168e\COMCTL32.dll
0x00007ffc09d60000 - 0x00007ffc09dfa000 	C:\WINDOWS\System32\msvcp_win.dll
0x00007ffc01300000 - 0x00007ffc0130a000 	C:\WINDOWS\SYSTEM32\VERSION.dll
0x00007ffc0bae0000 - 0x00007ffc0bb11000 	C:\WINDOWS\System32\IMM32.DLL
0x00007ffbf7820000 - 0x00007ffbf782c000 	C:\Program Files\Java\jdk-11\bin\vcruntime140_1.dll
0x00007ffba2470000 - 0x00007ffba24fe000 	C:\Program Files\Java\jdk-11\bin\msvcp140.dll
0x00007ffb75440000 - 0x00007ffb75fa8000 	C:\Program Files\Java\jdk-11\bin\server\jvm.dll
0x00007ffc0bad0000 - 0x00007ffc0bad8000 	C:\WINDOWS\System32\PSAPI.DLL
0x00007ffbb7330000 - 0x00007ffbb7339000 	C:\WINDOWS\SYSTEM32\WSOCK32.dll
0x00007ffc0bc30000 - 0x00007ffc0bca1000 	C:\WINDOWS\System32\WS2_32.dll
0x00007ffc038b0000 - 0x00007ffc038e4000 	C:\WINDOWS\SYSTEM32\WINMM.dll
0x00007ffc08960000 - 0x00007ffc08978000 	C:\WINDOWS\SYSTEM32\kernel.appcore.dll
0x00007ffbef250000 - 0x00007ffbef260000 	C:\Program Files\Java\jdk-11\bin\verify.dll
0x00007ffc01e70000 - 0x00007ffc0209e000 	C:\WINDOWS\SYSTEM32\DBGHELP.DLL
0x00007ffc0a360000 - 0x00007ffc0a6e9000 	C:\WINDOWS\System32\combase.dll
0x00007ffc0bdc0000 - 0x00007ffc0be97000 	C:\WINDOWS\System32\OLEAUT32.dll
0x00007ffbf8c70000 - 0x00007ffbf8ca2000 	C:\WINDOWS\SYSTEM32\dbgcore.DLL
0x00007ffc0a270000 - 0x00007ffc0a2eb000 	C:\WINDOWS\System32\bcryptPrimitives.dll
0x00007ffbd4e80000 - 0x00007ffbd4ea8000 	C:\Program Files\Java\jdk-11\bin\java.dll
0x00007ffbe3840000 - 0x00007ffbe384a000 	C:\Program Files\Java\jdk-11\bin\jimage.dll
0x00007ffbd44c0000 - 0x00007ffbd44d7000 	C:\Program Files\Java\jdk-11\bin\zip.dll
0x00007ffc0adc0000 - 0x00007ffc0b5ba000 	C:\WINDOWS\System32\SHELL32.dll
0x00007ffc07910000 - 0x00007ffc081de000 	C:\WINDOWS\SYSTEM32\windows.storage.dll
0x00007ffc077d0000 - 0x00007ffc0790e000 	C:\WINDOWS\SYSTEM32\wintypes.dll
0x00007ffc0a950000 - 0x00007ffc0aa41000 	C:\WINDOWS\System32\SHCORE.dll
0x00007ffc0bb20000 - 0x00007ffc0bb7e000 	C:\WINDOWS\System32\shlwapi.dll
0x00007ffc09840000 - 0x00007ffc09861000 	C:\WINDOWS\SYSTEM32\profapi.dll
0x00007ffbd44a0000 - 0x00007ffbd44b9000 	C:\Program Files\Java\jdk-11\bin\net.dll
0x00007ffc032d0000 - 0x00007ffc03407000 	C:\WINDOWS\SYSTEM32\WINHTTP.dll
0x00007ffc08dd0000 - 0x00007ffc08e39000 	C:\WINDOWS\system32\mswsock.dll
0x00007ffbbdc80000 - 0x00007ffbbdc92000 	C:\Program Files\Java\jdk-11\bin\nio.dll
0x00007ffbbc780000 - 0x00007ffbbc7a7000 	C:\Users\Rahul rohilla\.gradle\native\e1d6ef7f7dcc3fd88c89a11ec53ec762bb8ba0a96d01ffa2cd45eb1d1d8dd5c5\windows-amd64\native-platform.dll
0x00007ffb98dc0000 - 0x00007ffb98f04000 	C:\Users\Rahul rohilla\.gradle\native\0d407fdbe67a94daf76414ababcb853783967236a71b16ec16e742cd7a986fd3\windows-amd64\native-platform-file-events.dll
0x00007ffbe2430000 - 0x00007ffbe2439000 	C:\Program Files\Java\jdk-11\bin\management.dll
0x00007ffbdfa50000 - 0x00007ffbdfa5b000 	C:\Program Files\Java\jdk-11\bin\management_ext.dll
0x00007ffc09030000 - 0x00007ffc0904b000 	C:\WINDOWS\SYSTEM32\CRYPTSP.dll
0x00007ffc088d0000 - 0x00007ffc08905000 	C:\WINDOWS\system32\rsaenh.dll
0x00007ffc08ed0000 - 0x00007ffc08ef8000 	C:\WINDOWS\SYSTEM32\USERENV.dll
0x00007ffc091d0000 - 0x00007ffc091f8000 	C:\WINDOWS\SYSTEM32\bcrypt.dll
0x00007ffc09050000 - 0x00007ffc0905c000 	C:\WINDOWS\SYSTEM32\CRYPTBASE.dll
0x00007ffc08480000 - 0x00007ffc084ad000 	C:\WINDOWS\SYSTEM32\IPHLPAPI.DLL
0x00007ffc0b5c0000 - 0x00007ffc0b5c9000 	C:\WINDOWS\System32\NSI.dll
0x00007ffc02a40000 - 0x00007ffc02a59000 	C:\WINDOWS\SYSTEM32\dhcpcsvc6.DLL
0x00007ffc021a0000 - 0x00007ffc021bf000 	C:\WINDOWS\SYSTEM32\dhcpcsvc.DLL
0x00007ffc084b0000 - 0x00007ffc085a3000 	C:\WINDOWS\SYSTEM32\DNSAPI.dll

dbghelp: loaded successfully - version: 4.0.5 - missing functions: none
symbol engine: initialized successfully - sym options: 0x614 - pdb path: .;C:\Program Files\Java\jdk-11\bin;C:\WINDOWS\SYSTEM32;C:\WINDOWS\WinSxS\amd64_microsoft.windows.common-controls_6595b64144ccf1df_6.0.22621.1635_none_270f70857386168e;C:\Program Files\Java\jdk-11\bin\server;C:\Users\Rahul rohilla\.gradle\native\e1d6ef7f7dcc3fd88c89a11ec53ec762bb8ba0a96d01ffa2cd45eb1d1d8dd5c5\windows-amd64;C:\Users\Rahul rohilla\.gradle\native\0d407fdbe67a94daf76414ababcb853783967236a71b16ec16e742cd7a986fd3\windows-amd64

VM Arguments:
jvm_args: -XX:MaxMetaspaceSize=512m --add-opens=java.base/java.util=ALL-UNNAMED --add-opens=java.base/java.lang=ALL-UNNAMED --add-opens=java.base/java.lang.invoke=ALL-UNNAMED --add-opens=java.base/java.util=ALL-UNNAMED --add-opens=java.prefs/java.util.prefs=ALL-UNNAMED --add-opens=java.prefs/java.util.prefs=ALL-UNNAMED --add-opens=java.base/java.nio.charset=ALL-UNNAMED --add-opens=java.base/java.net=ALL-UNNAMED --add-opens=java.base/java.util.concurrent.atomic=ALL-UNNAMED -Xmx2048m -Dfile.encoding=windows-1252 -Duser.country=US -Duser.language=en -Duser.variant 
java_command: org.gradle.launcher.daemon.bootstrap.GradleDaemon 7.5.1
java_class_path (initial): C:\Users\Rahul rohilla\.gradle\wrapper\dists\gradle-7.5.1-all\1ehga6e77gqps5uk2kc5kf1vc\gradle-7.5.1\lib\gradle-launcher-7.5.1.jar
Launcher Type: SUN_STANDARD

[Global flags]
     intx CICompilerCount                          = 3                                         {product} {ergonomic}
   size_t CompressedClassSpaceSize                 = 528482304                                 {product} {ergonomic}
     uint ConcGCThreads                            = 2                                         {product} {ergonomic}
     uint G1ConcRefinementThreads                  = 6                                         {product} {ergonomic}
   size_t G1HeapRegionSize                         = 1048576                                   {product} {ergonomic}
    uintx GCDrainStackTargetSize                   = 64                                        {product} {ergonomic}
   size_t InitialHeapSize                          = 125829120                                 {product} {ergonomic}
   size_t MarkStackSize                            = 4194304                                   {product} {ergonomic}
   size_t MaxHeapSize                              = 2147483648                                {product} {command line}
   size_t MaxMetaspaceSize                         = 536870912                                 {product} {command line}
   size_t MaxNewSize                               = 1287651328                                {product} {ergonomic}
   size_t MinHeapDeltaBytes                        = 1048576                                   {product} {ergonomic}
    uintx NonNMethodCodeHeapSize                   = 5830732                                {pd product} {ergonomic}
    uintx NonProfiledCodeHeapSize                  = 122913754                              {pd product} {ergonomic}
    uintx ProfiledCodeHeapSize                     = 122913754                              {pd product} {ergonomic}
    uintx ReservedCodeCacheSize                    = 251658240                              {pd product} {ergonomic}
     bool SegmentedCodeCache                       = true                                      {product} {ergonomic}
     bool UseCompressedClassPointers               = true                                 {lp64_product} {ergonomic}
     bool UseCompressedOops                        = true                                 {lp64_product} {ergonomic}
     bool UseG1GC                                  = true                                      {product} {ergonomic}
     bool UseLargePagesIndividualAllocation        = false                                  {pd product} {ergonomic}

Logging:
Log output configuration:
 #0: stdout all=warning uptime,level,tags
 #1: stderr all=off uptime,level,tags

Environment Variables:
JAVA_HOME=C:\Program Files\Java\jdk-11
CLASSPATH=D:\Join-zeroda-master\JoinZeroda\android\\gradle\wrapper\gradle-wrapper.jar
PATH=D:\Join-zeroda-master\JoinZeroda\android\node_modules\.bin;D:\Join-zeroda-master\JoinZeroda\node_modules\.bin;D:\Join-zeroda-master\node_modules\.bin;D:\node_modules\.bin;C:\Program Files\nodejs;D:\Join-zeroda-master\JoinZeroda\node_modules\.bin;D:\Join-zeroda-master\node_modules\.bin;D:\node_modules\.bin;C:\Program Files\nodejs\node_modules\npm\node_modules\@npmcli\run-script\lib\node-gyp-bin;D:\Join-zeroda-master\JoinZeroda\node_modules\.bin;D:\Join-zeroda-master\node_modules\.bin;D:\node_modules\.bin;C:\Program Files\nodejs;C:\Users\RAHULR~1\AppData\Local\Temp\yarn--1685810649417-0.18240431727045325;D:\Join-zeroda-master\joinzeroda\node_modules\.bin;C:\Users\Rahul rohilla\AppData\Local\Yarn\Data\link\node_modules\.bin;C:\Users\Rahul rohilla\AppData\Local\Yarn\bin;C:\Program Files\libexec\lib\node_modules\npm\bin\node-gyp-bin;C:\Program Files\lib\node_modules\npm\bin\node-gyp-bin;C:\Program Files\nodejs\node_modules\npm\bin\node-gyp-bin;C:\Program Files\Common Files\Oracle\Java\javapath;C:\WINDOWS\system32;C:\WINDOWS;C:\WINDOWS\System32\Wbem;C:\WINDOWS\System32\WindowsPowerShell\v1.0\;C:\WINDOWS\System32\OpenSSH\;C:\Program Files\nodejs\;C:\Program Files\Java\jdk-11\bin;C:\Users\Rahul rohilla\AppData\Local\Android\Sdk\platform-tools;C:\Program Files\Git\cmd;C:\Users\Rahul rohilla\AppData\Local\Microsoft\WindowsApps;C:\Users\Rahul rohilla\AppData\Roaming\npm;C:\Users\Rahul rohilla\AppData\Local\Programs\Microsoft VS Code\bin
USERNAME=Rahul rohilla
OS=Windows_NT
PROCESSOR_IDENTIFIER=AMD64 Family 23 Model 96 Stepping 1, AuthenticAMD



---------------  S Y S T E M  ---------------

OS: Windows 11 , 64 bit Build 22621 (10.0.22621.1776)

CPU:total 6 (initial active 6) (6 cores per cpu, 1 threads per core) family 23 model 96 stepping 1 microcode 0x0, cmov, cx8, fxsr, mmx, sse, sse2, sse3, ssse3, sse4.1, sse4.2, popcnt, avx, avx2, aes, clmul, mmxext, 3dnowpref, lzcnt, sse4a, tsc, tscinvbit, tscinv, bmi1, bmi2, adx, sha, 

Memory: 4k page, system-wide physical 7579M (31M free)
TotalPageFile size 23062M (AvailPageFile size 5M)
current process WorkingSet (physical memory assigned to process): 282M, peak: 308M
current process commit charge ("private bytes"): 516M, peak: 518M

vm_info: Java HotSpot(TM) 64-Bit Server VM (11.0.18+9-LTS-195) for windows-amd64 JRE (11.0.18+9-LTS-195), built on Dec  6 2022 15:50:58 by "mach5one" with MS VC++ 17.1 (VS2022)

END.
