#
# There is insufficient memory for the Java Runtime Environment to continue.
# Native memory allocation (mmap) failed to map 266338304 bytes for Failed to commit area from 0x0000000702400000 to 0x0000000712200000 of length 266338304.
# Possible reasons:
#   The system is out of physical RAM or swap space
#   The process is running with CompressedOops enabled, and the Java Heap may be blocking the growth of the native heap
# Possible solutions:
#   Reduce memory load on the system
#   Increase physical memory or swap space
#   Check if swap backing store is full
#   Decrease Java heap size (-Xmx/-Xms)
#   Decrease number of Java threads
#   Decrease Java thread stack sizes (-Xss)
#   Set larger code cache with -XX:ReservedCodeCacheSize=
# This output file may be truncated or incomplete.
#
#  Out of Memory Error (./open/src/hotspot/os/windows/os_windows.cpp:3292), pid=17652, tid=15956
#
# JRE version:  (11.0.19+9) (build )
# Java VM: Java HotSpot(TM) 64-Bit Server VM (11.0.19+9-LTS-224, mixed mode, sharing, tiered, compressed oops, g1 gc, windows-amd64)
# No core dump will be written. Minidumps are not enabled by default on client versions of Windows
#

---------------  S U M M A R Y ------------

Command Line: org.jetbrains.kotlin.cli.jvm.K2JVMCompiler @C:\Users\RahulRohilla\Projects\Join-zeroda-master\JoinZeroda\node_modules\react-native-safe-area-context\android\build\20230910_13360392784887058731.compiler.options

Host: Intel(R) Core(TM) i5-8350U CPU @ 1.70GHz, 8 cores, 15G,  Windows 11 , 64 bit Build 22621 (10.0.22621.2199)
Time: Sun Sep 10 12:27:20 2023 India Standard Time elapsed time: 0.028836 seconds (0d 0h 0m 0s)

---------------  T H R E A D  ---------------

Current thread (0x00000204a0fc5800):  JavaThread "Unknown thread" [_thread_in_vm, id=15956, stack(0x000000c5b3700000,0x000000c5b3800000)]

Stack: [0x000000c5b3700000,0x000000c5b3800000]
Native frames: (J=compiled Java code, j=interpreted, Vv=VM code, C=native code)
V  [jvm.dll+0x65fe1a]
V  [jvm.dll+0x7a2bbf]
V  [jvm.dll+0x7a4289]
V  [jvm.dll+0x7a4923]
V  [jvm.dll+0x258a25]
V  [jvm.dll+0x65d179]
V  [jvm.dll+0x651e55]
V  [jvm.dll+0x31302d]
V  [jvm.dll+0x312e92]
V  [jvm.dll+0x317ac6]
V  [jvm.dll+0x35fbc0]
V  [jvm.dll+0x35f632]
V  [jvm.dll+0x2ee6b8]
V  [jvm.dll+0x2ef7c5]
V  [jvm.dll+0x77bc17]
V  [jvm.dll+0x77d4ff]
V  [jvm.dll+0x36ce69]
V  [jvm.dll+0x76070f]
V  [jvm.dll+0x3defe7]
V  [jvm.dll+0x3e1091]
C  [jli.dll+0x52e7]
C  [ucrtbase.dll+0x29363]
C  [KERNEL32.DLL+0x1257d]
C  [ntdll.dll+0x5aa78]


---------------  P R O C E S S  ---------------

Threads class SMR info:
_java_thread_list=0x000002049ed8d730, length=0, elements={
}

Java Threads: ( => current thread )

Other Threads:
  0x00000204a0fd9800 GCTaskThread "GC Thread#0" [stack: 0x000000c5b3800000,0x000000c5b3900000] [id=28704]
  0x00000204a1036800 ConcurrentGCThread "G1 Main Marker" [stack: 0x000000c5b3900000,0x000000c5b3a00000] [id=41440]
  0x00000204a103b000 ConcurrentGCThread "G1 Conc#0" [stack: 0x000000c5b3a00000,0x000000c5b3b00000] [id=44260]

[error occurred during error reporting (printing all threads), id 0xc0000005, EXCEPTION_ACCESS_VIOLATION (0xc0000005) at pc=0x00007ff95c93f177]

VM state:not at safepoint (not fully initialized)

VM Mutex/Monitor currently owned by a thread:  ([mutex/lock_event])
[0x00000204a0fc1400] Heap_lock - owner thread: 0x00000204a0fc5800

Heap address: 0x0000000702400000, size: 4060 MB, Compressed Oops mode: Non-zero based: 0x0000000702400000
Narrow klass base: 0x0000000000000000, Narrow klass shift: 0

GC Heap History (0 events):
No events

Deoptimization events (0 events):
No events

Classes redefined (0 events):
No events

Internal exceptions (0 events):
No events

Events (0 events):
No events


Dynamic libraries:
0x00007ff604880000 - 0x00007ff604890000 	C:\Program Files\Java\jdk-11\bin\java.exe
0x00007ff9e9ed0000 - 0x00007ff9ea0e7000 	C:\WINDOWS\SYSTEM32\ntdll.dll
0x00007ff9e82f0000 - 0x00007ff9e83b4000 	C:\WINDOWS\System32\KERNEL32.DLL
0x00007ff9e74a0000 - 0x00007ff9e7845000 	C:\WINDOWS\System32\KERNELBASE.dll
0x00007ff9e7a70000 - 0x00007ff9e7b81000 	C:\WINDOWS\System32\ucrtbase.dll
0x00007ff9c3d70000 - 0x00007ff9c3d89000 	C:\Program Files\Java\jdk-11\bin\jli.dll
0x00007ff9e8f70000 - 0x00007ff9e9020000 	C:\WINDOWS\System32\ADVAPI32.dll
0x00007ff9e8ea0000 - 0x00007ff9e8f47000 	C:\WINDOWS\System32\msvcrt.dll
0x00007ff9e8df0000 - 0x00007ff9e8e96000 	C:\WINDOWS\System32\sechost.dll
0x00007ff9e9020000 - 0x00007ff9e9137000 	C:\WINDOWS\System32\RPCRT4.dll
0x00007ff9e9cd0000 - 0x00007ff9e9e7e000 	C:\WINDOWS\System32\USER32.dll
0x00007ff9e79c0000 - 0x00007ff9e79e6000 	C:\WINDOWS\System32\win32u.dll
0x00007ff9e9330000 - 0x00007ff9e9359000 	C:\WINDOWS\System32\GDI32.dll
0x00007ff9e7380000 - 0x00007ff9e7498000 	C:\WINDOWS\System32\gdi32full.dll
0x00007ff9e7b90000 - 0x00007ff9e7c2a000 	C:\WINDOWS\System32\msvcp_win.dll
0x00007ff9bdf70000 - 0x00007ff9bdf8b000 	C:\Program Files\Java\jdk-11\bin\VCRUNTIME140.dll
0x00007ff9d1690000 - 0x00007ff9d1923000 	C:\WINDOWS\WinSxS\amd64_microsoft.windows.common-controls_6595b64144ccf1df_6.0.22621.2191_none_2715cffb738043a6\COMCTL32.dll
0x00007ff9db9d0000 - 0x00007ff9db9da000 	C:\WINDOWS\SYSTEM32\VERSION.dll
0x00007ff9e92f0000 - 0x00007ff9e9321000 	C:\WINDOWS\System32\IMM32.DLL
0x00007ff9defa0000 - 0x00007ff9defac000 	C:\Program Files\Java\jdk-11\bin\vcruntime140_1.dll
0x00007ff97db80000 - 0x00007ff97dc0e000 	C:\Program Files\Java\jdk-11\bin\msvcp140.dll
0x00007ff95c640000 - 0x00007ff95d1ac000 	C:\Program Files\Java\jdk-11\bin\server\jvm.dll
0x00007ff9e8c20000 - 0x00007ff9e8c28000 	C:\WINDOWS\System32\PSAPI.DLL
0x00007ff9dcf20000 - 0x00007ff9dcf54000 	C:\WINDOWS\SYSTEM32\WINMM.dll
0x00007ff9abb40000 - 0x00007ff9abb49000 	C:\WINDOWS\SYSTEM32\WSOCK32.dll
0x00007ff9e94d0000 - 0x00007ff9e9541000 	C:\WINDOWS\System32\WS2_32.dll
0x00007ff9e6160000 - 0x00007ff9e6178000 	C:\WINDOWS\SYSTEM32\kernel.appcore.dll
0x00007ff9de720000 - 0x00007ff9de730000 	C:\Program Files\Java\jdk-11\bin\verify.dll
0x00007ff9e19e0000 - 0x00007ff9e1c0e000 	C:\WINDOWS\SYSTEM32\DBGHELP.DLL
0x00007ff9e7c30000 - 0x00007ff9e7fba000 	C:\WINDOWS\System32\combase.dll
0x00007ff9e9550000 - 0x00007ff9e9627000 	C:\WINDOWS\System32\OLEAUT32.dll
0x00007ff9da8c0000 - 0x00007ff9da8f2000 	C:\WINDOWS\SYSTEM32\dbgcore.DLL
0x00007ff9e79f0000 - 0x00007ff9e7a6a000 	C:\WINDOWS\System32\bcryptPrimitives.dll
0x00007ff98ff70000 - 0x00007ff98ff98000 	C:\Program Files\Java\jdk-11\bin\java.dll
0x00007ff9d4120000 - 0x00007ff9d412a000 	C:\Program Files\Java\jdk-11\bin\jimage.dll
0x00007ff9bde30000 - 0x00007ff9bde47000 	C:\Program Files\Java\jdk-11\bin\zip.dll

dbghelp: loaded successfully - version: 4.0.5 - missing functions: none
symbol engine: initialized successfully - sym options: 0x614 - pdb path: .;C:\Program Files\Java\jdk-11\bin;C:\WINDOWS\SYSTEM32;C:\WINDOWS\WinSxS\amd64_microsoft.windows.common-controls_6595b64144ccf1df_6.0.22621.2191_none_2715cffb738043a6;C:\Program Files\Java\jdk-11\bin\server

VM Arguments:
java_command: org.jetbrains.kotlin.cli.jvm.K2JVMCompiler @C:\Users\RahulRohilla\Projects\Join-zeroda-master\JoinZeroda\node_modules\react-native-safe-area-context\android\build\20230910_13360392784887058731.compiler.options
java_class_path (initial): C:\Users\RahulRohilla\.gradle\caches\modules-2\files-2.1\org.jetbrains.kotlin\kotlin-compiler-embeddable\1.6.20\18f66cca4301c12893ebe4ef47d65c3d9d2bff9b\kotlin-compiler-embeddable-1.6.20.jar;C:\Users\RahulRohilla\.gradle\caches\modules-2\files-2.1\org.jetbrains.kotlin\kotlin-reflect\1.6.20\669965154723f1a712e8677af0cc5470dfdab81c\kotlin-reflect-1.6.20.jar;C:\Users\RahulRohilla\.gradle\caches\modules-2\files-2.1\org.jetbrains.kotlin\kotlin-stdlib\1.6.20\6cedc143badbb4f1c6b7f5a340b04edff1743208\kotlin-stdlib-1.6.20.jar;C:\Users\RahulRohilla\.gradle\caches\modules-2\files-2.1\org.jetbrains.kotlin\kotlin-script-runtime\1.6.20\a115c367e0fd9c8909293b208689afca0c88a6f1\kotlin-script-runtime-1.6.20.jar;C:\Users\RahulRohilla\.gradle\caches\modules-2\files-2.1\org.jetbrains.kotlin\kotlin-daemon-embeddable\1.6.20\d4cac343029f48f106c57f457384771165d7deb5\kotlin-daemon-embeddable-1.6.20.jar;C:\Users\RahulRohilla\.gradle\caches\modules-2\files-2.1\org.jetbrains.intellij.deps\trove4j\1.0.20200330\3afb14d5f9ceb459d724e907a21145e8ff394f02\trove4j-1.0.20200330.jar;C:\Users\RahulRohilla\.gradle\caches\modules-2\files-2.1\net.java.dev.jna\jna\5.6.0\330f2244e9030119ab3030fc3fededc86713d9cc\jna-5.6.0.jar;C:\Users\RahulRohilla\.gradle\caches\modules-2\files-2.1\org.jetbrains.kotlin\kotlin-stdlib-common\1.6.20\27b4562b6713d70f458c6d7ea39aadacb8e6a92b\kotlin-stdlib-common-1.6.20.jar;C:\Users\RahulRohilla\.gradle\caches\modules-2\files-2.1\org.jetbrains\annotations\13.0\919f0dfe192fb4e063e7dacadee7f8bb9a2672a9\annotations-13.0.jar
Launcher Type: SUN_STANDARD

[Global flags]
     intx CICompilerCount                          = 4                                         {product} {ergonomic}
     uint ConcGCThreads                            = 2                                         {product} {ergonomic}
     uint G1ConcRefinementThreads                  = 8                                         {product} {ergonomic}
   size_t G1HeapRegionSize                         = 1048576                                   {product} {ergonomic}
    uintx GCDrainStackTargetSize                   = 64                                        {product} {ergonomic}
   size_t InitialHeapSize                          = 266338304                                 {product} {ergonomic}
   size_t MarkStackSize                            = 4194304                                   {product} {ergonomic}
   size_t MaxHeapSize                              = 4257218560                                {product} {ergonomic}
   size_t MinHeapDeltaBytes                        = 1048576                                   {product} {ergonomic}
    uintx NonNMethodCodeHeapSize                   = 5836300                                {pd product} {ergonomic}
    uintx NonProfiledCodeHeapSize                  = 122910970                              {pd product} {ergonomic}
    uintx ProfiledCodeHeapSize                     = 122910970                              {pd product} {ergonomic}
    uintx ReservedCodeCacheSize                    = 251658240                              {pd product} {ergonomic}
     bool SegmentedCodeCache                       = true                                      {product} {ergonomic}
     bool UseCompressedClassPointers               = true                                 {lp64_product} {ergonomic}
     bool UseCompressedOops                        = true                                 {lp64_product} {ergonomic}
     bool UseG1GC                                  = true                                      {product} {ergonomic}
     bool UseLargePagesIndividualAllocation        = false                                  {pd product} {ergonomic}

Logging:
Log output configuration:
 #0: stdout all=warning uptime,level,tags
 #1: stderr all=off uptime,level,tags

Environment Variables:
JAVA_HOME=C:\Program Files\Java\jdk-11
CLASSPATH=C:\Users\RahulRohilla\Projects\Join-zeroda-master\JoinZeroda\android\\gradle\wrapper\gradle-wrapper.jar
PATH=C:\Users\RahulRohilla\Projects\Join-zeroda-master\JoinZeroda\android\node_modules\.bin;C:\Users\RahulRohilla\Projects\Join-zeroda-master\JoinZeroda\node_modules\.bin;C:\Users\RahulRohilla\Projects\Join-zeroda-master\node_modules\.bin;C:\Users\RahulRohilla\Projects\node_modules\.bin;C:\Users\RahulRohilla\node_modules\.bin;C:\Users\node_modules\.bin;C:\node_modules\.bin;C:\Program Files\nodejs;C:\Users\RAHULR~1\AppData\Local\Temp\yarn--1694328919067-0.38626587530974543;C:\Users\RahulRohilla\Projects\Join-zeroda-master\JoinZeroda\node_modules\.bin;C:\Users\RahulRohilla\AppData\Local\Yarn\Data\link\node_modules\.bin;C:\Users\RahulRohilla\AppData\Local\Yarn\bin;C:\Program Files\libexec\lib\node_modules\npm\bin\node-gyp-bin;C:\Program Files\lib\node_modules\npm\bin\node-gyp-bin;C:\Program Files\nodejs\node_modules\npm\bin\node-gyp-bin;C:\Program Files\Common Files\Oracle\Java\javapath;C:\WINDOWS\system32;C:\WINDOWS;C:\WINDOWS\System32\Wbem;C:\WINDOWS\System32\WindowsPowerShell\v1.0\;C:\WINDOWS\System32\OpenSSH\;C:\Program Files\nodejs\;C:\Program Files\Java\jdk-11\bin;C:\Program Files\Git\cmd;C:\Users\RahulRohilla\AppData\Local\Android\Sdk\platform-tools;C:\Users\RahulRohilla\AppData\Local\Microsoft\WindowsApps;C:\Users\RahulRohilla\AppData\Roaming\npm;C:\Users\RahulRohilla\AppData\Local\Programs\Microsoft VS Code\bin;
USERNAME=RahulRohilla
OS=Windows_NT
PROCESSOR_IDENTIFIER=Intel64 Family 6 Model 142 Stepping 10, GenuineIntel



---------------  S Y S T E M  ---------------

OS: Windows 11 , 64 bit Build 22621 (10.0.22621.2199)
Hyper-V role detected

CPU:total 8 (initial active 8) (4 cores per cpu, 2 threads per core) family 6 model 142 stepping 10 microcode 0xf0, cmov, cx8, fxsr, mmx, sse, sse2, sse3, ssse3, sse4.1, sse4.2, popcnt, avx, avx2, aes, clmul, erms, rtm, 3dnowpref, lzcnt, ht, tsc, tscinvbit, bmi1, bmi2, adx, fma

Memory: 4k page, system-wide physical 16238M (563M free)
TotalPageFile size 33010M (AvailPageFile size 106M)
current process WorkingSet (physical memory assigned to process): 11M, peak: 11M
current process commit charge ("private bytes"): 60M, peak: 314M

vm_info: Java HotSpot(TM) 64-Bit Server VM (11.0.19+9-LTS-224) for windows-amd64 JRE (11.0.19+9-LTS-224), built on Mar 27 2023 08:48:55 by "mach5one" with MS VC++ 17.1 (VS2022)

END.
