#
# There is insufficient memory for the Java Runtime Environment to continue.
# Native memory allocation (malloc) failed to allocate 845136 bytes for Chunk::new
# Possible reasons:
#   The system is out of physical RAM or swap space
#   The process is running with CompressedOops enabled, and the Java Heap may be blocking the growth of the native heap
# Possible solutions:
#   Reduce memory load on the system
#   Increase physical memory or swap space
#   Check if swap backing store is full
#   Decrease Java heap size (-Xmx/-Xms)
#   Decrease number of Java threads
#   Decrease Java thread stack sizes (-Xss)
#   Set larger code cache with -XX:ReservedCodeCacheSize=
#   JVM is running with Unscaled Compressed Oops mode in which the Java heap is
#     placed in the first 4GB address space. The Java Heap base address is the
#     maximum limit for the native heap growth. Please use -XX:HeapBaseMinAddress
#     to set the Java Heap base and to place the Java Heap above 4GB virtual address.
# This output file may be truncated or incomplete.
#
#  Out of Memory Error (./open/src/hotspot/share/memory/arena.cpp:197), pid=12304, tid=19944
#
# JRE version: Java(TM) SE Runtime Environment 18.9 (11.0.18+9) (build 11.0.18+9-LTS-195)
# Java VM: Java HotSpot(TM) 64-Bit Server VM 18.9 (11.0.18+9-LTS-195, mixed mode, tiered, compressed oops, g1 gc, windows-amd64)
# No core dump will be written. Minidumps are not enabled by default on client versions of Windows
#

---------------  S U M M A R Y ------------

Command Line: -XX:MaxMetaspaceSize=512m --add-opens=java.base/java.util=ALL-UNNAMED --add-opens=java.base/java.lang=ALL-UNNAMED --add-opens=java.base/java.lang.invoke=ALL-UNNAMED --add-opens=java.base/java.util=ALL-UNNAMED --add-opens=java.prefs/java.util.prefs=ALL-UNNAMED --add-opens=java.prefs/java.util.prefs=ALL-UNNAMED --add-opens=java.base/java.nio.charset=ALL-UNNAMED --add-opens=java.base/java.net=ALL-UNNAMED --add-opens=java.base/java.util.concurrent.atomic=ALL-UNNAMED -Xmx2048m -Dfile.encoding=windows-1252 -Duser.country=US -Duser.language=en -Duser.variant org.gradle.launcher.daemon.bootstrap.GradleDaemon 7.5.1

Host: AMD Ryzen 5 4500U with Radeon Graphics         , 6 cores, 7G,  Windows 11 , 64 bit Build 22621 (10.0.22621.1776)
Time: Sat Jun  3 22:20:12 2023 India Standard Time elapsed time: 108.640133 seconds (0d 0h 1m 48s)

---------------  T H R E A D  ---------------

Current thread (0x00000269b0352800):  JavaThread "C2 CompilerThread0" daemon [_thread_in_native, id=19944, stack(0x00000093b2900000,0x00000093b2a00000)]


Current CompileTask:
C2: 108640 13165       4       java.beans.Introspector::addPropertyDescriptor (265 bytes)

Stack: [0x00000093b2900000,0x00000093b2a00000]
Native frames: (J=compiled Java code, j=interpreted, Vv=VM code, C=native code)
V  [jvm.dll+0x65d8aa]
V  [jvm.dll+0x79fc1f]
V  [jvm.dll+0x7a12e9]
V  [jvm.dll+0x7a1983]
V  [jvm.dll+0x2585b5]
V  [jvm.dll+0xb284c]
V  [jvm.dll+0xb2e0c]
V  [jvm.dll+0x2c9c42]
V  [jvm.dll+0x56d7dc]
V  [jvm.dll+0x210b87]
V  [jvm.dll+0x212de9]
V  [jvm.dll+0x210264]
V  [jvm.dll+0x18c641]
V  [jvm.dll+0x220609]
V  [jvm.dll+0x21e92c]
V  [jvm.dll+0x763f61]
V  [jvm.dll+0x75c924]
V  [jvm.dll+0x65c755]
C  [ucrtbase.dll+0x29363]
C  [KERNEL32.DLL+0x126ad]
C  [ntdll.dll+0x5a9f8]


---------------  P R O C E S S  ---------------

Threads class SMR info:
_java_thread_list=0x00000269b7976840, length=112, elements={
0x00000269907ac000, 0x00000269b032f000, 0x00000269b0338800, 0x00000269b034b000,
0x00000269b034e800, 0x00000269b0351800, 0x00000269b0352800, 0x00000269b0d0d000,
0x00000269b0d10000, 0x00000269b0e13000, 0x00000269b1a88800, 0x00000269b2490000,
0x00000269b22d8800, 0x00000269b2692800, 0x00000269b18c7800, 0x00000269b24b0800,
0x00000269b24b1800, 0x00000269b2028800, 0x00000269b1aec800, 0x00000269b26cd800,
0x00000269b26d0000, 0x00000269b26d1000, 0x00000269b26cb800, 0x00000269b26cc000,
0x00000269b26d2000, 0x00000269b26ce800, 0x00000269b26cf800, 0x00000269b26cd000,
0x00000269b4db5800, 0x00000269b4db7800, 0x00000269b4db9000, 0x00000269b4db3800,
0x00000269b4dba000, 0x00000269b4db4000, 0x00000269b4db5000, 0x00000269b4dbc800,
0x00000269b4dbb800, 0x00000269b4dbe000, 0x00000269b4dc2000, 0x00000269b4dbe800,
0x00000269b4dbd000, 0x00000269b4dbf800, 0x00000269b4dc0800, 0x00000269b4dc1000,
0x00000269b2d17000, 0x00000269b2d18800, 0x00000269b2d1b800, 0x00000269b2d19000,
0x00000269b2d1d800, 0x00000269b2d1a000, 0x00000269b2d1b000, 0x00000269b2d17800,
0x00000269b2d21800, 0x00000269b2d22000, 0x00000269b2d1f800, 0x00000269b2d20800,
0x00000269b2d1c800, 0x00000269b2d23000, 0x00000269b2d24000, 0x00000269b2d1e000,
0x00000269b2d24800, 0x00000269b2d1f000, 0x00000269b2d25800, 0x00000269b2f19000,
0x00000269b2f18000, 0x00000269b2f17800, 0x00000269b2f1a800, 0x00000269b2f1c000,
0x00000269b2f1b800, 0x00000269b2f1d000, 0x00000269b2f1e800, 0x00000269b2f1e000,
0x00000269b2f1f800, 0x00000269b2f19800, 0x00000269b2f22800, 0x00000269b2f24800,
0x00000269b2f21000, 0x00000269b2f20000, 0x00000269b2f23800, 0x00000269b2f26000,
0x00000269b2f25000, 0x00000269b5c1c800, 0x00000269b5c1e000, 0x00000269b5c1a000,
0x00000269b5c1f000, 0x00000269b5c19800, 0x00000269b5c20000, 0x00000269b5c20800,
0x00000269b5c1d800, 0x00000269b5c1b000, 0x00000269b5c1c000, 0x00000269b5c25800,
0x00000269b5c24000, 0x00000269b5c26800, 0x00000269b5c27000, 0x00000269b5c24800,
0x00000269b5c21800, 0x00000269b5c28000, 0x00000269b5c22800, 0x00000269b5c23000,
0x00000269b3321800, 0x00000269b331f800, 0x00000269b3324800, 0x00000269b3323000,
0x00000269b3323800, 0x00000269b331f000, 0x00000269b3322000, 0x00000269b3325800,
0x00000269b3326000, 0x00000269b3320800, 0x00000269b3327000, 0x00000269b332d800
}

Java Threads: ( => current thread )
  0x00000269907ac000 JavaThread "main" [_thread_blocked, id=13440, stack(0x00000093b1d00000,0x00000093b1e00000)]
  0x00000269b032f000 JavaThread "Reference Handler" daemon [_thread_blocked, id=8536, stack(0x00000093b2400000,0x00000093b2500000)]
  0x00000269b0338800 JavaThread "Finalizer" daemon [_thread_blocked, id=19756, stack(0x00000093b2500000,0x00000093b2600000)]
  0x00000269b034b000 JavaThread "Signal Dispatcher" daemon [_thread_blocked, id=20812, stack(0x00000093b2600000,0x00000093b2700000)]
  0x00000269b034e800 JavaThread "Attach Listener" daemon [_thread_blocked, id=13124, stack(0x00000093b2700000,0x00000093b2800000)]
  0x00000269b0351800 JavaThread "Service Thread" daemon [_thread_blocked, id=22484, stack(0x00000093b2800000,0x00000093b2900000)]
=>0x00000269b0352800 JavaThread "C2 CompilerThread0" daemon [_thread_in_native, id=19944, stack(0x00000093b2900000,0x00000093b2a00000)]
  0x00000269b0d0d000 JavaThread "C1 CompilerThread0" daemon [_thread_blocked, id=13396, stack(0x00000093b2a00000,0x00000093b2b00000)]
  0x00000269b0d10000 JavaThread "Sweeper thread" daemon [_thread_blocked, id=13100, stack(0x00000093b2b00000,0x00000093b2c00000)]
  0x00000269b0e13000 JavaThread "Common-Cleaner" daemon [_thread_blocked, id=23160, stack(0x00000093b2c00000,0x00000093b2d00000)]
  0x00000269b1a88800 JavaThread "Daemon health stats" [_thread_blocked, id=12516, stack(0x00000093b2f00000,0x00000093b3000000)]
  0x00000269b2490000 JavaThread "Incoming local TCP Connector on port 55754" [_thread_in_native, id=21164, stack(0x00000093b3000000,0x00000093b3100000)]
  0x00000269b22d8800 JavaThread "Daemon periodic checks" [_thread_blocked, id=22900, stack(0x00000093b3100000,0x00000093b3200000)]
  0x00000269b2692800 JavaThread "Daemon" [_thread_blocked, id=20240, stack(0x00000093b3200000,0x00000093b3300000)]
  0x00000269b18c7800 JavaThread "Handler for socket connection from /127.0.0.1:55754 to /127.0.0.1:55755" [_thread_in_native, id=22396, stack(0x00000093b3300000,0x00000093b3400000)]
  0x00000269b24b0800 JavaThread "Cancel handler" [_thread_blocked, id=17892, stack(0x00000093b3400000,0x00000093b3500000)]
  0x00000269b24b1800 JavaThread "Daemon worker" [_thread_in_Java, id=19556, stack(0x00000093b3500000,0x00000093b3600000)]
  0x00000269b2028800 JavaThread "Asynchronous log dispatcher for DefaultDaemonConnection: socket connection from /127.0.0.1:55754 to /127.0.0.1:55755" [_thread_blocked, id=9232, stack(0x00000093b3600000,0x00000093b3700000)]
  0x00000269b1aec800 JavaThread "Stdin handler" [_thread_blocked, id=8520, stack(0x00000093b3700000,0x00000093b3800000)]
  0x00000269b26cd800 JavaThread "Daemon client event forwarder" [_thread_blocked, id=22276, stack(0x00000093b3800000,0x00000093b3900000)]
  0x00000269b26d0000 JavaThread "Cache worker for journal cache (C:\Users\Rahul rohilla\.gradle\caches\journal-1)" [_thread_blocked, id=3804, stack(0x00000093b3e00000,0x00000093b3f00000)]
  0x00000269b26d1000 JavaThread "File lock request listener" [_thread_in_native, id=14472, stack(0x00000093b3f00000,0x00000093b4000000)]
  0x00000269b26cb800 JavaThread "Cache worker for file hash cache (C:\Users\Rahul rohilla\.gradle\caches\7.5.1\fileHashes)" [_thread_blocked, id=18444, stack(0x00000093b4000000,0x00000093b4100000)]
  0x00000269b26cc000 JavaThread "File watcher server" daemon [_thread_in_native, id=23580, stack(0x00000093b4200000,0x00000093b4300000)]
  0x00000269b26d2000 JavaThread "File watcher consumer" daemon [_thread_blocked, id=10928, stack(0x00000093b4300000,0x00000093b4400000)]
  0x00000269b26ce800 JavaThread "File lock release action executor" [_thread_blocked, id=18268, stack(0x00000093b4400000,0x00000093b4500000)]
  0x00000269b26cf800 JavaThread "Cache worker for checksums cache (D:\Join-zeroda-master\JoinZeroda\android\.gradle\7.5.1\checksums)" [_thread_blocked, id=19652, stack(0x00000093b4500000,0x00000093b4600000)]
  0x00000269b26cd000 JavaThread "Cache worker for cache directory md-rule (C:\Users\Rahul rohilla\.gradle\caches\7.5.1\md-rule)" [_thread_blocked, id=20532, stack(0x00000093b4600000,0x00000093b4700000)]
  0x00000269b4db5800 JavaThread "Cache worker for file content cache (C:\Users\Rahul rohilla\.gradle\caches\7.5.1\fileContent)" [_thread_blocked, id=23968, stack(0x00000093b4700000,0x00000093b4800000)]
  0x00000269b4db7800 JavaThread "Cache worker for file hash cache (D:\Join-zeroda-master\JoinZeroda\android\.gradle\7.5.1\fileHashes)" [_thread_blocked, id=24400, stack(0x00000093b4800000,0x00000093b4900000)]
  0x00000269b4db9000 JavaThread "Cache worker for cache directory md-supplier (C:\Users\Rahul rohilla\.gradle\caches\7.5.1\md-supplier)" [_thread_blocked, id=9788, stack(0x00000093b4900000,0x00000093b4a00000)]
  0x00000269b4db3800 JavaThread "Cache worker for execution history cache (C:\Users\Rahul rohilla\.gradle\caches\7.5.1\executionHistory)" [_thread_blocked, id=13668, stack(0x00000093b4a00000,0x00000093b4b00000)]
  0x00000269b4dba000 JavaThread "jar transforms" [_thread_blocked, id=13380, stack(0x00000093b4b00000,0x00000093b4c00000)]
  0x00000269b4db4000 JavaThread "jar transforms Thread 2" [_thread_blocked, id=23216, stack(0x00000093b4c00000,0x00000093b4d00000)]
  0x00000269b4db5000 JavaThread "jar transforms Thread 3" [_thread_blocked, id=1436, stack(0x00000093b4d00000,0x00000093b4e00000)]
  0x00000269b4dbc800 JavaThread "jar transforms Thread 4" [_thread_blocked, id=4124, stack(0x00000093b4e00000,0x00000093b4f00000)]
  0x00000269b4dbb800 JavaThread "Cache worker for kotlin-dsl (C:\Users\Rahul rohilla\.gradle\caches\7.5.1\kotlin-dsl)" [_thread_blocked, id=8968, stack(0x00000093b1a00000,0x00000093b1b00000)]
  0x00000269b4dbe000 JavaThread "jar transforms Thread 5" [_thread_blocked, id=20720, stack(0x00000093b4f00000,0x00000093b5000000)]
  0x00000269b4dc2000 JavaThread "jar transforms Thread 6" [_thread_blocked, id=9380, stack(0x00000093b5200000,0x00000093b5300000)]
  0x00000269b4dbe800 JavaThread "Cache worker for dependencies-accessors (D:\Join-zeroda-master\JoinZeroda\android\.gradle\7.5.1\dependencies-accessors)" [_thread_blocked, id=20012, stack(0x00000093b5300000,0x00000093b5400000)]
  0x00000269b4dbd000 JavaThread "Cache worker for Build Output Cleanup Cache (D:\Join-zeroda-master\JoinZeroda\node_modules\react-native-gradle-plugin\.gradle\buildOutputCleanup)" [_thread_blocked, id=23428, stack(0x00000093b5400000,0x00000093b5500000)]
  0x00000269b4dbf800 JavaThread "Unconstrained build operations" [_thread_blocked, id=21464, stack(0x00000093b5500000,0x00000093b5600000)]
  0x00000269b4dc0800 JavaThread "Unconstrained build operations Thread 2" [_thread_blocked, id=23724, stack(0x00000093b5600000,0x00000093b5700000)]
  0x00000269b4dc1000 JavaThread "Unconstrained build operations Thread 3" [_thread_blocked, id=20200, stack(0x00000093b5700000,0x00000093b5800000)]
  0x00000269b2d17000 JavaThread "Unconstrained build operations Thread 4" [_thread_blocked, id=17984, stack(0x00000093b5800000,0x00000093b5900000)]
  0x00000269b2d18800 JavaThread "Unconstrained build operations Thread 5" [_thread_blocked, id=5532, stack(0x00000093b5900000,0x00000093b5a00000)]
  0x00000269b2d1b800 JavaThread "Unconstrained build operations Thread 6" [_thread_blocked, id=2948, stack(0x00000093b5a00000,0x00000093b5b00000)]
  0x00000269b2d19000 JavaThread "Unconstrained build operations Thread 7" [_thread_blocked, id=24048, stack(0x00000093b5b00000,0x00000093b5c00000)]
  0x00000269b2d1d800 JavaThread "Unconstrained build operations Thread 8" [_thread_blocked, id=3284, stack(0x00000093b5c00000,0x00000093b5d00000)]
  0x00000269b2d1a000 JavaThread "Unconstrained build operations Thread 9" [_thread_blocked, id=16792, stack(0x00000093b5d00000,0x00000093b5e00000)]
  0x00000269b2d1b000 JavaThread "Unconstrained build operations Thread 10" [_thread_blocked, id=18856, stack(0x00000093b5e00000,0x00000093b5f00000)]
  0x00000269b2d17800 JavaThread "Unconstrained build operations Thread 11" [_thread_blocked, id=19608, stack(0x00000093b5f00000,0x00000093b6000000)]
  0x00000269b2d21800 JavaThread "Unconstrained build operations Thread 12" [_thread_blocked, id=256, stack(0x00000093b6000000,0x00000093b6100000)]
  0x00000269b2d22000 JavaThread "Unconstrained build operations Thread 13" [_thread_blocked, id=15376, stack(0x00000093b6100000,0x00000093b6200000)]
  0x00000269b2d1f800 JavaThread "Unconstrained build operations Thread 14" [_thread_blocked, id=20040, stack(0x00000093b6200000,0x00000093b6300000)]
  0x00000269b2d20800 JavaThread "Unconstrained build operations Thread 15" [_thread_blocked, id=12512, stack(0x00000093b6300000,0x00000093b6400000)]
  0x00000269b2d1c800 JavaThread "Unconstrained build operations Thread 16" [_thread_blocked, id=5948, stack(0x00000093b6400000,0x00000093b6500000)]
  0x00000269b2d23000 JavaThread "Unconstrained build operations Thread 17" [_thread_blocked, id=18736, stack(0x00000093b6500000,0x00000093b6600000)]
  0x00000269b2d24000 JavaThread "Unconstrained build operations Thread 18" [_thread_blocked, id=16624, stack(0x00000093b6600000,0x00000093b6700000)]
  0x00000269b2d1e000 JavaThread "Unconstrained build operations Thread 19" [_thread_blocked, id=16740, stack(0x00000093b6700000,0x00000093b6800000)]
  0x00000269b2d24800 JavaThread "Unconstrained build operations Thread 20" [_thread_blocked, id=23312, stack(0x00000093b6800000,0x00000093b6900000)]
  0x00000269b2d1f000 JavaThread "Unconstrained build operations Thread 21" [_thread_blocked, id=11476, stack(0x00000093b6900000,0x00000093b6a00000)]
  0x00000269b2d25800 JavaThread "Unconstrained build operations Thread 22" [_thread_blocked, id=5128, stack(0x00000093b6a00000,0x00000093b6b00000)]
  0x00000269b2f19000 JavaThread "Unconstrained build operations Thread 23" [_thread_blocked, id=19340, stack(0x00000093b6b00000,0x00000093b6c00000)]
  0x00000269b2f18000 JavaThread "Unconstrained build operations Thread 24" [_thread_blocked, id=13700, stack(0x00000093b6c00000,0x00000093b6d00000)]
  0x00000269b2f17800 JavaThread "Unconstrained build operations Thread 25" [_thread_blocked, id=20220, stack(0x00000093b6d00000,0x00000093b6e00000)]
  0x00000269b2f1a800 JavaThread "Unconstrained build operations Thread 26" [_thread_blocked, id=3536, stack(0x00000093b6e00000,0x00000093b6f00000)]
  0x00000269b2f1c000 JavaThread "Unconstrained build operations Thread 27" [_thread_blocked, id=19108, stack(0x00000093b6f00000,0x00000093b7000000)]
  0x00000269b2f1b800 JavaThread "Unconstrained build operations Thread 28" [_thread_blocked, id=24500, stack(0x00000093b7000000,0x00000093b7100000)]
  0x00000269b2f1d000 JavaThread "Unconstrained build operations Thread 29" [_thread_blocked, id=2700, stack(0x00000093b7100000,0x00000093b7200000)]
  0x00000269b2f1e800 JavaThread "Unconstrained build operations Thread 30" [_thread_blocked, id=13216, stack(0x00000093b7200000,0x00000093b7300000)]
  0x00000269b2f1e000 JavaThread "Unconstrained build operations Thread 31" [_thread_blocked, id=20796, stack(0x00000093b7300000,0x00000093b7400000)]
  0x00000269b2f1f800 JavaThread "Unconstrained build operations Thread 32" [_thread_blocked, id=19176, stack(0x00000093b7400000,0x00000093b7500000)]
  0x00000269b2f19800 JavaThread "Unconstrained build operations Thread 33" [_thread_blocked, id=12900, stack(0x00000093b7500000,0x00000093b7600000)]
  0x00000269b2f22800 JavaThread "build event listener" [_thread_blocked, id=1252, stack(0x00000093b7600000,0x00000093b7700000)]
  0x00000269b2f24800 JavaThread "Memory manager" [_thread_blocked, id=16652, stack(0x00000093b7700000,0x00000093b7800000)]
  0x00000269b2f21000 JavaThread "Cache worker for Build Output Cleanup Cache (D:\Join-zeroda-master\JoinZeroda\android\.gradle\buildOutputCleanup)" [_thread_blocked, id=8240, stack(0x00000093b7800000,0x00000093b7900000)]
  0x00000269b2f20000 JavaThread "File lock release action executor Thread 2" [_thread_blocked, id=12220, stack(0x00000093b7900000,0x00000093b7a00000)]
  0x00000269b2f23800 JavaThread "included builds" [_thread_blocked, id=21416, stack(0x00000093b7a00000,0x00000093b7b00000)]
  0x00000269b2f26000 JavaThread "Execution worker" [_thread_blocked, id=21640, stack(0x00000093b7b00000,0x00000093b7c00000)]
  0x00000269b2f25000 JavaThread "Execution worker Thread 2" [_thread_blocked, id=11348, stack(0x00000093b7c00000,0x00000093b7d00000)]
  0x00000269b5c1c800 JavaThread "Execution worker Thread 3" [_thread_blocked, id=13756, stack(0x00000093b7d00000,0x00000093b7e00000)]
  0x00000269b5c1e000 JavaThread "Execution worker Thread 4" [_thread_blocked, id=20676, stack(0x00000093b7e00000,0x00000093b7f00000)]
  0x00000269b5c1a000 JavaThread "Execution worker Thread 5" [_thread_blocked, id=22896, stack(0x00000093b7f00000,0x00000093b8000000)]
  0x00000269b5c1f000 JavaThread "Cache worker for execution history cache (D:\Join-zeroda-master\JoinZeroda\node_modules\react-native-gradle-plugin\.gradle\7.5.1\executionHistory)" [_thread_blocked, id=22252, stack(0x00000093b8000000,0x00000093b8100000)]
  0x00000269b5c19800 JavaThread "Unconstrained build operations Thread 34" [_thread_blocked, id=5164, stack(0x00000093b8100000,0x00000093b8200000)]
  0x00000269b5c20000 JavaThread "Unconstrained build operations Thread 35" [_thread_blocked, id=23432, stack(0x00000093b8200000,0x00000093b8300000)]
  0x00000269b5c20800 JavaThread "Unconstrained build operations Thread 36" [_thread_blocked, id=9888, stack(0x00000093b8300000,0x00000093b8400000)]
  0x00000269b5c1d800 JavaThread "Unconstrained build operations Thread 37" [_thread_blocked, id=8412, stack(0x00000093b8400000,0x00000093b8500000)]
  0x00000269b5c1b000 JavaThread "Unconstrained build operations Thread 38" [_thread_blocked, id=23620, stack(0x00000093b8500000,0x00000093b8600000)]
  0x00000269b5c1c000 JavaThread "Unconstrained build operations Thread 39" [_thread_blocked, id=16620, stack(0x00000093b8600000,0x00000093b8700000)]
  0x00000269b5c25800 JavaThread "Unconstrained build operations Thread 40" [_thread_blocked, id=14948, stack(0x00000093b8700000,0x00000093b8800000)]
  0x00000269b5c24000 JavaThread "Unconstrained build operations Thread 41" [_thread_blocked, id=8620, stack(0x00000093b8800000,0x00000093b8900000)]
  0x00000269b5c26800 JavaThread "Unconstrained build operations Thread 42" [_thread_blocked, id=24564, stack(0x00000093b8900000,0x00000093b8a00000)]
  0x00000269b5c27000 JavaThread "Unconstrained build operations Thread 43" [_thread_blocked, id=5600, stack(0x00000093b8a00000,0x00000093b8b00000)]
  0x00000269b5c24800 JavaThread "Unconstrained build operations Thread 44" [_thread_blocked, id=18568, stack(0x00000093b8b00000,0x00000093b8c00000)]
  0x00000269b5c21800 JavaThread "Unconstrained build operations Thread 45" [_thread_blocked, id=23596, stack(0x00000093b8c00000,0x00000093b8d00000)]
  0x00000269b5c28000 JavaThread "Unconstrained build operations Thread 46" [_thread_blocked, id=5840, stack(0x00000093b8d00000,0x00000093b8e00000)]
  0x00000269b5c22800 JavaThread "Unconstrained build operations Thread 47" [_thread_blocked, id=14920, stack(0x00000093b8e00000,0x00000093b8f00000)]
  0x00000269b5c23000 JavaThread "Unconstrained build operations Thread 48" [_thread_blocked, id=268, stack(0x00000093b8f00000,0x00000093b9000000)]
  0x00000269b3321800 JavaThread "Unconstrained build operations Thread 49" [_thread_blocked, id=21580, stack(0x00000093b9000000,0x00000093b9100000)]
  0x00000269b331f800 JavaThread "Unconstrained build operations Thread 50" [_thread_blocked, id=14292, stack(0x00000093b9100000,0x00000093b9200000)]
  0x00000269b3324800 JavaThread "Unconstrained build operations Thread 51" [_thread_blocked, id=12744, stack(0x00000093b9200000,0x00000093b9300000)]
  0x00000269b3323000 JavaThread "Unconstrained build operations Thread 52" [_thread_blocked, id=13712, stack(0x00000093b9300000,0x00000093b9400000)]
  0x00000269b3323800 JavaThread "Unconstrained build operations Thread 53" [_thread_blocked, id=8076, stack(0x00000093b9400000,0x00000093b9500000)]
  0x00000269b331f000 JavaThread "Unconstrained build operations Thread 54" [_thread_blocked, id=6388, stack(0x00000093b9500000,0x00000093b9600000)]
  0x00000269b3322000 JavaThread "Unconstrained build operations Thread 55" [_thread_blocked, id=23424, stack(0x00000093b9600000,0x00000093b9700000)]
  0x00000269b3325800 JavaThread "Unconstrained build operations Thread 56" [_thread_blocked, id=22944, stack(0x00000093b9700000,0x00000093b9800000)]
  0x00000269b3326000 JavaThread "Unconstrained build operations Thread 57" [_thread_blocked, id=11972, stack(0x00000093b9800000,0x00000093b9900000)]
  0x00000269b3320800 JavaThread "Unconstrained build operations Thread 58" [_thread_blocked, id=23236, stack(0x00000093b9900000,0x00000093b9a00000)]
  0x00000269b3327000 JavaThread "Unconstrained build operations Thread 59" [_thread_blocked, id=15948, stack(0x00000093b9a00000,0x00000093b9b00000)]
  0x00000269b332d800 JavaThread "Unconstrained build operations Thread 60" [_thread_blocked, id=18944, stack(0x00000093b9b00000,0x00000093b9c00000)]

Other Threads:
  0x00000269b0327800 VMThread "VM Thread" [stack: 0x00000093b2300000,0x00000093b2400000] [id=5412]
  0x00000269b0e6f000 WatcherThread [stack: 0x00000093b2d00000,0x00000093b2e00000] [id=5752]
  0x00000269907bc000 GCTaskThread "GC Thread#0" [stack: 0x00000093b1e00000,0x00000093b1f00000] [id=7164]
  0x00000269b17f7000 GCTaskThread "GC Thread#1" [stack: 0x00000093b2e00000,0x00000093b2f00000] [id=18544]
  0x00000269b1ca8800 GCTaskThread "GC Thread#2" [stack: 0x00000093b3900000,0x00000093b3a00000] [id=12656]
  0x00000269b1d87800 GCTaskThread "GC Thread#3" [stack: 0x00000093b3a00000,0x00000093b3b00000] [id=21624]
  0x00000269b1d88000 GCTaskThread "GC Thread#4" [stack: 0x00000093b3b00000,0x00000093b3c00000] [id=16468]
  0x00000269b0d78000 GCTaskThread "GC Thread#5" [stack: 0x00000093b3c00000,0x00000093b3d00000] [id=24344]
  0x00000269907ec800 ConcurrentGCThread "G1 Main Marker" [stack: 0x00000093b1f00000,0x00000093b2000000] [id=18276]
  0x00000269907f1800 ConcurrentGCThread "G1 Conc#0" [stack: 0x00000093b2000000,0x00000093b2100000] [id=22380]
  0x00000269b0d3e000 ConcurrentGCThread "G1 Conc#1" [stack: 0x00000093b4100000,0x00000093b4200000] [id=1384]
  0x00000269b019c800 ConcurrentGCThread "G1 Refine#0" [stack: 0x00000093b2100000,0x00000093b2200000] [id=19808]
  0x00000269b0d7b000 ConcurrentGCThread "G1 Refine#1" [stack: 0x00000093b3d00000,0x00000093b3e00000] [id=16308]
  0x000002699086e000 ConcurrentGCThread "G1 Young RemSet Sampling" [stack: 0x00000093b2200000,0x00000093b2300000] [id=21968]

Threads with active compile tasks:
C2 CompilerThread0   108661 13165       4       java.beans.Introspector::addPropertyDescriptor (265 bytes)

VM state:not at safepoint (normal execution)

VM Mutex/Monitor currently owned by a thread: None

Heap address: 0x0000000080000000, size: 2048 MB, Compressed Oops mode: 32-bit
Narrow klass base: 0x0000000000000000, Narrow klass shift: 3
Compressed class space size: 528482304 Address: 0x0000000100000000

Heap:
 garbage-first heap   total 197632K, used 159102K [0x0000000080000000, 0x0000000100000000)
  region size 1024K, 19 young (19456K), 4 survivors (4096K)
 Metaspace       used 105058K, capacity 108742K, committed 108928K, reserved 610304K
  class space    used 13937K, capacity 15373K, committed 15488K, reserved 516096K
Heap Regions: E=young(eden), S=young(survivor), O=old, HS=humongous(starts), HC=humongous(continues), CS=collection set, F=free, A=archive, TAMS=top-at-mark-start (previous, next)
|   0|0x0000000080000000, 0x0000000080100000, 0x0000000080100000|100%| O|  |TAMS 0x0000000080100000, 0x0000000080000000| Untracked 
|   1|0x0000000080100000, 0x0000000080200000, 0x0000000080200000|100%| O|  |TAMS 0x0000000080200000, 0x0000000080100000| Untracked 
|   2|0x0000000080200000, 0x0000000080300000, 0x0000000080300000|100%| O|  |TAMS 0x0000000080300000, 0x0000000080200000| Untracked 
|   3|0x0000000080300000, 0x0000000080400000, 0x0000000080400000|100%|HS|  |TAMS 0x0000000080400000, 0x0000000080300000| Complete 
|   4|0x0000000080400000, 0x0000000080500000, 0x0000000080500000|100%|HC|  |TAMS 0x0000000080500000, 0x0000000080400000| Complete 
|   5|0x0000000080500000, 0x0000000080600000, 0x0000000080600000|100%|HC|  |TAMS 0x0000000080600000, 0x0000000080500000| Complete 
|   6|0x0000000080600000, 0x0000000080700000, 0x0000000080700000|100%| O|  |TAMS 0x0000000080700000, 0x0000000080600000| Complete 
|   7|0x0000000080700000, 0x0000000080800000, 0x0000000080800000|100%| O|  |TAMS 0x0000000080800000, 0x0000000080700000| Untracked 
|   8|0x0000000080800000, 0x0000000080900000, 0x0000000080900000|100%| O|  |TAMS 0x0000000080900000, 0x0000000080800000| Untracked 
|   9|0x0000000080900000, 0x0000000080a00000, 0x0000000080a00000|100%| O|  |TAMS 0x0000000080a00000, 0x0000000080900000| Untracked 
|  10|0x0000000080a00000, 0x0000000080b00000, 0x0000000080b00000|100%| O|  |TAMS 0x0000000080b00000, 0x0000000080a00000| Untracked 
|  11|0x0000000080b00000, 0x0000000080c00000, 0x0000000080c00000|100%| O|  |TAMS 0x0000000080c00000, 0x0000000080b00000| Complete 
|  12|0x0000000080c00000, 0x0000000080d00000, 0x0000000080d00000|100%| O|  |TAMS 0x0000000080d00000, 0x0000000080c00000| Untracked 
|  13|0x0000000080d00000, 0x0000000080e00000, 0x0000000080e00000|100%| O|  |TAMS 0x0000000080e00000, 0x0000000080d00000| Untracked 
|  14|0x0000000080e00000, 0x0000000080f00000, 0x0000000080f00000|100%| O|  |TAMS 0x0000000080f00000, 0x0000000080e00000| Untracked 
|  15|0x0000000080f00000, 0x0000000081000000, 0x0000000081000000|100%| O|  |TAMS 0x0000000081000000, 0x0000000080f00000| Untracked 
|  16|0x0000000081000000, 0x0000000081100000, 0x0000000081100000|100%| O|  |TAMS 0x0000000081100000, 0x0000000081000000| Untracked 
|  17|0x0000000081100000, 0x0000000081200000, 0x0000000081200000|100%| O|  |TAMS 0x0000000081200000, 0x0000000081100000| Untracked 
|  18|0x0000000081200000, 0x0000000081300000, 0x0000000081300000|100%| O|  |TAMS 0x0000000081300000, 0x0000000081200000| Untracked 
|  19|0x0000000081300000, 0x0000000081400000, 0x0000000081400000|100%| O|  |TAMS 0x0000000081400000, 0x0000000081300000| Untracked 
|  20|0x0000000081400000, 0x0000000081500000, 0x0000000081500000|100%| O|  |TAMS 0x0000000081500000, 0x0000000081400000| Untracked 
|  21|0x0000000081500000, 0x0000000081600000, 0x0000000081600000|100%| O|  |TAMS 0x0000000081600000, 0x0000000081500000| Complete 
|  22|0x0000000081600000, 0x0000000081700000, 0x0000000081700000|100%| O|  |TAMS 0x0000000081700000, 0x0000000081600000| Complete 
|  23|0x0000000081700000, 0x0000000081800000, 0x0000000081800000|100%| O|  |TAMS 0x0000000081800000, 0x0000000081700000| Untracked 
|  24|0x0000000081800000, 0x0000000081900000, 0x0000000081900000|100%| O|  |TAMS 0x0000000081900000, 0x0000000081800000| Untracked 
|  25|0x0000000081900000, 0x0000000081a00000, 0x0000000081a00000|100%| O|  |TAMS 0x0000000081a00000, 0x0000000081900000| Untracked 
|  26|0x0000000081a00000, 0x0000000081b00000, 0x0000000081b00000|100%| O|  |TAMS 0x0000000081b00000, 0x0000000081a00000| Complete 
|  27|0x0000000081b00000, 0x0000000081c00000, 0x0000000081c00000|100%|HS|  |TAMS 0x0000000081c00000, 0x0000000081b00000| Complete 
|  28|0x0000000081c00000, 0x0000000081d00000, 0x0000000081d00000|100%|HS|  |TAMS 0x0000000081d00000, 0x0000000081c00000| Complete 
|  29|0x0000000081d00000, 0x0000000081e00000, 0x0000000081e00000|100%|HC|  |TAMS 0x0000000081e00000, 0x0000000081d00000| Complete 
|  30|0x0000000081e00000, 0x0000000081f00000, 0x0000000081f00000|100%|HC|  |TAMS 0x0000000081f00000, 0x0000000081e00000| Complete 
|  31|0x0000000081f00000, 0x0000000082000000, 0x0000000082000000|100%| O|  |TAMS 0x0000000082000000, 0x0000000081f00000| Untracked 
|  32|0x0000000082000000, 0x0000000082100000, 0x0000000082100000|100%| O|  |TAMS 0x0000000082100000, 0x0000000082000000| Untracked 
|  33|0x0000000082100000, 0x0000000082200000, 0x0000000082200000|100%| O|  |TAMS 0x0000000082200000, 0x0000000082100000| Complete 
|  34|0x0000000082200000, 0x0000000082300000, 0x0000000082300000|100%| O|  |TAMS 0x0000000082300000, 0x0000000082200000| Untracked 
|  35|0x0000000082300000, 0x0000000082400000, 0x0000000082400000|100%| O|  |TAMS 0x0000000082400000, 0x0000000082300000| Complete 
|  36|0x0000000082400000, 0x0000000082500000, 0x0000000082500000|100%| O|  |TAMS 0x0000000082500000, 0x0000000082400000| Untracked 
|  37|0x0000000082500000, 0x0000000082600000, 0x0000000082600000|100%| O|  |TAMS 0x0000000082600000, 0x0000000082500000| Untracked 
|  38|0x0000000082600000, 0x0000000082700000, 0x0000000082700000|100%| O|  |TAMS 0x0000000082700000, 0x0000000082600000| Untracked 
|  39|0x0000000082700000, 0x0000000082800000, 0x0000000082800000|100%| O|  |TAMS 0x0000000082800000, 0x0000000082700000| Complete 
|  40|0x0000000082800000, 0x0000000082900000, 0x0000000082900000|100%| O|  |TAMS 0x0000000082900000, 0x0000000082800000| Untracked 
|  41|0x0000000082900000, 0x0000000082a00000, 0x0000000082a00000|100%| O|  |TAMS 0x0000000082a00000, 0x0000000082900000| Untracked 
|  42|0x0000000082a00000, 0x0000000082b00000, 0x0000000082b00000|100%| O|  |TAMS 0x0000000082b00000, 0x0000000082a00000| Untracked 
|  43|0x0000000082b00000, 0x0000000082c00000, 0x0000000082c00000|100%| O|  |TAMS 0x0000000082c00000, 0x0000000082b00000| Untracked 
|  44|0x0000000082c00000, 0x0000000082d00000, 0x0000000082d00000|100%| O|  |TAMS 0x0000000082d00000, 0x0000000082c00000| Untracked 
|  45|0x0000000082d00000, 0x0000000082e00000, 0x0000000082e00000|100%| O|  |TAMS 0x0000000082e00000, 0x0000000082d00000| Untracked 
|  46|0x0000000082e00000, 0x0000000082f00000, 0x0000000082f00000|100%|HS|  |TAMS 0x0000000082f00000, 0x0000000082e00000| Complete 
|  47|0x0000000082f00000, 0x0000000083000000, 0x0000000083000000|100%|HS|  |TAMS 0x0000000083000000, 0x0000000082f00000| Complete 
|  48|0x0000000083000000, 0x0000000083100000, 0x0000000083100000|100%| O|  |TAMS 0x0000000083100000, 0x0000000083000000| Untracked 
|  49|0x0000000083100000, 0x0000000083200000, 0x0000000083200000|100%|HS|  |TAMS 0x0000000083200000, 0x0000000083100000| Complete 
|  50|0x0000000083200000, 0x0000000083300000, 0x0000000083300000|100%|HC|  |TAMS 0x0000000083300000, 0x0000000083200000| Complete 
|  51|0x0000000083300000, 0x0000000083400000, 0x0000000083400000|100%| O|  |TAMS 0x0000000083400000, 0x0000000083300000| Untracked 
|  52|0x0000000083400000, 0x0000000083500000, 0x0000000083500000|100%| O|  |TAMS 0x0000000083500000, 0x0000000083400000| Untracked 
|  53|0x0000000083500000, 0x0000000083600000, 0x0000000083600000|100%| O|  |TAMS 0x0000000083600000, 0x0000000083500000| Untracked 
|  54|0x0000000083600000, 0x0000000083700000, 0x0000000083700000|100%| O|  |TAMS 0x0000000083700000, 0x0000000083600000| Untracked 
|  55|0x0000000083700000, 0x0000000083800000, 0x0000000083800000|100%| O|  |TAMS 0x0000000083800000, 0x0000000083700000| Complete 
|  56|0x0000000083800000, 0x0000000083900000, 0x0000000083900000|100%| O|  |TAMS 0x0000000083900000, 0x0000000083800000| Untracked 
|  57|0x0000000083900000, 0x0000000083a00000, 0x0000000083a00000|100%| O|  |TAMS 0x0000000083a00000, 0x0000000083900000| Untracked 
|  58|0x0000000083a00000, 0x0000000083b00000, 0x0000000083b00000|100%| O|  |TAMS 0x0000000083b00000, 0x0000000083a00000| Untracked 
|  59|0x0000000083b00000, 0x0000000083c00000, 0x0000000083c00000|100%| O|  |TAMS 0x0000000083c00000, 0x0000000083b00000| Complete 
|  60|0x0000000083c00000, 0x0000000083d00000, 0x0000000083d00000|100%| O|  |TAMS 0x0000000083d00000, 0x0000000083c00000| Complete 
|  61|0x0000000083d00000, 0x0000000083e00000, 0x0000000083e00000|100%| O|  |TAMS 0x0000000083e00000, 0x0000000083d00000| Untracked 
|  62|0x0000000083e00000, 0x0000000083f00000, 0x0000000083f00000|100%| O|  |TAMS 0x0000000083f00000, 0x0000000083e00000| Untracked 
|  63|0x0000000083f00000, 0x0000000084000000, 0x0000000084000000|100%| O|  |TAMS 0x0000000084000000, 0x0000000083f00000| Untracked 
|  64|0x0000000084000000, 0x0000000084100000, 0x0000000084100000|100%| O|  |TAMS 0x0000000084100000, 0x0000000084000000| Untracked 
|  65|0x0000000084100000, 0x0000000084200000, 0x0000000084200000|100%| O|  |TAMS 0x0000000084200000, 0x0000000084100000| Untracked 
|  66|0x0000000084200000, 0x0000000084300000, 0x0000000084300000|100%| O|  |TAMS 0x0000000084300000, 0x0000000084200000| Untracked 
|  67|0x0000000084300000, 0x0000000084400000, 0x0000000084400000|100%| O|  |TAMS 0x0000000084400000, 0x0000000084300000| Untracked 
|  68|0x0000000084400000, 0x0000000084500000, 0x0000000084500000|100%| O|  |TAMS 0x0000000084500000, 0x0000000084400000| Untracked 
|  69|0x0000000084500000, 0x0000000084600000, 0x0000000084600000|100%| O|  |TAMS 0x0000000084600000, 0x0000000084500000| Untracked 
|  70|0x0000000084600000, 0x0000000084700000, 0x0000000084700000|100%| O|  |TAMS 0x0000000084700000, 0x0000000084600000| Untracked 
|  71|0x0000000084700000, 0x0000000084800000, 0x0000000084800000|100%| O|  |TAMS 0x0000000084800000, 0x0000000084700000| Untracked 
|  72|0x0000000084800000, 0x0000000084900000, 0x0000000084900000|100%| O|  |TAMS 0x0000000084900000, 0x0000000084800000| Untracked 
|  73|0x0000000084900000, 0x0000000084a00000, 0x0000000084a00000|100%| O|  |TAMS 0x0000000084a00000, 0x0000000084900000| Complete 
|  74|0x0000000084a00000, 0x0000000084b00000, 0x0000000084b00000|100%| O|  |TAMS 0x0000000084b00000, 0x0000000084a00000| Untracked 
|  75|0x0000000084b00000, 0x0000000084c00000, 0x0000000084c00000|100%| O|  |TAMS 0x0000000084c00000, 0x0000000084b00000| Untracked 
|  76|0x0000000084c00000, 0x0000000084d00000, 0x0000000084d00000|100%| O|  |TAMS 0x0000000084d00000, 0x0000000084c00000| Untracked 
|  77|0x0000000084d00000, 0x0000000084e00000, 0x0000000084e00000|100%| O|  |TAMS 0x0000000084e00000, 0x0000000084d00000| Untracked 
|  78|0x0000000084e00000, 0x0000000084f00000, 0x0000000084f00000|100%| O|  |TAMS 0x0000000084f00000, 0x0000000084e00000| Untracked 
|  79|0x0000000084f00000, 0x0000000085000000, 0x0000000085000000|100%| O|  |TAMS 0x0000000085000000, 0x0000000084f00000| Complete 
|  80|0x0000000085000000, 0x0000000085100000, 0x0000000085100000|100%|HS|  |TAMS 0x0000000085100000, 0x0000000085000000| Complete 
|  81|0x0000000085100000, 0x0000000085200000, 0x0000000085200000|100%|HC|  |TAMS 0x0000000085200000, 0x0000000085100000| Complete 
|  82|0x0000000085200000, 0x0000000085300000, 0x0000000085300000|100%|HS|  |TAMS 0x0000000085300000, 0x0000000085200000| Complete 
|  83|0x0000000085300000, 0x0000000085400000, 0x0000000085400000|100%|HC|  |TAMS 0x0000000085400000, 0x0000000085300000| Complete 
|  84|0x0000000085400000, 0x0000000085500000, 0x0000000085500000|100%|HC|  |TAMS 0x0000000085500000, 0x0000000085400000| Complete 
|  85|0x0000000085500000, 0x0000000085600000, 0x0000000085600000|100%|HC|  |TAMS 0x0000000085600000, 0x0000000085500000| Complete 
|  86|0x0000000085600000, 0x0000000085700000, 0x0000000085700000|100%| O|  |TAMS 0x0000000085700000, 0x0000000085600000| Untracked 
|  87|0x0000000085700000, 0x0000000085800000, 0x0000000085800000|100%| O|  |TAMS 0x0000000085800000, 0x0000000085700000| Complete 
|  88|0x0000000085800000, 0x0000000085900000, 0x0000000085900000|100%| O|  |TAMS 0x0000000085900000, 0x0000000085800000| Complete 
|  89|0x0000000085900000, 0x0000000085a00000, 0x0000000085a00000|100%| O|  |TAMS 0x0000000085a00000, 0x0000000085900000| Untracked 
|  90|0x0000000085a00000, 0x0000000085b00000, 0x0000000085b00000|100%| O|  |TAMS 0x0000000085b00000, 0x0000000085a00000| Complete 
|  91|0x0000000085b00000, 0x0000000085c00000, 0x0000000085c00000|100%| O|  |TAMS 0x0000000085c00000, 0x0000000085b00000| Complete 
|  92|0x0000000085c00000, 0x0000000085d00000, 0x0000000085d00000|100%| O|  |TAMS 0x0000000085d00000, 0x0000000085c00000| Complete 
|  93|0x0000000085d00000, 0x0000000085e00000, 0x0000000085e00000|100%| O|  |TAMS 0x0000000085e00000, 0x0000000085d00000| Untracked 
|  94|0x0000000085e00000, 0x0000000085f00000, 0x0000000085f00000|100%| O|  |TAMS 0x0000000085f00000, 0x0000000085e00000| Untracked 
|  95|0x0000000085f00000, 0x0000000086000000, 0x0000000086000000|100%|HS|  |TAMS 0x0000000086000000, 0x0000000085f00000| Complete 
|  96|0x0000000086000000, 0x0000000086100000, 0x0000000086100000|100%|HS|  |TAMS 0x0000000086100000, 0x0000000086000000| Complete 
|  97|0x0000000086100000, 0x0000000086200000, 0x0000000086200000|100%|HS|  |TAMS 0x0000000086200000, 0x0000000086100000| Complete 
|  98|0x0000000086200000, 0x0000000086300000, 0x0000000086300000|100%|HS|  |TAMS 0x0000000086300000, 0x0000000086200000| Complete 
|  99|0x0000000086300000, 0x0000000086400000, 0x0000000086400000|100%|HC|  |TAMS 0x0000000086400000, 0x0000000086300000| Complete 
| 100|0x0000000086400000, 0x0000000086500000, 0x0000000086500000|100%|HC|  |TAMS 0x0000000086500000, 0x0000000086400000| Complete 
| 101|0x0000000086500000, 0x0000000086600000, 0x0000000086600000|100%| O|  |TAMS 0x0000000086600000, 0x0000000086500000| Untracked 
| 102|0x0000000086600000, 0x0000000086700000, 0x0000000086700000|100%| O|  |TAMS 0x0000000086700000, 0x0000000086600000| Untracked 
| 103|0x0000000086700000, 0x0000000086800000, 0x0000000086800000|100%| O|  |TAMS 0x0000000086800000, 0x0000000086700000| Untracked 
| 104|0x0000000086800000, 0x0000000086900000, 0x0000000086900000|100%| O|  |TAMS 0x0000000086900000, 0x0000000086800000| Untracked 
| 105|0x0000000086900000, 0x0000000086a00000, 0x0000000086a00000|100%| O|  |TAMS 0x0000000086a00000, 0x0000000086900000| Complete 
| 106|0x0000000086a00000, 0x0000000086b00000, 0x0000000086b00000|100%| O|  |TAMS 0x0000000086b00000, 0x0000000086a00000| Untracked 
| 107|0x0000000086b00000, 0x0000000086c00000, 0x0000000086c00000|100%| O|  |TAMS 0x0000000086c00000, 0x0000000086b00000| Untracked 
| 108|0x0000000086c00000, 0x0000000086d00000, 0x0000000086d00000|100%| O|  |TAMS 0x0000000086d00000, 0x0000000086c00000| Complete 
| 109|0x0000000086d00000, 0x0000000086e00000, 0x0000000086e00000|100%| O|  |TAMS 0x0000000086e00000, 0x0000000086d00000| Untracked 
| 110|0x0000000086e00000, 0x0000000086f00000, 0x0000000086f00000|100%| O|  |TAMS 0x0000000086f00000, 0x0000000086e00000| Complete 
| 111|0x0000000086f00000, 0x0000000087000000, 0x0000000087000000|100%| O|  |TAMS 0x0000000087000000, 0x0000000086f00000| Complete 
| 112|0x0000000087000000, 0x0000000087100000, 0x0000000087100000|100%| O|  |TAMS 0x0000000087100000, 0x0000000087000000| Complete 
| 113|0x0000000087100000, 0x0000000087200000, 0x0000000087200000|100%| O|  |TAMS 0x0000000087200000, 0x0000000087100000| Untracked 
| 114|0x0000000087200000, 0x0000000087300000, 0x0000000087300000|100%| O|  |TAMS 0x0000000087300000, 0x0000000087200000| Complete 
| 115|0x0000000087300000, 0x0000000087400000, 0x0000000087400000|100%|HS|  |TAMS 0x0000000087400000, 0x0000000087300000| Complete 
| 116|0x0000000087400000, 0x0000000087500000, 0x0000000087500000|100%|HS|  |TAMS 0x0000000087500000, 0x0000000087400000| Complete 
| 117|0x0000000087500000, 0x0000000087600000, 0x0000000087600000|100%| O|  |TAMS 0x0000000087600000, 0x0000000087500000| Complete 
| 118|0x0000000087600000, 0x0000000087700000, 0x0000000087700000|100%| O|  |TAMS 0x0000000087700000, 0x0000000087600000| Complete 
| 119|0x0000000087700000, 0x0000000087800000, 0x0000000087800000|100%| O|  |TAMS 0x0000000087800000, 0x0000000087700000| Complete 
| 120|0x0000000087800000, 0x0000000087900000, 0x0000000087900000|100%|HS|  |TAMS 0x0000000087900000, 0x0000000087800000| Complete 
| 121|0x0000000087900000, 0x0000000087a00000, 0x0000000087a00000|100%|HC|  |TAMS 0x0000000087a00000, 0x0000000087900000| Complete 
| 122|0x0000000087a00000, 0x0000000087b00000, 0x0000000087b00000|100%|HC|  |TAMS 0x0000000087b00000, 0x0000000087a00000| Complete 
| 123|0x0000000087b00000, 0x0000000087c00000, 0x0000000087c00000|100%| O|  |TAMS 0x0000000087c00000, 0x0000000087b00000| Complete 
| 124|0x0000000087c00000, 0x0000000087d00000, 0x0000000087d00000|100%| O|  |TAMS 0x0000000087d00000, 0x0000000087c00000| Complete 
| 125|0x0000000087d00000, 0x0000000087e00000, 0x0000000087e00000|100%| O|  |TAMS 0x0000000087e00000, 0x0000000087d00000| Untracked 
| 126|0x0000000087e00000, 0x0000000087f00000, 0x0000000087f00000|100%| O|  |TAMS 0x0000000087f00000, 0x0000000087e00000| Untracked 
| 127|0x0000000087f00000, 0x0000000088000000, 0x0000000088000000|100%| O|  |TAMS 0x0000000088000000, 0x0000000087f00000| Untracked 
| 128|0x0000000088000000, 0x0000000088100000, 0x0000000088100000|100%| O|  |TAMS 0x0000000088100000, 0x0000000088000000| Untracked 
| 129|0x0000000088100000, 0x0000000088200000, 0x0000000088200000|100%| O|  |TAMS 0x0000000088200000, 0x0000000088100000| Untracked 
| 130|0x0000000088200000, 0x0000000088300000, 0x0000000088300000|100%| O|  |TAMS 0x0000000088300000, 0x0000000088200000| Untracked 
| 131|0x0000000088300000, 0x0000000088400000, 0x0000000088400000|100%| O|  |TAMS 0x0000000088400000, 0x0000000088300000| Untracked 
| 132|0x0000000088400000, 0x0000000088500000, 0x0000000088500000|100%| O|  |TAMS 0x0000000088500000, 0x0000000088400000| Untracked 
| 133|0x0000000088500000, 0x0000000088600000, 0x0000000088600000|100%| O|  |TAMS 0x0000000088600000, 0x0000000088500000| Untracked 
| 134|0x0000000088600000, 0x0000000088700000, 0x0000000088700000|100%| O|  |TAMS 0x0000000088700000, 0x0000000088600000| Untracked 
| 135|0x0000000088700000, 0x0000000088800000, 0x0000000088800000|100%| O|  |TAMS 0x0000000088800000, 0x0000000088700000| Untracked 
| 136|0x0000000088800000, 0x0000000088900000, 0x0000000088900000|100%| O|  |TAMS 0x0000000088900000, 0x0000000088800000| Complete 
| 137|0x0000000088900000, 0x00000000889f6c00, 0x0000000088a00000| 96%| O|  |TAMS 0x00000000889f6c00, 0x0000000088900000| Untracked 
| 138|0x0000000088a00000, 0x0000000088a00000, 0x0000000088b00000|  0%| F|  |TAMS 0x0000000088a00000, 0x0000000088a00000| Untracked 
| 139|0x0000000088b00000, 0x0000000088b00000, 0x0000000088c00000|  0%| F|  |TAMS 0x0000000088b00000, 0x0000000088b00000| Untracked 
| 140|0x0000000088c00000, 0x0000000088c00000, 0x0000000088d00000|  0%| F|  |TAMS 0x0000000088c00000, 0x0000000088c00000| Untracked 
| 141|0x0000000088d00000, 0x0000000088d00000, 0x0000000088e00000|  0%| F|  |TAMS 0x0000000088d00000, 0x0000000088d00000| Untracked 
| 142|0x0000000088e00000, 0x0000000088e00000, 0x0000000088f00000|  0%| F|  |TAMS 0x0000000088e00000, 0x0000000088e00000| Untracked 
| 143|0x0000000088f00000, 0x0000000088f00000, 0x0000000089000000|  0%| F|  |TAMS 0x0000000088f00000, 0x0000000088f00000| Untracked 
| 144|0x0000000089000000, 0x0000000089000000, 0x0000000089100000|  0%| F|  |TAMS 0x0000000089000000, 0x0000000089000000| Untracked 
| 145|0x0000000089100000, 0x0000000089100000, 0x0000000089200000|  0%| F|  |TAMS 0x0000000089100000, 0x0000000089100000| Untracked 
| 146|0x0000000089200000, 0x0000000089200000, 0x0000000089300000|  0%| F|  |TAMS 0x0000000089200000, 0x0000000089200000| Untracked 
| 147|0x0000000089300000, 0x0000000089300000, 0x0000000089400000|  0%| F|  |TAMS 0x0000000089300000, 0x0000000089300000| Untracked 
| 148|0x0000000089400000, 0x0000000089400000, 0x0000000089500000|  0%| F|  |TAMS 0x0000000089400000, 0x0000000089400000| Untracked 
| 149|0x0000000089500000, 0x0000000089500000, 0x0000000089600000|  0%| F|  |TAMS 0x0000000089500000, 0x0000000089500000| Untracked 
| 150|0x0000000089600000, 0x0000000089600000, 0x0000000089700000|  0%| F|  |TAMS 0x0000000089600000, 0x0000000089600000| Untracked 
| 151|0x0000000089700000, 0x0000000089700000, 0x0000000089800000|  0%| F|  |TAMS 0x0000000089700000, 0x0000000089700000| Untracked 
| 152|0x0000000089800000, 0x0000000089800000, 0x0000000089900000|  0%| F|  |TAMS 0x0000000089800000, 0x0000000089800000| Untracked 
| 153|0x0000000089900000, 0x0000000089900000, 0x0000000089a00000|  0%| F|  |TAMS 0x0000000089900000, 0x0000000089900000| Untracked 
| 154|0x0000000089a00000, 0x0000000089a00000, 0x0000000089b00000|  0%| F|  |TAMS 0x0000000089a00000, 0x0000000089a00000| Untracked 
| 155|0x0000000089b00000, 0x0000000089b00000, 0x0000000089c00000|  0%| F|  |TAMS 0x0000000089b00000, 0x0000000089b00000| Untracked 
| 156|0x0000000089c00000, 0x0000000089c00000, 0x0000000089d00000|  0%| F|  |TAMS 0x0000000089c00000, 0x0000000089c00000| Untracked 
| 157|0x0000000089d00000, 0x0000000089d00000, 0x0000000089e00000|  0%| F|  |TAMS 0x0000000089d00000, 0x0000000089d00000| Untracked 
| 158|0x0000000089e00000, 0x0000000089e00000, 0x0000000089f00000|  0%| F|  |TAMS 0x0000000089e00000, 0x0000000089e00000| Untracked 
| 159|0x0000000089f00000, 0x0000000089f00000, 0x000000008a000000|  0%| F|  |TAMS 0x0000000089f00000, 0x0000000089f00000| Untracked 
| 160|0x000000008a000000, 0x000000008a000000, 0x000000008a100000|  0%| F|  |TAMS 0x000000008a000000, 0x000000008a000000| Untracked 
| 161|0x000000008a100000, 0x000000008a100000, 0x000000008a200000|  0%| F|  |TAMS 0x000000008a100000, 0x000000008a100000| Untracked 
| 162|0x000000008a200000, 0x000000008a200000, 0x000000008a300000|  0%| F|  |TAMS 0x000000008a200000, 0x000000008a200000| Untracked 
| 163|0x000000008a300000, 0x000000008a368c90, 0x000000008a400000| 40%| S|CS|TAMS 0x000000008a300000, 0x000000008a300000| Complete 
| 164|0x000000008a400000, 0x000000008a400000, 0x000000008a500000|  0%| F|  |TAMS 0x000000008a400000, 0x000000008a400000| Untracked 
| 165|0x000000008a500000, 0x000000008a500000, 0x000000008a600000|  0%| F|  |TAMS 0x000000008a500000, 0x000000008a500000| Untracked 
| 166|0x000000008a600000, 0x000000008a600000, 0x000000008a700000|  0%| F|  |TAMS 0x000000008a600000, 0x000000008a600000| Untracked 
| 167|0x000000008a700000, 0x000000008a800000, 0x000000008a800000|100%| S|CS|TAMS 0x000000008a700000, 0x000000008a700000| Complete 
| 168|0x000000008a800000, 0x000000008a900000, 0x000000008a900000|100%| S|CS|TAMS 0x000000008a800000, 0x000000008a800000| Complete 
| 169|0x000000008a900000, 0x000000008aa00000, 0x000000008aa00000|100%| S|CS|TAMS 0x000000008a900000, 0x000000008a900000| Complete 
| 170|0x000000008aa00000, 0x000000008aa00000, 0x000000008ab00000|  0%| F|  |TAMS 0x000000008aa00000, 0x000000008aa00000| Untracked 
| 171|0x000000008ab00000, 0x000000008ab00000, 0x000000008ac00000|  0%| F|  |TAMS 0x000000008ab00000, 0x000000008ab00000| Untracked 
| 172|0x000000008ac00000, 0x000000008ac00000, 0x000000008ad00000|  0%| F|  |TAMS 0x000000008ac00000, 0x000000008ac00000| Untracked 
| 173|0x000000008ad00000, 0x000000008ad00000, 0x000000008ae00000|  0%| F|  |TAMS 0x000000008ad00000, 0x000000008ad00000| Untracked 
| 174|0x000000008ae00000, 0x000000008ae00000, 0x000000008af00000|  0%| F|  |TAMS 0x000000008ae00000, 0x000000008ae00000| Untracked 
| 175|0x000000008af00000, 0x000000008af00000, 0x000000008b000000|  0%| F|  |TAMS 0x000000008af00000, 0x000000008af00000| Untracked 
| 176|0x000000008b000000, 0x000000008b000000, 0x000000008b100000|  0%| F|  |TAMS 0x000000008b000000, 0x000000008b000000| Untracked 
| 177|0x000000008b100000, 0x000000008b100000, 0x000000008b200000|  0%| F|  |TAMS 0x000000008b100000, 0x000000008b100000| Untracked 
| 178|0x000000008b200000, 0x000000008b26ea88, 0x000000008b300000| 43%| E|  |TAMS 0x000000008b200000, 0x000000008b200000| Complete 
| 179|0x000000008b300000, 0x000000008b400000, 0x000000008b400000|100%| E|CS|TAMS 0x000000008b300000, 0x000000008b300000| Complete 
| 180|0x000000008b400000, 0x000000008b500000, 0x000000008b500000|100%| E|CS|TAMS 0x000000008b400000, 0x000000008b400000| Complete 
| 181|0x000000008b500000, 0x000000008b600000, 0x000000008b600000|100%| E|CS|TAMS 0x000000008b500000, 0x000000008b500000| Complete 
| 182|0x000000008b600000, 0x000000008b700000, 0x000000008b700000|100%| E|CS|TAMS 0x000000008b600000, 0x000000008b600000| Complete 
| 183|0x000000008b700000, 0x000000008b800000, 0x000000008b800000|100%| E|CS|TAMS 0x000000008b700000, 0x000000008b700000| Complete 
| 184|0x000000008b800000, 0x000000008b900000, 0x000000008b900000|100%| E|CS|TAMS 0x000000008b800000, 0x000000008b800000| Complete 
| 185|0x000000008b900000, 0x000000008ba00000, 0x000000008ba00000|100%| E|CS|TAMS 0x000000008b900000, 0x000000008b900000| Complete 
| 186|0x000000008ba00000, 0x000000008bb00000, 0x000000008bb00000|100%| E|CS|TAMS 0x000000008ba00000, 0x000000008ba00000| Complete 
| 187|0x000000008bb00000, 0x000000008bc00000, 0x000000008bc00000|100%| E|CS|TAMS 0x000000008bb00000, 0x000000008bb00000| Complete 
| 188|0x000000008bc00000, 0x000000008bd00000, 0x000000008bd00000|100%| E|CS|TAMS 0x000000008bc00000, 0x000000008bc00000| Complete 
| 189|0x000000008bd00000, 0x000000008be00000, 0x000000008be00000|100%| E|CS|TAMS 0x000000008bd00000, 0x000000008bd00000| Complete 
| 190|0x000000008be00000, 0x000000008bf00000, 0x000000008bf00000|100%| E|CS|TAMS 0x000000008be00000, 0x000000008be00000| Complete 
| 191|0x000000008bf00000, 0x000000008c000000, 0x000000008c000000|100%| E|CS|TAMS 0x000000008bf00000, 0x000000008bf00000| Complete 
| 192|0x000000008c000000, 0x000000008c100000, 0x000000008c100000|100%| E|CS|TAMS 0x000000008c000000, 0x000000008c000000| Complete 

Card table byte_map: [0x00000269a9290000,0x00000269a9690000] _byte_map_base: 0x00000269a8e90000

Marking Bits (Prev, Next): (CMBitMap*) 0x00000269907e3e80, (CMBitMap*) 0x00000269907e3e48
 Prev Bits: [0x00000269aba90000, 0x00000269ada90000)
 Next Bits: [0x00000269a9a90000, 0x00000269aba90000)

Polling page: 0x0000026990870000

Metaspace:

Usage:
  Non-class:     91.18 MB capacity,    88.99 MB ( 98%) used,     1.90 MB (  2%) free+waste,   306.56 KB ( <1%) overhead. 
      Class:     15.01 MB capacity,    13.61 MB ( 91%) used,     1.26 MB (  8%) free+waste,   145.56 KB ( <1%) overhead. 
       Both:    106.19 MB capacity,   102.60 MB ( 97%) used,     3.16 MB (  3%) free+waste,   452.12 KB ( <1%) overhead. 

Virtual space:
  Non-class space:       92.00 MB reserved,      91.25 MB (>99%) committed 
      Class space:      504.00 MB reserved,      15.12 MB (  3%) committed 
             Both:      596.00 MB reserved,     106.38 MB ( 18%) committed 

Chunk freelists:
   Non-Class:  896 bytes
       Class:  2.38 KB
        Both:  3.25 KB

CodeHeap 'non-profiled nmethods': size=120064Kb used=8579Kb max_used=8579Kb free=111484Kb
 bounds [0x00000269a1100000, 0x00000269a1970000, 0x00000269a8640000]
CodeHeap 'profiled nmethods': size=120000Kb used=30459Kb max_used=30459Kb free=89540Kb
 bounds [0x0000026999bd0000, 0x000002699b990000, 0x00000269a1100000]
CodeHeap 'non-nmethods': size=5696Kb used=2325Kb max_used=2372Kb free=3370Kb
 bounds [0x0000026999640000, 0x00000269998b0000, 0x0000026999bd0000]
 total_blobs=14058 nmethods=13117 adapters=852
 compilation: enabled
              stopped_count=0, restarted_count=0
 full_count=0

Compilation events (10 events):
Event: 108.500 Thread 0x00000269b0352800 nmethod 13124 0x00000269a194f110 code [0x00000269a194fba0, 0x00000269a1958968]
Event: 108.500 Thread 0x00000269b0352800 13162       4       com.sun.beans.TypeResolver::resolve (37 bytes)
Event: 108.508 Thread 0x00000269b0352800 nmethod 13162 0x00000269a195e790 code [0x00000269a195e920, 0x00000269a195ec28]
Event: 108.508 Thread 0x00000269b0352800 13164       4       java.lang.reflect.Method::getGenericInfo (27 bytes)
Event: 108.525 Thread 0x00000269b0352800 nmethod 13164 0x00000269a195ee10 code [0x00000269a195f0a0, 0x00000269a195fd38]
Event: 108.525 Thread 0x00000269b0352800 13150       4       com.google.common.collect.Lists::newArrayList (8 bytes)
Event: 108.527 Thread 0x00000269b0352800 nmethod 13150 0x00000269a1960490 code [0x00000269a1960620, 0x00000269a1960758]
Event: 108.527 Thread 0x00000269b0352800 13126       4       org.gradle.internal.typeconversion.NotationConverterToNotationParserAdapter$ResultImpl::<init> (5 bytes)
Event: 108.527 Thread 0x00000269b0352800 nmethod 13126 0x00000269a1960810 code [0x00000269a1960980, 0x00000269a19609d8]
Event: 108.602 Thread 0x00000269b0352800 13165       4       java.beans.Introspector::addPropertyDescriptor (265 bytes)

GC Heap History (10 events):
Event: 99.987 GC heap before
{Heap before GC invocations=82 (full 0):
 garbage-first heap   total 197632K, used 159585K [0x0000000080000000, 0x0000000100000000)
  region size 1024K, 26 young (26624K), 4 survivors (4096K)
 Metaspace       used 99984K, capacity 103409K, committed 103552K, reserved 606208K
  class space    used 13241K, capacity 14606K, committed 14720K, reserved 516096K
}
Event: 100.060 GC heap after
{Heap after GC invocations=83 (full 0):
 garbage-first heap   total 197632K, used 138781K [0x0000000080000000, 0x0000000100000000)
  region size 1024K, 3 young (3072K), 3 survivors (3072K)
 Metaspace       used 99984K, capacity 103409K, committed 103552K, reserved 606208K
  class space    used 13241K, capacity 14606K, committed 14720K, reserved 516096K
}
Event: 103.999 GC heap before
{Heap before GC invocations=84 (full 0):
 garbage-first heap   total 197632K, used 161309K [0x0000000080000000, 0x0000000100000000)
  region size 1024K, 25 young (25600K), 3 survivors (3072K)
 Metaspace       used 101168K, capacity 104582K, committed 104704K, reserved 606208K
  class space    used 13391K, capacity 14738K, committed 14848K, reserved 516096K
}
Event: 104.005 GC heap after
{Heap after GC invocations=85 (full 0):
 garbage-first heap   total 197632K, used 140174K [0x0000000080000000, 0x0000000100000000)
  region size 1024K, 4 young (4096K), 4 survivors (4096K)
 Metaspace       used 101168K, capacity 104582K, committed 104704K, reserved 606208K
  class space    used 13391K, capacity 14738K, committed 14848K, reserved 516096K
}
Event: 105.294 GC heap before
{Heap before GC invocations=85 (full 0):
 garbage-first heap   total 197632K, used 162702K [0x0000000080000000, 0x0000000100000000)
  region size 1024K, 26 young (26624K), 4 survivors (4096K)
 Metaspace       used 102223K, capacity 105711K, committed 105856K, reserved 608256K
  class space    used 13565K, capacity 14913K, committed 14976K, reserved 516096K
}
Event: 105.305 GC heap after
{Heap after GC invocations=86 (full 0):
 garbage-first heap   total 197632K, used 141599K [0x0000000080000000, 0x0000000100000000)
  region size 1024K, 3 young (3072K), 3 survivors (3072K)
 Metaspace       used 102223K, capacity 105711K, committed 105856K, reserved 608256K
  class space    used 13565K, capacity 14913K, committed 14976K, reserved 516096K
}
Event: 106.572 GC heap before
{Heap before GC invocations=87 (full 0):
 garbage-first heap   total 197632K, used 165151K [0x0000000080000000, 0x0000000100000000)
  region size 1024K, 26 young (26624K), 3 survivors (3072K)
 Metaspace       used 103403K, capacity 106989K, committed 107136K, reserved 608256K
  class space    used 13725K, capacity 15115K, committed 15232K, reserved 516096K
}
Event: 106.606 GC heap after
{Heap after GC invocations=88 (full 0):
 garbage-first heap   total 197632K, used 142865K [0x0000000080000000, 0x0000000100000000)
  region size 1024K, 3 young (3072K), 3 survivors (3072K)
 Metaspace       used 103403K, capacity 106989K, committed 107136K, reserved 608256K
  class space    used 13725K, capacity 15115K, committed 15232K, reserved 516096K
}
Event: 107.927 GC heap before
{Heap before GC invocations=88 (full 0):
 garbage-first heap   total 197632K, used 166417K [0x0000000080000000, 0x0000000100000000)
  region size 1024K, 26 young (26624K), 3 survivors (3072K)
 Metaspace       used 104904K, capacity 108569K, committed 108800K, reserved 610304K
  class space    used 13920K, capacity 15338K, committed 15360K, reserved 516096K
}
Event: 107.939 GC heap after
{Heap after GC invocations=89 (full 0):
 garbage-first heap   total 197632K, used 144766K [0x0000000080000000, 0x0000000100000000)
  region size 1024K, 4 young (4096K), 4 survivors (4096K)
 Metaspace       used 104904K, capacity 108569K, committed 108800K, reserved 610304K
  class space    used 13920K, capacity 15338K, committed 15360K, reserved 516096K
}

Deoptimization events (10 events):
Event: 105.737 Thread 0x00000269b24b1800 Uncommon trap: reason=null_check action=make_not_entrant pc=0x00000269a191a5e8 method=org.gradle.internal.instantiation.generator.AbstractClassGenerator.isIneligibleForConventionMapping(Lorg/gradle/internal/instantiation/generator/AbstractClassGenerator$P
Event: 105.737 Thread 0x00000269b24b1800 Uncommon trap: reason=null_check action=make_not_entrant pc=0x00000269a18fd144 method=org.gradle.internal.instantiation.generator.AbstractClassGenerator.isLazyAttachProperty(Lorg/gradle/internal/instantiation/generator/AbstractClassGenerator$PropertyMetad
Event: 105.882 Thread 0x00000269b24b1800 Uncommon trap: reason=null_check action=make_not_entrant pc=0x00000269a191ffe8 method=java.lang.Class.isAnnotation()Z @ 1 c2
Event: 106.226 Thread 0x00000269b24b1800 Uncommon trap: reason=profile_predicate action=maybe_recompile pc=0x00000269a191bbc0 method=java.util.regex.Pattern$BnM.optimize(Ljava/util/regex/Pattern$Node;)Ljava/util/regex/Pattern$Node; @ 67 c2
Event: 106.228 Thread 0x00000269b24b1800 Uncommon trap: reason=profile_predicate action=maybe_recompile pc=0x00000269a191bbc0 method=java.util.regex.Pattern$BnM.optimize(Ljava/util/regex/Pattern$Node;)Ljava/util/regex/Pattern$Node; @ 67 c2
Event: 106.265 Thread 0x00000269b24b1800 Uncommon trap: reason=profile_predicate action=maybe_recompile pc=0x00000269a191bbc0 method=java.util.regex.Pattern$BnM.optimize(Ljava/util/regex/Pattern$Node;)Ljava/util/regex/Pattern$Node; @ 67 c2
Event: 106.271 Thread 0x00000269b24b1800 Uncommon trap: reason=profile_predicate action=maybe_recompile pc=0x00000269a191bbc0 method=java.util.regex.Pattern$BnM.optimize(Ljava/util/regex/Pattern$Node;)Ljava/util/regex/Pattern$Node; @ 67 c2
Event: 107.220 Thread 0x00000269b24b1800 Uncommon trap: reason=unstable_if action=reinterpret pc=0x00000269a1918170 method=org.gradle.internal.instantiation.generator.AbstractClassGenerator.isNameProperty(Lorg/gradle/internal/instantiation/generator/AbstractClassGenerator$PropertyMetadata;)Z @ 2
Event: 107.221 Thread 0x00000269b24b1800 Uncommon trap: reason=unstable_if action=reinterpret pc=0x00000269a168aecc method=org.gradle.internal.instantiation.generator.AbstractClassGenerator.isNameProperty(Lorg/gradle/internal/instantiation/generator/AbstractClassGenerator$PropertyMetadata;)Z @ 2
Event: 107.666 Thread 0x00000269b24b1800 Uncommon trap: reason=unstable_if action=reinterpret pc=0x00000269a13e1204 method=java.lang.Class.getTypeName()Ljava/lang/String; @ 23 c2

Classes redefined (0 events):
No events

Internal exceptions (10 events):
Event: 108.183 Thread 0x00000269b24b1800 Exception <a 'java/lang/ClassNotFoundException'{0x000000008b760fa8}: com/android/build/gradle/tasks/BundleAarCustomizer> (0x000000008b760fa8) thrown at [./open/src/hotspot/share/classfile/systemDictionary.cpp, line 226]
Event: 108.378 Thread 0x00000269b24b1800 Exception <a 'java/lang/ClassNotFoundException'{0x000000008b79ae50}: com/android/build/gradle/tasks/BundleAar_DecoratedCustomizer> (0x000000008b79ae50) thrown at [./open/src/hotspot/share/classfile/systemDictionary.cpp, line 226]
Event: 108.462 Thread 0x00000269b24b1800 Exception <a 'java/lang/ClassNotFoundException'{0x000000008b6db830}: com/android/build/gradle/internal/tasks/BundleLibraryClassesJar_DecoratedBeanInfo> (0x000000008b6db830) thrown at [./open/src/hotspot/share/classfile/systemDictionary.cpp, line 226]
Event: 108.463 Thread 0x00000269b24b1800 Exception <a 'java/lang/ClassNotFoundException'{0x000000008b6f87f0}: com/android/build/gradle/internal/tasks/BundleLibraryClassesJarBeanInfo> (0x000000008b6f87f0) thrown at [./open/src/hotspot/share/classfile/systemDictionary.cpp, line 226]
Event: 108.463 Thread 0x00000269b24b1800 Exception <a 'java/lang/ClassNotFoundException'{0x000000008b515a10}: com/android/build/gradle/internal/tasks/BundleLibraryClassesJarCustomizer> (0x000000008b515a10) thrown at [./open/src/hotspot/share/classfile/systemDictionary.cpp, line 226]
Event: 108.532 Thread 0x00000269b24b1800 Exception <a 'java/lang/ClassNotFoundException'{0x000000008b544bb0}: com/android/build/gradle/internal/tasks/BundleLibraryClassesJar_DecoratedCustomizer> (0x000000008b544bb0) thrown at [./open/src/hotspot/share/classfile/systemDictionary.cpp, line 226]
Event: 108.585 Thread 0x00000269b24b1800 Exception <a 'java/lang/ClassNotFoundException'{0x000000008b5e04a8}: com/android/build/gradle/internal/tasks/BundleLibraryJavaRes_DecoratedBeanInfo> (0x000000008b5e04a8) thrown at [./open/src/hotspot/share/classfile/systemDictionary.cpp, line 226]
Event: 108.586 Thread 0x00000269b24b1800 Exception <a 'java/lang/ClassNotFoundException'{0x000000008b5fce88}: com/android/build/gradle/internal/tasks/BundleLibraryJavaResBeanInfo> (0x000000008b5fce88) thrown at [./open/src/hotspot/share/classfile/systemDictionary.cpp, line 226]
Event: 108.599 Thread 0x00000269b24b1800 Exception <a 'java/lang/ClassNotFoundException'{0x000000008b41a058}: com/android/build/gradle/internal/tasks/BundleLibraryJavaResCustomizer> (0x000000008b41a058) thrown at [./open/src/hotspot/share/classfile/systemDictionary.cpp, line 226]
Event: 108.624 Thread 0x00000269b24b1800 Exception <a 'java/lang/ClassNotFoundException'{0x000000008b44cb80}: com/android/build/gradle/internal/tasks/BundleLibraryJavaRes_DecoratedCustomizer> (0x000000008b44cb80) thrown at [./open/src/hotspot/share/classfile/systemDictionary.cpp, line 226]

Events (10 events):
Event: 108.587 loading class com/android/build/gradle/internal/tasks/BundleLibraryJavaResCustomizer
Event: 108.587 loading class com/android/build/gradle/internal/tasks/BundleLibraryJavaResCustomizer done
Event: 108.599 loading class com/android/build/gradle/internal/tasks/BundleLibraryJavaResCustomizer
Event: 108.599 loading class com/android/build/gradle/internal/tasks/BundleLibraryJavaResCustomizer done
Event: 108.615 loading class com/android/build/gradle/internal/tasks/BundleLibraryJavaRes_DecoratedCustomizer
Event: 108.615 loading class com/android/build/gradle/internal/tasks/BundleLibraryJavaRes_DecoratedCustomizer done
Event: 108.623 loading class com/android/build/gradle/internal/tasks/BundleLibraryJavaRes_DecoratedCustomizer
Event: 108.623 loading class com/android/build/gradle/internal/tasks/BundleLibraryJavaRes_DecoratedCustomizer done
Event: 108.623 loading class com/android/build/gradle/internal/tasks/BundleLibraryJavaRes_DecoratedCustomizer
Event: 108.623 loading class com/android/build/gradle/internal/tasks/BundleLibraryJavaRes_DecoratedCustomizer done


Dynamic libraries:
0x00007ff6dcde0000 - 0x00007ff6dcdf0000 	C:\Program Files\Java\jdk-11\bin\java.exe
0x00007ffc0c510000 - 0x00007ffc0c724000 	C:\WINDOWS\SYSTEM32\ntdll.dll
0x00007ffc0b780000 - 0x00007ffc0b842000 	C:\WINDOWS\System32\KERNEL32.DLL
0x00007ffc09940000 - 0x00007ffc09ce3000 	C:\WINDOWS\System32\KERNELBASE.dll
0x00007ffc0a150000 - 0x00007ffc0a261000 	C:\WINDOWS\System32\ucrtbase.dll
0x00007ffbd4f30000 - 0x00007ffbd4f48000 	C:\Program Files\Java\jdk-11\bin\jli.dll
0x00007ffbd9710000 - 0x00007ffbd972b000 	C:\Program Files\Java\jdk-11\bin\VCRUNTIME140.dll
0x00007ffc0bcb0000 - 0x00007ffc0bd5e000 	C:\WINDOWS\System32\ADVAPI32.dll
0x00007ffc0bb80000 - 0x00007ffc0bc27000 	C:\WINDOWS\System32\msvcrt.dll
0x00007ffc0a8a0000 - 0x00007ffc0a944000 	C:\WINDOWS\System32\sechost.dll
0x00007ffc0ac00000 - 0x00007ffc0ad17000 	C:\WINDOWS\System32\RPCRT4.dll
0x00007ffc0b5d0000 - 0x00007ffc0b77b000 	C:\WINDOWS\System32\USER32.dll
0x00007ffc09910000 - 0x00007ffc09936000 	C:\WINDOWS\System32\win32u.dll
0x00007ffc0baa0000 - 0x00007ffc0bac9000 	C:\WINDOWS\System32\GDI32.dll
0x00007ffc0a030000 - 0x00007ffc0a149000 	C:\WINDOWS\System32\gdi32full.dll
0x00007ffc09d60000 - 0x00007ffc09dfa000 	C:\WINDOWS\System32\msvcp_win.dll
0x00007ffbf56b0000 - 0x00007ffbf593e000 	C:\WINDOWS\WinSxS\amd64_microsoft.windows.common-controls_6595b64144ccf1df_6.0.22621.1635_none_270f70857386168e\COMCTL32.dll
0x00007ffc01300000 - 0x00007ffc0130a000 	C:\WINDOWS\SYSTEM32\VERSION.dll
0x00007ffc0bae0000 - 0x00007ffc0bb11000 	C:\WINDOWS\System32\IMM32.DLL
0x00007ffbf7820000 - 0x00007ffbf782c000 	C:\Program Files\Java\jdk-11\bin\vcruntime140_1.dll
0x00007ffba2470000 - 0x00007ffba24fe000 	C:\Program Files\Java\jdk-11\bin\msvcp140.dll
0x00007ffb75440000 - 0x00007ffb75fa8000 	C:\Program Files\Java\jdk-11\bin\server\jvm.dll
0x00007ffc0bad0000 - 0x00007ffc0bad8000 	C:\WINDOWS\System32\PSAPI.DLL
0x00007ffbb7330000 - 0x00007ffbb7339000 	C:\WINDOWS\SYSTEM32\WSOCK32.dll
0x00007ffc0bc30000 - 0x00007ffc0bca1000 	C:\WINDOWS\System32\WS2_32.dll
0x00007ffc038b0000 - 0x00007ffc038e4000 	C:\WINDOWS\SYSTEM32\WINMM.dll
0x00007ffc08960000 - 0x00007ffc08978000 	C:\WINDOWS\SYSTEM32\kernel.appcore.dll
0x00007ffbef250000 - 0x00007ffbef260000 	C:\Program Files\Java\jdk-11\bin\verify.dll
0x00007ffc01e70000 - 0x00007ffc0209e000 	C:\WINDOWS\SYSTEM32\DBGHELP.DLL
0x00007ffc0a360000 - 0x00007ffc0a6e9000 	C:\WINDOWS\System32\combase.dll
0x00007ffc0bdc0000 - 0x00007ffc0be97000 	C:\WINDOWS\System32\OLEAUT32.dll
0x00007ffbf8c70000 - 0x00007ffbf8ca2000 	C:\WINDOWS\SYSTEM32\dbgcore.DLL
0x00007ffc0a270000 - 0x00007ffc0a2eb000 	C:\WINDOWS\System32\bcryptPrimitives.dll
0x00007ffbd4e80000 - 0x00007ffbd4ea8000 	C:\Program Files\Java\jdk-11\bin\java.dll
0x00007ffbe3840000 - 0x00007ffbe384a000 	C:\Program Files\Java\jdk-11\bin\jimage.dll
0x00007ffbd44c0000 - 0x00007ffbd44d7000 	C:\Program Files\Java\jdk-11\bin\zip.dll
0x00007ffc0adc0000 - 0x00007ffc0b5ba000 	C:\WINDOWS\System32\SHELL32.dll
0x00007ffc07910000 - 0x00007ffc081de000 	C:\WINDOWS\SYSTEM32\windows.storage.dll
0x00007ffc077d0000 - 0x00007ffc0790e000 	C:\WINDOWS\SYSTEM32\wintypes.dll
0x00007ffc0a950000 - 0x00007ffc0aa41000 	C:\WINDOWS\System32\SHCORE.dll
0x00007ffc0bb20000 - 0x00007ffc0bb7e000 	C:\WINDOWS\System32\shlwapi.dll
0x00007ffc09840000 - 0x00007ffc09861000 	C:\WINDOWS\SYSTEM32\profapi.dll
0x00007ffbd44a0000 - 0x00007ffbd44b9000 	C:\Program Files\Java\jdk-11\bin\net.dll
0x00007ffc032d0000 - 0x00007ffc03407000 	C:\WINDOWS\SYSTEM32\WINHTTP.dll
0x00007ffc08dd0000 - 0x00007ffc08e39000 	C:\WINDOWS\system32\mswsock.dll
0x00007ffbbdc80000 - 0x00007ffbbdc92000 	C:\Program Files\Java\jdk-11\bin\nio.dll
0x00007ffbbc780000 - 0x00007ffbbc7a7000 	C:\Users\Rahul rohilla\.gradle\native\e1d6ef7f7dcc3fd88c89a11ec53ec762bb8ba0a96d01ffa2cd45eb1d1d8dd5c5\windows-amd64\native-platform.dll
0x00007ffb98dc0000 - 0x00007ffb98f04000 	C:\Users\Rahul rohilla\.gradle\native\0d407fdbe67a94daf76414ababcb853783967236a71b16ec16e742cd7a986fd3\windows-amd64\native-platform-file-events.dll
0x00007ffbe2430000 - 0x00007ffbe2439000 	C:\Program Files\Java\jdk-11\bin\management.dll
0x00007ffbdfa50000 - 0x00007ffbdfa5b000 	C:\Program Files\Java\jdk-11\bin\management_ext.dll
0x00007ffc09030000 - 0x00007ffc0904b000 	C:\WINDOWS\SYSTEM32\CRYPTSP.dll
0x00007ffc088d0000 - 0x00007ffc08905000 	C:\WINDOWS\system32\rsaenh.dll
0x00007ffc08ed0000 - 0x00007ffc08ef8000 	C:\WINDOWS\SYSTEM32\USERENV.dll
0x00007ffc091d0000 - 0x00007ffc091f8000 	C:\WINDOWS\SYSTEM32\bcrypt.dll
0x00007ffc09050000 - 0x00007ffc0905c000 	C:\WINDOWS\SYSTEM32\CRYPTBASE.dll
0x00007ffc08480000 - 0x00007ffc084ad000 	C:\WINDOWS\SYSTEM32\IPHLPAPI.DLL
0x00007ffc0b5c0000 - 0x00007ffc0b5c9000 	C:\WINDOWS\System32\NSI.dll
0x00007ffc02a40000 - 0x00007ffc02a59000 	C:\WINDOWS\SYSTEM32\dhcpcsvc6.DLL
0x00007ffc021a0000 - 0x00007ffc021bf000 	C:\WINDOWS\SYSTEM32\dhcpcsvc.DLL
0x00007ffc084b0000 - 0x00007ffc085a3000 	C:\WINDOWS\SYSTEM32\DNSAPI.dll

dbghelp: loaded successfully - version: 4.0.5 - missing functions: none
symbol engine: initialized successfully - sym options: 0x614 - pdb path: .;C:\Program Files\Java\jdk-11\bin;C:\WINDOWS\SYSTEM32;C:\WINDOWS\WinSxS\amd64_microsoft.windows.common-controls_6595b64144ccf1df_6.0.22621.1635_none_270f70857386168e;C:\Program Files\Java\jdk-11\bin\server;C:\Users\Rahul rohilla\.gradle\native\e1d6ef7f7dcc3fd88c89a11ec53ec762bb8ba0a96d01ffa2cd45eb1d1d8dd5c5\windows-amd64;C:\Users\Rahul rohilla\.gradle\native\0d407fdbe67a94daf76414ababcb853783967236a71b16ec16e742cd7a986fd3\windows-amd64

VM Arguments:
jvm_args: -XX:MaxMetaspaceSize=512m --add-opens=java.base/java.util=ALL-UNNAMED --add-opens=java.base/java.lang=ALL-UNNAMED --add-opens=java.base/java.lang.invoke=ALL-UNNAMED --add-opens=java.base/java.util=ALL-UNNAMED --add-opens=java.prefs/java.util.prefs=ALL-UNNAMED --add-opens=java.prefs/java.util.prefs=ALL-UNNAMED --add-opens=java.base/java.nio.charset=ALL-UNNAMED --add-opens=java.base/java.net=ALL-UNNAMED --add-opens=java.base/java.util.concurrent.atomic=ALL-UNNAMED -Xmx2048m -Dfile.encoding=windows-1252 -Duser.country=US -Duser.language=en -Duser.variant 
java_command: org.gradle.launcher.daemon.bootstrap.GradleDaemon 7.5.1
java_class_path (initial): C:\Users\Rahul rohilla\.gradle\wrapper\dists\gradle-7.5.1-all\1ehga6e77gqps5uk2kc5kf1vc\gradle-7.5.1\lib\gradle-launcher-7.5.1.jar
Launcher Type: SUN_STANDARD

[Global flags]
     intx CICompilerCount                          = 3                                         {product} {ergonomic}
   size_t CompressedClassSpaceSize                 = 528482304                                 {product} {ergonomic}
     uint ConcGCThreads                            = 2                                         {product} {ergonomic}
     uint G1ConcRefinementThreads                  = 6                                         {product} {ergonomic}
   size_t G1HeapRegionSize                         = 1048576                                   {product} {ergonomic}
    uintx GCDrainStackTargetSize                   = 64                                        {product} {ergonomic}
   size_t InitialHeapSize                          = 125829120                                 {product} {ergonomic}
   size_t MarkStackSize                            = 4194304                                   {product} {ergonomic}
   size_t MaxHeapSize                              = 2147483648                                {product} {command line}
   size_t MaxMetaspaceSize                         = 536870912                                 {product} {command line}
   size_t MaxNewSize                               = 1287651328                                {product} {ergonomic}
   size_t MinHeapDeltaBytes                        = 1048576                                   {product} {ergonomic}
    uintx NonNMethodCodeHeapSize                   = 5830732                                {pd product} {ergonomic}
    uintx NonProfiledCodeHeapSize                  = 122913754                              {pd product} {ergonomic}
    uintx ProfiledCodeHeapSize                     = 122913754                              {pd product} {ergonomic}
    uintx ReservedCodeCacheSize                    = 251658240                              {pd product} {ergonomic}
     bool SegmentedCodeCache                       = true                                      {product} {ergonomic}
     bool UseCompressedClassPointers               = true                                 {lp64_product} {ergonomic}
     bool UseCompressedOops                        = true                                 {lp64_product} {ergonomic}
     bool UseG1GC                                  = true                                      {product} {ergonomic}
     bool UseLargePagesIndividualAllocation        = false                                  {pd product} {ergonomic}

Logging:
Log output configuration:
 #0: stdout all=warning uptime,level,tags
 #1: stderr all=off uptime,level,tags

Environment Variables:
JAVA_HOME=C:\Program Files\Java\jdk-11
CLASSPATH=D:\Join-zeroda-master\JoinZeroda\android\\gradle\wrapper\gradle-wrapper.jar
PATH=D:\Join-zeroda-master\JoinZeroda\android\node_modules\.bin;D:\Join-zeroda-master\JoinZeroda\node_modules\.bin;D:\Join-zeroda-master\node_modules\.bin;D:\node_modules\.bin;C:\Program Files\nodejs;D:\Join-zeroda-master\JoinZeroda\node_modules\.bin;D:\Join-zeroda-master\node_modules\.bin;D:\node_modules\.bin;C:\Program Files\nodejs\node_modules\npm\node_modules\@npmcli\run-script\lib\node-gyp-bin;D:\Join-zeroda-master\JoinZeroda\node_modules\.bin;D:\Join-zeroda-master\node_modules\.bin;D:\node_modules\.bin;C:\Program Files\nodejs;C:\Users\RAHULR~1\AppData\Local\Temp\yarn--1685810649417-0.18240431727045325;D:\Join-zeroda-master\joinzeroda\node_modules\.bin;C:\Users\Rahul rohilla\AppData\Local\Yarn\Data\link\node_modules\.bin;C:\Users\Rahul rohilla\AppData\Local\Yarn\bin;C:\Program Files\libexec\lib\node_modules\npm\bin\node-gyp-bin;C:\Program Files\lib\node_modules\npm\bin\node-gyp-bin;C:\Program Files\nodejs\node_modules\npm\bin\node-gyp-bin;C:\Program Files\Common Files\Oracle\Java\javapath;C:\WINDOWS\system32;C:\WINDOWS;C:\WINDOWS\System32\Wbem;C:\WINDOWS\System32\WindowsPowerShell\v1.0\;C:\WINDOWS\System32\OpenSSH\;C:\Program Files\nodejs\;C:\Program Files\Java\jdk-11\bin;C:\Users\Rahul rohilla\AppData\Local\Android\Sdk\platform-tools;C:\Program Files\Git\cmd;C:\Users\Rahul rohilla\AppData\Local\Microsoft\WindowsApps;C:\Users\Rahul rohilla\AppData\Roaming\npm;C:\Users\Rahul rohilla\AppData\Local\Programs\Microsoft VS Code\bin
USERNAME=Rahul rohilla
OS=Windows_NT
PROCESSOR_IDENTIFIER=AMD64 Family 23 Model 96 Stepping 1, AuthenticAMD



---------------  S Y S T E M  ---------------

OS: Windows 11 , 64 bit Build 22621 (10.0.22621.1776)

CPU:total 6 (initial active 6) (6 cores per cpu, 1 threads per core) family 23 model 96 stepping 1 microcode 0x0, cmov, cx8, fxsr, mmx, sse, sse2, sse3, ssse3, sse4.1, sse4.2, popcnt, avx, avx2, aes, clmul, mmxext, 3dnowpref, lzcnt, sse4a, tsc, tscinvbit, tscinv, bmi1, bmi2, adx, sha, 

Memory: 4k page, system-wide physical 7579M (52M free)
TotalPageFile size 23062M (AvailPageFile size 3M)
current process WorkingSet (physical memory assigned to process): 309M, peak: 346M
current process commit charge ("private bytes"): 528M, peak: 532M

vm_info: Java HotSpot(TM) 64-Bit Server VM (11.0.18+9-LTS-195) for windows-amd64 JRE (11.0.18+9-LTS-195), built on Dec  6 2022 15:50:58 by "mach5one" with MS VC++ 17.1 (VS2022)

END.
