#
# There is insufficient memory for the Java Runtime Environment to continue.
# Native memory allocation (malloc) failed to allocate 2103536 bytes for Chunk::new
# Possible reasons:
#   The system is out of physical RAM or swap space
#   The process is running with CompressedOops enabled, and the Java Heap may be blocking the growth of the native heap
# Possible solutions:
#   Reduce memory load on the system
#   Increase physical memory or swap space
#   Check if swap backing store is full
#   Decrease Java heap size (-Xmx/-Xms)
#   Decrease number of Java threads
#   Decrease Java thread stack sizes (-Xss)
#   Set larger code cache with -XX:ReservedCodeCacheSize=
#   JVM is running with Unscaled Compressed Oops mode in which the Java heap is
#     placed in the first 4GB address space. The Java Heap base address is the
#     maximum limit for the native heap growth. Please use -XX:HeapBaseMinAddress
#     to set the Java Heap base and to place the Java Heap above 4GB virtual address.
# This output file may be truncated or incomplete.
#
#  Out of Memory Error (./open/src/hotspot/share/memory/arena.cpp:197), pid=20684, tid=20856
#
# JRE version: Java(TM) SE Runtime Environment 18.9 (11.0.18+9) (build 11.0.18+9-LTS-195)
# Java VM: Java HotSpot(TM) 64-Bit Server VM 18.9 (11.0.18+9-LTS-195, mixed mode, tiered, compressed oops, g1 gc, windows-amd64)
# No core dump will be written. Minidumps are not enabled by default on client versions of Windows
#

---------------  S U M M A R Y ------------

Command Line: -XX:MaxMetaspaceSize=512m --add-opens=java.base/java.util=ALL-UNNAMED --add-opens=java.base/java.lang=ALL-UNNAMED --add-opens=java.base/java.lang.invoke=ALL-UNNAMED --add-opens=java.base/java.util=ALL-UNNAMED --add-opens=java.prefs/java.util.prefs=ALL-UNNAMED --add-opens=java.prefs/java.util.prefs=ALL-UNNAMED --add-opens=java.base/java.nio.charset=ALL-UNNAMED --add-opens=java.base/java.net=ALL-UNNAMED --add-opens=java.base/java.util.concurrent.atomic=ALL-UNNAMED -Xmx2048m -Dfile.encoding=windows-1252 -Duser.country=US -Duser.language=en -Duser.variant org.gradle.launcher.daemon.bootstrap.GradleDaemon 7.5.1

Host: AMD Ryzen 5 4500U with Radeon Graphics         , 6 cores, 7G,  Windows 11 , 64 bit Build 22621 (10.0.22621.1928)
Time: Tue Jul 18 22:41:55 2023 India Standard Time elapsed time: 52.334326 seconds (0d 0h 0m 52s)

---------------  T H R E A D  ---------------

Current thread (0x000002561e324000):  JavaThread "C2 CompilerThread0" daemon [_thread_in_native, id=20856, stack(0x000000b2c9700000,0x000000b2c9800000)]


Current CompileTask:
C2:  52334 14785       4       org.gradle.api.internal.artifacts.configurations.DefaultConfiguration::collectSuperConfigs (61 bytes)

Stack: [0x000000b2c9700000,0x000000b2c9800000]
Native frames: (J=compiled Java code, j=interpreted, Vv=VM code, C=native code)
V  [jvm.dll+0x65d8aa]
V  [jvm.dll+0x79fc1f]
V  [jvm.dll+0x7a12e9]
V  [jvm.dll+0x7a1983]
V  [jvm.dll+0x2585b5]
V  [jvm.dll+0xb284c]
V  [jvm.dll+0xb2e0c]
V  [jvm.dll+0x365e21]
V  [jvm.dll+0x32eb15]
V  [jvm.dll+0x32defa]
V  [jvm.dll+0x2113ad]
V  [jvm.dll+0x210378]
V  [jvm.dll+0x18c641]
V  [jvm.dll+0x220609]
V  [jvm.dll+0x21e92c]
V  [jvm.dll+0x763f61]
V  [jvm.dll+0x75c924]
V  [jvm.dll+0x65c755]
C  [ucrtbase.dll+0x29363]
C  [KERNEL32.DLL+0x126ad]
C  [ntdll.dll+0x5aa68]


---------------  P R O C E S S  ---------------

Threads class SMR info:
_java_thread_list=0x0000025623b4af20, length=111, elements={
0x000002567d0e7000, 0x000002561e2ff000, 0x000002561e303000, 0x000002561e31d000,
0x000002561e320000, 0x000002561e322800, 0x000002561e324000, 0x000002561e327800,
0x000002561e329800, 0x000002561edec800, 0x000002561fc29800, 0x000002561fc83000,
0x0000025620717800, 0x0000025620c17800, 0x0000025620c1a000, 0x0000025620c9d000,
0x0000025620ce1000, 0x0000025620d15800, 0x0000025620d17000, 0x0000025620d06800,
0x0000025620d04800, 0x0000025620d07800, 0x0000025620d06000, 0x0000025620d05000,
0x0000025620d08800, 0x0000025620d09000, 0x0000025620d0a000, 0x0000025620d0b000,
0x0000025621161800, 0x000002562115c000, 0x0000025621162800, 0x000002562115f000,
0x0000025621160800, 0x0000025621160000, 0x000002562115e000, 0x000002562194d000,
0x0000025621954000, 0x0000025621952000, 0x0000025621951800, 0x000002562194e000,
0x000002562194f800, 0x0000025621953000, 0x0000025621954800, 0x000002562194f000,
0x0000025621956000, 0x0000025621955800, 0x0000025621950800, 0x0000025621958000,
0x000002562195b000, 0x0000025621958800, 0x0000025621959800, 0x000002562195c000,
0x0000025621957000, 0x000002562195a800, 0x00000256214f1000, 0x00000256214f2000,
0x00000256214ef800, 0x00000256214f3000, 0x00000256214f3800, 0x00000256214f0800,
0x00000256214f4800, 0x00000256214ee800, 0x00000256214fa000, 0x00000256214fb000,
0x00000256214f5000, 0x00000256214f9800, 0x00000256214fc000, 0x00000256214f7800,
0x00000256214f6000, 0x00000256214f8800, 0x00000256214fc800, 0x00000256214f7000,
0x00000256214fd800, 0x0000025620e65000, 0x0000025620e69000, 0x0000025620e63000,
0x0000025620e65800, 0x0000025620e67000, 0x0000025620e68000, 0x0000025620e64000,
0x0000025620e6d000, 0x0000025620e6f800, 0x0000025620e6c000, 0x0000025620e6e000,
0x0000025620e6b800, 0x0000025620e69800, 0x0000025620e70000, 0x0000025620e6a800,
0x0000025620e71000, 0x0000025620e72000, 0x0000025620e6e800, 0x0000025626ae2800,
0x0000025626ae9000, 0x0000025626ae7000, 0x0000025626ae4000, 0x0000025626ae3000,
0x0000025626ae6800, 0x0000025626ae8000, 0x0000025626ae5800, 0x0000025626ae9800,
0x0000025626aea800, 0x0000025626ae4800, 0x0000025626aeb000, 0x0000025626aed800,
0x0000025626aee800, 0x0000025626aef800, 0x0000025626af0000, 0x0000025626af1000,
0x0000025626aed000, 0x0000025626aec000, 0x000002562d3f7000
}

Java Threads: ( => current thread )
  0x000002567d0e7000 JavaThread "main" [_thread_blocked, id=20772, stack(0x000000b2c8a00000,0x000000b2c8b00000)]
  0x000002561e2ff000 JavaThread "Reference Handler" daemon [_thread_blocked, id=20828, stack(0x000000b2c9100000,0x000000b2c9200000)]
  0x000002561e303000 JavaThread "Finalizer" daemon [_thread_blocked, id=20832, stack(0x000000b2c9200000,0x000000b2c9300000)]
  0x000002561e31d000 JavaThread "Signal Dispatcher" daemon [_thread_blocked, id=20844, stack(0x000000b2c9400000,0x000000b2c9500000)]
  0x000002561e320000 JavaThread "Attach Listener" daemon [_thread_blocked, id=20848, stack(0x000000b2c9500000,0x000000b2c9600000)]
  0x000002561e322800 JavaThread "Service Thread" daemon [_thread_blocked, id=20852, stack(0x000000b2c9600000,0x000000b2c9700000)]
=>0x000002561e324000 JavaThread "C2 CompilerThread0" daemon [_thread_in_native, id=20856, stack(0x000000b2c9700000,0x000000b2c9800000)]
  0x000002561e327800 JavaThread "C1 CompilerThread0" daemon [_thread_blocked, id=20860, stack(0x000000b2c9800000,0x000000b2c9900000)]
  0x000002561e329800 JavaThread "Sweeper thread" daemon [_thread_blocked, id=20864, stack(0x000000b2c9900000,0x000000b2c9a00000)]
  0x000002561edec800 JavaThread "Common-Cleaner" daemon [_thread_blocked, id=20868, stack(0x000000b2c9a00000,0x000000b2c9b00000)]
  0x000002561fc29800 JavaThread "Daemon health stats" [_thread_blocked, id=19524, stack(0x000000b2c9d00000,0x000000b2c9e00000)]
  0x000002561fc83000 JavaThread "Incoming local TCP Connector on port 50424" [_thread_in_native, id=20944, stack(0x000000b2c9e00000,0x000000b2c9f00000)]
  0x0000025620717800 JavaThread "Daemon periodic checks" [_thread_blocked, id=1440, stack(0x000000b2c9f00000,0x000000b2ca000000)]
  0x0000025620c17800 JavaThread "Daemon" [_thread_blocked, id=21112, stack(0x000000b2ca000000,0x000000b2ca100000)]
  0x0000025620c1a000 JavaThread "Handler for socket connection from /127.0.0.1:50424 to /127.0.0.1:50425" [_thread_in_native, id=19280, stack(0x000000b2ca100000,0x000000b2ca200000)]
  0x0000025620c9d000 JavaThread "Cancel handler" [_thread_blocked, id=21156, stack(0x000000b2ca200000,0x000000b2ca300000)]
  0x0000025620ce1000 JavaThread "Daemon worker" [_thread_in_Java, id=15984, stack(0x000000b2ca300000,0x000000b2ca400000)]
  0x0000025620d15800 JavaThread "Asynchronous log dispatcher for DefaultDaemonConnection: socket connection from /127.0.0.1:50424 to /127.0.0.1:50425" [_thread_blocked, id=21072, stack(0x000000b2ca400000,0x000000b2ca500000)]
  0x0000025620d17000 JavaThread "Stdin handler" [_thread_blocked, id=21132, stack(0x000000b2ca500000,0x000000b2ca600000)]
  0x0000025620d06800 JavaThread "Daemon client event forwarder" [_thread_blocked, id=21160, stack(0x000000b2ca600000,0x000000b2ca700000)]
  0x0000025620d04800 JavaThread "Cache worker for journal cache (C:\Users\Rahul rohilla\.gradle\caches\journal-1)" [_thread_blocked, id=21068, stack(0x000000b2cac00000,0x000000b2cad00000)]
  0x0000025620d07800 JavaThread "File lock request listener" [_thread_in_native, id=21064, stack(0x000000b2cad00000,0x000000b2cae00000)]
  0x0000025620d06000 JavaThread "Cache worker for file hash cache (C:\Users\Rahul rohilla\.gradle\caches\7.5.1\fileHashes)" [_thread_blocked, id=21060, stack(0x000000b2cae00000,0x000000b2caf00000)]
  0x0000025620d05000 JavaThread "File watcher server" daemon [_thread_in_native, id=14868, stack(0x000000b2cb000000,0x000000b2cb100000)]
  0x0000025620d08800 JavaThread "File watcher consumer" daemon [_thread_blocked, id=19212, stack(0x000000b2cb100000,0x000000b2cb200000)]
  0x0000025620d09000 JavaThread "Cache worker for checksums cache (D:\Join-zeroda-master\JoinZeroda\android\.gradle\7.5.1\checksums)" [_thread_blocked, id=1576, stack(0x000000b2cb200000,0x000000b2cb300000)]
  0x0000025620d0a000 JavaThread "Cache worker for cache directory md-rule (C:\Users\Rahul rohilla\.gradle\caches\7.5.1\md-rule)" [_thread_blocked, id=19136, stack(0x000000b2cb300000,0x000000b2cb400000)]
  0x0000025620d0b000 JavaThread "Cache worker for file content cache (C:\Users\Rahul rohilla\.gradle\caches\7.5.1\fileContent)" [_thread_blocked, id=20060, stack(0x000000b2cb400000,0x000000b2cb500000)]
  0x0000025621161800 JavaThread "Cache worker for file hash cache (D:\Join-zeroda-master\JoinZeroda\android\.gradle\7.5.1\fileHashes)" [_thread_blocked, id=7620, stack(0x000000b2cb500000,0x000000b2cb600000)]
  0x000002562115c000 JavaThread "Cache worker for cache directory md-supplier (C:\Users\Rahul rohilla\.gradle\caches\7.5.1\md-supplier)" [_thread_blocked, id=21512, stack(0x000000b2cb600000,0x000000b2cb700000)]
  0x0000025621162800 JavaThread "Cache worker for execution history cache (C:\Users\Rahul rohilla\.gradle\caches\7.5.1\executionHistory)" [_thread_blocked, id=21540, stack(0x000000b2cb700000,0x000000b2cb800000)]
  0x000002562115f000 JavaThread "jar transforms" [_thread_blocked, id=21592, stack(0x000000b2cb800000,0x000000b2cb900000)]
  0x0000025621160800 JavaThread "jar transforms Thread 2" [_thread_blocked, id=21596, stack(0x000000b2cb900000,0x000000b2cba00000)]
  0x0000025621160000 JavaThread "jar transforms Thread 3" [_thread_blocked, id=21612, stack(0x000000b2cba00000,0x000000b2cbb00000)]
  0x000002562115e000 JavaThread "jar transforms Thread 4" [_thread_blocked, id=21616, stack(0x000000b2cbb00000,0x000000b2cbc00000)]
  0x000002562194d000 JavaThread "Cache worker for kotlin-dsl (C:\Users\Rahul rohilla\.gradle\caches\7.5.1\kotlin-dsl)" [_thread_blocked, id=22104, stack(0x000000b2cbd00000,0x000000b2cbe00000)]
  0x0000025621954000 JavaThread "jar transforms Thread 5" [_thread_blocked, id=22108, stack(0x000000b2cbe00000,0x000000b2cbf00000)]
  0x0000025621952000 JavaThread "jar transforms Thread 6" [_thread_blocked, id=22124, stack(0x000000b2cbf00000,0x000000b2cc000000)]
  0x0000025621951800 JavaThread "Cache worker for dependencies-accessors (D:\Join-zeroda-master\JoinZeroda\android\.gradle\7.5.1\dependencies-accessors)" [_thread_blocked, id=22128, stack(0x000000b2cc000000,0x000000b2cc100000)]
  0x000002562194e000 JavaThread "Cache worker for Build Output Cleanup Cache (D:\Join-zeroda-master\JoinZeroda\node_modules\react-native-gradle-plugin\.gradle\buildOutputCleanup)" [_thread_blocked, id=22148, stack(0x000000b2cc100000,0x000000b2cc200000)]
  0x000002562194f800 JavaThread "Unconstrained build operations" [_thread_blocked, id=22152, stack(0x000000b2cc200000,0x000000b2cc300000)]
  0x0000025621953000 JavaThread "Unconstrained build operations Thread 2" [_thread_blocked, id=22156, stack(0x000000b2cc300000,0x000000b2cc400000)]
  0x0000025621954800 JavaThread "Unconstrained build operations Thread 3" [_thread_blocked, id=22160, stack(0x000000b2cc400000,0x000000b2cc500000)]
  0x000002562194f000 JavaThread "Unconstrained build operations Thread 4" [_thread_blocked, id=22164, stack(0x000000b2cc500000,0x000000b2cc600000)]
  0x0000025621956000 JavaThread "Unconstrained build operations Thread 5" [_thread_blocked, id=22168, stack(0x000000b2cc600000,0x000000b2cc700000)]
  0x0000025621955800 JavaThread "Unconstrained build operations Thread 6" [_thread_blocked, id=22172, stack(0x000000b2cc700000,0x000000b2cc800000)]
  0x0000025621950800 JavaThread "Unconstrained build operations Thread 7" [_thread_blocked, id=22176, stack(0x000000b2cc800000,0x000000b2cc900000)]
  0x0000025621958000 JavaThread "Unconstrained build operations Thread 8" [_thread_blocked, id=22180, stack(0x000000b2cc900000,0x000000b2cca00000)]
  0x000002562195b000 JavaThread "Unconstrained build operations Thread 9" [_thread_blocked, id=22184, stack(0x000000b2cca00000,0x000000b2ccb00000)]
  0x0000025621958800 JavaThread "Unconstrained build operations Thread 10" [_thread_blocked, id=22188, stack(0x000000b2ccb00000,0x000000b2ccc00000)]
  0x0000025621959800 JavaThread "Unconstrained build operations Thread 11" [_thread_blocked, id=22192, stack(0x000000b2ccc00000,0x000000b2ccd00000)]
  0x000002562195c000 JavaThread "Unconstrained build operations Thread 12" [_thread_blocked, id=22196, stack(0x000000b2ccd00000,0x000000b2cce00000)]
  0x0000025621957000 JavaThread "Unconstrained build operations Thread 13" [_thread_blocked, id=22200, stack(0x000000b2cce00000,0x000000b2ccf00000)]
  0x000002562195a800 JavaThread "Unconstrained build operations Thread 14" [_thread_blocked, id=22204, stack(0x000000b2ccf00000,0x000000b2cd000000)]
  0x00000256214f1000 JavaThread "Unconstrained build operations Thread 15" [_thread_blocked, id=22208, stack(0x000000b2cd000000,0x000000b2cd100000)]
  0x00000256214f2000 JavaThread "Unconstrained build operations Thread 16" [_thread_blocked, id=22212, stack(0x000000b2cd100000,0x000000b2cd200000)]
  0x00000256214ef800 JavaThread "Unconstrained build operations Thread 17" [_thread_blocked, id=22216, stack(0x000000b2cd200000,0x000000b2cd300000)]
  0x00000256214f3000 JavaThread "Unconstrained build operations Thread 18" [_thread_blocked, id=22220, stack(0x000000b2cd300000,0x000000b2cd400000)]
  0x00000256214f3800 JavaThread "Unconstrained build operations Thread 19" [_thread_blocked, id=22224, stack(0x000000b2cd400000,0x000000b2cd500000)]
  0x00000256214f0800 JavaThread "Unconstrained build operations Thread 20" [_thread_blocked, id=22228, stack(0x000000b2cd500000,0x000000b2cd600000)]
  0x00000256214f4800 JavaThread "Unconstrained build operations Thread 21" [_thread_blocked, id=22232, stack(0x000000b2cd600000,0x000000b2cd700000)]
  0x00000256214ee800 JavaThread "Unconstrained build operations Thread 22" [_thread_blocked, id=22236, stack(0x000000b2cd700000,0x000000b2cd800000)]
  0x00000256214fa000 JavaThread "Unconstrained build operations Thread 23" [_thread_blocked, id=22240, stack(0x000000b2cd800000,0x000000b2cd900000)]
  0x00000256214fb000 JavaThread "Unconstrained build operations Thread 24" [_thread_blocked, id=22244, stack(0x000000b2cd900000,0x000000b2cda00000)]
  0x00000256214f5000 JavaThread "Unconstrained build operations Thread 25" [_thread_blocked, id=22248, stack(0x000000b2cda00000,0x000000b2cdb00000)]
  0x00000256214f9800 JavaThread "Unconstrained build operations Thread 26" [_thread_blocked, id=22252, stack(0x000000b2cdb00000,0x000000b2cdc00000)]
  0x00000256214fc000 JavaThread "Unconstrained build operations Thread 27" [_thread_blocked, id=22256, stack(0x000000b2cdc00000,0x000000b2cdd00000)]
  0x00000256214f7800 JavaThread "Unconstrained build operations Thread 28" [_thread_blocked, id=22260, stack(0x000000b2cdd00000,0x000000b2cde00000)]
  0x00000256214f6000 JavaThread "Unconstrained build operations Thread 29" [_thread_blocked, id=22264, stack(0x000000b2cde00000,0x000000b2cdf00000)]
  0x00000256214f8800 JavaThread "Unconstrained build operations Thread 30" [_thread_blocked, id=22268, stack(0x000000b2cdf00000,0x000000b2ce000000)]
  0x00000256214fc800 JavaThread "Unconstrained build operations Thread 31" [_thread_blocked, id=22272, stack(0x000000b2ce000000,0x000000b2ce100000)]
  0x00000256214f7000 JavaThread "Unconstrained build operations Thread 32" [_thread_blocked, id=22276, stack(0x000000b2ce100000,0x000000b2ce200000)]
  0x00000256214fd800 JavaThread "Unconstrained build operations Thread 33" [_thread_blocked, id=22280, stack(0x000000b2ce200000,0x000000b2ce300000)]
  0x0000025620e65000 JavaThread "build event listener" [_thread_blocked, id=22288, stack(0x000000b2ce300000,0x000000b2ce400000)]
  0x0000025620e69000 JavaThread "Memory manager" [_thread_blocked, id=22304, stack(0x000000b2ce400000,0x000000b2ce500000)]
  0x0000025620e63000 JavaThread "Cache worker for Build Output Cleanup Cache (D:\Join-zeroda-master\JoinZeroda\android\.gradle\buildOutputCleanup)" [_thread_blocked, id=22344, stack(0x000000b2ce500000,0x000000b2ce600000)]
  0x0000025620e65800 JavaThread "included builds" [_thread_blocked, id=22392, stack(0x000000b2ce600000,0x000000b2ce700000)]
  0x0000025620e67000 JavaThread "Execution worker" [_thread_blocked, id=22396, stack(0x000000b2ce700000,0x000000b2ce800000)]
  0x0000025620e68000 JavaThread "Execution worker Thread 2" [_thread_blocked, id=22400, stack(0x000000b2ce800000,0x000000b2ce900000)]
  0x0000025620e64000 JavaThread "Execution worker Thread 3" [_thread_blocked, id=22404, stack(0x000000b2ce900000,0x000000b2cea00000)]
  0x0000025620e6d000 JavaThread "Execution worker Thread 4" [_thread_blocked, id=22408, stack(0x000000b2cea00000,0x000000b2ceb00000)]
  0x0000025620e6f800 JavaThread "Execution worker Thread 5" [_thread_blocked, id=22412, stack(0x000000b2ceb00000,0x000000b2cec00000)]
  0x0000025620e6c000 JavaThread "Cache worker for execution history cache (D:\Join-zeroda-master\JoinZeroda\node_modules\react-native-gradle-plugin\.gradle\7.5.1\executionHistory)" [_thread_blocked, id=22416, stack(0x000000b2cec00000,0x000000b2ced00000)]
  0x0000025620e6e000 JavaThread "Unconstrained build operations Thread 34" [_thread_blocked, id=22420, stack(0x000000b2ced00000,0x000000b2cee00000)]
  0x0000025620e6b800 JavaThread "Unconstrained build operations Thread 35" [_thread_blocked, id=22424, stack(0x000000b2cee00000,0x000000b2cef00000)]
  0x0000025620e69800 JavaThread "Unconstrained build operations Thread 36" [_thread_blocked, id=22428, stack(0x000000b2cef00000,0x000000b2cf000000)]
  0x0000025620e70000 JavaThread "Unconstrained build operations Thread 37" [_thread_blocked, id=22432, stack(0x000000b2cf000000,0x000000b2cf100000)]
  0x0000025620e6a800 JavaThread "Unconstrained build operations Thread 38" [_thread_blocked, id=22436, stack(0x000000b2cf100000,0x000000b2cf200000)]
  0x0000025620e71000 JavaThread "Unconstrained build operations Thread 39" [_thread_blocked, id=22440, stack(0x000000b2cf200000,0x000000b2cf300000)]
  0x0000025620e72000 JavaThread "Unconstrained build operations Thread 40" [_thread_blocked, id=22444, stack(0x000000b2cf300000,0x000000b2cf400000)]
  0x0000025620e6e800 JavaThread "Unconstrained build operations Thread 41" [_thread_blocked, id=22448, stack(0x000000b2cf400000,0x000000b2cf500000)]
  0x0000025626ae2800 JavaThread "Unconstrained build operations Thread 42" [_thread_blocked, id=22452, stack(0x000000b2cf500000,0x000000b2cf600000)]
  0x0000025626ae9000 JavaThread "Unconstrained build operations Thread 43" [_thread_blocked, id=22456, stack(0x000000b2cf600000,0x000000b2cf700000)]
  0x0000025626ae7000 JavaThread "Unconstrained build operations Thread 44" [_thread_blocked, id=22460, stack(0x000000b2cf700000,0x000000b2cf800000)]
  0x0000025626ae4000 JavaThread "Unconstrained build operations Thread 45" [_thread_blocked, id=22464, stack(0x000000b2cf800000,0x000000b2cf900000)]
  0x0000025626ae3000 JavaThread "Unconstrained build operations Thread 46" [_thread_blocked, id=22468, stack(0x000000b2cf900000,0x000000b2cfa00000)]
  0x0000025626ae6800 JavaThread "Unconstrained build operations Thread 47" [_thread_blocked, id=22472, stack(0x000000b2cfa00000,0x000000b2cfb00000)]
  0x0000025626ae8000 JavaThread "Unconstrained build operations Thread 48" [_thread_blocked, id=22476, stack(0x000000b2cfb00000,0x000000b2cfc00000)]
  0x0000025626ae5800 JavaThread "Unconstrained build operations Thread 49" [_thread_blocked, id=22480, stack(0x000000b2cfc00000,0x000000b2cfd00000)]
  0x0000025626ae9800 JavaThread "Unconstrained build operations Thread 50" [_thread_blocked, id=22484, stack(0x000000b2cfd00000,0x000000b2cfe00000)]
  0x0000025626aea800 JavaThread "Unconstrained build operations Thread 51" [_thread_blocked, id=22488, stack(0x000000b2cfe00000,0x000000b2cff00000)]
  0x0000025626ae4800 JavaThread "Unconstrained build operations Thread 52" [_thread_blocked, id=22492, stack(0x000000b2cff00000,0x000000b2d0000000)]
  0x0000025626aeb000 JavaThread "Unconstrained build operations Thread 53" [_thread_blocked, id=22496, stack(0x000000b2d0000000,0x000000b2d0100000)]
  0x0000025626aed800 JavaThread "Unconstrained build operations Thread 54" [_thread_blocked, id=22500, stack(0x000000b2d0100000,0x000000b2d0200000)]
  0x0000025626aee800 JavaThread "Unconstrained build operations Thread 55" [_thread_blocked, id=22512, stack(0x000000b2d0200000,0x000000b2d0300000)]
  0x0000025626aef800 JavaThread "Unconstrained build operations Thread 56" [_thread_blocked, id=22516, stack(0x000000b2d0300000,0x000000b2d0400000)]
  0x0000025626af0000 JavaThread "Unconstrained build operations Thread 57" [_thread_blocked, id=22520, stack(0x000000b2d0400000,0x000000b2d0500000)]
  0x0000025626af1000 JavaThread "Unconstrained build operations Thread 58" [_thread_blocked, id=22524, stack(0x000000b2d0500000,0x000000b2d0600000)]
  0x0000025626aed000 JavaThread "Unconstrained build operations Thread 59" [_thread_blocked, id=4280, stack(0x000000b2d0600000,0x000000b2d0700000)]
  0x0000025626aec000 JavaThread "Unconstrained build operations Thread 60" [_thread_blocked, id=16408, stack(0x000000b2d0700000,0x000000b2d0800000)]
  0x000002562d3f7000 JavaThread "build event listener" [_thread_blocked, id=21332, stack(0x000000b2cbc00000,0x000000b2cbd00000)]

Other Threads:
  0x000002561e2fa800 VMThread "VM Thread" [stack: 0x000000b2c9000000,0x000000b2c9100000] [id=20804]
  0x000002561ee30000 WatcherThread [stack: 0x000000b2c9b00000,0x000000b2c9c00000] [id=20872]
  0x000002567d0fd000 GCTaskThread "GC Thread#0" [stack: 0x000000b2c8b00000,0x000000b2c8c00000] [id=20784]
  0x000002561f24e800 GCTaskThread "GC Thread#1" [stack: 0x000000b2c9c00000,0x000000b2c9d00000] [id=20936]
  0x000002561f1e7800 GCTaskThread "GC Thread#2" [stack: 0x000000b2ca700000,0x000000b2ca800000] [id=21172]
  0x000002561f1eb800 GCTaskThread "GC Thread#3" [stack: 0x000000b2ca800000,0x000000b2ca900000] [id=1980]
  0x000002561f1ec000 GCTaskThread "GC Thread#4" [stack: 0x000000b2ca900000,0x000000b2caa00000] [id=21224]
  0x000002561f1ed000 GCTaskThread "GC Thread#5" [stack: 0x000000b2caa00000,0x000000b2cab00000] [id=21232]
  0x000002567d12e800 ConcurrentGCThread "G1 Main Marker" [stack: 0x000000b2c8c00000,0x000000b2c8d00000] [id=20788]
  0x000002567d131000 ConcurrentGCThread "G1 Conc#0" [stack: 0x000000b2c8d00000,0x000000b2c8e00000] [id=20792]
  0x000002561ff1f800 ConcurrentGCThread "G1 Conc#1" [stack: 0x000000b2caf00000,0x000000b2cb000000] [id=21052]
  0x000002561e170800 ConcurrentGCThread "G1 Refine#0" [stack: 0x000000b2c8e00000,0x000000b2c8f00000] [id=20796]
  0x000002561fd7f000 ConcurrentGCThread "G1 Refine#1" [stack: 0x000000b2cab00000,0x000000b2cac00000] [id=21236]
  0x000002567d1ae000 ConcurrentGCThread "G1 Young RemSet Sampling" [stack: 0x000000b2c8f00000,0x000000b2c9000000] [id=20800]

Threads with active compile tasks:
C2 CompilerThread0    52367 14785       4       org.gradle.api.internal.artifacts.configurations.DefaultConfiguration::collectSuperConfigs (61 bytes)

VM state:not at safepoint (normal execution)

VM Mutex/Monitor currently owned by a thread: None

Heap address: 0x0000000080000000, size: 2048 MB, Compressed Oops mode: 32-bit
Narrow klass base: 0x0000000000000000, Narrow klass shift: 3
Compressed class space size: 528482304 Address: 0x0000000100000000

Heap:
 garbage-first heap   total 312320K, used 219394K [0x0000000080000000, 0x0000000100000000)
  region size 1024K, 11 young (11264K), 6 survivors (6144K)
 Metaspace       used 118657K, capacity 123395K, committed 123640K, reserved 622592K
  class space    used 15814K, capacity 17576K, committed 17656K, reserved 516096K
Heap Regions: E=young(eden), S=young(survivor), O=old, HS=humongous(starts), HC=humongous(continues), CS=collection set, F=free, A=archive, TAMS=top-at-mark-start (previous, next)
|   0|0x0000000080000000, 0x0000000080100000, 0x0000000080100000|100%| O|  |TAMS 0x0000000080100000, 0x0000000080000000| Untracked 
|   1|0x0000000080100000, 0x0000000080200000, 0x0000000080200000|100%| O|  |TAMS 0x0000000080200000, 0x0000000080100000| Untracked 
|   2|0x0000000080200000, 0x0000000080300000, 0x0000000080300000|100%| O|  |TAMS 0x0000000080300000, 0x0000000080200000| Untracked 
|   3|0x0000000080300000, 0x0000000080400000, 0x0000000080400000|100%|HS|  |TAMS 0x0000000080400000, 0x0000000080300000| Complete 
|   4|0x0000000080400000, 0x0000000080500000, 0x0000000080500000|100%|HC|  |TAMS 0x0000000080500000, 0x0000000080400000| Complete 
|   5|0x0000000080500000, 0x0000000080600000, 0x0000000080600000|100%|HC|  |TAMS 0x0000000080600000, 0x0000000080500000| Complete 
|   6|0x0000000080600000, 0x0000000080700000, 0x0000000080700000|100%| O|  |TAMS 0x0000000080700000, 0x0000000080600000| Untracked 
|   7|0x0000000080700000, 0x0000000080800000, 0x0000000080800000|100%| O|  |TAMS 0x0000000080800000, 0x0000000080700000| Untracked 
|   8|0x0000000080800000, 0x0000000080900000, 0x0000000080900000|100%| O|  |TAMS 0x0000000080900000, 0x0000000080800000| Untracked 
|   9|0x0000000080900000, 0x0000000080a00000, 0x0000000080a00000|100%| O|  |TAMS 0x0000000080a00000, 0x0000000080900000| Untracked 
|  10|0x0000000080a00000, 0x0000000080b00000, 0x0000000080b00000|100%| O|  |TAMS 0x0000000080b00000, 0x0000000080a00000| Untracked 
|  11|0x0000000080b00000, 0x0000000080c00000, 0x0000000080c00000|100%| O|  |TAMS 0x0000000080c00000, 0x0000000080b00000| Untracked 
|  12|0x0000000080c00000, 0x0000000080d00000, 0x0000000080d00000|100%| O|  |TAMS 0x0000000080d00000, 0x0000000080c00000| Untracked 
|  13|0x0000000080d00000, 0x0000000080e00000, 0x0000000080e00000|100%| O|  |TAMS 0x0000000080e00000, 0x0000000080d00000| Untracked 
|  14|0x0000000080e00000, 0x0000000080f00000, 0x0000000080f00000|100%| O|  |TAMS 0x0000000080f00000, 0x0000000080e00000| Untracked 
|  15|0x0000000080f00000, 0x0000000081000000, 0x0000000081000000|100%| O|  |TAMS 0x0000000081000000, 0x0000000080f00000| Untracked 
|  16|0x0000000081000000, 0x0000000081100000, 0x0000000081100000|100%| O|  |TAMS 0x0000000081100000, 0x0000000081000000| Untracked 
|  17|0x0000000081100000, 0x0000000081200000, 0x0000000081200000|100%| O|  |TAMS 0x0000000081200000, 0x0000000081100000| Untracked 
|  18|0x0000000081200000, 0x0000000081300000, 0x0000000081300000|100%| O|  |TAMS 0x0000000081300000, 0x0000000081200000| Untracked 
|  19|0x0000000081300000, 0x0000000081400000, 0x0000000081400000|100%| O|  |TAMS 0x0000000081400000, 0x0000000081300000| Untracked 
|  20|0x0000000081400000, 0x0000000081500000, 0x0000000081500000|100%| O|  |TAMS 0x0000000081500000, 0x0000000081400000| Untracked 
|  21|0x0000000081500000, 0x0000000081600000, 0x0000000081600000|100%| O|  |TAMS 0x0000000081600000, 0x0000000081500000| Untracked 
|  22|0x0000000081600000, 0x0000000081700000, 0x0000000081700000|100%| O|  |TAMS 0x0000000081700000, 0x0000000081600000| Untracked 
|  23|0x0000000081700000, 0x0000000081800000, 0x0000000081800000|100%| O|  |TAMS 0x0000000081800000, 0x0000000081700000| Untracked 
|  24|0x0000000081800000, 0x0000000081900000, 0x0000000081900000|100%| O|  |TAMS 0x0000000081900000, 0x0000000081800000| Untracked 
|  25|0x0000000081900000, 0x0000000081a00000, 0x0000000081a00000|100%| O|  |TAMS 0x0000000081a00000, 0x0000000081900000| Untracked 
|  26|0x0000000081a00000, 0x0000000081b00000, 0x0000000081b00000|100%| O|  |TAMS 0x0000000081b00000, 0x0000000081a00000| Untracked 
|  27|0x0000000081b00000, 0x0000000081c00000, 0x0000000081c00000|100%| O|  |TAMS 0x0000000081c00000, 0x0000000081b00000| Untracked 
|  28|0x0000000081c00000, 0x0000000081d00000, 0x0000000081d00000|100%|HS|  |TAMS 0x0000000081d00000, 0x0000000081c00000| Complete 
|  29|0x0000000081d00000, 0x0000000081e00000, 0x0000000081e00000|100%|HS|  |TAMS 0x0000000081e00000, 0x0000000081d00000| Complete 
|  30|0x0000000081e00000, 0x0000000081f00000, 0x0000000081f00000|100%|HC|  |TAMS 0x0000000081f00000, 0x0000000081e00000| Complete 
|  31|0x0000000081f00000, 0x0000000082000000, 0x0000000082000000|100%|HC|  |TAMS 0x0000000082000000, 0x0000000081f00000| Complete 
|  32|0x0000000082000000, 0x0000000082100000, 0x0000000082100000|100%| O|  |TAMS 0x0000000082100000, 0x0000000082000000| Untracked 
|  33|0x0000000082100000, 0x0000000082200000, 0x0000000082200000|100%| O|  |TAMS 0x0000000082200000, 0x0000000082100000| Untracked 
|  34|0x0000000082200000, 0x0000000082300000, 0x0000000082300000|100%| O|  |TAMS 0x0000000082300000, 0x0000000082200000| Untracked 
|  35|0x0000000082300000, 0x0000000082400000, 0x0000000082400000|100%| O|  |TAMS 0x0000000082400000, 0x0000000082300000| Untracked 
|  36|0x0000000082400000, 0x0000000082500000, 0x0000000082500000|100%| O|  |TAMS 0x0000000082500000, 0x0000000082400000| Untracked 
|  37|0x0000000082500000, 0x0000000082600000, 0x0000000082600000|100%| O|  |TAMS 0x0000000082600000, 0x0000000082500000| Untracked 
|  38|0x0000000082600000, 0x0000000082700000, 0x0000000082700000|100%| O|  |TAMS 0x0000000082700000, 0x0000000082600000| Untracked 
|  39|0x0000000082700000, 0x0000000082800000, 0x0000000082800000|100%| O|  |TAMS 0x0000000082800000, 0x0000000082700000| Untracked 
|  40|0x0000000082800000, 0x0000000082900000, 0x0000000082900000|100%| O|  |TAMS 0x0000000082900000, 0x0000000082800000| Untracked 
|  41|0x0000000082900000, 0x0000000082a00000, 0x0000000082a00000|100%| O|  |TAMS 0x0000000082a00000, 0x0000000082900000| Untracked 
|  42|0x0000000082a00000, 0x0000000082b00000, 0x0000000082b00000|100%| O|  |TAMS 0x0000000082b00000, 0x0000000082a00000| Untracked 
|  43|0x0000000082b00000, 0x0000000082c00000, 0x0000000082c00000|100%| O|  |TAMS 0x0000000082c00000, 0x0000000082b00000| Untracked 
|  44|0x0000000082c00000, 0x0000000082d00000, 0x0000000082d00000|100%| O|  |TAMS 0x0000000082d00000, 0x0000000082c00000| Untracked 
|  45|0x0000000082d00000, 0x0000000082e00000, 0x0000000082e00000|100%|HS|  |TAMS 0x0000000082e00000, 0x0000000082d00000| Complete 
|  46|0x0000000082e00000, 0x0000000082f00000, 0x0000000082f00000|100%|HS|  |TAMS 0x0000000082f00000, 0x0000000082e00000| Complete 
|  47|0x0000000082f00000, 0x0000000083000000, 0x0000000083000000|100%| O|  |TAMS 0x0000000083000000, 0x0000000082f00000| Untracked 
|  48|0x0000000083000000, 0x0000000083100000, 0x0000000083100000|100%| O|  |TAMS 0x0000000083100000, 0x0000000083000000| Untracked 
|  49|0x0000000083100000, 0x0000000083200000, 0x0000000083200000|100%| O|  |TAMS 0x0000000083200000, 0x0000000083100000| Untracked 
|  50|0x0000000083200000, 0x0000000083300000, 0x0000000083300000|100%| O|  |TAMS 0x0000000083300000, 0x0000000083200000| Untracked 
|  51|0x0000000083300000, 0x0000000083400000, 0x0000000083400000|100%| O|  |TAMS 0x0000000083400000, 0x0000000083300000| Untracked 
|  52|0x0000000083400000, 0x0000000083500000, 0x0000000083500000|100%| O|  |TAMS 0x0000000083500000, 0x0000000083400000| Untracked 
|  53|0x0000000083500000, 0x0000000083600000, 0x0000000083600000|100%| O|  |TAMS 0x0000000083600000, 0x0000000083500000| Untracked 
|  54|0x0000000083600000, 0x0000000083700000, 0x0000000083700000|100%| O|  |TAMS 0x0000000083700000, 0x0000000083600000| Untracked 
|  55|0x0000000083700000, 0x0000000083800000, 0x0000000083800000|100%| O|  |TAMS 0x0000000083800000, 0x0000000083700000| Untracked 
|  56|0x0000000083800000, 0x0000000083900000, 0x0000000083900000|100%| O|  |TAMS 0x0000000083900000, 0x0000000083800000| Untracked 
|  57|0x0000000083900000, 0x0000000083a00000, 0x0000000083a00000|100%| O|  |TAMS 0x0000000083a00000, 0x0000000083900000| Untracked 
|  58|0x0000000083a00000, 0x0000000083b00000, 0x0000000083b00000|100%| O|  |TAMS 0x0000000083b00000, 0x0000000083a00000| Untracked 
|  59|0x0000000083b00000, 0x0000000083c00000, 0x0000000083c00000|100%|HS|  |TAMS 0x0000000083c00000, 0x0000000083b00000| Complete 
|  60|0x0000000083c00000, 0x0000000083d00000, 0x0000000083d00000|100%|HC|  |TAMS 0x0000000083d00000, 0x0000000083c00000| Complete 
|  61|0x0000000083d00000, 0x0000000083e00000, 0x0000000083e00000|100%| O|  |TAMS 0x0000000083e00000, 0x0000000083d00000| Untracked 
|  62|0x0000000083e00000, 0x0000000083f00000, 0x0000000083f00000|100%| O|  |TAMS 0x0000000083f00000, 0x0000000083e00000| Untracked 
|  63|0x0000000083f00000, 0x0000000084000000, 0x0000000084000000|100%| O|  |TAMS 0x0000000084000000, 0x0000000083f00000| Untracked 
|  64|0x0000000084000000, 0x0000000084100000, 0x0000000084100000|100%| O|  |TAMS 0x0000000084100000, 0x0000000084000000| Untracked 
|  65|0x0000000084100000, 0x0000000084200000, 0x0000000084200000|100%| O|  |TAMS 0x0000000084200000, 0x0000000084100000| Untracked 
|  66|0x0000000084200000, 0x0000000084300000, 0x0000000084300000|100%| O|  |TAMS 0x0000000084300000, 0x0000000084200000| Untracked 
|  67|0x0000000084300000, 0x0000000084400000, 0x0000000084400000|100%| O|  |TAMS 0x0000000084400000, 0x0000000084300000| Untracked 
|  68|0x0000000084400000, 0x0000000084500000, 0x0000000084500000|100%| O|  |TAMS 0x0000000084500000, 0x0000000084400000| Untracked 
|  69|0x0000000084500000, 0x0000000084600000, 0x0000000084600000|100%| O|  |TAMS 0x0000000084600000, 0x0000000084500000| Untracked 
|  70|0x0000000084600000, 0x0000000084700000, 0x0000000084700000|100%| O|  |TAMS 0x0000000084700000, 0x0000000084600000| Untracked 
|  71|0x0000000084700000, 0x0000000084800000, 0x0000000084800000|100%| O|  |TAMS 0x0000000084800000, 0x0000000084700000| Untracked 
|  72|0x0000000084800000, 0x0000000084900000, 0x0000000084900000|100%| O|  |TAMS 0x0000000084900000, 0x0000000084800000| Untracked 
|  73|0x0000000084900000, 0x0000000084a00000, 0x0000000084a00000|100%| O|  |TAMS 0x0000000084a00000, 0x0000000084900000| Untracked 
|  74|0x0000000084a00000, 0x0000000084b00000, 0x0000000084b00000|100%| O|  |TAMS 0x0000000084b00000, 0x0000000084a00000| Untracked 
|  75|0x0000000084b00000, 0x0000000084c00000, 0x0000000084c00000|100%| O|  |TAMS 0x0000000084c00000, 0x0000000084b00000| Untracked 
|  76|0x0000000084c00000, 0x0000000084d00000, 0x0000000084d00000|100%|HS|  |TAMS 0x0000000084d00000, 0x0000000084c00000| Complete 
|  77|0x0000000084d00000, 0x0000000084e00000, 0x0000000084e00000|100%|HC|  |TAMS 0x0000000084e00000, 0x0000000084d00000| Complete 
|  78|0x0000000084e00000, 0x0000000084f00000, 0x0000000084f00000|100%|HS|  |TAMS 0x0000000084f00000, 0x0000000084e00000| Complete 
|  79|0x0000000084f00000, 0x0000000085000000, 0x0000000085000000|100%|HC|  |TAMS 0x0000000085000000, 0x0000000084f00000| Complete 
|  80|0x0000000085000000, 0x0000000085100000, 0x0000000085100000|100%|HC|  |TAMS 0x0000000085100000, 0x0000000085000000| Complete 
|  81|0x0000000085100000, 0x0000000085200000, 0x0000000085200000|100%|HC|  |TAMS 0x0000000085200000, 0x0000000085100000| Complete 
|  82|0x0000000085200000, 0x0000000085300000, 0x0000000085300000|100%| O|  |TAMS 0x0000000085300000, 0x0000000085200000| Untracked 
|  83|0x0000000085300000, 0x0000000085400000, 0x0000000085400000|100%| O|  |TAMS 0x0000000085400000, 0x0000000085300000| Untracked 
|  84|0x0000000085400000, 0x0000000085500000, 0x0000000085500000|100%| O|  |TAMS 0x0000000085500000, 0x0000000085400000| Untracked 
|  85|0x0000000085500000, 0x0000000085600000, 0x0000000085600000|100%| O|  |TAMS 0x0000000085600000, 0x0000000085500000| Untracked 
|  86|0x0000000085600000, 0x0000000085700000, 0x0000000085700000|100%| O|  |TAMS 0x0000000085700000, 0x0000000085600000| Untracked 
|  87|0x0000000085700000, 0x0000000085800000, 0x0000000085800000|100%| O|  |TAMS 0x0000000085800000, 0x0000000085700000| Untracked 
|  88|0x0000000085800000, 0x0000000085900000, 0x0000000085900000|100%| O|  |TAMS 0x0000000085900000, 0x0000000085800000| Untracked 
|  89|0x0000000085900000, 0x0000000085a00000, 0x0000000085a00000|100%|HS|  |TAMS 0x0000000085a00000, 0x0000000085900000| Complete 
|  90|0x0000000085a00000, 0x0000000085b00000, 0x0000000085b00000|100%|HS|  |TAMS 0x0000000085b00000, 0x0000000085a00000| Complete 
|  91|0x0000000085b00000, 0x0000000085c00000, 0x0000000085c00000|100%|HS|  |TAMS 0x0000000085c00000, 0x0000000085b00000| Complete 
|  92|0x0000000085c00000, 0x0000000085d00000, 0x0000000085d00000|100%|HS|  |TAMS 0x0000000085d00000, 0x0000000085c00000| Complete 
|  93|0x0000000085d00000, 0x0000000085e00000, 0x0000000085e00000|100%|HC|  |TAMS 0x0000000085e00000, 0x0000000085d00000| Complete 
|  94|0x0000000085e00000, 0x0000000085f00000, 0x0000000085f00000|100%|HC|  |TAMS 0x0000000085f00000, 0x0000000085e00000| Complete 
|  95|0x0000000085f00000, 0x0000000086000000, 0x0000000086000000|100%| O|  |TAMS 0x0000000086000000, 0x0000000085f00000| Untracked 
|  96|0x0000000086000000, 0x0000000086100000, 0x0000000086100000|100%| O|  |TAMS 0x0000000086100000, 0x0000000086000000| Untracked 
|  97|0x0000000086100000, 0x0000000086200000, 0x0000000086200000|100%| O|  |TAMS 0x0000000086200000, 0x0000000086100000| Untracked 
|  98|0x0000000086200000, 0x0000000086300000, 0x0000000086300000|100%| O|  |TAMS 0x0000000086300000, 0x0000000086200000| Untracked 
|  99|0x0000000086300000, 0x0000000086400000, 0x0000000086400000|100%| O|  |TAMS 0x0000000086400000, 0x0000000086300000| Untracked 
| 100|0x0000000086400000, 0x0000000086500000, 0x0000000086500000|100%| O|  |TAMS 0x0000000086500000, 0x0000000086400000| Untracked 
| 101|0x0000000086500000, 0x0000000086600000, 0x0000000086600000|100%| O|  |TAMS 0x0000000086600000, 0x0000000086500000| Untracked 
| 102|0x0000000086600000, 0x0000000086700000, 0x0000000086700000|100%| O|  |TAMS 0x0000000086700000, 0x0000000086600000| Untracked 
| 103|0x0000000086700000, 0x0000000086800000, 0x0000000086800000|100%| O|  |TAMS 0x0000000086800000, 0x0000000086700000| Untracked 
| 104|0x0000000086800000, 0x0000000086900000, 0x0000000086900000|100%| O|  |TAMS 0x0000000086900000, 0x0000000086800000| Untracked 
| 105|0x0000000086900000, 0x0000000086a00000, 0x0000000086a00000|100%| O|  |TAMS 0x0000000086a00000, 0x0000000086900000| Untracked 
| 106|0x0000000086a00000, 0x0000000086b00000, 0x0000000086b00000|100%| O|  |TAMS 0x0000000086b00000, 0x0000000086a00000| Untracked 
| 107|0x0000000086b00000, 0x0000000086c00000, 0x0000000086c00000|100%| O|  |TAMS 0x0000000086c00000, 0x0000000086b00000| Untracked 
| 108|0x0000000086c00000, 0x0000000086d00000, 0x0000000086d00000|100%| O|  |TAMS 0x0000000086d00000, 0x0000000086c00000| Untracked 
| 109|0x0000000086d00000, 0x0000000086e00000, 0x0000000086e00000|100%| O|  |TAMS 0x0000000086e00000, 0x0000000086d00000| Untracked 
| 110|0x0000000086e00000, 0x0000000086f00000, 0x0000000086f00000|100%| O|  |TAMS 0x0000000086f00000, 0x0000000086e00000| Untracked 
| 111|0x0000000086f00000, 0x0000000087000000, 0x0000000087000000|100%| O|  |TAMS 0x0000000087000000, 0x0000000086f00000| Untracked 
| 112|0x0000000087000000, 0x0000000087100000, 0x0000000087100000|100%| O|  |TAMS 0x0000000087100000, 0x0000000087000000| Untracked 
| 113|0x0000000087100000, 0x0000000087200000, 0x0000000087200000|100%| O|  |TAMS 0x0000000087200000, 0x0000000087100000| Untracked 
| 114|0x0000000087200000, 0x0000000087300000, 0x0000000087300000|100%| O|  |TAMS 0x0000000087300000, 0x0000000087200000| Untracked 
| 115|0x0000000087300000, 0x0000000087400000, 0x0000000087400000|100%|HS|  |TAMS 0x0000000087400000, 0x0000000087300000| Complete 
| 116|0x0000000087400000, 0x0000000087500000, 0x0000000087500000|100%|HS|  |TAMS 0x0000000087500000, 0x0000000087400000| Complete 
| 117|0x0000000087500000, 0x0000000087600000, 0x0000000087600000|100%|HS|  |TAMS 0x0000000087600000, 0x0000000087500000| Complete 
| 118|0x0000000087600000, 0x0000000087700000, 0x0000000087700000|100%|HC|  |TAMS 0x0000000087700000, 0x0000000087600000| Complete 
| 119|0x0000000087700000, 0x0000000087800000, 0x0000000087800000|100%|HC|  |TAMS 0x0000000087800000, 0x0000000087700000| Complete 
| 120|0x0000000087800000, 0x0000000087900000, 0x0000000087900000|100%| O|  |TAMS 0x0000000087900000, 0x0000000087800000| Untracked 
| 121|0x0000000087900000, 0x0000000087a00000, 0x0000000087a00000|100%| O|  |TAMS 0x0000000087a00000, 0x0000000087900000| Untracked 
| 122|0x0000000087a00000, 0x0000000087b00000, 0x0000000087b00000|100%| O|  |TAMS 0x0000000087b00000, 0x0000000087a00000| Untracked 
| 123|0x0000000087b00000, 0x0000000087c00000, 0x0000000087c00000|100%| O|  |TAMS 0x0000000087c00000, 0x0000000087b00000| Untracked 
| 124|0x0000000087c00000, 0x0000000087d00000, 0x0000000087d00000|100%| O|  |TAMS 0x0000000087d00000, 0x0000000087c00000| Untracked 
| 125|0x0000000087d00000, 0x0000000087e00000, 0x0000000087e00000|100%| O|  |TAMS 0x0000000087e00000, 0x0000000087d00000| Untracked 
| 126|0x0000000087e00000, 0x0000000087f00000, 0x0000000087f00000|100%| O|  |TAMS 0x0000000087f00000, 0x0000000087e00000| Untracked 
| 127|0x0000000087f00000, 0x0000000088000000, 0x0000000088000000|100%| O|  |TAMS 0x0000000088000000, 0x0000000087f00000| Untracked 
| 128|0x0000000088000000, 0x0000000088100000, 0x0000000088100000|100%| O|  |TAMS 0x0000000088100000, 0x0000000088000000| Untracked 
| 129|0x0000000088100000, 0x0000000088200000, 0x0000000088200000|100%| O|  |TAMS 0x0000000088200000, 0x0000000088100000| Untracked 
| 130|0x0000000088200000, 0x0000000088300000, 0x0000000088300000|100%| O|  |TAMS 0x0000000088300000, 0x0000000088200000| Untracked 
| 131|0x0000000088300000, 0x0000000088400000, 0x0000000088400000|100%| O|  |TAMS 0x0000000088400000, 0x0000000088300000| Untracked 
| 132|0x0000000088400000, 0x0000000088500000, 0x0000000088500000|100%| O|  |TAMS 0x0000000088500000, 0x0000000088400000| Untracked 
| 133|0x0000000088500000, 0x0000000088600000, 0x0000000088600000|100%| O|  |TAMS 0x0000000088600000, 0x0000000088500000| Untracked 
| 134|0x0000000088600000, 0x0000000088700000, 0x0000000088700000|100%| O|  |TAMS 0x0000000088700000, 0x0000000088600000| Untracked 
| 135|0x0000000088700000, 0x0000000088800000, 0x0000000088800000|100%| O|  |TAMS 0x0000000088800000, 0x0000000088700000| Untracked 
| 136|0x0000000088800000, 0x0000000088900000, 0x0000000088900000|100%| O|  |TAMS 0x0000000088900000, 0x0000000088800000| Untracked 
| 137|0x0000000088900000, 0x0000000088a00000, 0x0000000088a00000|100%| O|  |TAMS 0x0000000088a00000, 0x0000000088900000| Untracked 
| 138|0x0000000088a00000, 0x0000000088b00000, 0x0000000088b00000|100%| O|  |TAMS 0x0000000088b00000, 0x0000000088a00000| Untracked 
| 139|0x0000000088b00000, 0x0000000088c00000, 0x0000000088c00000|100%| O|  |TAMS 0x0000000088c00000, 0x0000000088b00000| Untracked 
| 140|0x0000000088c00000, 0x0000000088d00000, 0x0000000088d00000|100%| O|  |TAMS 0x0000000088d00000, 0x0000000088c00000| Untracked 
| 141|0x0000000088d00000, 0x0000000088e00000, 0x0000000088e00000|100%| O|  |TAMS 0x0000000088e00000, 0x0000000088d00000| Untracked 
| 142|0x0000000088e00000, 0x0000000088f00000, 0x0000000088f00000|100%| O|  |TAMS 0x0000000088f00000, 0x0000000088e00000| Untracked 
| 143|0x0000000088f00000, 0x0000000089000000, 0x0000000089000000|100%| O|  |TAMS 0x0000000089000000, 0x0000000088f00000| Untracked 
| 144|0x0000000089000000, 0x0000000089100000, 0x0000000089100000|100%| O|  |TAMS 0x0000000089100000, 0x0000000089000000| Untracked 
| 145|0x0000000089100000, 0x0000000089200000, 0x0000000089200000|100%| O|  |TAMS 0x0000000089200000, 0x0000000089100000| Untracked 
| 146|0x0000000089200000, 0x0000000089300000, 0x0000000089300000|100%| O|  |TAMS 0x0000000089300000, 0x0000000089200000| Untracked 
| 147|0x0000000089300000, 0x0000000089400000, 0x0000000089400000|100%| O|  |TAMS 0x0000000089400000, 0x0000000089300000| Untracked 
| 148|0x0000000089400000, 0x0000000089500000, 0x0000000089500000|100%| O|  |TAMS 0x0000000089500000, 0x0000000089400000| Untracked 
| 149|0x0000000089500000, 0x0000000089600000, 0x0000000089600000|100%| O|  |TAMS 0x0000000089600000, 0x0000000089500000| Untracked 
| 150|0x0000000089600000, 0x0000000089700000, 0x0000000089700000|100%| O|  |TAMS 0x0000000089700000, 0x0000000089600000| Untracked 
| 151|0x0000000089700000, 0x0000000089800000, 0x0000000089800000|100%| O|  |TAMS 0x0000000089800000, 0x0000000089700000| Untracked 
| 152|0x0000000089800000, 0x0000000089900000, 0x0000000089900000|100%| O|  |TAMS 0x0000000089900000, 0x0000000089800000| Untracked 
| 153|0x0000000089900000, 0x0000000089a00000, 0x0000000089a00000|100%| O|  |TAMS 0x0000000089a00000, 0x0000000089900000| Untracked 
| 154|0x0000000089a00000, 0x0000000089b00000, 0x0000000089b00000|100%| O|  |TAMS 0x0000000089b00000, 0x0000000089a00000| Untracked 
| 155|0x0000000089b00000, 0x0000000089c00000, 0x0000000089c00000|100%|HS|  |TAMS 0x0000000089c00000, 0x0000000089b00000| Complete 
| 156|0x0000000089c00000, 0x0000000089d00000, 0x0000000089d00000|100%|HS|  |TAMS 0x0000000089d00000, 0x0000000089c00000| Complete 
| 157|0x0000000089d00000, 0x0000000089e00000, 0x0000000089e00000|100%|HC|  |TAMS 0x0000000089e00000, 0x0000000089d00000| Complete 
| 158|0x0000000089e00000, 0x0000000089f00000, 0x0000000089f00000|100%|HC|  |TAMS 0x0000000089f00000, 0x0000000089e00000| Complete 
| 159|0x0000000089f00000, 0x000000008a000000, 0x000000008a000000|100%| O|  |TAMS 0x000000008a000000, 0x0000000089f00000| Untracked 
| 160|0x000000008a000000, 0x000000008a100000, 0x000000008a100000|100%| O|  |TAMS 0x000000008a100000, 0x000000008a000000| Untracked 
| 161|0x000000008a100000, 0x000000008a200000, 0x000000008a200000|100%| O|  |TAMS 0x000000008a200000, 0x000000008a100000| Untracked 
| 162|0x000000008a200000, 0x000000008a300000, 0x000000008a300000|100%| O|  |TAMS 0x000000008a300000, 0x000000008a200000| Untracked 
| 163|0x000000008a300000, 0x000000008a400000, 0x000000008a400000|100%| O|  |TAMS 0x000000008a400000, 0x000000008a300000| Untracked 
| 164|0x000000008a400000, 0x000000008a500000, 0x000000008a500000|100%| O|  |TAMS 0x000000008a500000, 0x000000008a400000| Untracked 
| 165|0x000000008a500000, 0x000000008a600000, 0x000000008a600000|100%| O|  |TAMS 0x000000008a600000, 0x000000008a500000| Untracked 
| 166|0x000000008a600000, 0x000000008a700000, 0x000000008a700000|100%| O|  |TAMS 0x000000008a700000, 0x000000008a600000| Untracked 
| 167|0x000000008a700000, 0x000000008a800000, 0x000000008a800000|100%| O|  |TAMS 0x000000008a800000, 0x000000008a700000| Untracked 
| 168|0x000000008a800000, 0x000000008a900000, 0x000000008a900000|100%| O|  |TAMS 0x000000008a900000, 0x000000008a800000| Untracked 
| 169|0x000000008a900000, 0x000000008aa00000, 0x000000008aa00000|100%| O|  |TAMS 0x000000008aa00000, 0x000000008a900000| Untracked 
| 170|0x000000008aa00000, 0x000000008ab00000, 0x000000008ab00000|100%| O|  |TAMS 0x000000008ab00000, 0x000000008aa00000| Untracked 
| 171|0x000000008ab00000, 0x000000008ac00000, 0x000000008ac00000|100%| O|  |TAMS 0x000000008ac00000, 0x000000008ab00000| Untracked 
| 172|0x000000008ac00000, 0x000000008ad00000, 0x000000008ad00000|100%|HS|  |TAMS 0x000000008ad00000, 0x000000008ac00000| Complete 
| 173|0x000000008ad00000, 0x000000008ae00000, 0x000000008ae00000|100%|HS|  |TAMS 0x000000008ae00000, 0x000000008ad00000| Complete 
| 174|0x000000008ae00000, 0x000000008af00000, 0x000000008af00000|100%| O|  |TAMS 0x000000008af00000, 0x000000008ae00000| Untracked 
| 175|0x000000008af00000, 0x000000008b000000, 0x000000008b000000|100%| O|  |TAMS 0x000000008b000000, 0x000000008af00000| Untracked 
| 176|0x000000008b000000, 0x000000008b100000, 0x000000008b100000|100%| O|  |TAMS 0x000000008b100000, 0x000000008b000000| Untracked 
| 177|0x000000008b100000, 0x000000008b200000, 0x000000008b200000|100%| O|  |TAMS 0x000000008b200000, 0x000000008b100000| Untracked 
| 178|0x000000008b200000, 0x000000008b300000, 0x000000008b300000|100%| O|  |TAMS 0x000000008b300000, 0x000000008b200000| Untracked 
| 179|0x000000008b300000, 0x000000008b400000, 0x000000008b400000|100%|HS|  |TAMS 0x000000008b400000, 0x000000008b300000| Complete 
| 180|0x000000008b400000, 0x000000008b500000, 0x000000008b500000|100%|HS|  |TAMS 0x000000008b500000, 0x000000008b400000| Complete 
| 181|0x000000008b500000, 0x000000008b600000, 0x000000008b600000|100%|HC|  |TAMS 0x000000008b600000, 0x000000008b500000| Complete 
| 182|0x000000008b600000, 0x000000008b700000, 0x000000008b700000|100%|HC|  |TAMS 0x000000008b700000, 0x000000008b600000| Complete 
| 183|0x000000008b700000, 0x000000008b800000, 0x000000008b800000|100%| O|  |TAMS 0x000000008b800000, 0x000000008b700000| Untracked 
| 184|0x000000008b800000, 0x000000008b900000, 0x000000008b900000|100%| O|  |TAMS 0x000000008b900000, 0x000000008b800000| Untracked 
| 185|0x000000008b900000, 0x000000008ba00000, 0x000000008ba00000|100%| O|  |TAMS 0x000000008ba00000, 0x000000008b900000| Untracked 
| 186|0x000000008ba00000, 0x000000008bb00000, 0x000000008bb00000|100%| O|  |TAMS 0x000000008bb00000, 0x000000008ba00000| Untracked 
| 187|0x000000008bb00000, 0x000000008bc00000, 0x000000008bc00000|100%| O|  |TAMS 0x000000008bc00000, 0x000000008bb00000| Untracked 
| 188|0x000000008bc00000, 0x000000008bd00000, 0x000000008bd00000|100%|HS|  |TAMS 0x000000008bd00000, 0x000000008bc00000| Complete 
| 189|0x000000008bd00000, 0x000000008be00000, 0x000000008be00000|100%|HS|  |TAMS 0x000000008be00000, 0x000000008bd00000| Complete 
| 190|0x000000008be00000, 0x000000008bf00000, 0x000000008bf00000|100%|HC|  |TAMS 0x000000008bf00000, 0x000000008be00000| Complete 
| 191|0x000000008bf00000, 0x000000008c000000, 0x000000008c000000|100%|HC|  |TAMS 0x000000008c000000, 0x000000008bf00000| Complete 
| 192|0x000000008c000000, 0x000000008c100000, 0x000000008c100000|100%| O|  |TAMS 0x000000008c100000, 0x000000008c000000| Untracked 
| 193|0x000000008c100000, 0x000000008c200000, 0x000000008c200000|100%| O|  |TAMS 0x000000008c200000, 0x000000008c100000| Untracked 
| 194|0x000000008c200000, 0x000000008c300000, 0x000000008c300000|100%| O|  |TAMS 0x000000008c300000, 0x000000008c200000| Untracked 
| 195|0x000000008c300000, 0x000000008c400000, 0x000000008c400000|100%| O|  |TAMS 0x000000008c400000, 0x000000008c300000| Untracked 
| 196|0x000000008c400000, 0x000000008c500000, 0x000000008c500000|100%| O|  |TAMS 0x000000008c500000, 0x000000008c400000| Untracked 
| 197|0x000000008c500000, 0x000000008c600000, 0x000000008c600000|100%| O|  |TAMS 0x000000008c58f200, 0x000000008c500000| Untracked 
| 198|0x000000008c600000, 0x000000008c700000, 0x000000008c700000|100%| O|  |TAMS 0x000000008c600000, 0x000000008c600000| Untracked 
| 199|0x000000008c700000, 0x000000008c800000, 0x000000008c800000|100%| O|  |TAMS 0x000000008c700000, 0x000000008c700000| Untracked 
| 200|0x000000008c800000, 0x000000008c900000, 0x000000008c900000|100%| O|  |TAMS 0x000000008c800000, 0x000000008c800000| Untracked 
| 201|0x000000008c900000, 0x000000008ca00000, 0x000000008ca00000|100%| O|  |TAMS 0x000000008c900000, 0x000000008c900000| Untracked 
| 202|0x000000008ca00000, 0x000000008cb00000, 0x000000008cb00000|100%| O|  |TAMS 0x000000008ca00000, 0x000000008ca00000| Untracked 
| 203|0x000000008cb00000, 0x000000008cc00000, 0x000000008cc00000|100%| O|  |TAMS 0x000000008cb00000, 0x000000008cb00000| Untracked 
| 204|0x000000008cc00000, 0x000000008cc40a00, 0x000000008cd00000| 25%| O|  |TAMS 0x000000008cc00000, 0x000000008cc00000| Untracked 
| 205|0x000000008cd00000, 0x000000008cd00000, 0x000000008ce00000|  0%| F|  |TAMS 0x000000008cd00000, 0x000000008cd00000| Untracked 
| 206|0x000000008ce00000, 0x000000008ce00000, 0x000000008cf00000|  0%| F|  |TAMS 0x000000008ce00000, 0x000000008ce00000| Untracked 
| 207|0x000000008cf00000, 0x000000008cf00000, 0x000000008d000000|  0%| F|  |TAMS 0x000000008cf00000, 0x000000008cf00000| Untracked 
| 208|0x000000008d000000, 0x000000008d000000, 0x000000008d100000|  0%| F|  |TAMS 0x000000008d000000, 0x000000008d000000| Untracked 
| 209|0x000000008d100000, 0x000000008d100000, 0x000000008d200000|  0%| F|  |TAMS 0x000000008d100000, 0x000000008d100000| Untracked 
| 210|0x000000008d200000, 0x000000008d200000, 0x000000008d300000|  0%| F|  |TAMS 0x000000008d200000, 0x000000008d200000| Untracked 
| 211|0x000000008d300000, 0x000000008d300000, 0x000000008d400000|  0%| F|  |TAMS 0x000000008d300000, 0x000000008d300000| Untracked 
| 212|0x000000008d400000, 0x000000008d400000, 0x000000008d500000|  0%| F|  |TAMS 0x000000008d400000, 0x000000008d400000| Untracked 
| 213|0x000000008d500000, 0x000000008d500000, 0x000000008d600000|  0%| F|  |TAMS 0x000000008d500000, 0x000000008d500000| Untracked 
| 214|0x000000008d600000, 0x000000008d600000, 0x000000008d700000|  0%| F|  |TAMS 0x000000008d600000, 0x000000008d600000| Untracked 
| 215|0x000000008d700000, 0x000000008d700000, 0x000000008d800000|  0%| F|  |TAMS 0x000000008d700000, 0x000000008d700000| Untracked 
| 216|0x000000008d800000, 0x000000008d800000, 0x000000008d900000|  0%| F|  |TAMS 0x000000008d800000, 0x000000008d800000| Untracked 
| 217|0x000000008d900000, 0x000000008d900000, 0x000000008da00000|  0%| F|  |TAMS 0x000000008d900000, 0x000000008d900000| Untracked 
| 218|0x000000008da00000, 0x000000008da00000, 0x000000008db00000|  0%| F|  |TAMS 0x000000008da00000, 0x000000008da00000| Untracked 
| 219|0x000000008db00000, 0x000000008db00000, 0x000000008dc00000|  0%| F|  |TAMS 0x000000008db00000, 0x000000008db00000| Untracked 
| 220|0x000000008dc00000, 0x000000008dc00000, 0x000000008dd00000|  0%| F|  |TAMS 0x000000008dc00000, 0x000000008dc00000| Untracked 
| 221|0x000000008dd00000, 0x000000008dd00000, 0x000000008de00000|  0%| F|  |TAMS 0x000000008dd00000, 0x000000008dd00000| Untracked 
| 222|0x000000008de00000, 0x000000008de00000, 0x000000008df00000|  0%| F|  |TAMS 0x000000008de00000, 0x000000008de00000| Untracked 
| 223|0x000000008df00000, 0x000000008df00000, 0x000000008e000000|  0%| F|  |TAMS 0x000000008df00000, 0x000000008df00000| Untracked 
| 224|0x000000008e000000, 0x000000008e000000, 0x000000008e100000|  0%| F|  |TAMS 0x000000008e000000, 0x000000008e000000| Untracked 
| 225|0x000000008e100000, 0x000000008e100000, 0x000000008e200000|  0%| F|  |TAMS 0x000000008e100000, 0x000000008e100000| Untracked 
| 226|0x000000008e200000, 0x000000008e200000, 0x000000008e300000|  0%| F|  |TAMS 0x000000008e200000, 0x000000008e200000| Untracked 
| 227|0x000000008e300000, 0x000000008e300000, 0x000000008e400000|  0%| F|  |TAMS 0x000000008e300000, 0x000000008e300000| Untracked 
| 228|0x000000008e400000, 0x000000008e400000, 0x000000008e500000|  0%| F|  |TAMS 0x000000008e400000, 0x000000008e400000| Untracked 
| 229|0x000000008e500000, 0x000000008e500000, 0x000000008e600000|  0%| F|  |TAMS 0x000000008e500000, 0x000000008e500000| Untracked 
| 230|0x000000008e600000, 0x000000008e600000, 0x000000008e700000|  0%| F|  |TAMS 0x000000008e600000, 0x000000008e600000| Untracked 
| 231|0x000000008e700000, 0x000000008e700000, 0x000000008e800000|  0%| F|  |TAMS 0x000000008e700000, 0x000000008e700000| Untracked 
| 232|0x000000008e800000, 0x000000008e800000, 0x000000008e900000|  0%| F|  |TAMS 0x000000008e800000, 0x000000008e800000| Untracked 
| 233|0x000000008e900000, 0x000000008e900000, 0x000000008ea00000|  0%| F|  |TAMS 0x000000008e900000, 0x000000008e900000| Untracked 
| 234|0x000000008ea00000, 0x000000008ea00000, 0x000000008eb00000|  0%| F|  |TAMS 0x000000008ea00000, 0x000000008ea00000| Untracked 
| 235|0x000000008eb00000, 0x000000008eb00000, 0x000000008ec00000|  0%| F|  |TAMS 0x000000008eb00000, 0x000000008eb00000| Untracked 
| 236|0x000000008ec00000, 0x000000008ec00000, 0x000000008ed00000|  0%| F|  |TAMS 0x000000008ec00000, 0x000000008ec00000| Untracked 
| 237|0x000000008ed00000, 0x000000008ed00000, 0x000000008ee00000|  0%| F|  |TAMS 0x000000008ed00000, 0x000000008ed00000| Untracked 
| 238|0x000000008ee00000, 0x000000008ee00000, 0x000000008ef00000|  0%| F|  |TAMS 0x000000008ee00000, 0x000000008ee00000| Untracked 
| 239|0x000000008ef00000, 0x000000008ef00000, 0x000000008f000000|  0%| F|  |TAMS 0x000000008ef00000, 0x000000008ef00000| Untracked 
| 240|0x000000008f000000, 0x000000008f000000, 0x000000008f100000|  0%| F|  |TAMS 0x000000008f000000, 0x000000008f000000| Untracked 
| 241|0x000000008f100000, 0x000000008f100000, 0x000000008f200000|  0%| F|  |TAMS 0x000000008f100000, 0x000000008f100000| Untracked 
| 242|0x000000008f200000, 0x000000008f200000, 0x000000008f300000|  0%| F|  |TAMS 0x000000008f200000, 0x000000008f200000| Untracked 
| 243|0x000000008f300000, 0x000000008f300000, 0x000000008f400000|  0%| F|  |TAMS 0x000000008f300000, 0x000000008f300000| Untracked 
| 244|0x000000008f400000, 0x000000008f400000, 0x000000008f500000|  0%| F|  |TAMS 0x000000008f400000, 0x000000008f400000| Untracked 
| 245|0x000000008f500000, 0x000000008f500000, 0x000000008f600000|  0%| F|  |TAMS 0x000000008f500000, 0x000000008f500000| Untracked 
| 246|0x000000008f600000, 0x000000008f600000, 0x000000008f700000|  0%| F|  |TAMS 0x000000008f600000, 0x000000008f600000| Untracked 
| 247|0x000000008f700000, 0x000000008f700000, 0x000000008f800000|  0%| F|  |TAMS 0x000000008f700000, 0x000000008f700000| Untracked 
| 248|0x000000008f800000, 0x000000008f800000, 0x000000008f900000|  0%| F|  |TAMS 0x000000008f800000, 0x000000008f800000| Untracked 
| 249|0x000000008f900000, 0x000000008f900000, 0x000000008fa00000|  0%| F|  |TAMS 0x000000008f900000, 0x000000008f900000| Untracked 
| 250|0x000000008fa00000, 0x000000008fa00000, 0x000000008fb00000|  0%| F|  |TAMS 0x000000008fa00000, 0x000000008fa00000| Untracked 
| 251|0x000000008fb00000, 0x000000008fb00000, 0x000000008fc00000|  0%| F|  |TAMS 0x000000008fb00000, 0x000000008fb00000| Untracked 
| 252|0x000000008fc00000, 0x000000008fc00000, 0x000000008fd00000|  0%| F|  |TAMS 0x000000008fc00000, 0x000000008fc00000| Untracked 
| 253|0x000000008fd00000, 0x000000008fd00000, 0x000000008fe00000|  0%| F|  |TAMS 0x000000008fd00000, 0x000000008fd00000| Untracked 
| 254|0x000000008fe00000, 0x000000008fe00000, 0x000000008ff00000|  0%| F|  |TAMS 0x000000008fe00000, 0x000000008fe00000| Untracked 
| 255|0x000000008ff00000, 0x0000000090000000, 0x0000000090000000|100%| S|CS|TAMS 0x000000008ff00000, 0x000000008ff00000| Complete 
| 256|0x0000000090000000, 0x0000000090100000, 0x0000000090100000|100%| S|CS|TAMS 0x0000000090000000, 0x0000000090000000| Complete 
| 257|0x0000000090100000, 0x0000000090200000, 0x0000000090200000|100%| S|CS|TAMS 0x0000000090100000, 0x0000000090100000| Complete 
| 258|0x0000000090200000, 0x0000000090300000, 0x0000000090300000|100%| S|CS|TAMS 0x0000000090200000, 0x0000000090200000| Complete 
| 259|0x0000000090300000, 0x0000000090400000, 0x0000000090400000|100%| S|CS|TAMS 0x0000000090300000, 0x0000000090300000| Complete 
| 260|0x0000000090400000, 0x0000000090500000, 0x0000000090500000|100%| S|CS|TAMS 0x0000000090400000, 0x0000000090400000| Complete 
| 261|0x0000000090500000, 0x0000000090500000, 0x0000000090600000|  0%| F|  |TAMS 0x0000000090500000, 0x0000000090500000| Untracked 
| 262|0x0000000090600000, 0x0000000090600000, 0x0000000090700000|  0%| F|  |TAMS 0x0000000090600000, 0x0000000090600000| Untracked 
| 263|0x0000000090700000, 0x0000000090700000, 0x0000000090800000|  0%| F|  |TAMS 0x0000000090700000, 0x0000000090700000| Untracked 
| 264|0x0000000090800000, 0x0000000090800000, 0x0000000090900000|  0%| F|  |TAMS 0x0000000090800000, 0x0000000090800000| Untracked 
| 265|0x0000000090900000, 0x0000000090900000, 0x0000000090a00000|  0%| F|  |TAMS 0x0000000090900000, 0x0000000090900000| Untracked 
| 266|0x0000000090a00000, 0x0000000090a00000, 0x0000000090b00000|  0%| F|  |TAMS 0x0000000090a00000, 0x0000000090a00000| Untracked 
| 267|0x0000000090b00000, 0x0000000090b00000, 0x0000000090c00000|  0%| F|  |TAMS 0x0000000090b00000, 0x0000000090b00000| Untracked 
| 268|0x0000000090c00000, 0x0000000090c00000, 0x0000000090d00000|  0%| F|  |TAMS 0x0000000090c00000, 0x0000000090c00000| Untracked 
| 269|0x0000000090d00000, 0x0000000090d00000, 0x0000000090e00000|  0%| F|  |TAMS 0x0000000090d00000, 0x0000000090d00000| Untracked 
| 270|0x0000000090e00000, 0x0000000090e00000, 0x0000000090f00000|  0%| F|  |TAMS 0x0000000090e00000, 0x0000000090e00000| Untracked 
| 271|0x0000000090f00000, 0x0000000090f00000, 0x0000000091000000|  0%| F|  |TAMS 0x0000000090f00000, 0x0000000090f00000| Untracked 
| 272|0x0000000091000000, 0x0000000091000000, 0x0000000091100000|  0%| F|  |TAMS 0x0000000091000000, 0x0000000091000000| Untracked 
| 273|0x0000000091100000, 0x0000000091100000, 0x0000000091200000|  0%| F|  |TAMS 0x0000000091100000, 0x0000000091100000| Untracked 
| 274|0x0000000091200000, 0x0000000091200000, 0x0000000091300000|  0%| F|  |TAMS 0x0000000091200000, 0x0000000091200000| Untracked 
| 275|0x0000000091300000, 0x0000000091300000, 0x0000000091400000|  0%| F|  |TAMS 0x0000000091300000, 0x0000000091300000| Untracked 
| 276|0x0000000091400000, 0x0000000091400000, 0x0000000091500000|  0%| F|  |TAMS 0x0000000091400000, 0x0000000091400000| Untracked 
| 277|0x0000000091500000, 0x0000000091500000, 0x0000000091600000|  0%| F|  |TAMS 0x0000000091500000, 0x0000000091500000| Untracked 
| 278|0x0000000091600000, 0x0000000091600000, 0x0000000091700000|  0%| F|  |TAMS 0x0000000091600000, 0x0000000091600000| Untracked 
| 279|0x0000000091700000, 0x0000000091700000, 0x0000000091800000|  0%| F|  |TAMS 0x0000000091700000, 0x0000000091700000| Untracked 
| 280|0x0000000091800000, 0x0000000091800000, 0x0000000091900000|  0%| F|  |TAMS 0x0000000091800000, 0x0000000091800000| Untracked 
| 281|0x0000000091900000, 0x0000000091900000, 0x0000000091a00000|  0%| F|  |TAMS 0x0000000091900000, 0x0000000091900000| Untracked 
| 282|0x0000000091a00000, 0x0000000091a00000, 0x0000000091b00000|  0%| F|  |TAMS 0x0000000091a00000, 0x0000000091a00000| Untracked 
| 283|0x0000000091b00000, 0x0000000091b00000, 0x0000000091c00000|  0%| F|  |TAMS 0x0000000091b00000, 0x0000000091b00000| Untracked 
| 284|0x0000000091c00000, 0x0000000091c00000, 0x0000000091d00000|  0%| F|  |TAMS 0x0000000091c00000, 0x0000000091c00000| Untracked 
| 285|0x0000000091d00000, 0x0000000091d00000, 0x0000000091e00000|  0%| F|  |TAMS 0x0000000091d00000, 0x0000000091d00000| Untracked 
| 286|0x0000000091e00000, 0x0000000091e00000, 0x0000000091f00000|  0%| F|  |TAMS 0x0000000091e00000, 0x0000000091e00000| Untracked 
| 287|0x0000000091f00000, 0x0000000091f00000, 0x0000000092000000|  0%| F|  |TAMS 0x0000000091f00000, 0x0000000091f00000| Untracked 
| 288|0x0000000092000000, 0x0000000092000000, 0x0000000092100000|  0%| F|  |TAMS 0x0000000092000000, 0x0000000092000000| Untracked 
| 289|0x0000000092100000, 0x0000000092100000, 0x0000000092200000|  0%| F|  |TAMS 0x0000000092100000, 0x0000000092100000| Untracked 
| 290|0x0000000092200000, 0x0000000092200000, 0x0000000092300000|  0%| F|  |TAMS 0x0000000092200000, 0x0000000092200000| Untracked 
| 291|0x0000000092300000, 0x0000000092300000, 0x0000000092400000|  0%| F|  |TAMS 0x0000000092300000, 0x0000000092300000| Untracked 
| 292|0x0000000092400000, 0x0000000092400000, 0x0000000092500000|  0%| F|  |TAMS 0x0000000092400000, 0x0000000092400000| Untracked 
| 293|0x0000000092500000, 0x0000000092500000, 0x0000000092600000|  0%| F|  |TAMS 0x0000000092500000, 0x0000000092500000| Untracked 
| 294|0x0000000092600000, 0x0000000092600000, 0x0000000092700000|  0%| F|  |TAMS 0x0000000092600000, 0x0000000092600000| Untracked 
| 295|0x0000000092700000, 0x0000000092700000, 0x0000000092800000|  0%| F|  |TAMS 0x0000000092700000, 0x0000000092700000| Untracked 
| 296|0x0000000092800000, 0x0000000092800000, 0x0000000092900000|  0%| F|  |TAMS 0x0000000092800000, 0x0000000092800000| Untracked 
| 297|0x0000000092900000, 0x0000000092900000, 0x0000000092a00000|  0%| F|  |TAMS 0x0000000092900000, 0x0000000092900000| Untracked 
| 298|0x0000000092a00000, 0x0000000092a00000, 0x0000000092b00000|  0%| F|  |TAMS 0x0000000092a00000, 0x0000000092a00000| Untracked 
| 299|0x0000000092b00000, 0x0000000092b00000, 0x0000000092c00000|  0%| F|  |TAMS 0x0000000092b00000, 0x0000000092b00000| Untracked 
| 300|0x0000000092c00000, 0x0000000092d00000, 0x0000000092d00000|100%| E|  |TAMS 0x0000000092c00000, 0x0000000092c00000| Complete 
| 301|0x0000000092d00000, 0x0000000092e00000, 0x0000000092e00000|100%| E|CS|TAMS 0x0000000092d00000, 0x0000000092d00000| Complete 
| 302|0x0000000092e00000, 0x0000000092f00000, 0x0000000092f00000|100%| E|CS|TAMS 0x0000000092e00000, 0x0000000092e00000| Complete 
| 303|0x0000000092f00000, 0x0000000093000000, 0x0000000093000000|100%| E|CS|TAMS 0x0000000092f00000, 0x0000000092f00000| Complete 
| 304|0x0000000093000000, 0x0000000093100000, 0x0000000093100000|100%| E|CS|TAMS 0x0000000093000000, 0x0000000093000000| Complete 

Card table byte_map: [0x0000025617270000,0x0000025617670000] _byte_map_base: 0x0000025616e70000

Marking Bits (Prev, Next): (CMBitMap*) 0x000002567d1257c0, (CMBitMap*) 0x000002567d125788
 Prev Bits: [0x0000025619a70000, 0x000002561ba70000)
 Next Bits: [0x0000025617a70000, 0x0000025619a70000)

Polling page: 0x0000025600000000

Metaspace:

Usage:
  Non-class:    103.34 MB capacity,   100.44 MB ( 97%) used,     2.56 MB (  2%) free+waste,   348.00 KB ( <1%) overhead. 
      Class:     17.16 MB capacity,    15.44 MB ( 90%) used,     1.56 MB (  9%) free+waste,   165.06 KB ( <1%) overhead. 
       Both:    120.50 MB capacity,   115.88 MB ( 96%) used,     4.12 MB (  3%) free+waste,   513.06 KB ( <1%) overhead. 

Virtual space:
  Non-class space:      104.00 MB reserved,     103.50 MB (>99%) committed 
      Class space:      504.00 MB reserved,      17.24 MB (  3%) committed 
             Both:      608.00 MB reserved,     120.74 MB ( 20%) committed 

Chunk freelists:
   Non-Class:  4.62 KB
       Class:  3.00 KB
        Both:  7.62 KB

CodeHeap 'non-profiled nmethods': size=120064Kb used=9354Kb max_used=9381Kb free=110709Kb
 bounds [0x000002560f0e0000, 0x000002560fa10000, 0x0000025616620000]
CodeHeap 'profiled nmethods': size=120000Kb used=30325Kb max_used=30325Kb free=89674Kb
 bounds [0x0000025607bb0000, 0x0000025609960000, 0x000002560f0e0000]
CodeHeap 'non-nmethods': size=5696Kb used=2327Kb max_used=2395Kb free=3368Kb
 bounds [0x0000025607620000, 0x0000025607890000, 0x0000025607bb0000]
 total_blobs=14829 nmethods=13882 adapters=857
 compilation: enabled
              stopped_count=0, restarted_count=0
 full_count=0

Compilation events (10 events):
Event: 52.106 Thread 0x000002561e327800 14784       3       org.gradle.internal.work.DefaultWorkerLeaseService::isAllowedUncontrolledAccessToAnyProject (8 bytes)
Event: 52.106 Thread 0x000002561e327800 nmethod 14784 0x0000025608d14510 code [0x0000025608d146c0, 0x0000025608d148e8]
Event: 52.112 Thread 0x000002561e324000 nmethod 14773 0x000002560f38d790 code [0x000002560f38d960, 0x000002560f38e328]
Event: 52.112 Thread 0x000002561e324000 14780       4       java.lang.AbstractStringBuilder::append (45 bytes)
Event: 52.118 Thread 0x000002561e324000 nmethod 14780 0x000002560f38cb90 code [0x000002560f38cd40, 0x000002560f38d448]
Event: 52.133 Thread 0x000002561e324000 14785       4       org.gradle.api.internal.artifacts.configurations.DefaultConfiguration::collectSuperConfigs (61 bytes)
Event: 52.150 Thread 0x000002561e327800 14787       1       org.gradle.internal.component.local.model.DefaultLocalComponentMetadata::access$1700 (5 bytes)
Event: 52.150 Thread 0x000002561e327800 nmethod 14787 0x000002560f38c890 code [0x000002560f38ca20, 0x000002560f38cab8]
Event: 52.228 Thread 0x000002561e327800 14790       3       com.google.common.cache.LocalCache$Segment::cleanUp (21 bytes)
Event: 52.229 Thread 0x000002561e327800 nmethod 14790 0x0000025609953290 code [0x0000025609953480, 0x0000025609953948]

GC Heap History (10 events):
Event: 47.399 GC heap before
{Heap before GC invocations=80 (full 0):
 garbage-first heap   total 312320K, used 230268K [0x0000000080000000, 0x0000000100000000)
  region size 1024K, 43 young (44032K), 2 survivors (2048K)
 Metaspace       used 111386K, capacity 115895K, committed 115960K, reserved 616448K
  class space    used 14853K, capacity 16567K, committed 16632K, reserved 516096K
}
Event: 47.405 GC heap after
{Heap after GC invocations=81 (full 0):
 garbage-first heap   total 312320K, used 192419K [0x0000000080000000, 0x0000000100000000)
  region size 1024K, 6 young (6144K), 6 survivors (6144K)
 Metaspace       used 111386K, capacity 115895K, committed 115960K, reserved 616448K
  class space    used 14853K, capacity 16567K, committed 16632K, reserved 516096K
}
Event: 47.543 GC heap before
{Heap before GC invocations=81 (full 0):
 garbage-first heap   total 312320K, used 197539K [0x0000000080000000, 0x0000000100000000)
  region size 1024K, 12 young (12288K), 6 survivors (6144K)
 Metaspace       used 111454K, capacity 116005K, committed 116216K, reserved 616448K
  class space    used 14864K, capacity 16582K, committed 16632K, reserved 516096K
}
Event: 47.555 GC heap after
{Heap after GC invocations=82 (full 0):
 garbage-first heap   total 312320K, used 193606K [0x0000000080000000, 0x0000000100000000)
  region size 1024K, 2 young (2048K), 2 survivors (2048K)
 Metaspace       used 111454K, capacity 116005K, committed 116216K, reserved 616448K
  class space    used 14864K, capacity 16582K, committed 16632K, reserved 516096K
}
Event: 48.479 GC heap before
{Heap before GC invocations=83 (full 0):
 garbage-first heap   total 312320K, used 240710K [0x0000000080000000, 0x0000000100000000)
  region size 1024K, 44 young (45056K), 2 survivors (2048K)
 Metaspace       used 113481K, capacity 118085K, committed 118392K, reserved 618496K
  class space    used 15123K, capacity 16891K, committed 17016K, reserved 516096K
}
Event: 48.488 GC heap after
{Heap after GC invocations=84 (full 0):
 garbage-first heap   total 312320K, used 202480K [0x0000000080000000, 0x0000000100000000)
  region size 1024K, 6 young (6144K), 6 survivors (6144K)
 Metaspace       used 113481K, capacity 118085K, committed 118392K, reserved 618496K
  class space    used 15123K, capacity 16891K, committed 17016K, reserved 516096K
}
Event: 50.229 GC heap before
{Heap before GC invocations=84 (full 0):
 garbage-first heap   total 312320K, used 244464K [0x0000000080000000, 0x0000000100000000)
  region size 1024K, 47 young (48128K), 6 survivors (6144K)
 Metaspace       used 117762K, capacity 122411K, committed 122488K, reserved 622592K
  class space    used 15723K, capacity 17501K, committed 17528K, reserved 516096K
}
Event: 50.247 GC heap after
{Heap after GC invocations=85 (full 0):
 garbage-first heap   total 312320K, used 206553K [0x0000000080000000, 0x0000000100000000)
  region size 1024K, 5 young (5120K), 5 survivors (5120K)
 Metaspace       used 117762K, capacity 122411K, committed 122488K, reserved 622592K
  class space    used 15723K, capacity 17501K, committed 17528K, reserved 516096K
}
Event: 51.984 GC heap before
{Heap before GC invocations=86 (full 0):
 garbage-first heap   total 312320K, used 248537K [0x0000000080000000, 0x0000000100000000)
  region size 1024K, 46 young (47104K), 5 survivors (5120K)
 Metaspace       used 118571K, capacity 123285K, committed 123640K, reserved 622592K
  class space    used 15802K, capacity 17540K, committed 17656K, reserved 516096K
}
Event: 52.003 GC heap after
{Heap after GC invocations=87 (full 0):
 garbage-first heap   total 312320K, used 215298K [0x0000000080000000, 0x0000000100000000)
  region size 1024K, 6 young (6144K), 6 survivors (6144K)
 Metaspace       used 118571K, capacity 123285K, committed 123640K, reserved 622592K
  class space    used 15802K, capacity 17540K, committed 17656K, reserved 516096K
}

Deoptimization events (10 events):
Event: 51.878 Thread 0x0000025620ce1000 Uncommon trap: reason=bimorphic_or_optimized_type_check action=maybe_recompile pc=0x000002560f4b0860 method=com.google.common.collect.ImmutableList.copyOf(Ljava/util/Collection;)Lcom/google/common/collect/ImmutableList; @ 11 c2
Event: 51.883 Thread 0x0000025620ce1000 Uncommon trap: reason=unstable_if action=reinterpret pc=0x000002560f27f0dc method=org.gradle.api.internal.attributes.DefaultImmutableAttributes.equals(Ljava/lang/Object;)Z @ 2 c2
Event: 51.885 Thread 0x0000025620ce1000 Uncommon trap: reason=bimorphic_or_optimized_type_check action=maybe_recompile pc=0x000002560f4b0860 method=com.google.common.collect.ImmutableList.copyOf(Ljava/util/Collection;)Lcom/google/common/collect/ImmutableList; @ 11 c2
Event: 51.885 Thread 0x0000025620ce1000 Uncommon trap: reason=bimorphic_or_optimized_type_check action=maybe_recompile pc=0x000002560f4b0860 method=com.google.common.collect.ImmutableList.copyOf(Ljava/util/Collection;)Lcom/google/common/collect/ImmutableList; @ 11 c2
Event: 51.892 Thread 0x0000025620ce1000 Uncommon trap: reason=array_check action=maybe_recompile pc=0x000002560f349ad8 method=com.google.common.collect.RegularImmutableMap.fromEntryArray(I[Ljava/util/Map$Entry;)Lcom/google/common/collect/ImmutableMap; @ 157 c2
Event: 51.893 Thread 0x0000025620ce1000 Uncommon trap: reason=array_check action=maybe_recompile pc=0x000002560f349ad8 method=com.google.common.collect.RegularImmutableMap.fromEntryArray(I[Ljava/util/Map$Entry;)Lcom/google/common/collect/ImmutableMap; @ 157 c2
Event: 51.893 Thread 0x0000025620ce1000 Uncommon trap: reason=array_check action=maybe_recompile pc=0x000002560f349ad8 method=com.google.common.collect.RegularImmutableMap.fromEntryArray(I[Ljava/util/Map$Entry;)Lcom/google/common/collect/ImmutableMap; @ 157 c2
Event: 51.893 Thread 0x0000025620ce1000 Uncommon trap: reason=array_check action=maybe_recompile pc=0x000002560f349ad8 method=com.google.common.collect.RegularImmutableMap.fromEntryArray(I[Ljava/util/Map$Entry;)Lcom/google/common/collect/ImmutableMap; @ 157 c2
Event: 52.100 Thread 0x0000025620ce1000 Uncommon trap: reason=unstable_if action=reinterpret pc=0x000002560f7ebd9c method=org.gradle.api.internal.artifacts.configurations.DefaultConfiguration.preventIllegalMutation(Lorg/gradle/api/internal/artifacts/configurations/MutationValidator$MutationType
Event: 52.100 Thread 0x0000025620ce1000 Uncommon trap: reason=unstable_if action=reinterpret pc=0x000002560f7b8468 method=org.gradle.api.internal.artifacts.configurations.DefaultConfiguration.preventIllegalMutation(Lorg/gradle/api/internal/artifacts/configurations/MutationValidator$MutationType

Classes redefined (0 events):
No events

Internal exceptions (10 events):
Event: 48.300 Thread 0x0000025620ce1000 Implicit null exception at 0x000002560f72acd9 to 0x000002560f72b43c
Event: 49.031 Thread 0x0000025620ce1000 Exception <a 'java/lang/NullPointerException'{0x00000000923ea728}> (0x00000000923ea728) thrown at [./open/src/hotspot/share/interpreter/linkResolver.cpp, line 1436]
Event: 49.324 Thread 0x0000025620ce1000 Implicit null exception at 0x000002560f16cfeb to 0x000002560f16f628
Event: 49.564 Thread 0x0000025620ce1000 Exception <a 'java/lang/NoSuchMethodError'{0x00000000913fb9b8}: java.lang.invoke.DirectMethodHandle$Holder.invokeStatic(Ljava/lang/Object;Ljava/lang/Object;ILjava/lang/Object;)I> (0x00000000913fb9b8) thrown at [./open/src/hotspot/share/interpreter/linkRes
Event: 49.891 Thread 0x0000025620ce1000 Exception <a 'sun/nio/fs/WindowsException'{0x00000000911186f0}> (0x00000000911186f0) thrown at [./open/src/hotspot/share/prims/jni.cpp, line 611]
Event: 49.898 Thread 0x0000025620ce1000 Exception <a 'sun/nio/fs/WindowsException'{0x0000000091119aa0}> (0x0000000091119aa0) thrown at [./open/src/hotspot/share/prims/jni.cpp, line 611]
Event: 49.899 Thread 0x0000025620ce1000 Exception <a 'sun/nio/fs/WindowsException'{0x000000009111ae88}> (0x000000009111ae88) thrown at [./open/src/hotspot/share/prims/jni.cpp, line 611]
Event: 49.899 Thread 0x0000025620ce1000 Exception <a 'sun/nio/fs/WindowsException'{0x000000009111c270}> (0x000000009111c270) thrown at [./open/src/hotspot/share/prims/jni.cpp, line 611]
Event: 50.248 Thread 0x000002561e303000 Implicit null exception at 0x000002560f70930d to 0x000002560f709a50
Event: 51.252 Thread 0x0000025620ce1000 Implicit null exception at 0x000002560f5ca4f4 to 0x000002560f5cab40

Events (10 events):
Event: 52.081 loading class org/gradle/api/Task
Event: 52.081 loading class org/gradle/api/Task done
Event: 52.081 loading class org/gradle/api/specs/Spec
Event: 52.081 loading class org/gradle/api/specs/Spec done
Event: 52.100 Thread 0x0000025620ce1000 Uncommon trap: trap_request=0xffffff4d fr.pc=0x000002560f7ebd9c relative=0x000000000000015c
Event: 52.100 Thread 0x0000025620ce1000 DEOPT PACKING pc=0x000002560f7ebd9c sp=0x000000b2ca3f8ae0
Event: 52.100 Thread 0x0000025620ce1000 DEOPT UNPACKING pc=0x000002560764662f sp=0x000000b2ca3f8a10 mode 2
Event: 52.100 Thread 0x0000025620ce1000 Uncommon trap: trap_request=0xffffff4d fr.pc=0x000002560f7b8468 relative=0x0000000000000128
Event: 52.100 Thread 0x0000025620ce1000 DEOPT PACKING pc=0x000002560f7b8468 sp=0x000000b2ca3f8a60
Event: 52.100 Thread 0x0000025620ce1000 DEOPT UNPACKING pc=0x000002560764662f sp=0x000000b2ca3f89f8 mode 2


Dynamic libraries:
0x00007ff7e0b40000 - 0x00007ff7e0b50000 	C:\Program Files\Java\jdk-11\bin\java.exe
0x00007ffd4fc50000 - 0x00007ffd4fe64000 	C:\WINDOWS\SYSTEM32\ntdll.dll
0x00007ffd4e6a0000 - 0x00007ffd4e762000 	C:\WINDOWS\System32\KERNEL32.DLL
0x00007ffd4d4a0000 - 0x00007ffd4d843000 	C:\WINDOWS\System32\KERNELBASE.dll
0x00007ffd4d050000 - 0x00007ffd4d161000 	C:\WINDOWS\System32\ucrtbase.dll
0x00007ffd1aa70000 - 0x00007ffd1aa88000 	C:\Program Files\Java\jdk-11\bin\jli.dll
0x00007ffd4de10000 - 0x00007ffd4debe000 	C:\WINDOWS\System32\ADVAPI32.dll
0x00007ffd4e340000 - 0x00007ffd4e3e7000 	C:\WINDOWS\System32\msvcrt.dll
0x00007ffd4e5f0000 - 0x00007ffd4e694000 	C:\WINDOWS\System32\sechost.dll
0x00007ffd4dcc0000 - 0x00007ffd4ddd7000 	C:\WINDOWS\System32\RPCRT4.dll
0x00007ffd4f5a0000 - 0x00007ffd4f74a000 	C:\WINDOWS\System32\USER32.dll
0x00007ffd4d470000 - 0x00007ffd4d496000 	C:\WINDOWS\System32\win32u.dll
0x00007ffd4dde0000 - 0x00007ffd4de09000 	C:\WINDOWS\System32\GDI32.dll
0x00007ffd4d170000 - 0x00007ffd4d289000 	C:\WINDOWS\System32\gdi32full.dll
0x00007ffd4d310000 - 0x00007ffd4d3aa000 	C:\WINDOWS\System32\msvcp_win.dll
0x00007ffd1aa90000 - 0x00007ffd1aaab000 	C:\Program Files\Java\jdk-11\bin\VCRUNTIME140.dll
0x00007ffd3cca0000 - 0x00007ffd3cf2e000 	C:\WINDOWS\WinSxS\amd64_microsoft.windows.common-controls_6595b64144ccf1df_6.0.22621.1635_none_270f70857386168e\COMCTL32.dll
0x00007ffd43e20000 - 0x00007ffd43e2a000 	C:\WINDOWS\SYSTEM32\VERSION.dll
0x00007ffd4fbd0000 - 0x00007ffd4fc01000 	C:\WINDOWS\System32\IMM32.DLL
0x00007ffd1aa60000 - 0x00007ffd1aa6c000 	C:\Program Files\Java\jdk-11\bin\vcruntime140_1.dll
0x00007ffd1a470000 - 0x00007ffd1a4fe000 	C:\Program Files\Java\jdk-11\bin\msvcp140.dll
0x00007ffcb0830000 - 0x00007ffcb1398000 	C:\Program Files\Java\jdk-11\bin\server\jvm.dll
0x00007ffd4e3f0000 - 0x00007ffd4e3f8000 	C:\WINDOWS\System32\PSAPI.DLL
0x00007ffceb900000 - 0x00007ffceb909000 	C:\WINDOWS\SYSTEM32\WSOCK32.dll
0x00007ffd4e2b0000 - 0x00007ffd4e321000 	C:\WINDOWS\System32\WS2_32.dll
0x00007ffd46e40000 - 0x00007ffd46e74000 	C:\WINDOWS\SYSTEM32\WINMM.dll
0x00007ffd4c090000 - 0x00007ffd4c0a8000 	C:\WINDOWS\SYSTEM32\kernel.appcore.dll
0x00007ffd1aa50000 - 0x00007ffd1aa60000 	C:\Program Files\Java\jdk-11\bin\verify.dll
0x00007ffd45600000 - 0x00007ffd4582e000 	C:\WINDOWS\SYSTEM32\DBGHELP.DLL
0x00007ffd4df20000 - 0x00007ffd4e2a9000 	C:\WINDOWS\System32\combase.dll
0x00007ffd4f4c0000 - 0x00007ffd4f597000 	C:\WINDOWS\System32\OLEAUT32.dll
0x00007ffd3c8d0000 - 0x00007ffd3c902000 	C:\WINDOWS\SYSTEM32\dbgcore.DLL
0x00007ffd4d290000 - 0x00007ffd4d30a000 	C:\WINDOWS\System32\bcryptPrimitives.dll
0x00007ffd1aa20000 - 0x00007ffd1aa48000 	C:\Program Files\Java\jdk-11\bin\java.dll
0x00007ffd1a460000 - 0x00007ffd1a46a000 	C:\Program Files\Java\jdk-11\bin\jimage.dll
0x00007ffd1a440000 - 0x00007ffd1a457000 	C:\Program Files\Java\jdk-11\bin\zip.dll
0x00007ffd4e8f0000 - 0x00007ffd4f0e9000 	C:\WINDOWS\System32\SHELL32.dll
0x00007ffd4b040000 - 0x00007ffd4b90e000 	C:\WINDOWS\SYSTEM32\windows.storage.dll
0x00007ffd4af00000 - 0x00007ffd4b03e000 	C:\WINDOWS\SYSTEM32\wintypes.dll
0x00007ffd4e7f0000 - 0x00007ffd4e8e1000 	C:\WINDOWS\System32\SHCORE.dll
0x00007ffd4dec0000 - 0x00007ffd4df1e000 	C:\WINDOWS\System32\shlwapi.dll
0x00007ffd4cf80000 - 0x00007ffd4cfa6000 	C:\WINDOWS\SYSTEM32\profapi.dll
0x00007ffd1a420000 - 0x00007ffd1a439000 	C:\Program Files\Java\jdk-11\bin\net.dll
0x00007ffd468d0000 - 0x00007ffd46a07000 	C:\WINDOWS\SYSTEM32\WINHTTP.dll
0x00007ffd4c510000 - 0x00007ffd4c579000 	C:\WINDOWS\system32\mswsock.dll
0x00007ffd1a400000 - 0x00007ffd1a412000 	C:\Program Files\Java\jdk-11\bin\nio.dll
0x00007ffd49c30000 - 0x00007ffd49c57000 	C:\Users\Rahul rohilla\.gradle\native\e1d6ef7f7dcc3fd88c89a11ec53ec762bb8ba0a96d01ffa2cd45eb1d1d8dd5c5\windows-amd64\native-platform.dll
0x00007ffd19f90000 - 0x00007ffd1a0d4000 	C:\Users\Rahul rohilla\.gradle\native\0d407fdbe67a94daf76414ababcb853783967236a71b16ec16e742cd7a986fd3\windows-amd64\native-platform-file-events.dll
0x00007ffd49c10000 - 0x00007ffd49c19000 	C:\Program Files\Java\jdk-11\bin\management.dll
0x00007ffd49c00000 - 0x00007ffd49c0b000 	C:\Program Files\Java\jdk-11\bin\management_ext.dll
0x00007ffd4c780000 - 0x00007ffd4c79b000 	C:\WINDOWS\SYSTEM32\CRYPTSP.dll
0x00007ffd4c000000 - 0x00007ffd4c035000 	C:\WINDOWS\system32\rsaenh.dll
0x00007ffd4c610000 - 0x00007ffd4c63c000 	C:\WINDOWS\SYSTEM32\USERENV.dll
0x00007ffd4c910000 - 0x00007ffd4c938000 	C:\WINDOWS\SYSTEM32\bcrypt.dll
0x00007ffd4c770000 - 0x00007ffd4c77c000 	C:\WINDOWS\SYSTEM32\CRYPTBASE.dll
0x00007ffd4bb70000 - 0x00007ffd4bb9d000 	C:\WINDOWS\SYSTEM32\IPHLPAPI.DLL
0x00007ffd4e4b0000 - 0x00007ffd4e4b9000 	C:\WINDOWS\System32\NSI.dll
0x00007ffd45ae0000 - 0x00007ffd45af9000 	C:\WINDOWS\SYSTEM32\dhcpcsvc6.DLL
0x00007ffd45ac0000 - 0x00007ffd45adf000 	C:\WINDOWS\SYSTEM32\dhcpcsvc.DLL
0x00007ffd4bbe0000 - 0x00007ffd4bcd3000 	C:\WINDOWS\SYSTEM32\DNSAPI.dll

dbghelp: loaded successfully - version: 4.0.5 - missing functions: none
symbol engine: initialized successfully - sym options: 0x614 - pdb path: .;C:\Program Files\Java\jdk-11\bin;C:\WINDOWS\SYSTEM32;C:\WINDOWS\WinSxS\amd64_microsoft.windows.common-controls_6595b64144ccf1df_6.0.22621.1635_none_270f70857386168e;C:\Program Files\Java\jdk-11\bin\server;C:\Users\Rahul rohilla\.gradle\native\e1d6ef7f7dcc3fd88c89a11ec53ec762bb8ba0a96d01ffa2cd45eb1d1d8dd5c5\windows-amd64;C:\Users\Rahul rohilla\.gradle\native\0d407fdbe67a94daf76414ababcb853783967236a71b16ec16e742cd7a986fd3\windows-amd64

VM Arguments:
jvm_args: -XX:MaxMetaspaceSize=512m --add-opens=java.base/java.util=ALL-UNNAMED --add-opens=java.base/java.lang=ALL-UNNAMED --add-opens=java.base/java.lang.invoke=ALL-UNNAMED --add-opens=java.base/java.util=ALL-UNNAMED --add-opens=java.prefs/java.util.prefs=ALL-UNNAMED --add-opens=java.prefs/java.util.prefs=ALL-UNNAMED --add-opens=java.base/java.nio.charset=ALL-UNNAMED --add-opens=java.base/java.net=ALL-UNNAMED --add-opens=java.base/java.util.concurrent.atomic=ALL-UNNAMED -Xmx2048m -Dfile.encoding=windows-1252 -Duser.country=US -Duser.language=en -Duser.variant 
java_command: org.gradle.launcher.daemon.bootstrap.GradleDaemon 7.5.1
java_class_path (initial): C:\Users\Rahul rohilla\.gradle\wrapper\dists\gradle-7.5.1-all\1ehga6e77gqps5uk2kc5kf1vc\gradle-7.5.1\lib\gradle-launcher-7.5.1.jar
Launcher Type: SUN_STANDARD

[Global flags]
     intx CICompilerCount                          = 3                                         {product} {ergonomic}
   size_t CompressedClassSpaceSize                 = 528482304                                 {product} {ergonomic}
     uint ConcGCThreads                            = 2                                         {product} {ergonomic}
     uint G1ConcRefinementThreads                  = 6                                         {product} {ergonomic}
   size_t G1HeapRegionSize                         = 1048576                                   {product} {ergonomic}
    uintx GCDrainStackTargetSize                   = 64                                        {product} {ergonomic}
   size_t InitialHeapSize                          = 125829120                                 {product} {ergonomic}
   size_t MarkStackSize                            = 4194304                                   {product} {ergonomic}
   size_t MaxHeapSize                              = 2147483648                                {product} {command line}
   size_t MaxMetaspaceSize                         = 536870912                                 {product} {command line}
   size_t MaxNewSize                               = 1287651328                                {product} {ergonomic}
   size_t MinHeapDeltaBytes                        = 1048576                                   {product} {ergonomic}
    uintx NonNMethodCodeHeapSize                   = 5830732                                {pd product} {ergonomic}
    uintx NonProfiledCodeHeapSize                  = 122913754                              {pd product} {ergonomic}
    uintx ProfiledCodeHeapSize                     = 122913754                              {pd product} {ergonomic}
    uintx ReservedCodeCacheSize                    = 251658240                              {pd product} {ergonomic}
     bool SegmentedCodeCache                       = true                                      {product} {ergonomic}
     bool UseCompressedClassPointers               = true                                 {lp64_product} {ergonomic}
     bool UseCompressedOops                        = true                                 {lp64_product} {ergonomic}
     bool UseG1GC                                  = true                                      {product} {ergonomic}
     bool UseLargePagesIndividualAllocation        = false                                  {pd product} {ergonomic}

Logging:
Log output configuration:
 #0: stdout all=warning uptime,level,tags
 #1: stderr all=off uptime,level,tags

Environment Variables:
JAVA_HOME=C:\Program Files\Java\jdk-11
CLASSPATH=D:\Join-zeroda-master\JoinZeroda\android\\gradle\wrapper\gradle-wrapper.jar
PATH=D:\Join-zeroda-master\JoinZeroda\android\node_modules\.bin;D:\Join-zeroda-master\JoinZeroda\node_modules\.bin;D:\Join-zeroda-master\node_modules\.bin;D:\node_modules\.bin;C:\Program Files\nodejs;C:\Users\RAHULR~1\AppData\Local\Temp\yarn--1689700252182-0.7207662874806002;D:\Join-zeroda-master\joinZeroda\node_modules\.bin;C:\Users\Rahul rohilla\AppData\Local\Yarn\Data\link\node_modules\.bin;C:\Users\Rahul rohilla\AppData\Local\Yarn\bin;C:\Program Files\libexec\lib\node_modules\npm\bin\node-gyp-bin;C:\Program Files\lib\node_modules\npm\bin\node-gyp-bin;C:\Program Files\nodejs\node_modules\npm\bin\node-gyp-bin;C:\Program Files\Common Files\Oracle\Java\javapath;C:\WINDOWS\system32;C:\WINDOWS;C:\WINDOWS\System32\Wbem;C:\WINDOWS\System32\WindowsPowerShell\v1.0\;C:\WINDOWS\System32\OpenSSH\;C:\Program Files\nodejs\;C:\Program Files\Java\jdk-11\bin;C:\Users\Rahul rohilla\AppData\Local\Android\Sdk\platform-tools;C:\Program Files\Git\cmd;D:\flutterSrc\flutter\bin;C:\Program Files\MongoDB\Server\6.0\bin;C:\ProgramData\chocolatey\bin;C:\Program Files\dotnet\;C:\Users\Rahul rohilla\AppData\Local\Microsoft\WindowsApps;C:\Users\Rahul rohilla\AppData\Roaming\npm;C:\Users\Rahul rohilla\AppData\Local\Programs\Microsoft VS Code\bin;C:\Users\Rahul rohilla\.dotnet\tools
USERNAME=Rahul rohilla
OS=Windows_NT
PROCESSOR_IDENTIFIER=AMD64 Family 23 Model 96 Stepping 1, AuthenticAMD



---------------  S Y S T E M  ---------------

OS: Windows 11 , 64 bit Build 22621 (10.0.22621.1928)

CPU:total 6 (initial active 6) (6 cores per cpu, 1 threads per core) family 23 model 96 stepping 1 microcode 0x0, cmov, cx8, fxsr, mmx, sse, sse2, sse3, ssse3, sse4.1, sse4.2, popcnt, avx, avx2, aes, clmul, mmxext, 3dnowpref, lzcnt, sse4a, tsc, tscinvbit, tscinv, bmi1, bmi2, adx, sha, 

Memory: 4k page, system-wide physical 7579M (150M free)
TotalPageFile size 12549M (AvailPageFile size 4M)
current process WorkingSet (physical memory assigned to process): 471M, peak: 575M
current process commit charge ("private bytes"): 682M, peak: 694M

vm_info: Java HotSpot(TM) 64-Bit Server VM (11.0.18+9-LTS-195) for windows-amd64 JRE (11.0.18+9-LTS-195), built on Dec  6 2022 15:50:58 by "mach5one" with MS VC++ 17.1 (VS2022)

END.
